7.4856 	EXP 	Created window1 = Window(allowGUI=False, allowStencil=False, args=UNKNOWN, autoLog=True, bitsMode=UNKNOWN, blendMode='avg', color=array([0., 0., 0.]), colorSpace='rgb', fullscr=<method-wrapper '__getattribute__' of attributeSetter object at 0x120ea8cf8>, gamma=None, gammaErrorPolicy='raise', kwargs=UNKNOWN, lms=UNKNOWN, monitor=<psychopy.monitors.calibTools.Monitor object at 0x123351940>, multiSample=False, name='window1', numSamples=2, pos=[0.0, 0.0], screen=0, size=array([1920, 1080]), stereo=False, units='height', useFBO=True, useRetina=False, viewOri=0.0, viewPos=None, viewScale=None, waitBlanking=True, winType='pyglet')
7.4856 	EXP 	window1: recordFrameIntervals = False
7.6519 	EXP 	window1: recordFrameIntervals = True
7.8356 	EXP 	window1: recordFrameIntervals = False
8.1738 	EXP 	Created text = TextStim(__class__=<class 'psychopy.visual.text.TextStim'>, alignHoriz='center', alignVert='center', antialias=True, autoLog=True, bold=False, color='white', colorSpace='named', contrast=1.0, depth=0.0, flipHoriz=False, flipVert=False, font='Arial', fontFiles=[], height=0.03, italic=False, languageStyle='LTR', name='text', opacity=1.0, ori=0, pos=array([0., 0.]), rgb=array([255., 255., 255.]), text=str(...), units='height', win=Window(...), wrapWidth=1)
8.2087 	EXP 	Created text_2 = TextStim(__class__=<class 'psychopy.visual.text.TextStim'>, alignHoriz='center', alignVert='center', antialias=True, autoLog=True, bold=False, color='white', colorSpace='named', contrast=1.0, depth=0.0, flipHoriz=False, flipVert=False, font='Arial', fontFiles=[], height=0.1, italic=False, languageStyle='LTR', name='text_2', opacity=1.0, ori=0, pos=array([0., 0.]), rgb=array([255., 255., 255.]), text='Waiting for the scanner\n', units='height', win=Window(...), wrapWidth=1)
8.2407 	EXP 	Created text_3 = TextStim(__class__=<class 'psychopy.visual.text.TextStim'>, alignHoriz='center', alignVert='center', antialias=True, autoLog=True, bold=False, color='white', colorSpace='named', contrast=1.0, depth=0.0, flipHoriz=False, flipVert=False, font='Arial', fontFiles=[], height=0.1, italic=False, languageStyle='LTR', name='text_3', opacity=1.0, ori=0, pos=array([0., 0.]), rgb=array([255., 255., 255.]), text='default text', units='height', win=Window(...), wrapWidth=1)
8.2430 	EXP 	Created text_4 = TextStim(__class__=<class 'psychopy.visual.text.TextStim'>, alignHoriz='center', alignVert='center', antialias=True, autoLog=True, bold=False, color='white', colorSpace='named', contrast=1.0, depth=-1.0, flipHoriz=False, flipVert=False, font='Arial', fontFiles=[], height=0.1, italic=False, languageStyle='LTR', name='text_4', opacity=1.0, ori=0, pos=array([0., 0.]), rgb=array([255., 255., 255.]), text='+', units='height', win=Window(...), wrapWidth=1)
8.2565 	EXP 	Created text_5 = TextStim(__class__=<class 'psychopy.visual.text.TextStim'>, alignHoriz='center', alignVert='center', antialias=True, autoLog=True, bold=False, color='white', colorSpace='named', contrast=1.0, depth=-2.0, flipHoriz=False, flipVert=False, font='Arial', fontFiles=[], height=0.02, italic=False, languageStyle='LTR', name='text_5', opacity=1.0, ori=0, pos=array([ 0. , -0.3]), rgb=array([255., 255., 255.]), text=str(...), units='height', win=Window(...), wrapWidth=1)
8.2946 	EXP 	Created text_6 = TextStim(__class__=<class 'psychopy.visual.text.TextStim'>, alignHoriz='center', alignVert='center', antialias=True, autoLog=True, bold=False, color='white', colorSpace='named', contrast=1.0, depth=0.0, flipHoriz=False, flipVert=False, font='Arial', fontFiles=[], height=0.1, italic=False, languageStyle='LTR', name='text_6', opacity=1.0, ori=0, pos=array([0., 0.]), rgb=array([255., 255., 255.]), text="That's the end of this task\n", units='height', win=Window(...), wrapWidth=1)
8.3018 	EXP 	text: autoDraw = True
9.2730 	DATA 	Keypress: 1
9.2856 	EXP 	text: autoDraw = False
9.2856 	EXP 	text_2: autoDraw = True
27.5453 	EXP 	Imported wl20.csv as conditions, 20 conditions, 1 params
27.5457 	EXP 	Created sequence: random, trialTypes=20, nReps=1, seed=None
27.5460 	EXP 	New trial (rep=0, index=0): OrderedDict([('Word', 'hair')])
27.5516 	DATA 	Keypress: 5
27.5699 	EXP 	text_2: autoDraw = False
27.5699 	EXP 	text_3: text = 'hair'
27.5699 	EXP 	text_4: autoDraw = True
28.5528 	EXP 	text_3: autoDraw = True
28.5695 	EXP 	text_4: autoDraw = False
29.0392 	DATA 	Keypress: 5
30.5400 	DATA 	Keypress: 5
32.0403 	DATA 	Keypress: 5
33.5407 	DATA 	Keypress: 5
33.5531 	EXP 	text_5: autoDraw = True
34.3579 	DATA 	Keypress: 2
35.0408 	DATA 	Keypress: 5
36.5573 	DATA 	Keypress: 5
38.0402 	DATA 	Keypress: 5
38.5396 	EXP 	New trial (rep=0, index=1): OrderedDict([('Word', 'baby')])
38.5528 	EXP 	text_3: autoDraw = False
38.5528 	EXP 	text_5: autoDraw = False
38.5528 	EXP 	text_3: autoDraw = False
38.5528 	EXP 	text_4: autoDraw = False
38.5528 	EXP 	text_5: autoDraw = False
38.5528 	EXP 	text_3: text = 'baby'
38.5528 	EXP 	text_4: autoDraw = True
39.5360 	EXP 	text_3: autoDraw = True
39.5402 	DATA 	Keypress: 5
39.5533 	EXP 	text_4: autoDraw = False
41.0398 	DATA 	Keypress: 5
42.5396 	DATA 	Keypress: 5
44.0403 	DATA 	Keypress: 5
44.5366 	EXP 	text_5: autoDraw = True
45.4385 	DATA 	Keypress: 1
45.5402 	DATA 	Keypress: 5
47.0407 	DATA 	Keypress: 5
48.5409 	DATA 	Keypress: 5
49.5211 	EXP 	New trial (rep=0, index=2): OrderedDict([('Word', 'snowball')])
49.5373 	EXP 	text_3: autoDraw = False
49.5373 	EXP 	text_5: autoDraw = False
49.5373 	EXP 	text_3: autoDraw = False
49.5373 	EXP 	text_4: autoDraw = False
49.5373 	EXP 	text_5: autoDraw = False
49.5373 	EXP 	text_3: text = 'snowball'
49.5373 	EXP 	text_4: autoDraw = True
50.0399 	DATA 	Keypress: 5
50.5204 	EXP 	text_3: autoDraw = True
50.5374 	EXP 	text_4: autoDraw = False
51.5402 	DATA 	Keypress: 5
53.0396 	DATA 	Keypress: 5
54.5402 	DATA 	Keypress: 5
55.5196 	EXP 	text_5: autoDraw = True
56.0402 	DATA 	Keypress: 5
56.2896 	DATA 	Keypress: 2
57.5398 	DATA 	Keypress: 5
59.0410 	DATA 	Keypress: 5
60.5051 	EXP 	New trial (rep=0, index=3): OrderedDict([('Word', 'porcupine')])
60.5198 	EXP 	text_3: autoDraw = False
60.5198 	EXP 	text_5: autoDraw = False
60.5198 	EXP 	text_3: autoDraw = False
60.5198 	EXP 	text_4: autoDraw = False
60.5198 	EXP 	text_5: autoDraw = False
60.5198 	EXP 	text_3: text = 'porcupine'
60.5198 	EXP 	text_4: autoDraw = True
60.5399 	DATA 	Keypress: 5
61.5200 	EXP 	text_3: autoDraw = True
61.5200 	EXP 	text_4: autoDraw = False
62.0396 	DATA 	Keypress: 5
63.5405 	DATA 	Keypress: 5
65.0404 	DATA 	Keypress: 5
66.5030 	EXP 	text_5: autoDraw = True
66.5400 	DATA 	Keypress: 5
67.6894 	DATA 	Keypress: 1
68.0408 	DATA 	Keypress: 5
69.5408 	DATA 	Keypress: 5
71.0410 	DATA 	Keypress: 5
71.5034 	EXP 	text_5: autoDraw = False
71.5055 	EXP 	New trial (rep=0, index=4): OrderedDict([('Word', 'cheerleader')])
71.5200 	EXP 	text_3: autoDraw = False
71.5200 	EXP 	text_3: autoDraw = False
71.5200 	EXP 	text_4: autoDraw = False
71.5200 	EXP 	text_5: autoDraw = False
71.5200 	EXP 	text_3: text = 'cheerleader'
71.5200 	EXP 	text_4: autoDraw = True
72.5034 	EXP 	text_3: autoDraw = True
72.5194 	EXP 	text_4: autoDraw = False
72.5413 	DATA 	Keypress: 5
74.0384 	DATA 	Keypress: 5
75.5403 	DATA 	Keypress: 5
77.1029 	DATA 	Keypress: 5
77.5027 	EXP 	text_5: autoDraw = True
78.0896 	DATA 	Keypress: 1
78.5413 	DATA 	Keypress: 5
80.0408 	DATA 	Keypress: 5
81.5418 	DATA 	Keypress: 5
82.4880 	EXP 	New trial (rep=0, index=5): OrderedDict([('Word', 'passport')])
82.5036 	EXP 	text_3: autoDraw = False
82.5036 	EXP 	text_5: autoDraw = False
82.5036 	EXP 	text_3: autoDraw = False
82.5036 	EXP 	text_4: autoDraw = False
82.5036 	EXP 	text_5: autoDraw = False
82.5036 	EXP 	text_3: text = 'passport'
82.5036 	EXP 	text_4: autoDraw = True
83.0400 	DATA 	Keypress: 5
83.4863 	EXP 	text_3: autoDraw = True
83.5027 	EXP 	text_4: autoDraw = False
84.5410 	DATA 	Keypress: 5
86.0415 	DATA 	Keypress: 5
87.5411 	DATA 	Keypress: 5
88.4871 	EXP 	text_5: autoDraw = True
89.0414 	DATA 	Keypress: 5
89.2721 	DATA 	Keypress: 2
90.5410 	DATA 	Keypress: 5
92.0407 	DATA 	Keypress: 5
93.4720 	EXP 	New trial (rep=0, index=6): OrderedDict([('Word', 'leopard')])
93.4869 	EXP 	text_3: autoDraw = False
93.4869 	EXP 	text_5: autoDraw = False
93.4869 	EXP 	text_3: autoDraw = False
93.4869 	EXP 	text_4: autoDraw = False
93.4869 	EXP 	text_5: autoDraw = False
93.4869 	EXP 	text_3: text = 'leopard'
93.4869 	EXP 	text_4: autoDraw = True
93.5400 	DATA 	Keypress: 5
94.4702 	EXP 	text_3: autoDraw = True
94.4862 	EXP 	text_4: autoDraw = False
95.0412 	DATA 	Keypress: 5
96.5404 	DATA 	Keypress: 5
98.0405 	DATA 	Keypress: 5
99.4698 	EXP 	text_5: autoDraw = True
99.5409 	DATA 	Keypress: 5
100.1737 	DATA 	Keypress: 1
101.0409 	DATA 	Keypress: 5
102.5408 	DATA 	Keypress: 5
104.0417 	DATA 	Keypress: 5
104.4554 	EXP 	New trial (rep=0, index=7): OrderedDict([('Word', 'cabdriver')])
104.4701 	EXP 	text_3: autoDraw = False
104.4701 	EXP 	text_5: autoDraw = False
104.4701 	EXP 	text_3: autoDraw = False
104.4701 	EXP 	text_4: autoDraw = False
104.4701 	EXP 	text_5: autoDraw = False
104.4701 	EXP 	text_3: text = 'cabdriver'
104.4701 	EXP 	text_4: autoDraw = True
105.4695 	EXP 	text_3: autoDraw = True
105.4695 	EXP 	text_4: autoDraw = False
105.5405 	DATA 	Keypress: 5
107.0407 	DATA 	Keypress: 5
108.5406 	DATA 	Keypress: 5
110.0405 	DATA 	Keypress: 5
110.4536 	EXP 	text_5: autoDraw = True
111.5414 	DATA 	Keypress: 5
111.7908 	DATA 	Keypress: 1
113.0418 	DATA 	Keypress: 5
114.5410 	DATA 	Keypress: 5
115.4536 	EXP 	text_5: autoDraw = False
115.4558 	EXP 	New trial (rep=0, index=8): OrderedDict([('Word', 'mirror')])
115.4694 	EXP 	text_3: autoDraw = False
115.4694 	EXP 	text_3: autoDraw = False
115.4694 	EXP 	text_4: autoDraw = False
115.4694 	EXP 	text_5: autoDraw = False
115.4694 	EXP 	text_3: text = 'mirror'
115.4694 	EXP 	text_4: autoDraw = True
116.0400 	DATA 	Keypress: 5
116.4536 	EXP 	text_3: autoDraw = True
116.4697 	EXP 	text_4: autoDraw = False
117.5402 	DATA 	Keypress: 5
119.0397 	DATA 	Keypress: 5
120.5411 	DATA 	Keypress: 5
121.4529 	EXP 	text_5: autoDraw = True
122.0405 	DATA 	Keypress: 5
122.6401 	DATA 	Keypress: 2
123.5411 	DATA 	Keypress: 5
125.0412 	DATA 	Keypress: 5
126.4387 	EXP 	New trial (rep=0, index=9): OrderedDict([('Word', 'waterfall')])
126.4532 	EXP 	text_3: autoDraw = False
126.4532 	EXP 	text_5: autoDraw = False
126.4532 	EXP 	text_3: autoDraw = False
126.4532 	EXP 	text_4: autoDraw = False
126.4532 	EXP 	text_5: autoDraw = False
126.4532 	EXP 	text_3: text = 'waterfall'
126.4532 	EXP 	text_4: autoDraw = True
126.5408 	DATA 	Keypress: 5
127.4368 	EXP 	text_3: autoDraw = True
127.4531 	EXP 	text_4: autoDraw = False
128.0399 	DATA 	Keypress: 5
129.5405 	DATA 	Keypress: 5
131.0405 	DATA 	Keypress: 5
132.4363 	EXP 	text_5: autoDraw = True
132.5409 	DATA 	Keypress: 5
132.9055 	DATA 	Keypress: 2
134.0403 	DATA 	Keypress: 5
135.5417 	DATA 	Keypress: 5
137.0417 	DATA 	Keypress: 5
137.4225 	EXP 	New trial (rep=0, index=10): OrderedDict([('Word', 'necklace')])
137.4372 	EXP 	text_3: autoDraw = False
137.4372 	EXP 	text_5: autoDraw = False
137.4372 	EXP 	text_3: autoDraw = False
137.4372 	EXP 	text_4: autoDraw = False
137.4372 	EXP 	text_5: autoDraw = False
137.4372 	EXP 	text_3: text = 'necklace'
137.4372 	EXP 	text_4: autoDraw = True
138.4193 	EXP 	text_3: autoDraw = True
138.4528 	EXP 	text_4: autoDraw = False
138.5403 	DATA 	Keypress: 5
140.0401 	DATA 	Keypress: 5
141.5401 	DATA 	Keypress: 5
143.0401 	DATA 	Keypress: 5
143.4205 	EXP 	text_5: autoDraw = True
144.1902 	DATA 	Keypress: 2
144.5410 	DATA 	Keypress: 5
146.0397 	DATA 	Keypress: 5
147.5404 	DATA 	Keypress: 5
148.4197 	EXP 	text_3: autoDraw = False
148.4219 	EXP 	New trial (rep=0, index=11): OrderedDict([('Word', 'ketchup')])
148.4366 	EXP 	text_5: autoDraw = False
148.4366 	EXP 	text_3: autoDraw = False
148.4366 	EXP 	text_4: autoDraw = False
148.4366 	EXP 	text_5: autoDraw = False
148.4366 	EXP 	text_3: text = 'ketchup'
148.4366 	EXP 	text_4: autoDraw = True
149.0405 	DATA 	Keypress: 5
149.4203 	EXP 	text_3: autoDraw = True
149.4364 	EXP 	text_4: autoDraw = False
150.5407 	DATA 	Keypress: 5
152.0407 	DATA 	Keypress: 5
153.5407 	DATA 	Keypress: 5
154.4190 	EXP 	text_5: autoDraw = True
155.0402 	DATA 	Keypress: 5
155.3726 	DATA 	Keypress: 2
156.5405 	DATA 	Keypress: 5
158.0406 	DATA 	Keypress: 5
159.4199 	EXP 	text_5: autoDraw = False
159.4220 	EXP 	New trial (rep=0, index=12): OrderedDict([('Word', 'chipmunk')])
159.4364 	EXP 	text_3: autoDraw = False
159.4364 	EXP 	text_3: autoDraw = False
159.4364 	EXP 	text_4: autoDraw = False
159.4364 	EXP 	text_5: autoDraw = False
159.4364 	EXP 	text_3: text = 'chipmunk'
159.4364 	EXP 	text_4: autoDraw = True
159.5397 	DATA 	Keypress: 5
160.4191 	EXP 	text_3: autoDraw = True
160.4359 	EXP 	text_4: autoDraw = False
161.0406 	DATA 	Keypress: 5
162.5403 	DATA 	Keypress: 5
164.0397 	DATA 	Keypress: 5
165.4192 	EXP 	text_5: autoDraw = True
165.5401 	DATA 	Keypress: 5
166.0894 	DATA 	Keypress: 1
167.0406 	DATA 	Keypress: 5
168.5401 	DATA 	Keypress: 5
170.0402 	DATA 	Keypress: 5
170.4046 	EXP 	New trial (rep=0, index=13): OrderedDict([('Word', 'grandfather')])
170.4194 	EXP 	text_3: autoDraw = False
170.4194 	EXP 	text_5: autoDraw = False
170.4194 	EXP 	text_3: autoDraw = False
170.4194 	EXP 	text_4: autoDraw = False
170.4194 	EXP 	text_5: autoDraw = False
170.4194 	EXP 	text_3: text = 'grandfather'
170.4194 	EXP 	text_4: autoDraw = True
171.4024 	EXP 	text_3: autoDraw = True
171.4195 	EXP 	text_4: autoDraw = False
171.5396 	DATA 	Keypress: 5
173.0398 	DATA 	Keypress: 5
174.5390 	DATA 	Keypress: 5
176.0396 	DATA 	Keypress: 5
176.4025 	EXP 	text_5: autoDraw = True
177.0390 	DATA 	Keypress: 1
177.5403 	DATA 	Keypress: 5
179.0403 	DATA 	Keypress: 5
180.5398 	DATA 	Keypress: 5
181.3880 	EXP 	New trial (rep=0, index=14): OrderedDict([('Word', 'microscope')])
181.4025 	EXP 	text_3: autoDraw = False
181.4025 	EXP 	text_5: autoDraw = False
181.4025 	EXP 	text_3: autoDraw = False
181.4025 	EXP 	text_4: autoDraw = False
181.4025 	EXP 	text_5: autoDraw = False
181.4025 	EXP 	text_3: text = 'microscope'
181.4025 	EXP 	text_4: autoDraw = True
182.0399 	DATA 	Keypress: 5
182.3858 	EXP 	text_3: autoDraw = True
182.4026 	EXP 	text_4: autoDraw = False
183.5400 	DATA 	Keypress: 5
185.0400 	DATA 	Keypress: 5
186.5395 	DATA 	Keypress: 5
187.3859 	EXP 	text_5: autoDraw = True
188.0405 	DATA 	Keypress: 5
188.2407 	DATA 	Keypress: 2
189.5405 	DATA 	Keypress: 5
191.0405 	DATA 	Keypress: 5
192.3713 	EXP 	New trial (rep=0, index=15): OrderedDict([('Word', 'axe')])
192.3860 	EXP 	text_3: autoDraw = False
192.3860 	EXP 	text_5: autoDraw = False
192.3860 	EXP 	text_3: autoDraw = False
192.3860 	EXP 	text_4: autoDraw = False
192.3860 	EXP 	text_5: autoDraw = False
192.3860 	EXP 	text_3: text = 'axe'
192.3860 	EXP 	text_4: autoDraw = True
192.5399 	DATA 	Keypress: 5
193.3698 	EXP 	text_3: autoDraw = True
193.3860 	EXP 	text_4: autoDraw = False
194.0393 	DATA 	Keypress: 5
195.5401 	DATA 	Keypress: 5
197.0402 	DATA 	Keypress: 5
198.3692 	EXP 	text_5: autoDraw = True
198.5406 	DATA 	Keypress: 5
199.2223 	DATA 	Keypress: 2
200.0406 	DATA 	Keypress: 5
201.5406 	DATA 	Keypress: 5
203.0406 	DATA 	Keypress: 5
203.3546 	EXP 	New trial (rep=0, index=16): OrderedDict([('Word', 'knight')])
203.3703 	EXP 	text_3: autoDraw = False
203.3703 	EXP 	text_5: autoDraw = False
203.3703 	EXP 	text_3: autoDraw = False
203.3703 	EXP 	text_4: autoDraw = False
203.3703 	EXP 	text_5: autoDraw = False
203.3703 	EXP 	text_3: text = 'knight'
203.3703 	EXP 	text_4: autoDraw = True
204.3525 	EXP 	text_3: autoDraw = True
204.3856 	EXP 	text_4: autoDraw = False
204.5400 	DATA 	Keypress: 5
206.0400 	DATA 	Keypress: 5
207.5398 	DATA 	Keypress: 5
209.0394 	DATA 	Keypress: 5
209.3525 	EXP 	text_5: autoDraw = True
210.0734 	DATA 	Keypress: 1
210.5401 	DATA 	Keypress: 5
212.0403 	DATA 	Keypress: 5
213.5397 	DATA 	Keypress: 5
214.3379 	EXP 	New trial (rep=0, index=17): OrderedDict([('Word', 'hummingbird')])
214.3527 	EXP 	text_3: autoDraw = False
214.3527 	EXP 	text_5: autoDraw = False
214.3527 	EXP 	text_3: autoDraw = False
214.3527 	EXP 	text_4: autoDraw = False
214.3527 	EXP 	text_5: autoDraw = False
214.3527 	EXP 	text_3: text = 'hummingbird'
214.3527 	EXP 	text_4: autoDraw = True
215.0391 	DATA 	Keypress: 5
215.3525 	EXP 	text_3: autoDraw = True
215.3525 	EXP 	text_4: autoDraw = False
216.5409 	DATA 	Keypress: 5
218.0394 	DATA 	Keypress: 5
219.5409 	DATA 	Keypress: 5
220.3539 	EXP 	text_5: autoDraw = True
220.9886 	DATA 	Keypress: 1
221.0417 	DATA 	Keypress: 5
222.5399 	DATA 	Keypress: 5
224.0417 	DATA 	Keypress: 5
225.3393 	EXP 	New trial (rep=0, index=18): OrderedDict([('Word', 'treadmill')])
225.3541 	EXP 	text_3: autoDraw = False
225.3541 	EXP 	text_5: autoDraw = False
225.3541 	EXP 	text_3: autoDraw = False
225.3541 	EXP 	text_4: autoDraw = False
225.3541 	EXP 	text_5: autoDraw = False
225.3541 	EXP 	text_3: text = 'treadmill'
225.3541 	EXP 	text_4: autoDraw = True
225.5410 	DATA 	Keypress: 5
226.3371 	EXP 	text_3: autoDraw = True
226.3538 	EXP 	text_4: autoDraw = False
227.0408 	DATA 	Keypress: 5
228.5407 	DATA 	Keypress: 5
230.0407 	DATA 	Keypress: 5
231.3371 	EXP 	text_5: autoDraw = True
231.5418 	DATA 	Keypress: 5
232.3062 	DATA 	Keypress: 2
233.0417 	DATA 	Keypress: 5
234.5412 	DATA 	Keypress: 5
236.0416 	DATA 	Keypress: 5
236.3220 	EXP 	New trial (rep=0, index=19): OrderedDict([('Word', 'ladybug')])
236.3374 	EXP 	text_3: autoDraw = False
236.3374 	EXP 	text_5: autoDraw = False
236.3374 	EXP 	text_3: autoDraw = False
236.3374 	EXP 	text_4: autoDraw = False
236.3374 	EXP 	text_5: autoDraw = False
236.3374 	EXP 	text_3: text = 'ladybug'
236.3374 	EXP 	text_4: autoDraw = True
237.3202 	EXP 	text_3: autoDraw = True
237.3366 	EXP 	text_4: autoDraw = False
237.5408 	DATA 	Keypress: 5
239.0409 	DATA 	Keypress: 5
240.5408 	DATA 	Keypress: 5
242.0412 	DATA 	Keypress: 5
242.3200 	EXP 	text_5: autoDraw = True
243.4076 	DATA 	Keypress: 1
243.5413 	DATA 	Keypress: 5
245.0417 	DATA 	Keypress: 5
246.5422 	DATA 	Keypress: 5
247.3200 	EXP 	text_3: autoDraw = False
247.3200 	EXP 	text_5: autoDraw = False
247.3200 	EXP 	text_3: autoDraw = False
247.3200 	EXP 	text_4: autoDraw = False
247.3200 	EXP 	text_5: autoDraw = False
247.3200 	EXP 	text_6: autoDraw = True
248.0415 	DATA 	Keypress: 5
249.5414 	DATA 	Keypress: 5
251.0410 	DATA 	Keypress: 5
252.3200 	EXP 	text_6: autoDraw = False
252.3200 	EXP 	text_6: autoDraw = False
252.5937 	EXP 	window1: mouseVisible = True
