7.8379 	EXP 	Created window1 = Window(allowGUI=False, allowStencil=False, args=UNKNOWN, autoLog=True, bitsMode=UNKNOWN, blendMode='avg', color=array([0., 0., 0.]), colorSpace='rgb', fullscr=<method-wrapper '__getattribute__' of attributeSetter object at 0x1302f7320>, gamma=None, gammaErrorPolicy='raise', kwargs=UNKNOWN, lms=UNKNOWN, monitor=<psychopy.monitors.calibTools.Monitor object at 0x130183828>, multiSample=False, name='window1', numSamples=2, pos=[0.0, 0.0], screen=0, size=array([1920, 1080]), stereo=False, units='height', useFBO=True, useRetina=False, viewOri=0.0, viewPos=None, viewScale=None, waitBlanking=True, winType='pyglet')
7.8379 	EXP 	window1: recordFrameIntervals = False
8.0047 	EXP 	window1: recordFrameIntervals = True
8.1886 	EXP 	window1: recordFrameIntervals = False
8.6985 	EXP 	Created text = TextStim(__class__=<class 'psychopy.visual.text.TextStim'>, alignHoriz='center', alignVert='center', antialias=True, autoLog=True, bold=False, color='white', colorSpace='named', contrast=1.0, depth=0.0, flipHoriz=False, flipVert=False, font='Arial', fontFiles=[], height=0.03, italic=False, languageStyle='LTR', name='text', opacity=1.0, ori=0, pos=array([0., 0.]), rgb=array([255., 255., 255.]), text=str(...), units='height', win=Window(...), wrapWidth=1)
8.7393 	EXP 	Created text_2 = TextStim(__class__=<class 'psychopy.visual.text.TextStim'>, alignHoriz='center', alignVert='center', antialias=True, autoLog=True, bold=False, color='white', colorSpace='named', contrast=1.0, depth=0.0, flipHoriz=False, flipVert=False, font='Arial', fontFiles=[], height=0.1, italic=False, languageStyle='LTR', name='text_2', opacity=1.0, ori=0, pos=array([0., 0.]), rgb=array([255., 255., 255.]), text='Waiting for the scanner\n', units='height', win=Window(...), wrapWidth=1)
8.7788 	EXP 	Created text_3 = TextStim(__class__=<class 'psychopy.visual.text.TextStim'>, alignHoriz='center', alignVert='center', antialias=True, autoLog=True, bold=False, color='white', colorSpace='named', contrast=1.0, depth=0.0, flipHoriz=False, flipVert=False, font='Arial', fontFiles=[], height=0.1, italic=False, languageStyle='LTR', name='text_3', opacity=1.0, ori=0, pos=array([0., 0.]), rgb=array([255., 255., 255.]), text='default text', units='height', win=Window(...), wrapWidth=1)
8.7811 	EXP 	Created text_4 = TextStim(__class__=<class 'psychopy.visual.text.TextStim'>, alignHoriz='center', alignVert='center', antialias=True, autoLog=True, bold=False, color='white', colorSpace='named', contrast=1.0, depth=-1.0, flipHoriz=False, flipVert=False, font='Arial', fontFiles=[], height=0.1, italic=False, languageStyle='LTR', name='text_4', opacity=1.0, ori=0, pos=array([0., 0.]), rgb=array([255., 255., 255.]), text='+', units='height', win=Window(...), wrapWidth=1)
8.7943 	EXP 	Created text_5 = TextStim(__class__=<class 'psychopy.visual.text.TextStim'>, alignHoriz='center', alignVert='center', antialias=True, autoLog=True, bold=False, color='white', colorSpace='named', contrast=1.0, depth=-2.0, flipHoriz=False, flipVert=False, font='Arial', fontFiles=[], height=0.02, italic=False, languageStyle='LTR', name='text_5', opacity=1.0, ori=0, pos=array([ 0. , -0.3]), rgb=array([255., 255., 255.]), text=str(...), units='height', win=Window(...), wrapWidth=1)
8.8354 	EXP 	Created text_6 = TextStim(__class__=<class 'psychopy.visual.text.TextStim'>, alignHoriz='center', alignVert='center', antialias=True, autoLog=True, bold=False, color='white', colorSpace='named', contrast=1.0, depth=0.0, flipHoriz=False, flipVert=False, font='Arial', fontFiles=[], height=0.1, italic=False, languageStyle='LTR', name='text_6', opacity=1.0, ori=0, pos=array([0., 0.]), rgb=array([255., 255., 255.]), text="That's the end of this task\n", units='height', win=Window(...), wrapWidth=1)
8.8550 	EXP 	text: autoDraw = True
21.5789 	DATA 	Keypress: 1
21.5884 	EXP 	text: autoDraw = False
21.5884 	EXP 	text_2: autoDraw = True
40.0217 	EXP 	Imported wl.csv as conditions, 40 conditions, 1 params
40.0228 	EXP 	Created sequence: random, trialTypes=40, nReps=1, seed=None
40.0232 	EXP 	New trial (rep=0, index=0): OrderedDict([('Word', 'ladybug')])
40.0320 	DATA 	Keypress: 5
40.0377 	EXP 	text_2: autoDraw = False
40.0377 	EXP 	text_3: text = 'ladybug'
40.0377 	EXP 	text_4: autoDraw = True
41.0219 	EXP 	text_3: autoDraw = True
41.0387 	EXP 	text_4: autoDraw = False
41.5097 	DATA 	Keypress: 5
43.0103 	DATA 	Keypress: 5
44.5104 	DATA 	Keypress: 5
44.7597 	DATA 	Keypress: 1
46.0094 	DATA 	Keypress: 5
46.0222 	EXP 	text_5: autoDraw = True
47.5099 	DATA 	Keypress: 5
49.0108 	DATA 	Keypress: 5
50.5102 	DATA 	Keypress: 5
51.0096 	EXP 	New trial (rep=0, index=1): OrderedDict([('Word', 'leopard')])
51.0219 	EXP 	text_3: autoDraw = False
51.0219 	EXP 	text_5: autoDraw = False
51.0219 	EXP 	text_3: autoDraw = False
51.0219 	EXP 	text_4: autoDraw = False
51.0219 	EXP 	text_5: autoDraw = False
51.0219 	EXP 	text_3: text = 'leopard'
51.0219 	EXP 	text_4: autoDraw = True
52.0101 	DATA 	Keypress: 5
52.0220 	EXP 	text_3: autoDraw = True
52.0220 	EXP 	text_4: autoDraw = False
53.5097 	DATA 	Keypress: 5
55.0082 	DATA 	Keypress: 5
56.5096 	DATA 	Keypress: 5
57.0225 	EXP 	text_5: autoDraw = True
57.7087 	DATA 	Keypress: 1
58.0098 	DATA 	Keypress: 5
59.5106 	DATA 	Keypress: 5
61.0103 	DATA 	Keypress: 5
62.0079 	EXP 	New trial (rep=0, index=2): OrderedDict([('Word', 'fingerprint')])
62.0222 	EXP 	text_3: autoDraw = False
62.0222 	EXP 	text_5: autoDraw = False
62.0222 	EXP 	text_3: autoDraw = False
62.0222 	EXP 	text_4: autoDraw = False
62.0222 	EXP 	text_5: autoDraw = False
62.0222 	EXP 	text_3: text = 'fingerprint'
62.0222 	EXP 	text_4: autoDraw = True
62.5097 	DATA 	Keypress: 5
63.0057 	EXP 	text_3: autoDraw = True
63.0226 	EXP 	text_4: autoDraw = False
64.0093 	DATA 	Keypress: 5
65.5089 	DATA 	Keypress: 5
67.0094 	DATA 	Keypress: 5
68.0051 	EXP 	text_5: autoDraw = True
68.5241 	DATA 	Keypress: 5
69.0910 	DATA 	Keypress: 2
70.0097 	DATA 	Keypress: 5
71.5090 	DATA 	Keypress: 5
72.9912 	EXP 	New trial (rep=0, index=3): OrderedDict([('Word', 'treadmill')])
73.0007 	DATA 	Keypress: 5
73.0047 	EXP 	text_3: autoDraw = False
73.0047 	EXP 	text_5: autoDraw = False
73.0047 	EXP 	text_3: autoDraw = False
73.0047 	EXP 	text_4: autoDraw = False
73.0047 	EXP 	text_5: autoDraw = False
73.0047 	EXP 	text_3: text = 'treadmill'
73.0047 	EXP 	text_4: autoDraw = True
74.0050 	EXP 	text_3: autoDraw = True
74.0050 	EXP 	text_4: autoDraw = False
74.5097 	DATA 	Keypress: 5
76.0103 	DATA 	Keypress: 5
77.5103 	DATA 	Keypress: 5
79.0059 	EXP 	text_5: autoDraw = True
79.0103 	DATA 	Keypress: 5
79.8447 	DATA 	Keypress: 2
80.5111 	DATA 	Keypress: 5
82.0110 	DATA 	Keypress: 5
83.5108 	DATA 	Keypress: 5
83.9906 	EXP 	New trial (rep=0, index=4): OrderedDict([('Word', 'crab')])
84.0053 	EXP 	text_3: autoDraw = False
84.0053 	EXP 	text_5: autoDraw = False
84.0053 	EXP 	text_3: autoDraw = False
84.0053 	EXP 	text_4: autoDraw = False
84.0053 	EXP 	text_5: autoDraw = False
84.0053 	EXP 	text_3: text = 'crab'
84.0053 	EXP 	text_4: autoDraw = True
84.9893 	EXP 	text_3: autoDraw = True
85.0063 	EXP 	text_4: autoDraw = False
85.0109 	DATA 	Keypress: 5
86.5105 	DATA 	Keypress: 5
88.0105 	DATA 	Keypress: 5
89.5095 	DATA 	Keypress: 5
89.9885 	EXP 	text_5: autoDraw = True
90.9597 	DATA 	Keypress: 1
91.0105 	DATA 	Keypress: 5
92.5112 	DATA 	Keypress: 5
94.0099 	DATA 	Keypress: 5
94.9736 	EXP 	New trial (rep=0, index=5): OrderedDict([('Word', 'hair')])
94.9895 	EXP 	text_3: autoDraw = False
94.9895 	EXP 	text_5: autoDraw = False
94.9895 	EXP 	text_3: autoDraw = False
94.9895 	EXP 	text_4: autoDraw = False
94.9895 	EXP 	text_5: autoDraw = False
94.9895 	EXP 	text_3: text = 'hair'
94.9895 	EXP 	text_4: autoDraw = True
95.5099 	DATA 	Keypress: 5
95.9726 	EXP 	text_3: autoDraw = True
95.9887 	EXP 	text_4: autoDraw = False
97.0096 	DATA 	Keypress: 5
98.5100 	DATA 	Keypress: 5
100.0106 	DATA 	Keypress: 5
100.9727 	EXP 	text_5: autoDraw = True
101.5105 	DATA 	Keypress: 5
102.3588 	DATA 	Keypress: 2
103.0089 	DATA 	Keypress: 5
104.5097 	DATA 	Keypress: 5
105.9572 	EXP 	New trial (rep=0, index=6): OrderedDict([('Word', 'cabdriver')])
105.9721 	EXP 	text_3: autoDraw = False
105.9721 	EXP 	text_5: autoDraw = False
105.9721 	EXP 	text_3: autoDraw = False
105.9721 	EXP 	text_4: autoDraw = False
105.9721 	EXP 	text_5: autoDraw = False
105.9721 	EXP 	text_3: text = 'cabdriver'
105.9721 	EXP 	text_4: autoDraw = True
106.0103 	DATA 	Keypress: 5
106.9719 	EXP 	text_3: autoDraw = True
106.9719 	EXP 	text_4: autoDraw = False
107.5101 	DATA 	Keypress: 5
109.0098 	DATA 	Keypress: 5
110.5104 	DATA 	Keypress: 5
111.9725 	EXP 	text_5: autoDraw = True
112.0108 	DATA 	Keypress: 5
112.8431 	DATA 	Keypress: 1
113.5111 	DATA 	Keypress: 5
115.0108 	DATA 	Keypress: 5
116.5095 	DATA 	Keypress: 5
116.9584 	EXP 	New trial (rep=0, index=7): OrderedDict([('Word', 'camera')])
116.9725 	EXP 	text_3: autoDraw = False
116.9725 	EXP 	text_5: autoDraw = False
116.9725 	EXP 	text_3: autoDraw = False
116.9725 	EXP 	text_4: autoDraw = False
116.9725 	EXP 	text_5: autoDraw = False
116.9725 	EXP 	text_3: text = 'camera'
116.9725 	EXP 	text_4: autoDraw = True
117.9563 	EXP 	text_3: autoDraw = True
117.9721 	EXP 	text_4: autoDraw = False
118.0105 	DATA 	Keypress: 5
119.5101 	DATA 	Keypress: 5
121.0102 	DATA 	Keypress: 5
122.5099 	DATA 	Keypress: 5
122.9558 	EXP 	text_5: autoDraw = True
123.6442 	DATA 	Keypress: 2
124.0100 	DATA 	Keypress: 5
125.5106 	DATA 	Keypress: 5
127.0099 	DATA 	Keypress: 5
127.9417 	EXP 	New trial (rep=0, index=8): OrderedDict([('Word', 'porcupine')])
127.9556 	EXP 	text_3: autoDraw = False
127.9556 	EXP 	text_5: autoDraw = False
127.9556 	EXP 	text_3: autoDraw = False
127.9556 	EXP 	text_4: autoDraw = False
127.9556 	EXP 	text_5: autoDraw = False
127.9556 	EXP 	text_3: text = 'porcupine'
127.9556 	EXP 	text_4: autoDraw = True
128.5096 	DATA 	Keypress: 5
128.9387 	EXP 	text_3: autoDraw = True
128.9556 	EXP 	text_4: autoDraw = False
130.0094 	DATA 	Keypress: 5
131.5103 	DATA 	Keypress: 5
133.0102 	DATA 	Keypress: 5
133.9392 	EXP 	text_5: autoDraw = True
134.5108 	DATA 	Keypress: 5
134.9921 	DATA 	Keypress: 1
136.0108 	DATA 	Keypress: 5
137.5108 	DATA 	Keypress: 5
138.9379 	EXP 	text_3: autoDraw = False
138.9397 	EXP 	New trial (rep=0, index=9): OrderedDict([('Word', 'knight')])
138.9549 	EXP 	text_5: autoDraw = False
138.9549 	EXP 	text_3: autoDraw = False
138.9549 	EXP 	text_4: autoDraw = False
138.9549 	EXP 	text_5: autoDraw = False
138.9549 	EXP 	text_3: text = 'knight'
138.9549 	EXP 	text_4: autoDraw = True
139.0102 	DATA 	Keypress: 5
139.9392 	EXP 	text_3: autoDraw = True
139.9553 	EXP 	text_4: autoDraw = False
140.5102 	DATA 	Keypress: 5
142.0104 	DATA 	Keypress: 5
143.5104 	DATA 	Keypress: 5
144.9392 	EXP 	text_5: autoDraw = True
145.0100 	DATA 	Keypress: 5
146.0590 	DATA 	Keypress: 1
146.5108 	DATA 	Keypress: 5
148.0095 	DATA 	Keypress: 5
149.5108 	DATA 	Keypress: 5
149.9247 	EXP 	New trial (rep=0, index=10): OrderedDict([('Word', 'airplane')])
149.9390 	EXP 	text_3: autoDraw = False
149.9390 	EXP 	text_5: autoDraw = False
149.9390 	EXP 	text_3: autoDraw = False
149.9390 	EXP 	text_4: autoDraw = False
149.9390 	EXP 	text_5: autoDraw = False
149.9390 	EXP 	text_3: text = 'airplane'
149.9390 	EXP 	text_4: autoDraw = True
150.9225 	EXP 	text_3: autoDraw = True
150.9393 	EXP 	text_4: autoDraw = False
151.0091 	DATA 	Keypress: 5
152.5100 	DATA 	Keypress: 5
154.0092 	DATA 	Keypress: 5
155.5093 	DATA 	Keypress: 5
155.9225 	EXP 	text_5: autoDraw = True
157.0100 	DATA 	Keypress: 5
157.0598 	DATA 	Keypress: 2
158.5105 	DATA 	Keypress: 5
160.0099 	DATA 	Keypress: 5
160.9078 	EXP 	New trial (rep=0, index=11): OrderedDict([('Word', 'ketchup')])
160.9225 	EXP 	text_3: autoDraw = False
160.9225 	EXP 	text_5: autoDraw = False
160.9225 	EXP 	text_3: autoDraw = False
160.9225 	EXP 	text_4: autoDraw = False
160.9225 	EXP 	text_5: autoDraw = False
160.9225 	EXP 	text_3: text = 'ketchup'
160.9225 	EXP 	text_4: autoDraw = True
161.5089 	DATA 	Keypress: 5
161.9056 	EXP 	text_3: autoDraw = True
161.9225 	EXP 	text_4: autoDraw = False
163.0093 	DATA 	Keypress: 5
164.5100 	DATA 	Keypress: 5
166.0107 	DATA 	Keypress: 5
166.9060 	EXP 	text_5: autoDraw = True
167.5098 	DATA 	Keypress: 5
168.1414 	DATA 	Keypress: 2
169.0094 	DATA 	Keypress: 5
170.5100 	DATA 	Keypress: 5
171.8914 	EXP 	New trial (rep=0, index=12): OrderedDict([('Word', 'chipmunk')])
171.9050 	EXP 	text_3: autoDraw = False
171.9050 	EXP 	text_5: autoDraw = False
171.9050 	EXP 	text_3: autoDraw = False
171.9050 	EXP 	text_4: autoDraw = False
171.9050 	EXP 	text_5: autoDraw = False
171.9050 	EXP 	text_3: text = 'chipmunk'
171.9050 	EXP 	text_4: autoDraw = True
172.0088 	DATA 	Keypress: 5
172.9552 	EXP 	text_3: autoDraw = True
172.9720 	EXP 	text_4: autoDraw = False
173.5095 	DATA 	Keypress: 5
175.0093 	DATA 	Keypress: 5
176.5089 	DATA 	Keypress: 5
177.8882 	EXP 	text_5: autoDraw = True
178.0098 	DATA 	Keypress: 5
178.7249 	DATA 	Keypress: 1
179.5098 	DATA 	Keypress: 5
181.0095 	DATA 	Keypress: 5
182.5103 	DATA 	Keypress: 5
182.8887 	EXP 	text_5: autoDraw = False
182.9403 	EXP 	New trial (rep=0, index=13): OrderedDict([('Word', 'axe')])
182.9546 	EXP 	text_3: autoDraw = False
182.9546 	EXP 	text_3: autoDraw = False
182.9546 	EXP 	text_4: autoDraw = False
182.9546 	EXP 	text_5: autoDraw = False
182.9546 	EXP 	text_3: text = 'axe'
182.9546 	EXP 	text_4: autoDraw = True
183.9387 	EXP 	text_3: autoDraw = True
183.9554 	EXP 	text_4: autoDraw = False
184.0092 	DATA 	Keypress: 5
185.5090 	DATA 	Keypress: 5
187.0092 	DATA 	Keypress: 5
188.5092 	DATA 	Keypress: 5
188.9384 	EXP 	text_5: autoDraw = True
189.6254 	DATA 	Keypress: 2
190.0086 	DATA 	Keypress: 5
191.5086 	DATA 	Keypress: 5
193.0096 	DATA 	Keypress: 5
193.9237 	EXP 	New trial (rep=0, index=14): OrderedDict([('Word', 'binoculars')])
193.9378 	EXP 	text_3: autoDraw = False
193.9378 	EXP 	text_5: autoDraw = False
193.9378 	EXP 	text_3: autoDraw = False
193.9378 	EXP 	text_4: autoDraw = False
193.9378 	EXP 	text_5: autoDraw = False
193.9378 	EXP 	text_3: text = 'binoculars'
193.9378 	EXP 	text_4: autoDraw = True
194.5090 	DATA 	Keypress: 5
194.9219 	EXP 	text_3: autoDraw = True
194.9380 	EXP 	text_4: autoDraw = False
196.0092 	DATA 	Keypress: 5
197.5086 	DATA 	Keypress: 5
199.0092 	DATA 	Keypress: 5
199.9217 	EXP 	text_5: autoDraw = True
200.5096 	DATA 	Keypress: 5
201.1749 	DATA 	Keypress: 2
202.0087 	DATA 	Keypress: 5
203.5097 	DATA 	Keypress: 5
204.9071 	EXP 	New trial (rep=0, index=15): OrderedDict([('Word', 'donkey')])
204.9214 	EXP 	text_3: autoDraw = False
204.9214 	EXP 	text_5: autoDraw = False
204.9214 	EXP 	text_3: autoDraw = False
204.9214 	EXP 	text_4: autoDraw = False
204.9214 	EXP 	text_5: autoDraw = False
204.9214 	EXP 	text_3: text = 'donkey'
204.9214 	EXP 	text_4: autoDraw = True
205.0095 	DATA 	Keypress: 5
205.9052 	EXP 	text_3: autoDraw = True
205.9214 	EXP 	text_4: autoDraw = False
206.5095 	DATA 	Keypress: 5
208.0082 	DATA 	Keypress: 5
209.5094 	DATA 	Keypress: 5
210.9051 	EXP 	text_5: autoDraw = True
211.0098 	DATA 	Keypress: 5
211.9093 	DATA 	Keypress: 1
212.5098 	DATA 	Keypress: 5
214.0086 	DATA 	Keypress: 5
215.5094 	DATA 	Keypress: 5
215.8918 	EXP 	New trial (rep=0, index=16): OrderedDict([('Word', 'umbrella')])
215.9045 	EXP 	text_3: autoDraw = False
215.9045 	EXP 	text_5: autoDraw = False
215.9045 	EXP 	text_3: autoDraw = False
215.9045 	EXP 	text_4: autoDraw = False
215.9045 	EXP 	text_5: autoDraw = False
215.9045 	EXP 	text_3: text = 'umbrella'
215.9045 	EXP 	text_4: autoDraw = True
216.8884 	EXP 	text_3: autoDraw = True
216.9046 	EXP 	text_4: autoDraw = False
217.0097 	DATA 	Keypress: 5
218.5098 	DATA 	Keypress: 5
220.0083 	DATA 	Keypress: 5
221.5094 	DATA 	Keypress: 5
221.8883 	EXP 	text_5: autoDraw = True
222.6079 	DATA 	Keypress: 2
223.0086 	DATA 	Keypress: 5
224.5097 	DATA 	Keypress: 5
226.0097 	DATA 	Keypress: 5
226.8739 	EXP 	New trial (rep=0, index=17): OrderedDict([('Word', 'waterfall')])
226.8879 	EXP 	text_3: autoDraw = False
226.8879 	EXP 	text_5: autoDraw = False
226.8879 	EXP 	text_3: autoDraw = False
226.8879 	EXP 	text_4: autoDraw = False
226.8879 	EXP 	text_5: autoDraw = False
226.8879 	EXP 	text_3: text = 'waterfall'
226.8879 	EXP 	text_4: autoDraw = True
227.5090 	DATA 	Keypress: 5
227.8717 	EXP 	text_3: autoDraw = True
227.8898 	EXP 	text_4: autoDraw = False
229.0093 	DATA 	Keypress: 5
230.5095 	DATA 	Keypress: 5
232.0101 	DATA 	Keypress: 5
232.8717 	EXP 	text_5: autoDraw = True
233.5097 	DATA 	Keypress: 5
234.3271 	DATA 	Keypress: 2
235.0097 	DATA 	Keypress: 5
236.5097 	DATA 	Keypress: 5
237.8571 	EXP 	New trial (rep=0, index=18): OrderedDict([('Word', 'passport')])
237.8723 	EXP 	text_3: autoDraw = False
237.8723 	EXP 	text_5: autoDraw = False
237.8723 	EXP 	text_3: autoDraw = False
237.8723 	EXP 	text_4: autoDraw = False
237.8723 	EXP 	text_5: autoDraw = False
237.8723 	EXP 	text_3: text = 'passport'
237.8723 	EXP 	text_4: autoDraw = True
238.0085 	DATA 	Keypress: 5
238.8549 	EXP 	text_3: autoDraw = True
238.8714 	EXP 	text_4: autoDraw = False
239.5093 	DATA 	Keypress: 5
241.0092 	DATA 	Keypress: 5
242.5100 	DATA 	Keypress: 5
243.8555 	EXP 	text_5: autoDraw = True
244.0090 	DATA 	Keypress: 5
244.5601 	DATA 	Keypress: 2
245.5086 	DATA 	Keypress: 5
247.0089 	DATA 	Keypress: 5
248.5097 	DATA 	Keypress: 5
248.8413 	EXP 	New trial (rep=0, index=19): OrderedDict([('Word', 'coyote')])
248.8556 	EXP 	text_3: autoDraw = False
248.8556 	EXP 	text_5: autoDraw = False
248.8556 	EXP 	text_3: autoDraw = False
248.8556 	EXP 	text_4: autoDraw = False
248.8556 	EXP 	text_5: autoDraw = False
248.8556 	EXP 	text_3: text = 'coyote'
248.8556 	EXP 	text_4: autoDraw = True
249.8395 	EXP 	text_3: autoDraw = True
249.8562 	EXP 	text_4: autoDraw = False
250.0097 	DATA 	Keypress: 5
251.5094 	DATA 	Keypress: 5
253.0102 	DATA 	Keypress: 5
254.5097 	DATA 	Keypress: 5
254.8396 	EXP 	text_5: autoDraw = True
256.0099 	DATA 	Keypress: 5
256.0253 	DATA 	Keypress: 1
257.5113 	DATA 	Keypress: 5
259.0101 	DATA 	Keypress: 5
259.8249 	EXP 	New trial (rep=0, index=20): OrderedDict([('Word', 'mirror')])
259.8388 	EXP 	text_3: autoDraw = False
259.8388 	EXP 	text_5: autoDraw = False
259.8388 	EXP 	text_3: autoDraw = False
259.8388 	EXP 	text_4: autoDraw = False
259.8388 	EXP 	text_5: autoDraw = False
259.8388 	EXP 	text_3: text = 'mirror'
259.8388 	EXP 	text_4: autoDraw = True
260.5091 	DATA 	Keypress: 5
260.8226 	EXP 	text_3: autoDraw = True
260.8390 	EXP 	text_4: autoDraw = False
262.0087 	DATA 	Keypress: 5
263.5097 	DATA 	Keypress: 5
265.0096 	DATA 	Keypress: 5
265.8221 	EXP 	text_5: autoDraw = True
266.5099 	DATA 	Keypress: 5
266.7087 	DATA 	Keypress: 2
268.0100 	DATA 	Keypress: 5
269.5108 	DATA 	Keypress: 5
270.8081 	EXP 	New trial (rep=0, index=21): OrderedDict([('Word', 'swan')])
270.8221 	EXP 	text_3: autoDraw = False
270.8221 	EXP 	text_5: autoDraw = False
270.8221 	EXP 	text_3: autoDraw = False
270.8221 	EXP 	text_4: autoDraw = False
270.8221 	EXP 	text_5: autoDraw = False
270.8221 	EXP 	text_3: text = 'swan'
270.8221 	EXP 	text_4: autoDraw = True
271.0096 	DATA 	Keypress: 5
271.8059 	EXP 	text_3: autoDraw = True
271.8223 	EXP 	text_4: autoDraw = False
272.5089 	DATA 	Keypress: 5
274.0099 	DATA 	Keypress: 5
275.5099 	DATA 	Keypress: 5
276.8056 	EXP 	text_5: autoDraw = True
277.0103 	DATA 	Keypress: 5
277.7758 	DATA 	Keypress: 1
278.5104 	DATA 	Keypress: 5
280.0104 	DATA 	Keypress: 5
281.5096 	DATA 	Keypress: 5
281.7914 	EXP 	New trial (rep=0, index=22): OrderedDict([('Word', 'elephant')])
281.8057 	EXP 	text_3: autoDraw = False
281.8057 	EXP 	text_5: autoDraw = False
281.8057 	EXP 	text_3: autoDraw = False
281.8057 	EXP 	text_4: autoDraw = False
281.8057 	EXP 	text_5: autoDraw = False
281.8057 	EXP 	text_3: text = 'elephant'
281.8057 	EXP 	text_4: autoDraw = True
282.7891 	EXP 	text_3: autoDraw = True
282.8056 	EXP 	text_4: autoDraw = False
283.0092 	DATA 	Keypress: 5
284.5074 	DATA 	Keypress: 5
286.0100 	DATA 	Keypress: 5
287.5091 	DATA 	Keypress: 5
287.7889 	EXP 	text_5: autoDraw = True
289.0099 	DATA 	Keypress: 5
289.0259 	DATA 	Keypress: 1
290.5100 	DATA 	Keypress: 5
292.0099 	DATA 	Keypress: 5
292.7739 	EXP 	New trial (rep=0, index=23): OrderedDict([('Word', 'cheerleader')])
292.7891 	EXP 	text_3: autoDraw = False
292.7891 	EXP 	text_5: autoDraw = False
292.7891 	EXP 	text_3: autoDraw = False
292.7891 	EXP 	text_4: autoDraw = False
292.7891 	EXP 	text_5: autoDraw = False
292.7891 	EXP 	text_3: text = 'cheerleader'
292.7891 	EXP 	text_4: autoDraw = True
293.5099 	DATA 	Keypress: 5
293.7722 	EXP 	text_3: autoDraw = True
293.7889 	EXP 	text_4: autoDraw = False
295.0088 	DATA 	Keypress: 5
296.5096 	DATA 	Keypress: 5
298.0089 	DATA 	Keypress: 5
298.7731 	EXP 	text_5: autoDraw = True
299.5110 	DATA 	Keypress: 5
299.9585 	DATA 	Keypress: 1
301.0117 	DATA 	Keypress: 5
302.5125 	DATA 	Keypress: 5
303.7591 	EXP 	New trial (rep=0, index=24): OrderedDict([('Word', 'platypus')])
303.7724 	EXP 	text_3: autoDraw = False
303.7724 	EXP 	text_5: autoDraw = False
303.7724 	EXP 	text_3: autoDraw = False
303.7724 	EXP 	text_4: autoDraw = False
303.7724 	EXP 	text_5: autoDraw = False
303.7724 	EXP 	text_3: text = 'platypus'
303.7724 	EXP 	text_4: autoDraw = True
304.0111 	DATA 	Keypress: 5
304.8059 	EXP 	text_3: autoDraw = True
304.8059 	EXP 	text_4: autoDraw = False
305.5101 	DATA 	Keypress: 5
307.0108 	DATA 	Keypress: 5
308.5104 	DATA 	Keypress: 5
309.7565 	EXP 	text_5: autoDraw = True
310.0105 	DATA 	Keypress: 5
310.5946 	DATA 	Keypress: 1
311.5105 	DATA 	Keypress: 5
313.0110 	DATA 	Keypress: 5
314.5105 	DATA 	Keypress: 5
314.7565 	EXP 	text_5: autoDraw = False
314.7923 	EXP 	New trial (rep=0, index=25): OrderedDict([('Word', 'cheesecake')])
314.8055 	EXP 	text_3: autoDraw = False
314.8055 	EXP 	text_3: autoDraw = False
314.8055 	EXP 	text_4: autoDraw = False
314.8055 	EXP 	text_5: autoDraw = False
314.8055 	EXP 	text_3: text = 'cheesecake'
314.8055 	EXP 	text_4: autoDraw = True
315.7899 	EXP 	text_3: autoDraw = True
315.8064 	EXP 	text_4: autoDraw = False
316.0109 	DATA 	Keypress: 5
317.5108 	DATA 	Keypress: 5
319.0095 	DATA 	Keypress: 5
320.5103 	DATA 	Keypress: 5
320.7898 	EXP 	text_5: autoDraw = True
321.7943 	DATA 	Keypress: 2
322.0092 	DATA 	Keypress: 5
323.5115 	DATA 	Keypress: 5
325.0559 	DATA 	Keypress: 5
325.7752 	EXP 	New trial (rep=0, index=26): OrderedDict([('Word', 'necklace')])
325.7895 	EXP 	text_3: autoDraw = False
325.7895 	EXP 	text_5: autoDraw = False
325.7895 	EXP 	text_3: autoDraw = False
325.7895 	EXP 	text_4: autoDraw = False
325.7895 	EXP 	text_5: autoDraw = False
325.7895 	EXP 	text_3: text = 'necklace'
325.7895 	EXP 	text_4: autoDraw = True
326.5103 	DATA 	Keypress: 5
326.7731 	EXP 	text_3: autoDraw = True
326.7899 	EXP 	text_4: autoDraw = False
328.0098 	DATA 	Keypress: 5
329.5107 	DATA 	Keypress: 5
331.0099 	DATA 	Keypress: 5
331.7731 	EXP 	text_5: autoDraw = True
332.5101 	DATA 	Keypress: 5
332.5787 	DATA 	Keypress: 2
334.0102 	DATA 	Keypress: 5
335.5111 	DATA 	Keypress: 5
336.7584 	EXP 	New trial (rep=0, index=27): OrderedDict([('Word', 'walrus')])
336.7728 	EXP 	text_3: autoDraw = False
336.7728 	EXP 	text_5: autoDraw = False
336.7728 	EXP 	text_3: autoDraw = False
336.7728 	EXP 	text_4: autoDraw = False
336.7728 	EXP 	text_5: autoDraw = False
336.7728 	EXP 	text_3: text = 'walrus'
336.7728 	EXP 	text_4: autoDraw = True
337.0099 	DATA 	Keypress: 5
337.7563 	EXP 	text_3: autoDraw = True
337.7732 	EXP 	text_4: autoDraw = False
338.5108 	DATA 	Keypress: 5
340.0094 	DATA 	Keypress: 5
341.5094 	DATA 	Keypress: 5
342.7561 	EXP 	text_5: autoDraw = True
343.0105 	DATA 	Keypress: 5
343.9775 	DATA 	Keypress: 1
344.5112 	DATA 	Keypress: 5
346.0106 	DATA 	Keypress: 5
347.5096 	DATA 	Keypress: 5
347.7417 	EXP 	New trial (rep=0, index=28): OrderedDict([('Word', 'microscope')])
347.7555 	EXP 	text_3: autoDraw = False
347.7555 	EXP 	text_5: autoDraw = False
347.7555 	EXP 	text_3: autoDraw = False
347.7555 	EXP 	text_4: autoDraw = False
347.7555 	EXP 	text_5: autoDraw = False
347.7555 	EXP 	text_3: text = 'microscope'
347.7555 	EXP 	text_4: autoDraw = True
348.7394 	EXP 	text_3: autoDraw = True
348.7557 	EXP 	text_4: autoDraw = False
349.0103 	DATA 	Keypress: 5
350.5097 	DATA 	Keypress: 5
352.0103 	DATA 	Keypress: 5
353.5101 	DATA 	Keypress: 5
353.7393 	EXP 	text_5: autoDraw = True
354.8431 	DATA 	Keypress: 2
355.0100 	DATA 	Keypress: 5
356.5103 	DATA 	Keypress: 5
358.0107 	DATA 	Keypress: 5
358.7245 	EXP 	New trial (rep=0, index=29): OrderedDict([('Word', 'hairstylist')])
358.7389 	EXP 	text_3: autoDraw = False
358.7389 	EXP 	text_5: autoDraw = False
358.7389 	EXP 	text_3: autoDraw = False
358.7389 	EXP 	text_4: autoDraw = False
358.7389 	EXP 	text_5: autoDraw = False
358.7389 	EXP 	text_3: text = 'hairstylist'
358.7389 	EXP 	text_4: autoDraw = True
359.5110 	DATA 	Keypress: 5
359.7227 	EXP 	text_3: autoDraw = True
359.7391 	EXP 	text_4: autoDraw = False
361.0109 	DATA 	Keypress: 5
362.5103 	DATA 	Keypress: 5
364.0103 	DATA 	Keypress: 5
364.7223 	EXP 	text_5: autoDraw = True
365.5106 	DATA 	Keypress: 5
365.8281 	DATA 	Keypress: 1
367.0113 	DATA 	Keypress: 5
368.5102 	DATA 	Keypress: 5
369.7078 	EXP 	New trial (rep=0, index=30): OrderedDict([('Word', 'baby')])
369.7222 	EXP 	text_3: autoDraw = False
369.7222 	EXP 	text_5: autoDraw = False
369.7222 	EXP 	text_3: autoDraw = False
369.7222 	EXP 	text_4: autoDraw = False
369.7222 	EXP 	text_5: autoDraw = False
369.7222 	EXP 	text_3: text = 'baby'
369.7222 	EXP 	text_4: autoDraw = True
370.0095 	DATA 	Keypress: 5
370.7059 	EXP 	text_3: autoDraw = True
370.7224 	EXP 	text_4: autoDraw = False
371.5097 	DATA 	Keypress: 5
373.0100 	DATA 	Keypress: 5
374.5101 	DATA 	Keypress: 5
375.7533 	EXP 	text_5: autoDraw = True
376.0114 	DATA 	Keypress: 5
376.6105 	DATA 	Keypress: 1
377.5115 	DATA 	Keypress: 5
379.0115 	DATA 	Keypress: 5
380.5111 	DATA 	Keypress: 5
380.7068 	EXP 	text_3: autoDraw = False
380.7419 	EXP 	New trial (rep=0, index=31): OrderedDict([('Word', 'hummingbird')])
380.7566 	EXP 	text_5: autoDraw = False
380.7566 	EXP 	text_3: autoDraw = False
380.7566 	EXP 	text_4: autoDraw = False
380.7566 	EXP 	text_5: autoDraw = False
380.7566 	EXP 	text_3: text = 'hummingbird'
380.7566 	EXP 	text_4: autoDraw = True
381.7405 	EXP 	text_3: autoDraw = True
381.7568 	EXP 	text_4: autoDraw = False
382.0113 	DATA 	Keypress: 5
383.5110 	DATA 	Keypress: 5
385.0102 	DATA 	Keypress: 5
386.5105 	DATA 	Keypress: 5
386.7401 	EXP 	text_5: autoDraw = True
387.5933 	DATA 	Keypress: 1
388.0114 	DATA 	Keypress: 5
389.5107 	DATA 	Keypress: 5
391.0111 	DATA 	Keypress: 5
391.7256 	EXP 	New trial (rep=0, index=32): OrderedDict([('Word', 'grandfather')])
391.7389 	EXP 	text_3: autoDraw = False
391.7389 	EXP 	text_5: autoDraw = False
391.7389 	EXP 	text_3: autoDraw = False
391.7389 	EXP 	text_4: autoDraw = False
391.7389 	EXP 	text_5: autoDraw = False
391.7389 	EXP 	text_3: text = 'grandfather'
391.7389 	EXP 	text_4: autoDraw = True
392.5110 	DATA 	Keypress: 5
392.7237 	EXP 	text_3: autoDraw = True
392.7399 	EXP 	text_4: autoDraw = False
394.0101 	DATA 	Keypress: 5
395.5098 	DATA 	Keypress: 5
397.0105 	DATA 	Keypress: 5
397.7232 	EXP 	text_5: autoDraw = True
398.5107 	DATA 	Keypress: 5
398.9779 	DATA 	Keypress: 1
400.0106 	DATA 	Keypress: 5
401.5106 	DATA 	Keypress: 5
402.7086 	EXP 	New trial (rep=0, index=33): OrderedDict([('Word', 'violinist')])
402.7230 	EXP 	text_3: autoDraw = False
402.7230 	EXP 	text_5: autoDraw = False
402.7230 	EXP 	text_3: autoDraw = False
402.7230 	EXP 	text_4: autoDraw = False
402.7230 	EXP 	text_5: autoDraw = False
402.7230 	EXP 	text_3: text = 'violinist'
402.7230 	EXP 	text_4: autoDraw = True
403.0106 	DATA 	Keypress: 5
403.7065 	EXP 	text_3: autoDraw = True
403.7234 	EXP 	text_4: autoDraw = False
404.5110 	DATA 	Keypress: 5
406.0108 	DATA 	Keypress: 5
407.5109 	DATA 	Keypress: 5
408.7066 	EXP 	text_5: autoDraw = True
409.0107 	DATA 	Keypress: 5
409.6253 	DATA 	Keypress: 1
410.5120 	DATA 	Keypress: 5
412.0117 	DATA 	Keypress: 5
413.5114 	DATA 	Keypress: 5
413.6920 	EXP 	New trial (rep=0, index=34): OrderedDict([('Word', 'snowball')])
413.7063 	EXP 	text_3: autoDraw = False
413.7063 	EXP 	text_5: autoDraw = False
413.7063 	EXP 	text_3: autoDraw = False
413.7063 	EXP 	text_4: autoDraw = False
413.7063 	EXP 	text_5: autoDraw = False
413.7063 	EXP 	text_3: text = 'snowball'
413.7063 	EXP 	text_4: autoDraw = True
414.6899 	EXP 	text_3: autoDraw = True
414.7067 	EXP 	text_4: autoDraw = False
415.0112 	DATA 	Keypress: 5
416.5110 	DATA 	Keypress: 5
418.0110 	DATA 	Keypress: 5
419.5114 	DATA 	Keypress: 5
419.6899 	EXP 	text_5: autoDraw = True
420.4261 	DATA 	Keypress: 2
421.0113 	DATA 	Keypress: 5
422.5105 	DATA 	Keypress: 5
424.0111 	DATA 	Keypress: 5
424.6750 	EXP 	New trial (rep=0, index=35): OrderedDict([('Word', 'keyboard')])
424.6897 	EXP 	text_3: autoDraw = False
424.6897 	EXP 	text_5: autoDraw = False
424.6897 	EXP 	text_3: autoDraw = False
424.6897 	EXP 	text_4: autoDraw = False
424.6897 	EXP 	text_5: autoDraw = False
424.6897 	EXP 	text_3: text = 'keyboard'
424.6897 	EXP 	text_4: autoDraw = True
425.5098 	DATA 	Keypress: 5
425.6730 	EXP 	text_3: autoDraw = True
425.6899 	EXP 	text_4: autoDraw = False
427.0109 	DATA 	Keypress: 5
428.5113 	DATA 	Keypress: 5
430.0104 	DATA 	Keypress: 5
430.6733 	EXP 	text_5: autoDraw = True
431.5105 	DATA 	Keypress: 5
431.5758 	DATA 	Keypress: 2
433.0113 	DATA 	Keypress: 5
434.5070 	DATA 	Keypress: 5
435.6710 	EXP 	New trial (rep=0, index=36): OrderedDict([('Word', 'stove')])
435.6854 	EXP 	text_3: autoDraw = False
435.6854 	EXP 	text_5: autoDraw = False
435.6854 	EXP 	text_3: autoDraw = False
435.6854 	EXP 	text_4: autoDraw = False
435.6854 	EXP 	text_5: autoDraw = False
435.6854 	EXP 	text_3: text = 'stove'
435.6854 	EXP 	text_4: autoDraw = True
436.0064 	DATA 	Keypress: 5
436.6692 	EXP 	text_3: autoDraw = True
436.6855 	EXP 	text_4: autoDraw = False
437.5067 	DATA 	Keypress: 5
439.0106 	DATA 	Keypress: 5
440.5095 	DATA 	Keypress: 5
441.6726 	EXP 	text_5: autoDraw = True
442.0115 	DATA 	Keypress: 5
442.3420 	DATA 	Keypress: 2
443.5116 	DATA 	Keypress: 5
445.0072 	DATA 	Keypress: 5
446.5061 	DATA 	Keypress: 5
446.6559 	EXP 	text_3: autoDraw = False
446.6576 	EXP 	New trial (rep=0, index=37): OrderedDict([('Word', 'bulldozer')])
446.7356 	EXP 	text_5: autoDraw = False
446.7356 	EXP 	text_3: autoDraw = False
446.7356 	EXP 	text_4: autoDraw = False
446.7356 	EXP 	text_5: autoDraw = False
446.7356 	EXP 	text_3: text = 'bulldozer'
446.7356 	EXP 	text_4: autoDraw = True
447.6688 	EXP 	text_3: autoDraw = True
447.7356 	EXP 	text_4: autoDraw = False
448.0058 	DATA 	Keypress: 5
449.5059 	DATA 	Keypress: 5
451.0059 	DATA 	Keypress: 5
452.5066 	DATA 	Keypress: 5
452.6689 	EXP 	text_5: autoDraw = True
453.6223 	DATA 	Keypress: 2
454.0061 	DATA 	Keypress: 5
455.5063 	DATA 	Keypress: 5
457.0075 	DATA 	Keypress: 5
457.6543 	EXP 	New trial (rep=0, index=38): OrderedDict([('Word', 'seahorse')])
457.6682 	EXP 	text_3: autoDraw = False
457.6682 	EXP 	text_5: autoDraw = False
457.6682 	EXP 	text_3: autoDraw = False
457.6682 	EXP 	text_4: autoDraw = False
457.6682 	EXP 	text_5: autoDraw = False
457.6682 	EXP 	text_3: text = 'seahorse'
457.6682 	EXP 	text_4: autoDraw = True
458.5106 	DATA 	Keypress: 5
458.6689 	EXP 	text_3: autoDraw = True
458.6689 	EXP 	text_4: autoDraw = False
460.0062 	DATA 	Keypress: 5
461.5057 	DATA 	Keypress: 5
463.0111 	DATA 	Keypress: 5
463.6566 	EXP 	text_5: autoDraw = True
464.4282 	DATA 	Keypress: 1
464.5107 	DATA 	Keypress: 5
466.0068 	DATA 	Keypress: 5
467.5063 	DATA 	Keypress: 5
468.6542 	EXP 	New trial (rep=0, index=39): OrderedDict([('Word', 'scalpel')])
468.6684 	EXP 	text_3: autoDraw = False
468.6684 	EXP 	text_5: autoDraw = False
468.6684 	EXP 	text_3: autoDraw = False
468.6684 	EXP 	text_4: autoDraw = False
468.6684 	EXP 	text_5: autoDraw = False
468.6684 	EXP 	text_3: text = 'scalpel'
468.6684 	EXP 	text_4: autoDraw = True
469.0102 	DATA 	Keypress: 5
469.6566 	EXP 	text_3: autoDraw = True
469.6735 	EXP 	text_4: autoDraw = False
470.5054 	DATA 	Keypress: 5
472.0111 	DATA 	Keypress: 5
473.5221 	DATA 	Keypress: 5
474.6568 	EXP 	text_5: autoDraw = True
475.0115 	DATA 	Keypress: 5
475.3778 	DATA 	Keypress: 2
476.5116 	DATA 	Keypress: 5
478.0068 	DATA 	Keypress: 5
479.5071 	DATA 	Keypress: 5
479.6687 	EXP 	text_3: autoDraw = False
479.6687 	EXP 	text_5: autoDraw = False
479.6687 	EXP 	text_3: autoDraw = False
479.6687 	EXP 	text_4: autoDraw = False
479.6687 	EXP 	text_5: autoDraw = False
479.6687 	EXP 	text_6: autoDraw = True
481.0111 	DATA 	Keypress: 5
482.5111 	DATA 	Keypress: 5
484.0218 	DATA 	Keypress: 5
484.6686 	EXP 	text_6: autoDraw = False
484.6686 	EXP 	text_6: autoDraw = False
484.9490 	EXP 	window1: mouseVisible = True
