4.9838 	EXP 	Created window1 = Window(allowGUI=False, allowStencil=False, args=UNKNOWN, autoLog=True, bitsMode=UNKNOWN, blendMode='avg', color=array([0., 0., 0.]), colorSpace='rgb', fullscr=<method-wrapper '__getattribute__' of attributeSetter object at 0x11251f320>, gamma=None, gammaErrorPolicy='raise', kwargs=UNKNOWN, lms=UNKNOWN, monitor=<psychopy.monitors.calibTools.Monitor object at 0x11246b7b8>, multiSample=False, name='window1', numSamples=2, pos=[0.0, 0.0], screen=0, size=array([1920, 1080]), stereo=False, units='height', useFBO=True, useRetina=False, viewOri=0.0, viewPos=None, viewScale=None, waitBlanking=True, winType='pyglet')
4.9838 	EXP 	window1: recordFrameIntervals = False
5.1501 	EXP 	window1: recordFrameIntervals = True
5.3341 	EXP 	window1: recordFrameIntervals = False
5.7276 	EXP 	Created text = TextStim(__class__=<class 'psychopy.visual.text.TextStim'>, alignHoriz='center', alignVert='center', antialias=True, autoLog=True, bold=False, color='white', colorSpace='named', contrast=1.0, depth=0.0, flipHoriz=False, flipVert=False, font='Arial', fontFiles=[], height=0.03, italic=False, languageStyle='LTR', name='text', opacity=1.0, ori=0, pos=array([0., 0.]), rgb=array([255., 255., 255.]), text=str(...), units='height', win=Window(...), wrapWidth=1)
5.7693 	EXP 	Created text_2 = TextStim(__class__=<class 'psychopy.visual.text.TextStim'>, alignHoriz='center', alignVert='center', antialias=True, autoLog=True, bold=False, color='white', colorSpace='named', contrast=1.0, depth=0.0, flipHoriz=False, flipVert=False, font='Arial', fontFiles=[], height=0.1, italic=False, languageStyle='LTR', name='text_2', opacity=1.0, ori=0, pos=array([0., 0.]), rgb=array([255., 255., 255.]), text='Waiting for the scanner\n', units='height', win=Window(...), wrapWidth=1)
5.8077 	EXP 	Created text_3 = TextStim(__class__=<class 'psychopy.visual.text.TextStim'>, alignHoriz='center', alignVert='center', antialias=True, autoLog=True, bold=False, color='white', colorSpace='named', contrast=1.0, depth=0.0, flipHoriz=False, flipVert=False, font='Arial', fontFiles=[], height=0.1, italic=False, languageStyle='LTR', name='text_3', opacity=1.0, ori=0, pos=array([0., 0.]), rgb=array([255., 255., 255.]), text='default text', units='height', win=Window(...), wrapWidth=1)
5.8100 	EXP 	Created text_4 = TextStim(__class__=<class 'psychopy.visual.text.TextStim'>, alignHoriz='center', alignVert='center', antialias=True, autoLog=True, bold=False, color='white', colorSpace='named', contrast=1.0, depth=-1.0, flipHoriz=False, flipVert=False, font='Arial', fontFiles=[], height=0.1, italic=False, languageStyle='LTR', name='text_4', opacity=1.0, ori=0, pos=array([0., 0.]), rgb=array([255., 255., 255.]), text='+', units='height', win=Window(...), wrapWidth=1)
5.8224 	EXP 	Created text_5 = TextStim(__class__=<class 'psychopy.visual.text.TextStim'>, alignHoriz='center', alignVert='center', antialias=True, autoLog=True, bold=False, color='white', colorSpace='named', contrast=1.0, depth=-2.0, flipHoriz=False, flipVert=False, font='Arial', fontFiles=[], height=0.02, italic=False, languageStyle='LTR', name='text_5', opacity=1.0, ori=0, pos=array([ 0. , -0.3]), rgb=array([255., 255., 255.]), text=str(...), units='height', win=Window(...), wrapWidth=1)
5.8640 	EXP 	Created text_6 = TextStim(__class__=<class 'psychopy.visual.text.TextStim'>, alignHoriz='center', alignVert='center', antialias=True, autoLog=True, bold=False, color='white', colorSpace='named', contrast=1.0, depth=0.0, flipHoriz=False, flipVert=False, font='Arial', fontFiles=[], height=0.1, italic=False, languageStyle='LTR', name='text_6', opacity=1.0, ori=0, pos=array([0., 0.]), rgb=array([255., 255., 255.]), text="That's the end of this task\n", units='height', win=Window(...), wrapWidth=1)
5.8811 	EXP 	text: autoDraw = True
6.8185 	DATA 	Keypress: 1
6.8334 	EXP 	text: autoDraw = False
6.8334 	EXP 	text_2: autoDraw = True
24.1088 	EXP 	Imported wl.csv as conditions, 40 conditions, 1 params
24.1092 	EXP 	Created sequence: random, trialTypes=40, nReps=1, seed=None
24.1095 	EXP 	New trial (rep=0, index=0): OrderedDict([('Word', 'ladybug')])
24.1183 	DATA 	Keypress: 5
24.1311 	EXP 	text_2: autoDraw = False
24.1311 	EXP 	text_3: text = 'ladybug'
24.1311 	EXP 	text_4: autoDraw = True
25.1182 	EXP 	text_3: autoDraw = True
25.1351 	EXP 	text_4: autoDraw = False
25.6063 	DATA 	Keypress: 5
27.1002 	DATA 	Keypress: 5
28.6062 	DATA 	Keypress: 5
30.1526 	DATA 	Keypress: 5
30.1645 	EXP 	text_5: autoDraw = True
30.8707 	DATA 	Keypress: 1
31.6062 	DATA 	Keypress: 5
33.1065 	DATA 	Keypress: 5
34.6058 	DATA 	Keypress: 5
35.1184 	EXP 	text_3: autoDraw = False
35.1212 	EXP 	New trial (rep=0, index=1): OrderedDict([('Word', 'cabdriver')])
35.1338 	EXP 	text_3: autoDraw = False
35.1338 	EXP 	text_4: autoDraw = False
35.1338 	EXP 	text_5: autoDraw = False
35.1338 	EXP 	text_3: text = 'cabdriver'
35.1338 	EXP 	text_4: autoDraw = True
36.1059 	DATA 	Keypress: 5
36.1353 	EXP 	text_3: autoDraw = True
36.1353 	EXP 	text_4: autoDraw = False
37.6061 	DATA 	Keypress: 5
39.1061 	DATA 	Keypress: 5
40.6058 	DATA 	Keypress: 5
41.1353 	EXP 	text_5: autoDraw = True
41.3049 	DATA 	Keypress: 1
42.1065 	DATA 	Keypress: 5
43.6066 	DATA 	Keypress: 5
45.1067 	DATA 	Keypress: 5
46.1207 	EXP 	New trial (rep=0, index=2): OrderedDict([('Word', 'airplane')])
46.1343 	EXP 	text_3: autoDraw = False
46.1343 	EXP 	text_4: autoDraw = False
46.1343 	EXP 	text_5: autoDraw = False
46.1343 	EXP 	text_3: text = 'airplane'
46.1343 	EXP 	text_4: autoDraw = True
46.6056 	DATA 	Keypress: 5
47.1179 	EXP 	text_3: autoDraw = True
47.1351 	EXP 	text_4: autoDraw = False
48.1046 	DATA 	Keypress: 5
49.6057 	DATA 	Keypress: 5
51.1060 	DATA 	Keypress: 5
52.1186 	EXP 	text_5: autoDraw = True
52.5205 	DATA 	Keypress: 2
52.6053 	DATA 	Keypress: 5
54.1050 	DATA 	Keypress: 5
55.6066 	DATA 	Keypress: 5
57.1031 	EXP 	New trial (rep=0, index=3): OrderedDict([('Word', 'hairstylist')])
57.1117 	DATA 	Keypress: 5
57.1172 	EXP 	text_3: autoDraw = False
57.1172 	EXP 	text_5: autoDraw = False
57.1172 	EXP 	text_3: autoDraw = False
57.1172 	EXP 	text_4: autoDraw = False
57.1172 	EXP 	text_5: autoDraw = False
57.1172 	EXP 	text_3: text = 'hairstylist'
57.1172 	EXP 	text_4: autoDraw = True
58.1143 	EXP 	text_3: autoDraw = True
58.1310 	EXP 	text_4: autoDraw = False
58.6005 	DATA 	Keypress: 5
60.1010 	DATA 	Keypress: 5
61.6064 	DATA 	Keypress: 5
63.1013 	EXP 	text_5: autoDraw = True
63.1063 	DATA 	Keypress: 5
63.7035 	DATA 	Keypress: 1
64.6061 	DATA 	Keypress: 5
66.1069 	DATA 	Keypress: 5
67.6061 	DATA 	Keypress: 5
68.0997 	EXP 	New trial (rep=0, index=4): OrderedDict([('Word', 'binoculars')])
68.1132 	EXP 	text_3: autoDraw = False
68.1132 	EXP 	text_5: autoDraw = False
68.1132 	EXP 	text_3: autoDraw = False
68.1132 	EXP 	text_4: autoDraw = False
68.1132 	EXP 	text_5: autoDraw = False
68.1132 	EXP 	text_3: text = 'binoculars'
68.1132 	EXP 	text_4: autoDraw = True
69.0973 	EXP 	text_3: autoDraw = True
69.1012 	DATA 	Keypress: 5
69.1143 	EXP 	text_4: autoDraw = False
70.6010 	DATA 	Keypress: 5
71.9181 	DATA 	Keypress: 2
72.1013 	DATA 	Keypress: 5
73.6011 	DATA 	Keypress: 5
74.0968 	EXP 	text_5: autoDraw = True
74.9493 	DATA 	Keypress: 2
75.1017 	DATA 	Keypress: 5
76.6008 	DATA 	Keypress: 5
78.1016 	DATA 	Keypress: 5
79.0830 	EXP 	New trial (rep=0, index=5): OrderedDict([('Word', 'hummingbird')])
79.0968 	EXP 	text_3: autoDraw = False
79.0968 	EXP 	text_5: autoDraw = False
79.0968 	EXP 	text_3: autoDraw = False
79.0968 	EXP 	text_4: autoDraw = False
79.0968 	EXP 	text_5: autoDraw = False
79.0968 	EXP 	text_3: text = 'hummingbird'
79.0968 	EXP 	text_4: autoDraw = True
79.6009 	DATA 	Keypress: 5
80.0974 	EXP 	text_3: autoDraw = True
80.0974 	EXP 	text_4: autoDraw = False
81.1012 	DATA 	Keypress: 5
82.6015 	DATA 	Keypress: 5
84.1057 	DATA 	Keypress: 5
85.0972 	EXP 	text_5: autoDraw = True
85.6008 	DATA 	Keypress: 5
86.0169 	DATA 	Keypress: 1
87.1011 	DATA 	Keypress: 5
88.6017 	DATA 	Keypress: 5
90.0827 	EXP 	New trial (rep=0, index=6): OrderedDict([('Word', 'seahorse')])
90.0971 	EXP 	text_3: autoDraw = False
90.0971 	EXP 	text_5: autoDraw = False
90.0971 	EXP 	text_3: autoDraw = False
90.0971 	EXP 	text_4: autoDraw = False
90.0971 	EXP 	text_5: autoDraw = False
90.0971 	EXP 	text_3: text = 'seahorse'
90.0971 	EXP 	text_4: autoDraw = True
90.1008 	DATA 	Keypress: 5
91.0808 	EXP 	text_3: autoDraw = True
91.0972 	EXP 	text_4: autoDraw = False
91.6002 	DATA 	Keypress: 5
93.1056 	DATA 	Keypress: 5
94.6003 	DATA 	Keypress: 5
96.0804 	EXP 	text_5: autoDraw = True
96.1020 	DATA 	Keypress: 5
97.3672 	DATA 	Keypress: 1
97.6069 	DATA 	Keypress: 5
99.1013 	DATA 	Keypress: 5
100.6016 	DATA 	Keypress: 5
101.0654 	EXP 	New trial (rep=0, index=7): OrderedDict([('Word', 'mirror')])
101.0805 	EXP 	text_3: autoDraw = False
101.0805 	EXP 	text_5: autoDraw = False
101.0805 	EXP 	text_3: autoDraw = False
101.0805 	EXP 	text_4: autoDraw = False
101.0805 	EXP 	text_5: autoDraw = False
101.0805 	EXP 	text_3: text = 'mirror'
101.0805 	EXP 	text_4: autoDraw = True
102.0687 	EXP 	text_3: autoDraw = True
102.0855 	EXP 	text_4: autoDraw = False
102.1066 	DATA 	Keypress: 5
103.6067 	DATA 	Keypress: 5
105.1066 	DATA 	Keypress: 5
106.6164 	DATA 	Keypress: 5
107.0637 	EXP 	text_5: autoDraw = True
108.1054 	DATA 	Keypress: 5
109.4827 	DATA 	Keypress: 2
109.6009 	DATA 	Keypress: 5
111.1018 	DATA 	Keypress: 5
112.0637 	EXP 	text_5: autoDraw = False
112.0663 	EXP 	New trial (rep=0, index=8): OrderedDict([('Word', 'stove')])
112.0804 	EXP 	text_3: autoDraw = False
112.0804 	EXP 	text_3: autoDraw = False
112.0804 	EXP 	text_4: autoDraw = False
112.0804 	EXP 	text_5: autoDraw = False
112.0804 	EXP 	text_3: text = 'stove'
112.0804 	EXP 	text_4: autoDraw = True
112.6061 	DATA 	Keypress: 5
113.0805 	EXP 	text_3: autoDraw = True
113.0848 	EXP 	text_4: autoDraw = False
114.1006 	DATA 	Keypress: 5
115.6063 	DATA 	Keypress: 5
117.1013 	DATA 	Keypress: 5
118.0689 	EXP 	text_5: autoDraw = True
118.6164 	DATA 	Keypress: 5
119.0166 	DATA 	Keypress: 2
120.1017 	DATA 	Keypress: 5
121.6009 	DATA 	Keypress: 5
123.0688 	EXP 	text_5: autoDraw = False
123.0710 	EXP 	New trial (rep=0, index=9): OrderedDict([('Word', 'bulldozer')])
123.0850 	EXP 	text_3: autoDraw = False
123.0850 	EXP 	text_3: autoDraw = False
123.0850 	EXP 	text_4: autoDraw = False
123.0850 	EXP 	text_5: autoDraw = False
123.0850 	EXP 	text_3: text = 'bulldozer'
123.0850 	EXP 	text_4: autoDraw = True
123.1054 	DATA 	Keypress: 5
124.0969 	EXP 	text_3: autoDraw = True
124.0969 	EXP 	text_4: autoDraw = False
124.5998 	DATA 	Keypress: 5
126.1001 	DATA 	Keypress: 5
127.6059 	DATA 	Keypress: 5
129.0844 	EXP 	text_5: autoDraw = True
129.1057 	DATA 	Keypress: 5
130.2665 	DATA 	Keypress: 2
130.6171 	DATA 	Keypress: 5
132.1056 	DATA 	Keypress: 5
133.6175 	DATA 	Keypress: 5
134.0846 	EXP 	text_5: autoDraw = False
134.0868 	EXP 	New trial (rep=0, index=10): OrderedDict([('Word', 'snowball')])
134.1017 	EXP 	text_3: autoDraw = False
134.1017 	EXP 	text_3: autoDraw = False
134.1017 	EXP 	text_4: autoDraw = False
134.1017 	EXP 	text_5: autoDraw = False
134.1017 	EXP 	text_3: text = 'snowball'
134.1017 	EXP 	text_4: autoDraw = True
135.0967 	EXP 	text_3: autoDraw = True
135.1015 	DATA 	Keypress: 5
135.1131 	EXP 	text_4: autoDraw = False
136.6062 	DATA 	Keypress: 5
138.1004 	DATA 	Keypress: 5
139.6061 	DATA 	Keypress: 5
140.1016 	EXP 	text_5: autoDraw = True
141.1065 	DATA 	Keypress: 5
141.6042 	DATA 	Keypress: 2
142.6014 	DATA 	Keypress: 5
144.1005 	DATA 	Keypress: 5
145.0967 	EXP 	text_3: autoDraw = False
145.0989 	EXP 	New trial (rep=0, index=11): OrderedDict([('Word', 'ketchup')])
145.1129 	EXP 	text_5: autoDraw = False
145.1129 	EXP 	text_3: autoDraw = False
145.1129 	EXP 	text_4: autoDraw = False
145.1129 	EXP 	text_5: autoDraw = False
145.1129 	EXP 	text_3: text = 'ketchup'
145.1129 	EXP 	text_4: autoDraw = True
145.6000 	DATA 	Keypress: 5
146.0967 	EXP 	text_3: autoDraw = True
146.1010 	EXP 	text_4: autoDraw = False
147.0997 	DATA 	Keypress: 5
148.5998 	DATA 	Keypress: 5
150.1003 	DATA 	Keypress: 5
151.1021 	EXP 	text_5: autoDraw = True
151.6002 	DATA 	Keypress: 5
152.2342 	DATA 	Keypress: 2
153.1166 	DATA 	Keypress: 5
154.5992 	DATA 	Keypress: 5
156.0876 	EXP 	New trial (rep=0, index=12): OrderedDict([('Word', 'elephant')])
156.0957 	DATA 	Keypress: 5
156.1131 	EXP 	text_3: autoDraw = False
156.1131 	EXP 	text_5: autoDraw = False
156.1131 	EXP 	text_3: autoDraw = False
156.1131 	EXP 	text_4: autoDraw = False
156.1131 	EXP 	text_5: autoDraw = False
156.1131 	EXP 	text_3: text = 'elephant'
156.1131 	EXP 	text_4: autoDraw = True
157.0854 	EXP 	text_3: autoDraw = True
157.1189 	EXP 	text_4: autoDraw = False
157.6149 	DATA 	Keypress: 5
159.1068 	DATA 	Keypress: 5
160.6067 	DATA 	Keypress: 5
162.1003 	EXP 	text_5: autoDraw = True
162.1034 	DATA 	Keypress: 5
162.4001 	DATA 	Keypress: 1
163.6071 	DATA 	Keypress: 5
165.1159 	DATA 	Keypress: 5
166.6072 	DATA 	Keypress: 5
167.0856 	EXP 	text_3: autoDraw = False
167.0877 	EXP 	New trial (rep=0, index=13): OrderedDict([('Word', 'camera')])
167.1024 	EXP 	text_5: autoDraw = False
167.1024 	EXP 	text_3: autoDraw = False
167.1024 	EXP 	text_4: autoDraw = False
167.1024 	EXP 	text_5: autoDraw = False
167.1024 	EXP 	text_3: text = 'camera'
167.1024 	EXP 	text_4: autoDraw = True
168.0856 	EXP 	text_3: autoDraw = True
168.1024 	EXP 	text_4: autoDraw = False
168.1067 	DATA 	Keypress: 5
169.6148 	DATA 	Keypress: 5
171.0995 	DATA 	Keypress: 5
172.5989 	DATA 	Keypress: 5
173.0857 	EXP 	text_5: autoDraw = True
173.8397 	DATA 	Keypress: 2
174.0994 	DATA 	Keypress: 5
175.6075 	DATA 	Keypress: 5
177.1069 	DATA 	Keypress: 5
178.0711 	EXP 	New trial (rep=0, index=14): OrderedDict([('Word', 'grandfather')])
178.0960 	EXP 	text_3: autoDraw = False
178.0960 	EXP 	text_5: autoDraw = False
178.0960 	EXP 	text_3: autoDraw = False
178.0960 	EXP 	text_4: autoDraw = False
178.0960 	EXP 	text_5: autoDraw = False
178.0960 	EXP 	text_3: text = 'grandfather'
178.0960 	EXP 	text_4: autoDraw = True
178.6001 	DATA 	Keypress: 5
179.0689 	EXP 	text_3: autoDraw = True
179.1021 	EXP 	text_4: autoDraw = False
180.0989 	DATA 	Keypress: 5
181.6148 	DATA 	Keypress: 5
183.1058 	DATA 	Keypress: 5
184.0793 	EXP 	text_5: autoDraw = True
184.5988 	DATA 	Keypress: 5
184.8536 	DATA 	Keypress: 1
186.1064 	DATA 	Keypress: 5
187.6160 	DATA 	Keypress: 5
189.0646 	EXP 	New trial (rep=0, index=15): OrderedDict([('Word', 'baby')])
189.0793 	EXP 	text_3: autoDraw = False
189.0793 	EXP 	text_5: autoDraw = False
189.0793 	EXP 	text_3: autoDraw = False
189.0793 	EXP 	text_4: autoDraw = False
189.0793 	EXP 	text_5: autoDraw = False
189.0793 	EXP 	text_3: text = 'baby'
189.0793 	EXP 	text_4: autoDraw = True
189.1155 	DATA 	Keypress: 5
190.0793 	EXP 	text_3: autoDraw = True
190.0854 	EXP 	text_4: autoDraw = False
190.6057 	DATA 	Keypress: 5
192.1066 	DATA 	Keypress: 5
193.6005 	DATA 	Keypress: 5
195.0794 	EXP 	text_5: autoDraw = True
195.0994 	DATA 	Keypress: 5
195.6239 	DATA 	Keypress: 1
196.6161 	DATA 	Keypress: 5
198.1161 	DATA 	Keypress: 5
199.6157 	DATA 	Keypress: 5
200.0707 	EXP 	New trial (rep=0, index=16): OrderedDict([('Word', 'scalpel')])
200.0854 	EXP 	text_3: autoDraw = False
200.0854 	EXP 	text_5: autoDraw = False
200.0854 	EXP 	text_3: autoDraw = False
200.0854 	EXP 	text_4: autoDraw = False
200.0854 	EXP 	text_5: autoDraw = False
200.0854 	EXP 	text_3: text = 'scalpel'
200.0854 	EXP 	text_4: autoDraw = True
201.0795 	EXP 	text_3: autoDraw = True
201.0854 	EXP 	text_4: autoDraw = False
201.1153 	DATA 	Keypress: 5
202.6029 	DATA 	Keypress: 5
204.0993 	DATA 	Keypress: 5
205.5993 	DATA 	Keypress: 5
206.0689 	EXP 	text_5: autoDraw = True
207.1153 	DATA 	Keypress: 5
208.5218 	DATA 	Keypress: 2
208.6155 	DATA 	Keypress: 5
210.1000 	DATA 	Keypress: 5
211.0648 	EXP 	New trial (rep=0, index=17): OrderedDict([('Word', 'cheerleader')])
211.0789 	EXP 	text_3: autoDraw = False
211.0789 	EXP 	text_5: autoDraw = False
211.0789 	EXP 	text_3: autoDraw = False
211.0789 	EXP 	text_4: autoDraw = False
211.0789 	EXP 	text_5: autoDraw = False
211.0789 	EXP 	text_3: text = 'cheerleader'
211.0789 	EXP 	text_4: autoDraw = True
211.5991 	DATA 	Keypress: 5
212.0626 	EXP 	text_3: autoDraw = True
212.0684 	EXP 	text_4: autoDraw = False
213.1065 	DATA 	Keypress: 5
214.5997 	DATA 	Keypress: 5
214.9825 	DATA 	Keypress: 1
216.1067 	DATA 	Keypress: 5
217.0684 	EXP 	text_5: autoDraw = True
217.6155 	DATA 	Keypress: 5
219.1071 	DATA 	Keypress: 5
220.5996 	DATA 	Keypress: 5
222.0521 	EXP 	text_3: autoDraw = False
222.0538 	EXP 	New trial (rep=0, index=18): OrderedDict([('Word', 'umbrella')])
222.0791 	EXP 	text_5: autoDraw = False
222.0791 	EXP 	text_3: autoDraw = False
222.0791 	EXP 	text_4: autoDraw = False
222.0791 	EXP 	text_5: autoDraw = False
222.0791 	EXP 	text_3: text = 'umbrella'
222.0791 	EXP 	text_4: autoDraw = True
222.0996 	DATA 	Keypress: 5
223.0524 	EXP 	text_3: autoDraw = True
223.0849 	EXP 	text_4: autoDraw = False
223.6000 	DATA 	Keypress: 5
225.1067 	DATA 	Keypress: 5
226.5991 	DATA 	Keypress: 5
228.0517 	EXP 	text_5: autoDraw = True
228.0995 	DATA 	Keypress: 5
228.5896 	DATA 	Keypress: 2
229.6069 	DATA 	Keypress: 5
231.0993 	DATA 	Keypress: 5
232.5993 	DATA 	Keypress: 5
233.0373 	EXP 	New trial (rep=0, index=19): OrderedDict([('Word', 'leopard')])
233.0673 	EXP 	text_3: autoDraw = False
233.0673 	EXP 	text_5: autoDraw = False
233.0673 	EXP 	text_3: autoDraw = False
233.0673 	EXP 	text_4: autoDraw = False
233.0673 	EXP 	text_5: autoDraw = False
233.0673 	EXP 	text_3: text = 'leopard'
233.0673 	EXP 	text_4: autoDraw = True
234.0352 	EXP 	text_3: autoDraw = True
234.0688 	EXP 	text_4: autoDraw = False
234.0991 	DATA 	Keypress: 5
235.6069 	DATA 	Keypress: 5
237.1063 	DATA 	Keypress: 5
238.6063 	DATA 	Keypress: 5
239.0358 	EXP 	text_5: autoDraw = True
240.1041 	DATA 	Keypress: 5
241.6078 	DATA 	Keypress: 5
243.1704 	DATA 	Keypress: 5
244.0202 	EXP 	New trial (rep=0, index=20): OrderedDict([('Word', 'swan')])
244.0351 	EXP 	text_3: autoDraw = False
244.0351 	EXP 	text_5: autoDraw = False
244.0351 	EXP 	text_3: autoDraw = False
244.0351 	EXP 	text_4: autoDraw = False
244.0351 	EXP 	text_5: autoDraw = False
244.0351 	EXP 	text_3: text = 'swan'
244.0351 	EXP 	text_4: autoDraw = True
244.6064 	DATA 	Keypress: 5
245.0192 	EXP 	text_3: autoDraw = True
245.0452 	EXP 	text_4: autoDraw = False
246.1065 	DATA 	Keypress: 5
247.6141 	DATA 	Keypress: 5
249.1067 	DATA 	Keypress: 5
250.0190 	EXP 	text_5: autoDraw = True
250.6072 	DATA 	Keypress: 5
250.8889 	DATA 	Keypress: 1
252.1067 	DATA 	Keypress: 5
253.6054 	DATA 	Keypress: 5
255.0046 	EXP 	New trial (rep=0, index=21): OrderedDict([('Word', 'cheesecake')])
255.0182 	EXP 	text_3: autoDraw = False
255.0182 	EXP 	text_5: autoDraw = False
255.0182 	EXP 	text_3: autoDraw = False
255.0182 	EXP 	text_4: autoDraw = False
255.0182 	EXP 	text_5: autoDraw = False
255.0182 	EXP 	text_3: text = 'cheesecake'
255.0182 	EXP 	text_4: autoDraw = True
255.1052 	DATA 	Keypress: 5
256.0015 	EXP 	text_3: autoDraw = True
256.0184 	EXP 	text_4: autoDraw = False
256.6053 	DATA 	Keypress: 5
258.1058 	DATA 	Keypress: 5
259.6060 	DATA 	Keypress: 5
261.0022 	EXP 	text_5: autoDraw = True
261.0982 	DATA 	Keypress: 5
262.1044 	DATA 	Keypress: 2
262.5984 	DATA 	Keypress: 5
264.0986 	DATA 	Keypress: 5
265.6074 	DATA 	Keypress: 5
265.9874 	EXP 	New trial (rep=0, index=22): OrderedDict([('Word', 'porcupine')])
266.0017 	EXP 	text_3: autoDraw = False
266.0017 	EXP 	text_5: autoDraw = False
266.0017 	EXP 	text_3: autoDraw = False
266.0017 	EXP 	text_4: autoDraw = False
266.0017 	EXP 	text_5: autoDraw = False
266.0017 	EXP 	text_3: text = 'porcupine'
266.0017 	EXP 	text_4: autoDraw = True
266.9857 	EXP 	text_3: autoDraw = True
267.0117 	EXP 	text_4: autoDraw = False
267.1070 	DATA 	Keypress: 5
268.6139 	DATA 	Keypress: 5
270.1070 	DATA 	Keypress: 5
271.6071 	DATA 	Keypress: 5
271.9949 	EXP 	text_5: autoDraw = True
272.5393 	DATA 	Keypress: 1
273.1076 	DATA 	Keypress: 5
274.5986 	DATA 	Keypress: 5
276.1143 	DATA 	Keypress: 5
276.9851 	EXP 	text_3: autoDraw = False
276.9870 	EXP 	New trial (rep=0, index=23): OrderedDict([('Word', 'axe')])
277.0117 	EXP 	text_5: autoDraw = False
277.0117 	EXP 	text_3: autoDraw = False
277.0117 	EXP 	text_4: autoDraw = False
277.0117 	EXP 	text_5: autoDraw = False
277.0117 	EXP 	text_3: text = 'axe'
277.0117 	EXP 	text_4: autoDraw = True
277.6064 	DATA 	Keypress: 5
277.9857 	EXP 	text_3: autoDraw = True
278.0190 	EXP 	text_4: autoDraw = False
279.1141 	DATA 	Keypress: 5
280.6065 	DATA 	Keypress: 5
282.0977 	DATA 	Keypress: 5
282.9942 	EXP 	text_5: autoDraw = True
283.4229 	DATA 	Keypress: 2
283.6146 	DATA 	Keypress: 5
284.8080 	DATA 	Keypress: 2
285.0974 	DATA 	Keypress: 5
286.6073 	DATA 	Keypress: 5
287.9859 	EXP 	text_3: autoDraw = False
287.9878 	EXP 	New trial (rep=0, index=24): OrderedDict([('Word', 'microscope')])
288.0115 	EXP 	text_5: autoDraw = False
288.0115 	EXP 	text_3: autoDraw = False
288.0115 	EXP 	text_4: autoDraw = False
288.0115 	EXP 	text_5: autoDraw = False
288.0115 	EXP 	text_3: text = 'microscope'
288.0115 	EXP 	text_4: autoDraw = True
288.1065 	DATA 	Keypress: 5
288.9946 	EXP 	text_3: autoDraw = True
289.0115 	EXP 	text_4: autoDraw = False
289.5975 	DATA 	Keypress: 5
291.1068 	DATA 	Keypress: 5
292.6141 	DATA 	Keypress: 5
293.2877 	DATA 	Keypress: 2
293.9857 	EXP 	text_5: autoDraw = True
294.0897 	DATA 	Keypress: 5
295.5895 	DATA 	Keypress: 5
297.0895 	DATA 	Keypress: 5
298.5893 	DATA 	Keypress: 5
298.9858 	EXP 	text_5: autoDraw = False
298.9879 	EXP 	New trial (rep=0, index=25): OrderedDict([('Word', 'platypus')])
299.0023 	EXP 	text_3: autoDraw = False
299.0023 	EXP 	text_3: autoDraw = False
299.0023 	EXP 	text_4: autoDraw = False
299.0023 	EXP 	text_5: autoDraw = False
299.0023 	EXP 	text_3: text = 'platypus'
299.0023 	EXP 	text_4: autoDraw = True
299.9857 	EXP 	text_3: autoDraw = True
300.0018 	EXP 	text_4: autoDraw = False
300.1069 	DATA 	Keypress: 5
301.5891 	DATA 	Keypress: 5
303.0981 	DATA 	Keypress: 5
304.0043 	DATA 	Keypress: 1
304.5981 	DATA 	Keypress: 5
304.9859 	EXP 	text_5: autoDraw = True
305.4400 	DATA 	Keypress: 1
306.0898 	DATA 	Keypress: 5
307.5898 	DATA 	Keypress: 5
309.0897 	DATA 	Keypress: 5
309.9713 	EXP 	New trial (rep=0, index=26): OrderedDict([('Word', 'knight')])
309.9852 	EXP 	text_3: autoDraw = False
309.9852 	EXP 	text_5: autoDraw = False
309.9852 	EXP 	text_3: autoDraw = False
309.9852 	EXP 	text_4: autoDraw = False
309.9852 	EXP 	text_5: autoDraw = False
309.9852 	EXP 	text_3: text = 'knight'
309.9852 	EXP 	text_4: autoDraw = True
310.6141 	DATA 	Keypress: 5
310.9780 	EXP 	text_3: autoDraw = True
310.9947 	EXP 	text_4: autoDraw = False
312.0976 	DATA 	Keypress: 5
313.5980 	DATA 	Keypress: 5
315.0895 	DATA 	Keypress: 5
315.9779 	EXP 	text_5: autoDraw = True
316.4241 	DATA 	Keypress: 1
316.5892 	DATA 	Keypress: 5
318.0975 	DATA 	Keypress: 5
319.5977 	DATA 	Keypress: 5
320.9718 	EXP 	New trial (rep=0, index=27): OrderedDict([('Word', 'fingerprint')])
320.9854 	EXP 	text_3: autoDraw = False
320.9854 	EXP 	text_5: autoDraw = False
320.9854 	EXP 	text_3: autoDraw = False
320.9854 	EXP 	text_4: autoDraw = False
320.9854 	EXP 	text_5: autoDraw = False
320.9854 	EXP 	text_3: text = 'fingerprint'
320.9854 	EXP 	text_4: autoDraw = True
321.1058 	DATA 	Keypress: 5
321.9686 	EXP 	text_3: autoDraw = True
321.9861 	EXP 	text_4: autoDraw = False
322.5894 	DATA 	Keypress: 5
324.1132 	DATA 	Keypress: 5
325.5894 	DATA 	Keypress: 5
326.9777 	EXP 	text_5: autoDraw = True
327.0973 	DATA 	Keypress: 5
327.5799 	DATA 	Keypress: 2
328.5897 	DATA 	Keypress: 5
330.0895 	DATA 	Keypress: 5
331.5896 	DATA 	Keypress: 5
331.9694 	EXP 	text_3: autoDraw = False
331.9712 	EXP 	New trial (rep=0, index=28): OrderedDict([('Word', 'hair')])
331.9858 	EXP 	text_5: autoDraw = False
331.9858 	EXP 	text_3: autoDraw = False
331.9858 	EXP 	text_4: autoDraw = False
331.9858 	EXP 	text_5: autoDraw = False
331.9858 	EXP 	text_3: text = 'hair'
331.9858 	EXP 	text_4: autoDraw = True
332.9769 	EXP 	text_3: autoDraw = True
332.9857 	EXP 	text_4: autoDraw = False
333.0966 	DATA 	Keypress: 5
334.6067 	DATA 	Keypress: 5
336.1061 	DATA 	Keypress: 5
337.6069 	DATA 	Keypress: 5
337.9691 	EXP 	text_5: autoDraw = True
339.0895 	DATA 	Keypress: 5
340.5897 	DATA 	Keypress: 5
340.9726 	DATA 	Keypress: 2
342.0895 	DATA 	Keypress: 5
342.9692 	EXP 	text_5: autoDraw = False
342.9714 	EXP 	New trial (rep=0, index=29): OrderedDict([('Word', 'necklace')])
342.9942 	EXP 	text_3: autoDraw = False
342.9942 	EXP 	text_3: autoDraw = False
342.9942 	EXP 	text_4: autoDraw = False
342.9942 	EXP 	text_5: autoDraw = False
342.9942 	EXP 	text_3: text = 'necklace'
342.9942 	EXP 	text_4: autoDraw = True
343.6067 	DATA 	Keypress: 5
343.9774 	EXP 	text_3: autoDraw = True
343.9860 	EXP 	text_4: autoDraw = False
345.1071 	DATA 	Keypress: 5
346.1732 	DATA 	Keypress: 2
346.6132 	DATA 	Keypress: 5
348.0895 	DATA 	Keypress: 5
348.9683 	EXP 	text_5: autoDraw = True
349.5971 	DATA 	Keypress: 5
351.0898 	DATA 	Keypress: 5
352.6073 	DATA 	Keypress: 5
353.9692 	EXP 	text_5: autoDraw = False
353.9713 	EXP 	New trial (rep=0, index=30): OrderedDict([('Word', 'chipmunk')])
353.9941 	EXP 	text_3: autoDraw = False
353.9941 	EXP 	text_3: autoDraw = False
353.9941 	EXP 	text_4: autoDraw = False
353.9941 	EXP 	text_5: autoDraw = False
353.9941 	EXP 	text_3: text = 'chipmunk'
353.9941 	EXP 	text_4: autoDraw = True
354.1130 	DATA 	Keypress: 5
354.9695 	EXP 	text_3: autoDraw = True
355.0106 	EXP 	text_4: autoDraw = False
355.5968 	DATA 	Keypress: 5
357.1069 	DATA 	Keypress: 5
358.5971 	DATA 	Keypress: 5
359.9774 	EXP 	text_5: autoDraw = True
360.0897 	DATA 	Keypress: 5
360.4148 	DATA 	Keypress: 1
361.5899 	DATA 	Keypress: 5
363.0896 	DATA 	Keypress: 5
364.5898 	DATA 	Keypress: 5
364.9695 	EXP 	text_3: autoDraw = False
364.9717 	EXP 	New trial (rep=0, index=31): OrderedDict([('Word', 'crab')])
364.9937 	EXP 	text_5: autoDraw = False
364.9937 	EXP 	text_3: autoDraw = False
364.9937 	EXP 	text_4: autoDraw = False
364.9937 	EXP 	text_5: autoDraw = False
364.9937 	EXP 	text_3: text = 'crab'
364.9937 	EXP 	text_4: autoDraw = True
365.9695 	EXP 	text_3: autoDraw = True
366.0027 	EXP 	text_4: autoDraw = False
366.0974 	DATA 	Keypress: 5
367.5895 	DATA 	Keypress: 5
368.1145 	DATA 	Keypress: 1
369.0223 	DATA 	Keypress: 1
369.0973 	DATA 	Keypress: 5
369.4982 	DATA 	Keypress: 1
370.6069 	DATA 	Keypress: 5
370.9693 	EXP 	text_5: autoDraw = True
372.0898 	DATA 	Keypress: 5
373.5976 	DATA 	Keypress: 5
375.0891 	DATA 	Keypress: 5
375.9541 	EXP 	New trial (rep=0, index=32): OrderedDict([('Word', 'coyote')])
375.9687 	EXP 	text_3: autoDraw = False
375.9687 	EXP 	text_5: autoDraw = False
375.9687 	EXP 	text_3: autoDraw = False
375.9687 	EXP 	text_4: autoDraw = False
375.9687 	EXP 	text_5: autoDraw = False
375.9687 	EXP 	text_3: text = 'coyote'
375.9687 	EXP 	text_4: autoDraw = True
376.6065 	DATA 	Keypress: 5
376.9525 	EXP 	text_3: autoDraw = True
376.9689 	EXP 	text_4: autoDraw = False
378.1065 	DATA 	Keypress: 5
379.5897 	DATA 	Keypress: 5
381.0895 	DATA 	Keypress: 5
381.9525 	EXP 	text_5: autoDraw = True
382.5971 	DATA 	Keypress: 5
382.9235 	DATA 	Keypress: 1
384.0974 	DATA 	Keypress: 5
385.5901 	DATA 	Keypress: 5
386.9385 	EXP 	New trial (rep=0, index=33): OrderedDict([('Word', 'passport')])
386.9524 	EXP 	text_3: autoDraw = False
386.9524 	EXP 	text_5: autoDraw = False
386.9524 	EXP 	text_3: autoDraw = False
386.9524 	EXP 	text_4: autoDraw = False
386.9524 	EXP 	text_5: autoDraw = False
386.9524 	EXP 	text_3: text = 'passport'
386.9524 	EXP 	text_4: autoDraw = True
387.1059 	DATA 	Keypress: 5
387.9355 	EXP 	text_3: autoDraw = True
387.9522 	EXP 	text_4: autoDraw = False
388.6060 	DATA 	Keypress: 5
390.1067 	DATA 	Keypress: 5
391.6063 	DATA 	Keypress: 5
392.9358 	EXP 	text_5: autoDraw = True
393.0897 	DATA 	Keypress: 5
393.8970 	DATA 	Keypress: 2
394.5976 	DATA 	Keypress: 5
396.0897 	DATA 	Keypress: 5
397.5901 	DATA 	Keypress: 5
397.9210 	EXP 	New trial (rep=0, index=34): OrderedDict([('Word', 'donkey')])
397.9359 	EXP 	text_3: autoDraw = False
397.9359 	EXP 	text_5: autoDraw = False
397.9359 	EXP 	text_3: autoDraw = False
397.9359 	EXP 	text_4: autoDraw = False
397.9359 	EXP 	text_5: autoDraw = False
397.9359 	EXP 	text_3: text = 'donkey'
397.9359 	EXP 	text_4: autoDraw = True
398.9196 	EXP 	text_3: autoDraw = True
398.9360 	EXP 	text_4: autoDraw = False
399.1058 	DATA 	Keypress: 5
400.5894 	DATA 	Keypress: 5
402.1062 	DATA 	Keypress: 5
403.5962 	DATA 	Keypress: 5
403.9264 	EXP 	text_5: autoDraw = True
405.0893 	DATA 	Keypress: 5
405.7894 	DATA 	Keypress: 1
406.5886 	DATA 	Keypress: 5
408.0893 	DATA 	Keypress: 5
408.9190 	EXP 	text_3: autoDraw = False
408.9208 	EXP 	New trial (rep=0, index=35): OrderedDict([('Word', 'treadmill')])
408.9361 	EXP 	text_5: autoDraw = False
408.9361 	EXP 	text_3: autoDraw = False
408.9361 	EXP 	text_4: autoDraw = False
408.9361 	EXP 	text_5: autoDraw = False
408.9361 	EXP 	text_3: text = 'treadmill'
408.9361 	EXP 	text_4: autoDraw = True
409.5899 	DATA 	Keypress: 5
409.9189 	EXP 	text_3: autoDraw = True
409.9362 	EXP 	text_4: autoDraw = False
411.0890 	DATA 	Keypress: 5
412.5957 	DATA 	Keypress: 5
414.0884 	DATA 	Keypress: 5
414.9194 	EXP 	text_5: autoDraw = True
415.5892 	DATA 	Keypress: 5
417.0958 	DATA 	Keypress: 5
418.5895 	DATA 	Keypress: 5
419.9047 	EXP 	New trial (rep=0, index=36): OrderedDict([('Word', 'waterfall')])
419.9265 	EXP 	text_3: autoDraw = False
419.9265 	EXP 	text_5: autoDraw = False
419.9265 	EXP 	text_3: autoDraw = False
419.9265 	EXP 	text_4: autoDraw = False
419.9265 	EXP 	text_5: autoDraw = False
419.9265 	EXP 	text_3: text = 'waterfall'
419.9265 	EXP 	text_4: autoDraw = True
420.0882 	DATA 	Keypress: 5
420.9027 	EXP 	text_3: autoDraw = True
420.9433 	EXP 	text_4: autoDraw = False
421.5965 	DATA 	Keypress: 5
423.0960 	DATA 	Keypress: 5
424.5890 	DATA 	Keypress: 5
425.9027 	EXP 	text_5: autoDraw = True
426.0966 	DATA 	Keypress: 5
426.4616 	DATA 	Keypress: 2
426.9724 	DATA 	Keypress: 2
427.5965 	DATA 	Keypress: 5
429.0896 	DATA 	Keypress: 5
430.5896 	DATA 	Keypress: 5
430.8878 	EXP 	New trial (rep=0, index=37): OrderedDict([('Word', 'keyboard')])
430.9029 	EXP 	text_3: autoDraw = False
430.9029 	EXP 	text_5: autoDraw = False
430.9029 	EXP 	text_3: autoDraw = False
430.9029 	EXP 	text_4: autoDraw = False
430.9029 	EXP 	text_5: autoDraw = False
430.9029 	EXP 	text_3: text = 'keyboard'
430.9029 	EXP 	text_4: autoDraw = True
431.8928 	EXP 	text_3: autoDraw = True
431.9095 	EXP 	text_4: autoDraw = False
432.0959 	DATA 	Keypress: 5
432.7885 	DATA 	Keypress: 2
433.5970 	DATA 	Keypress: 5
435.0957 	DATA 	Keypress: 5
436.5890 	DATA 	Keypress: 5
436.8929 	EXP 	text_5: autoDraw = True
437.3416 	DATA 	Keypress: 2
438.0889 	DATA 	Keypress: 5
439.5892 	DATA 	Keypress: 5
441.0898 	DATA 	Keypress: 5
441.8884 	EXP 	New trial (rep=0, index=38): OrderedDict([('Word', 'walrus')])
441.9022 	EXP 	text_3: autoDraw = False
441.9022 	EXP 	text_5: autoDraw = False
441.9022 	EXP 	text_3: autoDraw = False
441.9022 	EXP 	text_4: autoDraw = False
441.9022 	EXP 	text_5: autoDraw = False
441.9022 	EXP 	text_3: text = 'walrus'
441.9022 	EXP 	text_4: autoDraw = True
442.5960 	DATA 	Keypress: 5
442.9030 	EXP 	text_3: autoDraw = True
442.9030 	EXP 	text_4: autoDraw = False
444.0893 	DATA 	Keypress: 5
445.5967 	DATA 	Keypress: 5
447.0959 	DATA 	Keypress: 5
447.8864 	EXP 	text_5: autoDraw = True
448.4304 	DATA 	Keypress: 1
448.5897 	DATA 	Keypress: 5
450.0897 	DATA 	Keypress: 5
451.5919 	DATA 	Keypress: 5
452.8863 	EXP 	text_5: autoDraw = False
452.8881 	EXP 	New trial (rep=0, index=39): OrderedDict([('Word', 'violinist')])
452.9095 	EXP 	text_3: autoDraw = False
452.9095 	EXP 	text_3: autoDraw = False
452.9095 	EXP 	text_4: autoDraw = False
452.9095 	EXP 	text_5: autoDraw = False
452.9095 	EXP 	text_3: text = 'violinist'
452.9095 	EXP 	text_4: autoDraw = True
453.0891 	DATA 	Keypress: 5
453.8927 	EXP 	text_3: autoDraw = True
453.9095 	EXP 	text_4: autoDraw = False
454.5889 	DATA 	Keypress: 5
455.4056 	DATA 	Keypress: 1
456.1043 	DATA 	Keypress: 5
457.5889 	DATA 	Keypress: 5
458.8857 	EXP 	text_5: autoDraw = True
459.0891 	DATA 	Keypress: 5
460.5969 	DATA 	Keypress: 5
462.0893 	DATA 	Keypress: 5
463.5892 	DATA 	Keypress: 5
463.8921 	EXP 	text_5: autoDraw = False
463.9095 	EXP 	text_3: autoDraw = False
463.9095 	EXP 	text_3: autoDraw = False
463.9095 	EXP 	text_4: autoDraw = False
463.9095 	EXP 	text_5: autoDraw = False
463.9095 	EXP 	text_6: autoDraw = True
465.0955 	DATA 	Keypress: 5
465.9389 	DATA 	Keypress: 1
466.5961 	DATA 	Keypress: 5
468.0893 	DATA 	Keypress: 5
468.9194 	EXP 	text_6: autoDraw = False
468.9194 	EXP 	text_6: autoDraw = False
469.2017 	EXP 	window1: mouseVisible = True
