7.0792 	EXP 	Created window1 = Window(allowGUI=False, allowStencil=False, args=UNKNOWN, autoLog=True, bitsMode=UNKNOWN, blendMode='avg', color=array([0., 0., 0.]), colorSpace='rgb', fullscr=<method-wrapper '__getattribute__' of attributeSetter object at 0x110e31320>, gamma=None, gammaErrorPolicy='raise', kwargs=UNKNOWN, lms=UNKNOWN, monitor=<psychopy.monitors.calibTools.Monitor object at 0x110a33828>, multiSample=False, name='window1', numSamples=2, pos=[0.0, 0.0], screen=0, size=array([1920, 1080]), stereo=False, units='height', useFBO=True, useRetina=False, viewOri=0.0, viewPos=None, viewScale=None, waitBlanking=True, winType='pyglet')
7.0792 	EXP 	window1: recordFrameIntervals = False
7.2453 	EXP 	window1: recordFrameIntervals = True
7.4295 	EXP 	window1: recordFrameIntervals = False
7.9651 	EXP 	Created text = TextStim(__class__=<class 'psychopy.visual.text.TextStim'>, alignHoriz='center', alignVert='center', antialias=True, autoLog=True, bold=False, color='white', colorSpace='named', contrast=1.0, depth=0.0, flipHoriz=False, flipVert=False, font='Arial', fontFiles=[], height=0.03, italic=False, languageStyle='LTR', name='text', opacity=1.0, ori=0, pos=array([0., 0.]), rgb=array([255., 255., 255.]), text=str(...), units='height', win=Window(...), wrapWidth=1)
8.0065 	EXP 	Created text_2 = TextStim(__class__=<class 'psychopy.visual.text.TextStim'>, alignHoriz='center', alignVert='center', antialias=True, autoLog=True, bold=False, color='white', colorSpace='named', contrast=1.0, depth=0.0, flipHoriz=False, flipVert=False, font='Arial', fontFiles=[], height=0.1, italic=False, languageStyle='LTR', name='text_2', opacity=1.0, ori=0, pos=array([0., 0.]), rgb=array([255., 255., 255.]), text='Waiting for the scanner\n', units='height', win=Window(...), wrapWidth=1)
8.0448 	EXP 	Created text_3 = TextStim(__class__=<class 'psychopy.visual.text.TextStim'>, alignHoriz='center', alignVert='center', antialias=True, autoLog=True, bold=False, color='white', colorSpace='named', contrast=1.0, depth=0.0, flipHoriz=False, flipVert=False, font='Arial', fontFiles=[], height=0.1, italic=False, languageStyle='LTR', name='text_3', opacity=1.0, ori=0, pos=array([0., 0.]), rgb=array([255., 255., 255.]), text='default text', units='height', win=Window(...), wrapWidth=1)
8.0473 	EXP 	Created text_4 = TextStim(__class__=<class 'psychopy.visual.text.TextStim'>, alignHoriz='center', alignVert='center', antialias=True, autoLog=True, bold=False, color='white', colorSpace='named', contrast=1.0, depth=-1.0, flipHoriz=False, flipVert=False, font='Arial', fontFiles=[], height=0.1, italic=False, languageStyle='LTR', name='text_4', opacity=1.0, ori=0, pos=array([0., 0.]), rgb=array([255., 255., 255.]), text='+', units='height', win=Window(...), wrapWidth=1)
8.0596 	EXP 	Created text_5 = TextStim(__class__=<class 'psychopy.visual.text.TextStim'>, alignHoriz='center', alignVert='center', antialias=True, autoLog=True, bold=False, color='white', colorSpace='named', contrast=1.0, depth=-2.0, flipHoriz=False, flipVert=False, font='Arial', fontFiles=[], height=0.02, italic=False, languageStyle='LTR', name='text_5', opacity=1.0, ori=0, pos=array([ 0. , -0.3]), rgb=array([255., 255., 255.]), text=str(...), units='height', win=Window(...), wrapWidth=1)
8.1003 	EXP 	Created text_6 = TextStim(__class__=<class 'psychopy.visual.text.TextStim'>, alignHoriz='center', alignVert='center', antialias=True, autoLog=True, bold=False, color='white', colorSpace='named', contrast=1.0, depth=0.0, flipHoriz=False, flipVert=False, font='Arial', fontFiles=[], height=0.1, italic=False, languageStyle='LTR', name='text_6', opacity=1.0, ori=0, pos=array([0., 0.]), rgb=array([255., 255., 255.]), text="That's the end of this task\n", units='height', win=Window(...), wrapWidth=1)
8.1131 	EXP 	text: autoDraw = True
24.8621 	DATA 	Keypress: 1
24.8686 	EXP 	text: autoDraw = False
24.8686 	EXP 	text_2: autoDraw = True
41.7766 	EXP 	Imported wl.csv as conditions, 40 conditions, 1 params
41.7770 	EXP 	Created sequence: random, trialTypes=40, nReps=1, seed=None
41.7773 	EXP 	New trial (rep=0, index=0): OrderedDict([('Word', 'leopard')])
41.7856 	DATA 	Keypress: 5
41.7964 	EXP 	text_2: autoDraw = False
41.7964 	EXP 	text_3: text = 'leopard'
41.7964 	EXP 	text_4: autoDraw = True
42.7804 	EXP 	text_3: autoDraw = True
42.7964 	EXP 	text_4: autoDraw = False
43.2664 	DATA 	Keypress: 5
44.7657 	DATA 	Keypress: 5
46.2672 	DATA 	Keypress: 5
47.7664 	DATA 	Keypress: 5
47.7786 	EXP 	text_5: autoDraw = True
48.4885 	DATA 	Keypress: 1
49.2737 	DATA 	Keypress: 5
50.7727 	DATA 	Keypress: 5
52.2664 	DATA 	Keypress: 5
52.7668 	EXP 	New trial (rep=0, index=1): OrderedDict([('Word', 'cabdriver')])
52.7802 	EXP 	text_3: autoDraw = False
52.7802 	EXP 	text_5: autoDraw = False
52.7802 	EXP 	text_3: autoDraw = False
52.7802 	EXP 	text_4: autoDraw = False
52.7802 	EXP 	text_5: autoDraw = False
52.7802 	EXP 	text_3: text = 'cabdriver'
52.7802 	EXP 	text_4: autoDraw = True
53.7675 	DATA 	Keypress: 5
53.7789 	EXP 	text_3: autoDraw = True
53.7789 	EXP 	text_4: autoDraw = False
55.2672 	DATA 	Keypress: 5
56.7669 	DATA 	Keypress: 5
58.2668 	DATA 	Keypress: 5
58.7691 	EXP 	text_5: autoDraw = True
59.5061 	DATA 	Keypress: 1
59.7677 	DATA 	Keypress: 5
61.2671 	DATA 	Keypress: 5
62.7675 	DATA 	Keypress: 5
63.7660 	EXP 	New trial (rep=0, index=2): OrderedDict([('Word', 'ketchup')])
63.7854 	EXP 	text_3: autoDraw = False
63.7854 	EXP 	text_5: autoDraw = False
63.7854 	EXP 	text_3: autoDraw = False
63.7854 	EXP 	text_4: autoDraw = False
63.7854 	EXP 	text_5: autoDraw = False
63.7854 	EXP 	text_3: text = 'ketchup'
63.7854 	EXP 	text_4: autoDraw = True
64.2663 	DATA 	Keypress: 5
64.7689 	EXP 	text_3: autoDraw = True
64.7854 	EXP 	text_4: autoDraw = False
65.7675 	DATA 	Keypress: 5
67.2663 	DATA 	Keypress: 5
68.7665 	DATA 	Keypress: 5
69.7637 	EXP 	text_5: autoDraw = True
70.2673 	DATA 	Keypress: 5
70.7061 	DATA 	Keypress: 2
71.7645 	DATA 	Keypress: 5
73.2674 	DATA 	Keypress: 5
74.7633 	EXP 	text_5: autoDraw = False
74.7646 	EXP 	New trial (rep=0, index=3): OrderedDict([('Word', 'baby')])
74.7717 	DATA 	Keypress: 5
74.7845 	EXP 	text_3: autoDraw = False
74.7845 	EXP 	text_3: autoDraw = False
74.7845 	EXP 	text_4: autoDraw = False
74.7845 	EXP 	text_5: autoDraw = False
74.7845 	EXP 	text_3: text = 'baby'
74.7845 	EXP 	text_4: autoDraw = True
75.7637 	EXP 	text_3: autoDraw = True
75.7969 	EXP 	text_4: autoDraw = False
76.2666 	DATA 	Keypress: 5
77.7670 	DATA 	Keypress: 5
79.2669 	DATA 	Keypress: 5
80.7634 	EXP 	text_5: autoDraw = True
80.7676 	DATA 	Keypress: 5
81.4658 	DATA 	Keypress: 1
82.2660 	DATA 	Keypress: 5
83.7672 	DATA 	Keypress: 5
85.2675 	DATA 	Keypress: 5
85.7484 	EXP 	New trial (rep=0, index=4): OrderedDict([('Word', 'seahorse')])
85.7638 	EXP 	text_3: autoDraw = False
85.7638 	EXP 	text_5: autoDraw = False
85.7638 	EXP 	text_3: autoDraw = False
85.7638 	EXP 	text_4: autoDraw = False
85.7638 	EXP 	text_5: autoDraw = False
85.7638 	EXP 	text_3: text = 'seahorse'
85.7638 	EXP 	text_4: autoDraw = True
86.7470 	EXP 	text_3: autoDraw = True
86.7627 	EXP 	text_4: autoDraw = False
86.7660 	DATA 	Keypress: 5
88.2670 	DATA 	Keypress: 5
89.7661 	DATA 	Keypress: 5
91.2728 	DATA 	Keypress: 5
91.7513 	EXP 	text_5: autoDraw = True
92.7670 	DATA 	Keypress: 5
92.8670 	DATA 	Keypress: 1
94.2673 	DATA 	Keypress: 5
95.7680 	DATA 	Keypress: 5
96.7370 	EXP 	New trial (rep=0, index=5): OrderedDict([('Word', 'umbrella')])
96.7517 	EXP 	text_3: autoDraw = False
96.7517 	EXP 	text_5: autoDraw = False
96.7517 	EXP 	text_3: autoDraw = False
96.7517 	EXP 	text_4: autoDraw = False
96.7517 	EXP 	text_5: autoDraw = False
96.7517 	EXP 	text_3: text = 'umbrella'
96.7517 	EXP 	text_4: autoDraw = True
97.2675 	DATA 	Keypress: 5
97.7303 	EXP 	text_3: autoDraw = True
97.7639 	EXP 	text_4: autoDraw = False
98.7723 	DATA 	Keypress: 5
100.2668 	DATA 	Keypress: 5
101.7662 	DATA 	Keypress: 5
102.7345 	EXP 	text_5: autoDraw = True
103.2673 	DATA 	Keypress: 5
103.8007 	DATA 	Keypress: 2
104.7674 	DATA 	Keypress: 5
106.2667 	DATA 	Keypress: 5
107.7206 	EXP 	New trial (rep=0, index=6): OrderedDict([('Word', 'elephant')])
107.7344 	EXP 	text_3: autoDraw = False
107.7344 	EXP 	text_5: autoDraw = False
107.7344 	EXP 	text_3: autoDraw = False
107.7344 	EXP 	text_4: autoDraw = False
107.7344 	EXP 	text_5: autoDraw = False
107.7344 	EXP 	text_3: text = 'elephant'
107.7344 	EXP 	text_4: autoDraw = True
107.7667 	DATA 	Keypress: 5
108.7305 	EXP 	text_3: autoDraw = True
108.7516 	EXP 	text_4: autoDraw = False
109.2653 	DATA 	Keypress: 5
110.7669 	DATA 	Keypress: 5
112.2670 	DATA 	Keypress: 5
113.7306 	EXP 	text_5: autoDraw = True
113.7674 	DATA 	Keypress: 5
114.3159 	DATA 	Keypress: 1
115.2676 	DATA 	Keypress: 5
116.7676 	DATA 	Keypress: 5
118.2675 	DATA 	Keypress: 5
118.7163 	EXP 	New trial (rep=0, index=7): OrderedDict([('Word', 'bulldozer')])
118.7300 	EXP 	text_3: autoDraw = False
118.7300 	EXP 	text_5: autoDraw = False
118.7300 	EXP 	text_3: autoDraw = False
118.7300 	EXP 	text_4: autoDraw = False
118.7300 	EXP 	text_5: autoDraw = False
118.7300 	EXP 	text_3: text = 'bulldozer'
118.7300 	EXP 	text_4: autoDraw = True
119.7348 	EXP 	text_3: autoDraw = True
119.7348 	EXP 	text_4: autoDraw = False
119.7666 	DATA 	Keypress: 5
121.2665 	DATA 	Keypress: 5
122.7670 	DATA 	Keypress: 5
124.2673 	DATA 	Keypress: 5
124.7303 	EXP 	text_5: autoDraw = True
125.7672 	DATA 	Keypress: 5
126.4017 	DATA 	Keypress: 2
127.2682 	DATA 	Keypress: 5
128.7674 	DATA 	Keypress: 5
129.7203 	EXP 	New trial (rep=0, index=8): OrderedDict([('Word', 'waterfall')])
129.7349 	EXP 	text_3: autoDraw = False
129.7349 	EXP 	text_5: autoDraw = False
129.7349 	EXP 	text_3: autoDraw = False
129.7349 	EXP 	text_4: autoDraw = False
129.7349 	EXP 	text_5: autoDraw = False
129.7349 	EXP 	text_3: text = 'waterfall'
129.7349 	EXP 	text_4: autoDraw = True
130.2662 	DATA 	Keypress: 5
130.7304 	EXP 	text_3: autoDraw = True
130.7304 	EXP 	text_4: autoDraw = False
131.7669 	DATA 	Keypress: 5
133.2665 	DATA 	Keypress: 5
134.7664 	DATA 	Keypress: 5
135.7345 	EXP 	text_5: autoDraw = True
136.2669 	DATA 	Keypress: 5
137.5836 	DATA 	Keypress: 2
137.7671 	DATA 	Keypress: 5
139.2671 	DATA 	Keypress: 5
140.7304 	EXP 	text_3: autoDraw = False
140.7326 	EXP 	New trial (rep=0, index=9): OrderedDict([('Word', 'hair')])
140.7514 	EXP 	text_5: autoDraw = False
140.7514 	EXP 	text_3: autoDraw = False
140.7514 	EXP 	text_4: autoDraw = False
140.7514 	EXP 	text_5: autoDraw = False
140.7514 	EXP 	text_3: text = 'hair'
140.7514 	EXP 	text_4: autoDraw = True
140.7669 	DATA 	Keypress: 5
141.7346 	EXP 	text_3: autoDraw = True
141.7514 	EXP 	text_4: autoDraw = False
142.2668 	DATA 	Keypress: 5
143.7672 	DATA 	Keypress: 5
145.2671 	DATA 	Keypress: 5
146.7305 	EXP 	text_5: autoDraw = True
146.7672 	DATA 	Keypress: 5
147.5332 	DATA 	Keypress: 2
148.2676 	DATA 	Keypress: 5
149.7672 	DATA 	Keypress: 5
151.2674 	DATA 	Keypress: 5
151.7192 	EXP 	New trial (rep=0, index=10): OrderedDict([('Word', 'passport')])
151.7297 	EXP 	text_3: autoDraw = False
151.7297 	EXP 	text_5: autoDraw = False
151.7297 	EXP 	text_3: autoDraw = False
151.7297 	EXP 	text_4: autoDraw = False
151.7297 	EXP 	text_5: autoDraw = False
151.7297 	EXP 	text_3: text = 'passport'
151.7297 	EXP 	text_4: autoDraw = True
152.7139 	EXP 	text_3: autoDraw = True
152.7308 	EXP 	text_4: autoDraw = False
152.7672 	DATA 	Keypress: 5
154.2672 	DATA 	Keypress: 5
155.7663 	DATA 	Keypress: 5
157.2673 	DATA 	Keypress: 5
157.7171 	EXP 	text_5: autoDraw = True
158.7672 	DATA 	Keypress: 5
159.2339 	DATA 	Keypress: 2
160.2675 	DATA 	Keypress: 5
161.7681 	DATA 	Keypress: 5
162.7026 	EXP 	New trial (rep=0, index=11): OrderedDict([('Word', 'treadmill')])
162.7133 	EXP 	text_3: autoDraw = False
162.7133 	EXP 	text_5: autoDraw = False
162.7133 	EXP 	text_3: autoDraw = False
162.7133 	EXP 	text_4: autoDraw = False
162.7133 	EXP 	text_5: autoDraw = False
162.7133 	EXP 	text_3: text = 'treadmill'
162.7133 	EXP 	text_4: autoDraw = True
163.2663 	DATA 	Keypress: 5
163.7133 	EXP 	text_3: autoDraw = True
163.7133 	EXP 	text_4: autoDraw = False
164.7677 	DATA 	Keypress: 5
166.2669 	DATA 	Keypress: 5
167.7669 	DATA 	Keypress: 5
168.6973 	EXP 	text_5: autoDraw = True
169.2668 	DATA 	Keypress: 5
169.6506 	DATA 	Keypress: 2
170.7673 	DATA 	Keypress: 5
172.2670 	DATA 	Keypress: 5
173.6974 	EXP 	text_5: autoDraw = False
173.6999 	EXP 	New trial (rep=0, index=12): OrderedDict([('Word', 'binoculars')])
173.7131 	EXP 	text_3: autoDraw = False
173.7131 	EXP 	text_3: autoDraw = False
173.7131 	EXP 	text_4: autoDraw = False
173.7131 	EXP 	text_5: autoDraw = False
173.7131 	EXP 	text_3: text = 'binoculars'
173.7131 	EXP 	text_4: autoDraw = True
173.7665 	DATA 	Keypress: 5
174.7134 	EXP 	text_3: autoDraw = True
174.7134 	EXP 	text_4: autoDraw = False
175.2672 	DATA 	Keypress: 5
176.7666 	DATA 	Keypress: 5
178.2668 	DATA 	Keypress: 5
179.7134 	EXP 	text_5: autoDraw = True
179.7675 	DATA 	Keypress: 5
181.1828 	DATA 	Keypress: 2
181.2678 	DATA 	Keypress: 5
182.7675 	DATA 	Keypress: 5
184.2690 	DATA 	Keypress: 5
184.6990 	EXP 	New trial (rep=0, index=13): OrderedDict([('Word', 'stove')])
184.7132 	EXP 	text_3: autoDraw = False
184.7132 	EXP 	text_5: autoDraw = False
184.7132 	EXP 	text_3: autoDraw = False
184.7132 	EXP 	text_4: autoDraw = False
184.7132 	EXP 	text_5: autoDraw = False
184.7132 	EXP 	text_3: text = 'stove'
184.7132 	EXP 	text_4: autoDraw = True
185.6977 	EXP 	text_3: autoDraw = True
185.7140 	EXP 	text_4: autoDraw = False
185.7672 	DATA 	Keypress: 5
187.2685 	DATA 	Keypress: 5
188.7678 	DATA 	Keypress: 5
190.2685 	DATA 	Keypress: 5
190.6973 	EXP 	text_5: autoDraw = True
191.7677 	DATA 	Keypress: 5
191.9183 	DATA 	Keypress: 2
193.2672 	DATA 	Keypress: 5
194.7674 	DATA 	Keypress: 5
195.6824 	EXP 	New trial (rep=0, index=14): OrderedDict([('Word', 'airplane')])
195.6979 	EXP 	text_3: autoDraw = False
195.6979 	EXP 	text_5: autoDraw = False
195.6979 	EXP 	text_3: autoDraw = False
195.6979 	EXP 	text_4: autoDraw = False
195.6979 	EXP 	text_5: autoDraw = False
195.6979 	EXP 	text_3: text = 'airplane'
195.6979 	EXP 	text_4: autoDraw = True
196.2677 	DATA 	Keypress: 5
196.6801 	EXP 	text_3: autoDraw = True
196.7133 	EXP 	text_4: autoDraw = False
197.7685 	DATA 	Keypress: 5
199.2669 	DATA 	Keypress: 5
200.7669 	DATA 	Keypress: 5
201.6801 	EXP 	text_5: autoDraw = True
202.2688 	DATA 	Keypress: 5
203.4184 	DATA 	Keypress: 2
203.7667 	DATA 	Keypress: 5
205.2674 	DATA 	Keypress: 5
206.6657 	EXP 	New trial (rep=0, index=15): OrderedDict([('Word', 'coyote')])
206.6801 	EXP 	text_3: autoDraw = False
206.6801 	EXP 	text_5: autoDraw = False
206.6801 	EXP 	text_3: autoDraw = False
206.6801 	EXP 	text_4: autoDraw = False
206.6801 	EXP 	text_5: autoDraw = False
206.6801 	EXP 	text_3: text = 'coyote'
206.6801 	EXP 	text_4: autoDraw = True
206.7672 	DATA 	Keypress: 5
207.6635 	EXP 	text_3: autoDraw = True
207.6807 	EXP 	text_4: autoDraw = False
208.2673 	DATA 	Keypress: 5
209.7683 	DATA 	Keypress: 5
211.2667 	DATA 	Keypress: 5
212.6636 	EXP 	text_5: autoDraw = True
212.7679 	DATA 	Keypress: 5
214.2678 	DATA 	Keypress: 5
214.5186 	DATA 	Keypress: 1
215.7685 	DATA 	Keypress: 5
217.2678 	DATA 	Keypress: 5
217.6495 	EXP 	New trial (rep=0, index=16): OrderedDict([('Word', 'swan')])
217.6635 	EXP 	text_3: autoDraw = False
217.6635 	EXP 	text_5: autoDraw = False
217.6635 	EXP 	text_3: autoDraw = False
217.6635 	EXP 	text_4: autoDraw = False
217.6635 	EXP 	text_5: autoDraw = False
217.6635 	EXP 	text_3: text = 'swan'
217.6635 	EXP 	text_4: autoDraw = True
218.6471 	EXP 	text_3: autoDraw = True
218.6633 	EXP 	text_4: autoDraw = False
218.7678 	DATA 	Keypress: 5
220.2683 	DATA 	Keypress: 5
221.7682 	DATA 	Keypress: 5
223.2685 	DATA 	Keypress: 5
223.6472 	EXP 	text_5: autoDraw = True
224.7503 	DATA 	Keypress: 1
224.7690 	DATA 	Keypress: 5
226.2698 	DATA 	Keypress: 5
227.7683 	DATA 	Keypress: 5
228.6353 	EXP 	New trial (rep=0, index=17): OrderedDict([('Word', 'axe')])
228.6471 	EXP 	text_3: autoDraw = False
228.6471 	EXP 	text_5: autoDraw = False
228.6471 	EXP 	text_3: autoDraw = False
228.6471 	EXP 	text_4: autoDraw = False
228.6471 	EXP 	text_5: autoDraw = False
228.6471 	EXP 	text_3: text = 'axe'
228.6471 	EXP 	text_4: autoDraw = True
229.2668 	DATA 	Keypress: 5
229.6330 	EXP 	text_3: autoDraw = True
229.6473 	EXP 	text_4: autoDraw = False
230.7668 	DATA 	Keypress: 5
232.2686 	DATA 	Keypress: 5
233.7681 	DATA 	Keypress: 5
234.6303 	EXP 	text_5: autoDraw = True
235.2675 	DATA 	Keypress: 5
235.9159 	DATA 	Keypress: 2
236.7681 	DATA 	Keypress: 5
238.2692 	DATA 	Keypress: 5
239.6307 	EXP 	text_5: autoDraw = False
239.6329 	EXP 	New trial (rep=0, index=18): OrderedDict([('Word', 'donkey')])
239.6467 	EXP 	text_3: autoDraw = False
239.6467 	EXP 	text_3: autoDraw = False
239.6467 	EXP 	text_4: autoDraw = False
239.6467 	EXP 	text_5: autoDraw = False
239.6467 	EXP 	text_3: text = 'donkey'
239.6467 	EXP 	text_4: autoDraw = True
239.7681 	DATA 	Keypress: 5
240.6307 	EXP 	text_3: autoDraw = True
240.6476 	EXP 	text_4: autoDraw = False
241.2678 	DATA 	Keypress: 5
242.7676 	DATA 	Keypress: 5
244.2683 	DATA 	Keypress: 5
245.6300 	EXP 	text_5: autoDraw = True
245.7690 	DATA 	Keypress: 5
246.1343 	DATA 	Keypress: 1
247.2697 	DATA 	Keypress: 5
248.7695 	DATA 	Keypress: 5
250.2695 	DATA 	Keypress: 5
250.6159 	EXP 	New trial (rep=0, index=19): OrderedDict([('Word', 'keyboard')])
250.6301 	EXP 	text_3: autoDraw = False
250.6301 	EXP 	text_5: autoDraw = False
250.6301 	EXP 	text_3: autoDraw = False
250.6301 	EXP 	text_4: autoDraw = False
250.6301 	EXP 	text_5: autoDraw = False
250.6301 	EXP 	text_3: text = 'keyboard'
250.6301 	EXP 	text_4: autoDraw = True
251.6141 	EXP 	text_3: autoDraw = True
251.6309 	EXP 	text_4: autoDraw = False
251.7675 	DATA 	Keypress: 5
253.2691 	DATA 	Keypress: 5
254.7675 	DATA 	Keypress: 5
256.2672 	DATA 	Keypress: 5
256.6141 	EXP 	text_5: autoDraw = True
257.2534 	DATA 	Keypress: 2
257.7684 	DATA 	Keypress: 5
259.2691 	DATA 	Keypress: 5
260.7683 	DATA 	Keypress: 5
261.5992 	EXP 	New trial (rep=0, index=20): OrderedDict([('Word', 'fingerprint')])
261.6132 	EXP 	text_3: autoDraw = False
261.6132 	EXP 	text_5: autoDraw = False
261.6132 	EXP 	text_3: autoDraw = False
261.6132 	EXP 	text_4: autoDraw = False
261.6132 	EXP 	text_5: autoDraw = False
261.6132 	EXP 	text_3: text = 'fingerprint'
261.6132 	EXP 	text_4: autoDraw = True
262.2686 	DATA 	Keypress: 5
262.5974 	EXP 	text_3: autoDraw = True
262.6134 	EXP 	text_4: autoDraw = False
263.7686 	DATA 	Keypress: 5
265.2684 	DATA 	Keypress: 5
266.7676 	DATA 	Keypress: 5
267.5975 	EXP 	text_5: autoDraw = True
268.2689 	DATA 	Keypress: 5
268.7029 	DATA 	Keypress: 2
269.7694 	DATA 	Keypress: 5
271.2671 	DATA 	Keypress: 5
272.5834 	EXP 	New trial (rep=0, index=21): OrderedDict([('Word', 'grandfather')])
272.5968 	EXP 	text_3: autoDraw = False
272.5968 	EXP 	text_5: autoDraw = False
272.5968 	EXP 	text_3: autoDraw = False
272.5968 	EXP 	text_4: autoDraw = False
272.5968 	EXP 	text_5: autoDraw = False
272.5968 	EXP 	text_3: text = 'grandfather'
272.5968 	EXP 	text_4: autoDraw = True
272.7686 	DATA 	Keypress: 5
273.5799 	EXP 	text_3: autoDraw = True
273.5968 	EXP 	text_4: autoDraw = False
274.2670 	DATA 	Keypress: 5
275.7683 	DATA 	Keypress: 5
277.2662 	DATA 	Keypress: 5
278.2182 	DATA 	Keypress: 1
278.5809 	EXP 	text_5: autoDraw = True
278.7676 	DATA 	Keypress: 5
279.4678 	DATA 	Keypress: 1
280.2692 	DATA 	Keypress: 5
281.7682 	DATA 	Keypress: 5
283.2667 	DATA 	Keypress: 5
283.5663 	EXP 	New trial (rep=0, index=22): OrderedDict([('Word', 'platypus')])
283.5797 	EXP 	text_3: autoDraw = False
283.5797 	EXP 	text_5: autoDraw = False
283.5797 	EXP 	text_3: autoDraw = False
283.5797 	EXP 	text_4: autoDraw = False
283.5797 	EXP 	text_5: autoDraw = False
283.5797 	EXP 	text_3: text = 'platypus'
283.5797 	EXP 	text_4: autoDraw = True
284.5637 	EXP 	text_3: autoDraw = True
284.5810 	EXP 	text_4: autoDraw = False
284.7691 	DATA 	Keypress: 5
286.2691 	DATA 	Keypress: 5
287.7692 	DATA 	Keypress: 5
289.2686 	DATA 	Keypress: 5
289.5642 	EXP 	text_5: autoDraw = True
290.7667 	DATA 	Keypress: 5
290.8696 	DATA 	Keypress: 1
292.2692 	DATA 	Keypress: 5
293.7696 	DATA 	Keypress: 5
294.5490 	EXP 	New trial (rep=0, index=23): OrderedDict([('Word', 'walrus')])
294.5635 	EXP 	text_3: autoDraw = False
294.5635 	EXP 	text_5: autoDraw = False
294.5635 	EXP 	text_3: autoDraw = False
294.5635 	EXP 	text_4: autoDraw = False
294.5635 	EXP 	text_5: autoDraw = False
294.5635 	EXP 	text_3: text = 'walrus'
294.5635 	EXP 	text_4: autoDraw = True
295.2680 	DATA 	Keypress: 5
295.5470 	EXP 	text_3: autoDraw = True
295.5642 	EXP 	text_4: autoDraw = False
296.7691 	DATA 	Keypress: 5
298.2687 	DATA 	Keypress: 5
299.7687 	DATA 	Keypress: 5
300.5468 	EXP 	text_5: autoDraw = True
301.2673 	DATA 	Keypress: 5
302.7680 	DATA 	Keypress: 5
303.3687 	DATA 	Keypress: 1
304.2691 	DATA 	Keypress: 5
305.5336 	EXP 	New trial (rep=0, index=24): OrderedDict([('Word', 'mirror')])
305.5474 	EXP 	text_3: autoDraw = False
305.5474 	EXP 	text_5: autoDraw = False
305.5474 	EXP 	text_3: autoDraw = False
305.5474 	EXP 	text_4: autoDraw = False
305.5474 	EXP 	text_5: autoDraw = False
305.5474 	EXP 	text_3: text = 'mirror'
305.5474 	EXP 	text_4: autoDraw = True
305.7671 	DATA 	Keypress: 5
306.5307 	EXP 	text_3: autoDraw = True
306.5475 	EXP 	text_4: autoDraw = False
307.2677 	DATA 	Keypress: 5
308.7678 	DATA 	Keypress: 5
310.2688 	DATA 	Keypress: 5
311.5308 	EXP 	text_5: autoDraw = True
311.7692 	DATA 	Keypress: 5
313.1007 	DATA 	Keypress: 2
313.2692 	DATA 	Keypress: 5
314.7691 	DATA 	Keypress: 5
316.2690 	DATA 	Keypress: 5
316.5159 	EXP 	New trial (rep=0, index=25): OrderedDict([('Word', 'snowball')])
316.5302 	EXP 	text_3: autoDraw = False
316.5302 	EXP 	text_5: autoDraw = False
316.5302 	EXP 	text_3: autoDraw = False
316.5302 	EXP 	text_4: autoDraw = False
316.5302 	EXP 	text_5: autoDraw = False
316.5302 	EXP 	text_3: text = 'snowball'
316.5302 	EXP 	text_4: autoDraw = True
317.5140 	EXP 	text_3: autoDraw = True
317.5310 	EXP 	text_4: autoDraw = False
317.7683 	DATA 	Keypress: 5
319.2674 	DATA 	Keypress: 5
320.7682 	DATA 	Keypress: 5
322.2687 	DATA 	Keypress: 5
322.5142 	EXP 	text_5: autoDraw = True
323.2508 	DATA 	Keypress: 2
323.7681 	DATA 	Keypress: 5
325.2663 	DATA 	Keypress: 5
326.7685 	DATA 	Keypress: 5
327.4998 	EXP 	New trial (rep=0, index=26): OrderedDict([('Word', 'cheerleader')])
327.5140 	EXP 	text_3: autoDraw = False
327.5140 	EXP 	text_5: autoDraw = False
327.5140 	EXP 	text_3: autoDraw = False
327.5140 	EXP 	text_4: autoDraw = False
327.5140 	EXP 	text_5: autoDraw = False
327.5140 	EXP 	text_3: text = 'cheerleader'
327.5140 	EXP 	text_4: autoDraw = True
328.2686 	DATA 	Keypress: 5
328.4975 	EXP 	text_3: autoDraw = True
328.5136 	EXP 	text_4: autoDraw = False
329.7680 	DATA 	Keypress: 5
331.2685 	DATA 	Keypress: 5
332.7675 	DATA 	Keypress: 5
333.4976 	EXP 	text_5: autoDraw = True
334.2691 	DATA 	Keypress: 5
334.5027 	DATA 	Keypress: 1
335.7677 	DATA 	Keypress: 5
337.2690 	DATA 	Keypress: 5
338.4821 	EXP 	New trial (rep=0, index=27): OrderedDict([('Word', 'ladybug')])
338.4969 	EXP 	text_3: autoDraw = False
338.4969 	EXP 	text_5: autoDraw = False
338.4969 	EXP 	text_3: autoDraw = False
338.4969 	EXP 	text_4: autoDraw = False
338.4969 	EXP 	text_5: autoDraw = False
338.4969 	EXP 	text_3: text = 'ladybug'
338.4969 	EXP 	text_4: autoDraw = True
338.7678 	DATA 	Keypress: 5
339.4808 	EXP 	text_3: autoDraw = True
339.4970 	EXP 	text_4: autoDraw = False
340.2685 	DATA 	Keypress: 5
341.7677 	DATA 	Keypress: 5
343.2664 	DATA 	Keypress: 5
344.4803 	EXP 	text_5: autoDraw = True
344.7689 	DATA 	Keypress: 5
345.6833 	DATA 	Keypress: 1
346.2681 	DATA 	Keypress: 5
347.7685 	DATA 	Keypress: 5
349.2686 	DATA 	Keypress: 5
349.4663 	EXP 	New trial (rep=0, index=28): OrderedDict([('Word', 'microscope')])
349.4803 	EXP 	text_3: autoDraw = False
349.4803 	EXP 	text_5: autoDraw = False
349.4803 	EXP 	text_3: autoDraw = False
349.4803 	EXP 	text_4: autoDraw = False
349.4803 	EXP 	text_5: autoDraw = False
349.4803 	EXP 	text_3: text = 'microscope'
349.4803 	EXP 	text_4: autoDraw = True
350.4636 	EXP 	text_3: autoDraw = True
350.4801 	EXP 	text_4: autoDraw = False
350.7682 	DATA 	Keypress: 5
352.2676 	DATA 	Keypress: 5
353.7688 	DATA 	Keypress: 5
355.2669 	DATA 	Keypress: 5
355.4639 	EXP 	text_5: autoDraw = True
356.7689 	DATA 	Keypress: 5
356.9845 	DATA 	Keypress: 2
358.2683 	DATA 	Keypress: 5
359.7683 	DATA 	Keypress: 5
360.4505 	EXP 	New trial (rep=0, index=29): OrderedDict([('Word', 'hairstylist')])
360.4634 	EXP 	text_3: autoDraw = False
360.4634 	EXP 	text_5: autoDraw = False
360.4634 	EXP 	text_3: autoDraw = False
360.4634 	EXP 	text_4: autoDraw = False
360.4634 	EXP 	text_5: autoDraw = False
360.4634 	EXP 	text_3: text = 'hairstylist'
360.4634 	EXP 	text_4: autoDraw = True
361.2675 	DATA 	Keypress: 5
361.4476 	EXP 	text_3: autoDraw = True
361.4644 	EXP 	text_4: autoDraw = False
362.7675 	DATA 	Keypress: 5
364.2681 	DATA 	Keypress: 5
365.7679 	DATA 	Keypress: 5
366.4468 	EXP 	text_5: autoDraw = True
366.6179 	DATA 	Keypress: 1
367.2679 	DATA 	Keypress: 5
368.7682 	DATA 	Keypress: 5
368.7698 	DATA 	Keypress: 1
370.2686 	DATA 	Keypress: 5
371.4331 	EXP 	New trial (rep=0, index=30): OrderedDict([('Word', 'camera')])
371.4477 	EXP 	text_3: autoDraw = False
371.4477 	EXP 	text_5: autoDraw = False
371.4477 	EXP 	text_3: autoDraw = False
371.4477 	EXP 	text_4: autoDraw = False
371.4477 	EXP 	text_5: autoDraw = False
371.4477 	EXP 	text_3: text = 'camera'
371.4477 	EXP 	text_4: autoDraw = True
371.7679 	DATA 	Keypress: 5
372.4307 	EXP 	text_3: autoDraw = True
372.4470 	EXP 	text_4: autoDraw = False
373.2676 	DATA 	Keypress: 5
374.7675 	DATA 	Keypress: 5
376.2677 	DATA 	Keypress: 5
377.4310 	EXP 	text_5: autoDraw = True
377.7686 	DATA 	Keypress: 5
378.5016 	DATA 	Keypress: 2
379.2688 	DATA 	Keypress: 5
380.7687 	DATA 	Keypress: 5
382.2690 	DATA 	Keypress: 5
382.4161 	EXP 	New trial (rep=0, index=31): OrderedDict([('Word', 'knight')])
382.4310 	EXP 	text_3: autoDraw = False
382.4310 	EXP 	text_5: autoDraw = False
382.4310 	EXP 	text_3: autoDraw = False
382.4310 	EXP 	text_4: autoDraw = False
382.4310 	EXP 	text_5: autoDraw = False
382.4310 	EXP 	text_3: text = 'knight'
382.4310 	EXP 	text_4: autoDraw = True
383.4142 	EXP 	text_3: autoDraw = True
383.4303 	EXP 	text_4: autoDraw = False
383.7668 	DATA 	Keypress: 5
385.2680 	DATA 	Keypress: 5
386.7694 	DATA 	Keypress: 5
388.2680 	DATA 	Keypress: 5
388.4144 	EXP 	text_5: autoDraw = True
389.7689 	DATA 	Keypress: 1
389.7713 	DATA 	Keypress: 5
391.2694 	DATA 	Keypress: 5
392.7691 	DATA 	Keypress: 5
393.4005 	EXP 	New trial (rep=0, index=32): OrderedDict([('Word', 'crab')])
393.4136 	EXP 	text_3: autoDraw = False
393.4136 	EXP 	text_5: autoDraw = False
393.4136 	EXP 	text_3: autoDraw = False
393.4136 	EXP 	text_4: autoDraw = False
393.4136 	EXP 	text_5: autoDraw = False
393.4136 	EXP 	text_3: text = 'crab'
393.4136 	EXP 	text_4: autoDraw = True
394.2671 	DATA 	Keypress: 5
394.3976 	EXP 	text_3: autoDraw = True
394.4145 	EXP 	text_4: autoDraw = False
395.7679 	DATA 	Keypress: 5
397.2667 	DATA 	Keypress: 5
398.7686 	DATA 	Keypress: 5
399.3977 	EXP 	text_5: autoDraw = True
400.2695 	DATA 	Keypress: 5
401.1163 	DATA 	Keypress: 1
401.7686 	DATA 	Keypress: 5
403.2673 	DATA 	Keypress: 5
404.3828 	EXP 	New trial (rep=0, index=33): OrderedDict([('Word', 'chipmunk')])
404.3979 	EXP 	text_3: autoDraw = False
404.3979 	EXP 	text_5: autoDraw = False
404.3979 	EXP 	text_3: autoDraw = False
404.3979 	EXP 	text_4: autoDraw = False
404.3979 	EXP 	text_5: autoDraw = False
404.3979 	EXP 	text_3: text = 'chipmunk'
404.3979 	EXP 	text_4: autoDraw = True
404.7675 	DATA 	Keypress: 5
405.3811 	EXP 	text_3: autoDraw = True
405.3978 	EXP 	text_4: autoDraw = False
406.3008 	DATA 	Keypress: 5
407.7682 	DATA 	Keypress: 5
409.2669 	DATA 	Keypress: 5
410.3811 	EXP 	text_5: autoDraw = True
410.7678 	DATA 	Keypress: 5
411.7176 	DATA 	Keypress: 1
412.2671 	DATA 	Keypress: 5
413.7687 	DATA 	Keypress: 5
415.2687 	DATA 	Keypress: 5
415.3666 	EXP 	New trial (rep=0, index=34): OrderedDict([('Word', 'porcupine')])
415.3811 	EXP 	text_3: autoDraw = False
415.3811 	EXP 	text_5: autoDraw = False
415.3811 	EXP 	text_3: autoDraw = False
415.3811 	EXP 	text_4: autoDraw = False
415.3811 	EXP 	text_5: autoDraw = False
415.3811 	EXP 	text_3: text = 'porcupine'
415.3811 	EXP 	text_4: autoDraw = True
416.4307 	EXP 	text_3: autoDraw = True
416.4472 	EXP 	text_4: autoDraw = False
416.7684 	DATA 	Keypress: 5
418.2671 	DATA 	Keypress: 5
419.7678 	DATA 	Keypress: 5
421.2685 	DATA 	Keypress: 5
421.3644 	EXP 	text_5: autoDraw = True
422.1841 	DATA 	Keypress: 1
422.7676 	DATA 	Keypress: 5
424.2683 	DATA 	Keypress: 5
425.7679 	DATA 	Keypress: 5
426.3642 	EXP 	text_5: autoDraw = False
426.4166 	EXP 	New trial (rep=0, index=35): OrderedDict([('Word', 'cheesecake')])
426.4303 	EXP 	text_3: autoDraw = False
426.4303 	EXP 	text_3: autoDraw = False
426.4303 	EXP 	text_4: autoDraw = False
426.4303 	EXP 	text_5: autoDraw = False
426.4303 	EXP 	text_3: text = 'cheesecake'
426.4303 	EXP 	text_4: autoDraw = True
427.2686 	DATA 	Keypress: 5
427.4144 	EXP 	text_3: autoDraw = True
427.4312 	EXP 	text_4: autoDraw = False
428.7676 	DATA 	Keypress: 5
430.2676 	DATA 	Keypress: 5
431.7683 	DATA 	Keypress: 5
432.4143 	EXP 	text_5: autoDraw = True
433.1509 	DATA 	Keypress: 2
433.2693 	DATA 	Keypress: 5
434.7680 	DATA 	Keypress: 5
436.2681 	DATA 	Keypress: 5
437.3993 	EXP 	New trial (rep=0, index=36): OrderedDict([('Word', 'scalpel')])
437.4137 	EXP 	text_3: autoDraw = False
437.4137 	EXP 	text_5: autoDraw = False
437.4137 	EXP 	text_3: autoDraw = False
437.4137 	EXP 	text_4: autoDraw = False
437.4137 	EXP 	text_5: autoDraw = False
437.4137 	EXP 	text_3: text = 'scalpel'
437.4137 	EXP 	text_4: autoDraw = True
437.7680 	DATA 	Keypress: 5
438.3971 	EXP 	text_3: autoDraw = True
438.4141 	EXP 	text_4: autoDraw = False
439.2677 	DATA 	Keypress: 5
440.7680 	DATA 	Keypress: 5
442.2678 	DATA 	Keypress: 5
443.3978 	EXP 	text_5: autoDraw = True
443.7688 	DATA 	Keypress: 5
443.9176 	DATA 	Keypress: 2
445.2688 	DATA 	Keypress: 5
446.8160 	DATA 	Keypress: 5
448.2682 	DATA 	Keypress: 5
448.3833 	EXP 	New trial (rep=0, index=37): OrderedDict([('Word', 'hummingbird')])
448.3969 	EXP 	text_3: autoDraw = False
448.3969 	EXP 	text_5: autoDraw = False
448.3969 	EXP 	text_3: autoDraw = False
448.3969 	EXP 	text_4: autoDraw = False
448.3969 	EXP 	text_5: autoDraw = False
448.3969 	EXP 	text_3: text = 'hummingbird'
448.3969 	EXP 	text_4: autoDraw = True
449.3972 	EXP 	text_3: autoDraw = True
449.3972 	EXP 	text_4: autoDraw = False
449.7686 	DATA 	Keypress: 5
451.2683 	DATA 	Keypress: 5
452.7679 	DATA 	Keypress: 5
454.2672 	DATA 	Keypress: 5
454.3973 	EXP 	text_5: autoDraw = True
455.7679 	DATA 	Keypress: 5
456.0016 	DATA 	Keypress: 1
457.2683 	DATA 	Keypress: 5
458.7677 	DATA 	Keypress: 5
459.3820 	EXP 	New trial (rep=0, index=38): OrderedDict([('Word', 'violinist')])
459.3971 	EXP 	text_3: autoDraw = False
459.3971 	EXP 	text_5: autoDraw = False
459.3971 	EXP 	text_3: autoDraw = False
459.3971 	EXP 	text_4: autoDraw = False
459.3971 	EXP 	text_5: autoDraw = False
459.3971 	EXP 	text_3: text = 'violinist'
459.3971 	EXP 	text_4: autoDraw = True
460.2680 	DATA 	Keypress: 5
460.3966 	EXP 	text_3: autoDraw = True
460.3966 	EXP 	text_4: autoDraw = False
461.7674 	DATA 	Keypress: 5
463.2683 	DATA 	Keypress: 5
464.7676 	DATA 	Keypress: 5
465.3967 	EXP 	text_5: autoDraw = True
466.2674 	DATA 	Keypress: 5
466.3671 	DATA 	Keypress: 1
467.7678 	DATA 	Keypress: 5
469.2686 	DATA 	Keypress: 5
470.3828 	EXP 	New trial (rep=0, index=39): OrderedDict([('Word', 'necklace')])
470.3968 	EXP 	text_3: autoDraw = False
470.3968 	EXP 	text_5: autoDraw = False
470.3968 	EXP 	text_3: autoDraw = False
470.3968 	EXP 	text_4: autoDraw = False
470.3968 	EXP 	text_5: autoDraw = False
470.3968 	EXP 	text_3: text = 'necklace'
470.3968 	EXP 	text_4: autoDraw = True
470.7672 	DATA 	Keypress: 5
471.3805 	EXP 	text_3: autoDraw = True
471.3968 	EXP 	text_4: autoDraw = False
472.2675 	DATA 	Keypress: 5
473.7683 	DATA 	Keypress: 5
475.2677 	DATA 	Keypress: 5
476.3800 	EXP 	text_5: autoDraw = True
476.7686 	DATA 	Keypress: 5
477.0012 	DATA 	Keypress: 2
478.2681 	DATA 	Keypress: 5
479.7681 	DATA 	Keypress: 5
481.2680 	DATA 	Keypress: 5
481.3803 	EXP 	text_3: autoDraw = False
481.3803 	EXP 	text_5: autoDraw = False
481.3803 	EXP 	text_3: autoDraw = False
481.3803 	EXP 	text_4: autoDraw = False
481.3803 	EXP 	text_5: autoDraw = False
481.3803 	EXP 	text_6: autoDraw = True
482.7671 	DATA 	Keypress: 5
484.2671 	DATA 	Keypress: 5
485.7680 	DATA 	Keypress: 5
486.3801 	EXP 	text_6: autoDraw = False
486.3801 	EXP 	text_6: autoDraw = False
486.6601 	EXP 	window1: mouseVisible = True
