5.0427 	EXP 	Created window1 = Window(allowGUI=False, allowStencil=False, args=UNKNOWN, autoLog=True, bitsMode=UNKNOWN, blendMode='avg', color=array([0., 0., 0.]), colorSpace='rgb', fullscr=<method-wrapper '__getattribute__' of attributeSetter object at 0x1085e0320>, gamma=None, gammaErrorPolicy='raise', kwargs=UNKNOWN, lms=UNKNOWN, monitor=<psychopy.monitors.calibTools.Monitor object at 0x10868a828>, multiSample=False, name='window1', numSamples=2, pos=[0.0, 0.0], screen=0, size=array([1920, 1080]), stereo=False, units='height', useFBO=True, useRetina=False, viewOri=0.0, viewPos=None, viewScale=None, waitBlanking=True, winType='pyglet')
5.0427 	EXP 	window1: recordFrameIntervals = False
5.2092 	EXP 	window1: recordFrameIntervals = True
5.3922 	EXP 	window1: recordFrameIntervals = False
5.7816 	EXP 	Created text = TextStim(__class__=<class 'psychopy.visual.text.TextStim'>, alignHoriz='center', alignVert='center', antialias=True, autoLog=True, bold=False, color='white', colorSpace='named', contrast=1.0, depth=0.0, flipHoriz=False, flipVert=False, font='Arial', fontFiles=[], height=0.03, italic=False, languageStyle='LTR', name='text', opacity=1.0, ori=0, pos=array([0., 0.]), rgb=array([255., 255., 255.]), text=str(...), units='height', win=Window(...), wrapWidth=1)
5.8220 	EXP 	Created text_2 = TextStim(__class__=<class 'psychopy.visual.text.TextStim'>, alignHoriz='center', alignVert='center', antialias=True, autoLog=True, bold=False, color='white', colorSpace='named', contrast=1.0, depth=0.0, flipHoriz=False, flipVert=False, font='Arial', fontFiles=[], height=0.1, italic=False, languageStyle='LTR', name='text_2', opacity=1.0, ori=0, pos=array([0., 0.]), rgb=array([255., 255., 255.]), text='Waiting for the scanner\n', units='height', win=Window(...), wrapWidth=1)
5.8603 	EXP 	Created text_3 = TextStim(__class__=<class 'psychopy.visual.text.TextStim'>, alignHoriz='center', alignVert='center', antialias=True, autoLog=True, bold=False, color='white', colorSpace='named', contrast=1.0, depth=0.0, flipHoriz=False, flipVert=False, font='Arial', fontFiles=[], height=0.1, italic=False, languageStyle='LTR', name='text_3', opacity=1.0, ori=0, pos=array([0., 0.]), rgb=array([255., 255., 255.]), text='default text', units='height', win=Window(...), wrapWidth=1)
5.8626 	EXP 	Created text_4 = TextStim(__class__=<class 'psychopy.visual.text.TextStim'>, alignHoriz='center', alignVert='center', antialias=True, autoLog=True, bold=False, color='white', colorSpace='named', contrast=1.0, depth=-1.0, flipHoriz=False, flipVert=False, font='Arial', fontFiles=[], height=0.1, italic=False, languageStyle='LTR', name='text_4', opacity=1.0, ori=0, pos=array([0., 0.]), rgb=array([255., 255., 255.]), text='+', units='height', win=Window(...), wrapWidth=1)
5.8756 	EXP 	Created text_5 = TextStim(__class__=<class 'psychopy.visual.text.TextStim'>, alignHoriz='center', alignVert='center', antialias=True, autoLog=True, bold=False, color='white', colorSpace='named', contrast=1.0, depth=-2.0, flipHoriz=False, flipVert=False, font='Arial', fontFiles=[], height=0.02, italic=False, languageStyle='LTR', name='text_5', opacity=1.0, ori=0, pos=array([ 0. , -0.3]), rgb=array([255., 255., 255.]), text=str(...), units='height', win=Window(...), wrapWidth=1)
5.9162 	EXP 	Created text_6 = TextStim(__class__=<class 'psychopy.visual.text.TextStim'>, alignHoriz='center', alignVert='center', antialias=True, autoLog=True, bold=False, color='white', colorSpace='named', contrast=1.0, depth=0.0, flipHoriz=False, flipVert=False, font='Arial', fontFiles=[], height=0.1, italic=False, languageStyle='LTR', name='text_6', opacity=1.0, ori=0, pos=array([0., 0.]), rgb=array([255., 255., 255.]), text="That's the end of this task\n", units='height', win=Window(...), wrapWidth=1)
5.9250 	EXP 	text: autoDraw = True
19.0079 	DATA 	Keypress: 1
19.0197 	EXP 	text: autoDraw = False
19.0197 	EXP 	text_2: autoDraw = True
38.9506 	EXP 	Imported wl.csv as conditions, 40 conditions, 1 params
38.9509 	EXP 	Created sequence: random, trialTypes=40, nReps=1, seed=None
38.9511 	EXP 	New trial (rep=0, index=0): OrderedDict([('Word', 'cabdriver')])
38.9590 	DATA 	Keypress: 5
38.9687 	EXP 	text_2: autoDraw = False
38.9687 	EXP 	text_3: text = 'cabdriver'
38.9687 	EXP 	text_4: autoDraw = True
39.9603 	EXP 	text_3: autoDraw = True
39.9769 	EXP 	text_4: autoDraw = False
40.4479 	DATA 	Keypress: 5
41.4626 	DATA 	Keypress: 1
41.9383 	DATA 	Keypress: 5
43.4382 	DATA 	Keypress: 5
44.9543 	DATA 	Keypress: 5
44.9687 	EXP 	text_5: autoDraw = True
46.4388 	DATA 	Keypress: 5
47.9484 	DATA 	Keypress: 5
49.3620 	DATA 	Keypress: 1
49.4543 	DATA 	Keypress: 5
49.9692 	EXP 	text_3: autoDraw = False
49.9715 	EXP 	New trial (rep=0, index=1): OrderedDict([('Word', 'seahorse')])
49.9858 	EXP 	text_3: autoDraw = False
49.9858 	EXP 	text_4: autoDraw = False
49.9858 	EXP 	text_5: autoDraw = False
49.9858 	EXP 	text_3: text = 'seahorse'
49.9858 	EXP 	text_4: autoDraw = True
50.9558 	DATA 	Keypress: 5
50.9690 	EXP 	text_3: autoDraw = True
50.9858 	EXP 	text_4: autoDraw = False
52.4540 	DATA 	Keypress: 5
52.5462 	DATA 	Keypress: 1
53.9470 	DATA 	Keypress: 5
55.4473 	DATA 	Keypress: 5
55.9598 	EXP 	text_5: autoDraw = True
56.9381 	DATA 	Keypress: 5
58.4464 	DATA 	Keypress: 5
58.4481 	DATA 	Keypress: 1
59.9543 	DATA 	Keypress: 5
60.9690 	EXP 	text_5: autoDraw = False
60.9710 	EXP 	New trial (rep=0, index=2): OrderedDict([('Word', 'porcupine')])
60.9852 	EXP 	text_3: autoDraw = False
60.9852 	EXP 	text_4: autoDraw = False
60.9852 	EXP 	text_5: autoDraw = False
60.9852 	EXP 	text_3: text = 'porcupine'
60.9852 	EXP 	text_4: autoDraw = True
61.4478 	DATA 	Keypress: 5
61.9767 	EXP 	text_3: autoDraw = True
61.9767 	EXP 	text_4: autoDraw = False
62.9472 	DATA 	Keypress: 5
64.4378 	DATA 	Keypress: 5
65.9479 	DATA 	Keypress: 5
66.9770 	EXP 	text_5: autoDraw = True
67.4482 	DATA 	Keypress: 5
67.5305 	DATA 	Keypress: 1
68.9483 	DATA 	Keypress: 5
70.4483 	DATA 	Keypress: 5
71.9377 	DATA 	Keypress: 5
71.9622 	EXP 	New trial (rep=0, index=3): OrderedDict([('Word', 'keyboard')])
71.9761 	EXP 	text_3: autoDraw = False
71.9761 	EXP 	text_4: autoDraw = False
71.9761 	EXP 	text_5: autoDraw = False
71.9761 	EXP 	text_3: text = 'keyboard'
71.9761 	EXP 	text_4: autoDraw = True
73.0019 	EXP 	text_3: autoDraw = True
73.0019 	EXP 	text_4: autoDraw = False
73.4479 	DATA 	Keypress: 5
74.9376 	DATA 	Keypress: 5
76.4375 	DATA 	Keypress: 5
77.9377 	DATA 	Keypress: 5
77.9604 	EXP 	text_5: autoDraw = True
78.6307 	DATA 	Keypress: 2
79.4382 	DATA 	Keypress: 5
80.9547 	DATA 	Keypress: 5
82.4485 	DATA 	Keypress: 5
82.9535 	EXP 	New trial (rep=0, index=4): OrderedDict([('Word', 'umbrella')])
82.9686 	EXP 	text_3: autoDraw = False
82.9686 	EXP 	text_4: autoDraw = False
82.9686 	EXP 	text_5: autoDraw = False
82.9686 	EXP 	text_3: text = 'umbrella'
82.9686 	EXP 	text_4: autoDraw = True
83.9392 	DATA 	Keypress: 5
83.9514 	EXP 	text_3: autoDraw = True
83.9688 	EXP 	text_4: autoDraw = False
85.4480 	DATA 	Keypress: 5
86.9474 	DATA 	Keypress: 5
88.4486 	DATA 	Keypress: 5
88.9598 	EXP 	text_5: autoDraw = True
89.4954 	DATA 	Keypress: 2
89.9385 	DATA 	Keypress: 5
91.4485 	DATA 	Keypress: 5
92.9486 	DATA 	Keypress: 5
93.9459 	EXP 	New trial (rep=0, index=5): OrderedDict([('Word', 'elephant')])
93.9600 	EXP 	text_3: autoDraw = False
93.9600 	EXP 	text_5: autoDraw = False
93.9600 	EXP 	text_3: autoDraw = False
93.9600 	EXP 	text_4: autoDraw = False
93.9600 	EXP 	text_5: autoDraw = False
93.9600 	EXP 	text_3: text = 'elephant'
93.9600 	EXP 	text_4: autoDraw = True
94.4474 	DATA 	Keypress: 5
94.9430 	EXP 	text_3: autoDraw = True
94.9598 	EXP 	text_4: autoDraw = False
95.9482 	DATA 	Keypress: 5
97.4469 	DATA 	Keypress: 5
98.9473 	DATA 	Keypress: 5
99.9434 	EXP 	text_5: autoDraw = True
100.4489 	DATA 	Keypress: 5
100.5635 	DATA 	Keypress: 1
101.9383 	DATA 	Keypress: 5
103.4375 	DATA 	Keypress: 5
104.9285 	EXP 	New trial (rep=0, index=6): OrderedDict([('Word', 'coyote')])
104.9360 	DATA 	Keypress: 5
104.9433 	EXP 	text_3: autoDraw = False
104.9433 	EXP 	text_5: autoDraw = False
104.9433 	EXP 	text_3: autoDraw = False
104.9433 	EXP 	text_4: autoDraw = False
104.9433 	EXP 	text_5: autoDraw = False
104.9433 	EXP 	text_3: text = 'coyote'
104.9433 	EXP 	text_4: autoDraw = True
105.9263 	EXP 	text_3: autoDraw = True
105.9432 	EXP 	text_4: autoDraw = False
106.4480 	DATA 	Keypress: 5
107.9481 	DATA 	Keypress: 5
109.4476 	DATA 	Keypress: 5
110.9267 	EXP 	text_5: autoDraw = True
110.9483 	DATA 	Keypress: 5
111.4724 	DATA 	Keypress: 1
112.4485 	DATA 	Keypress: 5
113.9381 	DATA 	Keypress: 5
115.4381 	DATA 	Keypress: 5
115.9126 	EXP 	New trial (rep=0, index=7): OrderedDict([('Word', 'microscope')])
115.9266 	EXP 	text_3: autoDraw = False
115.9266 	EXP 	text_5: autoDraw = False
115.9266 	EXP 	text_3: autoDraw = False
115.9266 	EXP 	text_4: autoDraw = False
115.9266 	EXP 	text_5: autoDraw = False
115.9266 	EXP 	text_3: text = 'microscope'
115.9266 	EXP 	text_4: autoDraw = True
116.9105 	EXP 	text_3: autoDraw = True
116.9346 	EXP 	text_4: autoDraw = False
116.9380 	DATA 	Keypress: 5
118.4542 	DATA 	Keypress: 5
119.9378 	DATA 	Keypress: 5
121.4378 	DATA 	Keypress: 5
121.9105 	EXP 	text_5: autoDraw = True
122.4140 	DATA 	Keypress: 2
122.9384 	DATA 	Keypress: 5
124.4486 	DATA 	Keypress: 5
125.9479 	DATA 	Keypress: 5
126.8952 	EXP 	New trial (rep=0, index=8): OrderedDict([('Word', 'walrus')])
126.9109 	EXP 	text_3: autoDraw = False
126.9109 	EXP 	text_5: autoDraw = False
126.9109 	EXP 	text_3: autoDraw = False
126.9109 	EXP 	text_4: autoDraw = False
126.9109 	EXP 	text_5: autoDraw = False
126.9109 	EXP 	text_3: text = 'walrus'
126.9109 	EXP 	text_4: autoDraw = True
127.4481 	DATA 	Keypress: 5
127.9089 	EXP 	text_3: autoDraw = True
127.9262 	EXP 	text_4: autoDraw = False
128.9481 	DATA 	Keypress: 5
130.4483 	DATA 	Keypress: 5
131.9483 	DATA 	Keypress: 5
132.8934 	EXP 	text_5: autoDraw = True
133.4383 	DATA 	Keypress: 5
133.6044 	DATA 	Keypress: 1
134.9552 	DATA 	Keypress: 5
136.4484 	DATA 	Keypress: 5
137.9014 	EXP 	text_5: autoDraw = False
137.9035 	EXP 	New trial (rep=0, index=9): OrderedDict([('Word', 'crab')])
137.9183 	EXP 	text_3: autoDraw = False
137.9183 	EXP 	text_3: autoDraw = False
137.9183 	EXP 	text_4: autoDraw = False
137.9183 	EXP 	text_5: autoDraw = False
137.9183 	EXP 	text_3: text = 'crab'
137.9183 	EXP 	text_4: autoDraw = True
137.9375 	DATA 	Keypress: 5
138.9014 	EXP 	text_3: autoDraw = True
138.9106 	EXP 	text_4: autoDraw = False
139.4478 	DATA 	Keypress: 5
140.9480 	DATA 	Keypress: 5
142.4481 	DATA 	Keypress: 5
143.9591 	EXP 	text_5: autoDraw = True
143.9619 	DATA 	Keypress: 5
145.3140 	DATA 	Keypress: 1
145.4369 	DATA 	Keypress: 5
146.9547 	DATA 	Keypress: 5
148.4486 	DATA 	Keypress: 5
148.9098 	EXP 	text_3: autoDraw = False
148.9451 	EXP 	New trial (rep=0, index=10): OrderedDict([('Word', 'violinist')])
148.9679 	EXP 	text_5: autoDraw = False
148.9679 	EXP 	text_3: autoDraw = False
148.9679 	EXP 	text_4: autoDraw = False
148.9679 	EXP 	text_5: autoDraw = False
148.9679 	EXP 	text_3: text = 'violinist'
148.9679 	EXP 	text_4: autoDraw = True
149.9438 	EXP 	text_3: autoDraw = True
149.9484 	DATA 	Keypress: 5
149.9770 	EXP 	text_4: autoDraw = False
151.4482 	DATA 	Keypress: 5
152.9540 	DATA 	Keypress: 5
154.4488 	DATA 	Keypress: 5
154.9431 	EXP 	text_5: autoDraw = True
155.9488 	DATA 	Keypress: 5
156.1210 	DATA 	Keypress: 1
157.4487 	DATA 	Keypress: 5
158.9534 	DATA 	Keypress: 5
159.9292 	EXP 	New trial (rep=0, index=11): OrderedDict([('Word', 'platypus')])
159.9432 	EXP 	text_3: autoDraw = False
159.9432 	EXP 	text_5: autoDraw = False
159.9432 	EXP 	text_3: autoDraw = False
159.9432 	EXP 	text_4: autoDraw = False
159.9432 	EXP 	text_5: autoDraw = False
159.9432 	EXP 	text_3: text = 'platypus'
159.9432 	EXP 	text_4: autoDraw = True
160.4530 	DATA 	Keypress: 5
160.9265 	EXP 	text_3: autoDraw = True
160.9439 	EXP 	text_4: autoDraw = False
161.9483 	DATA 	Keypress: 5
163.4374 	DATA 	Keypress: 5
164.9365 	DATA 	Keypress: 5
165.9343 	EXP 	text_5: autoDraw = True
166.3066 	DATA 	Keypress: 1
166.4537 	DATA 	Keypress: 5
167.9374 	DATA 	Keypress: 5
169.4487 	DATA 	Keypress: 5
170.9264 	EXP 	text_3: autoDraw = False
170.9286 	EXP 	New trial (rep=0, index=12): OrderedDict([('Word', 'passport')])
170.9364 	DATA 	Keypress: 5
170.9500 	EXP 	text_5: autoDraw = False
170.9500 	EXP 	text_3: autoDraw = False
170.9500 	EXP 	text_4: autoDraw = False
170.9500 	EXP 	text_5: autoDraw = False
170.9500 	EXP 	text_3: text = 'passport'
170.9500 	EXP 	text_4: autoDraw = True
171.9273 	EXP 	text_3: autoDraw = True
171.9605 	EXP 	text_4: autoDraw = False
172.4530 	DATA 	Keypress: 5
173.9477 	DATA 	Keypress: 5
175.4482 	DATA 	Keypress: 5
176.9338 	EXP 	text_5: autoDraw = True
176.9374 	DATA 	Keypress: 5
177.2715 	DATA 	Keypress: 2
178.4374 	DATA 	Keypress: 5
179.9480 	DATA 	Keypress: 5
181.4460 	DATA 	Keypress: 5
181.9197 	EXP 	New trial (rep=0, index=13): OrderedDict([('Word', 'axe')])
181.9337 	EXP 	text_3: autoDraw = False
181.9337 	EXP 	text_5: autoDraw = False
181.9337 	EXP 	text_3: autoDraw = False
181.9337 	EXP 	text_4: autoDraw = False
181.9337 	EXP 	text_5: autoDraw = False
181.9337 	EXP 	text_3: text = 'axe'
181.9337 	EXP 	text_4: autoDraw = True
182.9267 	EXP 	text_3: autoDraw = True
182.9267 	EXP 	text_4: autoDraw = False
182.9534 	DATA 	Keypress: 5
184.4368 	DATA 	Keypress: 5
185.9482 	DATA 	Keypress: 5
187.4483 	DATA 	Keypress: 5
187.9341 	EXP 	text_5: autoDraw = True
188.3879 	DATA 	Keypress: 2
188.9488 	DATA 	Keypress: 5
190.4371 	DATA 	Keypress: 5
191.9372 	DATA 	Keypress: 5
192.9193 	EXP 	New trial (rep=0, index=14): OrderedDict([('Word', 'airplane')])
192.9340 	EXP 	text_3: autoDraw = False
192.9340 	EXP 	text_5: autoDraw = False
192.9340 	EXP 	text_3: autoDraw = False
192.9340 	EXP 	text_4: autoDraw = False
192.9340 	EXP 	text_5: autoDraw = False
192.9340 	EXP 	text_3: text = 'airplane'
192.9340 	EXP 	text_4: autoDraw = True
193.4481 	DATA 	Keypress: 5
193.9268 	EXP 	text_3: autoDraw = True
193.9438 	EXP 	text_4: autoDraw = False
194.9530 	DATA 	Keypress: 5
196.4529 	DATA 	Keypress: 5
197.9365 	DATA 	Keypress: 5
198.9265 	EXP 	text_5: autoDraw = True
199.3492 	DATA 	Keypress: 2
199.4537 	DATA 	Keypress: 5
200.9535 	DATA 	Keypress: 5
202.4484 	DATA 	Keypress: 5
203.9126 	EXP 	New trial (rep=0, index=15): OrderedDict([('Word', 'binoculars')])
203.9270 	EXP 	text_3: autoDraw = False
203.9270 	EXP 	text_5: autoDraw = False
203.9270 	EXP 	text_3: autoDraw = False
203.9270 	EXP 	text_4: autoDraw = False
203.9270 	EXP 	text_5: autoDraw = False
203.9270 	EXP 	text_3: text = 'binoculars'
203.9270 	EXP 	text_4: autoDraw = True
203.9479 	DATA 	Keypress: 5
204.9106 	EXP 	text_3: autoDraw = True
204.9265 	EXP 	text_4: autoDraw = False
205.4482 	DATA 	Keypress: 5
206.9472 	DATA 	Keypress: 5
208.4477 	DATA 	Keypress: 5
209.9168 	EXP 	text_5: autoDraw = True
209.9368 	DATA 	Keypress: 5
210.3977 	DATA 	Keypress: 2
211.4478 	DATA 	Keypress: 5
212.9537 	DATA 	Keypress: 5
214.4483 	DATA 	Keypress: 5
214.9179 	EXP 	New trial (rep=0, index=16): OrderedDict([('Word', 'waterfall')])
214.9257 	EXP 	text_3: autoDraw = False
214.9257 	EXP 	text_5: autoDraw = False
214.9257 	EXP 	text_3: autoDraw = False
214.9257 	EXP 	text_4: autoDraw = False
214.9257 	EXP 	text_5: autoDraw = False
214.9257 	EXP 	text_3: text = 'waterfall'
214.9257 	EXP 	text_4: autoDraw = True
215.9267 	EXP 	text_3: autoDraw = True
215.9267 	EXP 	text_4: autoDraw = False
215.9467 	DATA 	Keypress: 5
217.4477 	DATA 	Keypress: 5
218.9469 	DATA 	Keypress: 5
220.4474 	DATA 	Keypress: 5
220.9271 	EXP 	text_5: autoDraw = True
221.4797 	DATA 	Keypress: 2
221.9480 	DATA 	Keypress: 5
223.4481 	DATA 	Keypress: 5
224.9533 	DATA 	Keypress: 5
225.9192 	EXP 	New trial (rep=0, index=17): OrderedDict([('Word', 'necklace')])
225.9332 	EXP 	text_3: autoDraw = False
225.9332 	EXP 	text_5: autoDraw = False
225.9332 	EXP 	text_3: autoDraw = False
225.9332 	EXP 	text_4: autoDraw = False
225.9332 	EXP 	text_5: autoDraw = False
225.9332 	EXP 	text_3: text = 'necklace'
225.9332 	EXP 	text_4: autoDraw = True
226.4474 	DATA 	Keypress: 5
226.9272 	EXP 	text_3: autoDraw = True
226.9432 	EXP 	text_4: autoDraw = False
227.9485 	DATA 	Keypress: 5
229.4485 	DATA 	Keypress: 5
230.9485 	DATA 	Keypress: 5
231.9273 	EXP 	text_5: autoDraw = True
232.4357 	DATA 	Keypress: 5
232.6634 	DATA 	Keypress: 2
233.9535 	DATA 	Keypress: 5
235.4537 	DATA 	Keypress: 5
236.9124 	EXP 	New trial (rep=0, index=18): OrderedDict([('Word', 'hummingbird')])
236.9324 	EXP 	text_3: autoDraw = False
236.9324 	EXP 	text_5: autoDraw = False
236.9324 	EXP 	text_3: autoDraw = False
236.9324 	EXP 	text_4: autoDraw = False
236.9324 	EXP 	text_5: autoDraw = False
236.9324 	EXP 	text_3: text = 'hummingbird'
236.9324 	EXP 	text_4: autoDraw = True
236.9354 	DATA 	Keypress: 5
237.9106 	EXP 	text_3: autoDraw = True
237.9503 	EXP 	text_4: autoDraw = False
238.4363 	DATA 	Keypress: 5
239.9478 	DATA 	Keypress: 5
241.4478 	DATA 	Keypress: 5
242.9167 	EXP 	text_5: autoDraw = True
242.9362 	DATA 	Keypress: 5
243.2461 	DATA 	Keypress: 1
244.4537 	DATA 	Keypress: 5
245.9361 	DATA 	Keypress: 5
247.4364 	DATA 	Keypress: 5
247.9160 	EXP 	text_3: autoDraw = False
247.9184 	EXP 	New trial (rep=0, index=19): OrderedDict([('Word', 'bulldozer')])
247.9329 	EXP 	text_5: autoDraw = False
247.9329 	EXP 	text_3: autoDraw = False
247.9329 	EXP 	text_4: autoDraw = False
247.9329 	EXP 	text_5: autoDraw = False
247.9329 	EXP 	text_3: text = 'bulldozer'
247.9329 	EXP 	text_4: autoDraw = True
248.9271 	EXP 	text_3: autoDraw = True
248.9271 	EXP 	text_4: autoDraw = False
248.9529 	DATA 	Keypress: 5
250.4531 	DATA 	Keypress: 5
251.9357 	DATA 	Keypress: 5
253.4472 	DATA 	Keypress: 5
253.9272 	EXP 	text_5: autoDraw = True
254.4658 	DATA 	Keypress: 2
254.9356 	DATA 	Keypress: 5
256.4358 	DATA 	Keypress: 5
257.9476 	DATA 	Keypress: 5
258.9125 	EXP 	New trial (rep=0, index=20): OrderedDict([('Word', 'swan')])
258.9272 	EXP 	text_3: autoDraw = False
258.9272 	EXP 	text_5: autoDraw = False
258.9272 	EXP 	text_3: autoDraw = False
258.9272 	EXP 	text_4: autoDraw = False
258.9272 	EXP 	text_5: autoDraw = False
258.9272 	EXP 	text_3: text = 'swan'
258.9272 	EXP 	text_4: autoDraw = True
259.4360 	DATA 	Keypress: 5
259.9164 	EXP 	text_3: autoDraw = True
259.9273 	EXP 	text_4: autoDraw = False
260.9306 	DATA 	Keypress: 5
262.4479 	DATA 	Keypress: 5
263.9485 	DATA 	Keypress: 5
264.9162 	EXP 	text_5: autoDraw = True
265.4359 	DATA 	Keypress: 5
265.6304 	DATA 	Keypress: 1
266.9488 	DATA 	Keypress: 5
268.4313 	DATA 	Keypress: 5
269.9127 	EXP 	New trial (rep=0, index=21): OrderedDict([('Word', 'snowball')])
269.9266 	EXP 	text_3: autoDraw = False
269.9266 	EXP 	text_5: autoDraw = False
269.9266 	EXP 	text_3: autoDraw = False
269.9266 	EXP 	text_4: autoDraw = False
269.9266 	EXP 	text_5: autoDraw = False
269.9266 	EXP 	text_3: text = 'snowball'
269.9266 	EXP 	text_4: autoDraw = True
269.9471 	DATA 	Keypress: 5
270.9106 	EXP 	text_3: autoDraw = True
270.9274 	EXP 	text_4: autoDraw = False
271.4310 	DATA 	Keypress: 5
272.9308 	DATA 	Keypress: 5
273.5362 	DATA 	Keypress: 2
274.4469 	DATA 	Keypress: 5
275.9099 	EXP 	text_5: autoDraw = True
275.9314 	DATA 	Keypress: 5
276.4965 	DATA 	Keypress: 2
277.4314 	DATA 	Keypress: 5
278.9482 	DATA 	Keypress: 5
280.4314 	DATA 	Keypress: 5
280.8961 	EXP 	New trial (rep=0, index=22): OrderedDict([('Word', 'stove')])
280.9105 	EXP 	text_3: autoDraw = False
280.9105 	EXP 	text_5: autoDraw = False
280.9105 	EXP 	text_3: autoDraw = False
280.9105 	EXP 	text_4: autoDraw = False
280.9105 	EXP 	text_5: autoDraw = False
280.9105 	EXP 	text_3: text = 'stove'
280.9105 	EXP 	text_4: autoDraw = True
281.8940 	EXP 	text_3: autoDraw = True
281.9099 	EXP 	text_4: autoDraw = False
281.9480 	DATA 	Keypress: 5
283.4523 	DATA 	Keypress: 5
284.9521 	DATA 	Keypress: 5
286.4308 	DATA 	Keypress: 5
286.8931 	EXP 	text_5: autoDraw = True
287.3625 	DATA 	Keypress: 2
287.9366 	DATA 	Keypress: 5
289.4312 	DATA 	Keypress: 5
290.9358 	DATA 	Keypress: 5
291.8846 	EXP 	New trial (rep=0, index=23): OrderedDict([('Word', 'hairstylist')])
291.8994 	EXP 	text_3: autoDraw = False
291.8994 	EXP 	text_5: autoDraw = False
291.8994 	EXP 	text_3: autoDraw = False
291.8994 	EXP 	text_4: autoDraw = False
291.8994 	EXP 	text_5: autoDraw = False
291.8994 	EXP 	text_3: text = 'hairstylist'
291.8994 	EXP 	text_4: autoDraw = True
292.4483 	DATA 	Keypress: 5
292.8994 	EXP 	text_3: autoDraw = True
292.8994 	EXP 	text_4: autoDraw = False
293.9486 	DATA 	Keypress: 5
295.4308 	DATA 	Keypress: 5
296.9478 	DATA 	Keypress: 5
297.8942 	EXP 	text_5: autoDraw = True
298.4160 	DATA 	Keypress: 1
298.4312 	DATA 	Keypress: 5
299.9315 	DATA 	Keypress: 5
301.4314 	DATA 	Keypress: 5
302.8934 	EXP 	text_5: autoDraw = False
302.8953 	EXP 	New trial (rep=0, index=24): OrderedDict([('Word', 'hair')])
302.9102 	EXP 	text_3: autoDraw = False
302.9102 	EXP 	text_3: autoDraw = False
302.9102 	EXP 	text_4: autoDraw = False
302.9102 	EXP 	text_5: autoDraw = False
302.9102 	EXP 	text_3: text = 'hair'
302.9102 	EXP 	text_4: autoDraw = True
302.9477 	DATA 	Keypress: 5
303.8995 	EXP 	text_3: autoDraw = True
303.9107 	EXP 	text_4: autoDraw = False
304.4478 	DATA 	Keypress: 5
305.9354 	DATA 	Keypress: 5
307.4472 	DATA 	Keypress: 5
308.8995 	EXP 	text_5: autoDraw = True
308.9313 	DATA 	Keypress: 5
310.0655 	DATA 	Keypress: 2
310.4311 	DATA 	Keypress: 5
311.9313 	DATA 	Keypress: 5
313.4313 	DATA 	Keypress: 5
313.8962 	EXP 	New trial (rep=0, index=25): OrderedDict([('Word', 'cheesecake')])
313.9158 	EXP 	text_3: autoDraw = False
313.9158 	EXP 	text_5: autoDraw = False
313.9158 	EXP 	text_3: autoDraw = False
313.9158 	EXP 	text_4: autoDraw = False
313.9158 	EXP 	text_5: autoDraw = False
313.9158 	EXP 	text_3: text = 'cheesecake'
313.9158 	EXP 	text_4: autoDraw = True
314.8983 	EXP 	text_3: autoDraw = True
314.9108 	EXP 	text_4: autoDraw = False
314.9350 	DATA 	Keypress: 5
316.4308 	DATA 	Keypress: 5
317.9306 	DATA 	Keypress: 5
319.4308 	DATA 	Keypress: 5
319.8991 	EXP 	text_5: autoDraw = True
320.4158 	DATA 	Keypress: 2
320.9313 	DATA 	Keypress: 5
322.4310 	DATA 	Keypress: 5
323.9349 	DATA 	Keypress: 5
324.8964 	EXP 	New trial (rep=0, index=26): OrderedDict([('Word', 'mirror')])
324.9111 	EXP 	text_3: autoDraw = False
324.9111 	EXP 	text_5: autoDraw = False
324.9111 	EXP 	text_3: autoDraw = False
324.9111 	EXP 	text_4: autoDraw = False
324.9111 	EXP 	text_5: autoDraw = False
324.9111 	EXP 	text_3: text = 'mirror'
324.9111 	EXP 	text_4: autoDraw = True
325.4345 	DATA 	Keypress: 5
325.8942 	EXP 	text_3: autoDraw = True
325.9109 	EXP 	text_4: autoDraw = False
326.9308 	DATA 	Keypress: 5
328.4308 	DATA 	Keypress: 5
329.9342 	DATA 	Keypress: 5
330.8943 	EXP 	text_5: autoDraw = True
331.3815 	DATA 	Keypress: 2
331.4313 	DATA 	Keypress: 5
332.9348 	DATA 	Keypress: 5
334.4312 	DATA 	Keypress: 5
335.8797 	EXP 	New trial (rep=0, index=27): OrderedDict([('Word', 'chipmunk')])
335.8987 	EXP 	text_3: autoDraw = False
335.8987 	EXP 	text_5: autoDraw = False
335.8987 	EXP 	text_3: autoDraw = False
335.8987 	EXP 	text_4: autoDraw = False
335.8987 	EXP 	text_5: autoDraw = False
335.8987 	EXP 	text_3: text = 'chipmunk'
335.8987 	EXP 	text_4: autoDraw = True
335.9511 	DATA 	Keypress: 5
336.8775 	EXP 	text_3: autoDraw = True
336.9107 	EXP 	text_4: autoDraw = False
337.4348 	DATA 	Keypress: 5
338.9346 	DATA 	Keypress: 5
340.4309 	DATA 	Keypress: 5
341.8818 	EXP 	text_5: autoDraw = True
341.9349 	DATA 	Keypress: 5
342.6364 	DATA 	Keypress: 1
343.4314 	DATA 	Keypress: 5
344.9348 	DATA 	Keypress: 5
346.4349 	DATA 	Keypress: 5
346.8671 	EXP 	New trial (rep=0, index=28): OrderedDict([('Word', 'ketchup')])
346.8767 	EXP 	text_3: autoDraw = False
346.8767 	EXP 	text_5: autoDraw = False
346.8767 	EXP 	text_3: autoDraw = False
346.8767 	EXP 	text_4: autoDraw = False
346.8767 	EXP 	text_5: autoDraw = False
346.8767 	EXP 	text_3: text = 'ketchup'
346.8767 	EXP 	text_4: autoDraw = True
347.8819 	EXP 	text_3: autoDraw = True
347.8819 	EXP 	text_4: autoDraw = False
347.9346 	DATA 	Keypress: 5
349.4310 	DATA 	Keypress: 5
350.9342 	DATA 	Keypress: 5
352.4483 	DATA 	Keypress: 5
352.8610 	EXP 	text_5: autoDraw = True
353.4302 	DATA 	Keypress: 2
353.9312 	DATA 	Keypress: 5
355.4311 	DATA 	Keypress: 5
356.9312 	DATA 	Keypress: 5
357.8610 	EXP 	text_5: autoDraw = False
357.8796 	EXP 	New trial (rep=0, index=29): OrderedDict([('Word', 'leopard')])
357.8983 	EXP 	text_3: autoDraw = False
357.8983 	EXP 	text_3: autoDraw = False
357.8983 	EXP 	text_4: autoDraw = False
357.8983 	EXP 	text_5: autoDraw = False
357.8983 	EXP 	text_3: text = 'leopard'
357.8983 	EXP 	text_4: autoDraw = True
358.4482 	DATA 	Keypress: 5
358.8774 	EXP 	text_3: autoDraw = True
358.9152 	EXP 	text_4: autoDraw = False
359.9345 	DATA 	Keypress: 5
360.4522 	DATA 	Keypress: 1
361.4347 	DATA 	Keypress: 5
362.9307 	DATA 	Keypress: 5
363.8645 	EXP 	text_5: autoDraw = True
364.4332 	DATA 	Keypress: 5
365.9308 	DATA 	Keypress: 5
367.4300 	DATA 	Keypress: 5
368.8628 	EXP 	New trial (rep=0, index=30): OrderedDict([('Word', 'grandfather')])
368.8769 	EXP 	text_3: autoDraw = False
368.8769 	EXP 	text_5: autoDraw = False
368.8769 	EXP 	text_3: autoDraw = False
368.8769 	EXP 	text_4: autoDraw = False
368.8769 	EXP 	text_5: autoDraw = False
368.8769 	EXP 	text_3: text = 'grandfather'
368.8769 	EXP 	text_4: autoDraw = True
368.9302 	DATA 	Keypress: 5
369.8608 	EXP 	text_3: autoDraw = True
369.8768 	EXP 	text_4: autoDraw = False
370.4302 	DATA 	Keypress: 5
371.9140 	DATA 	Keypress: 1
371.9295 	DATA 	Keypress: 5
373.4304 	DATA 	Keypress: 5
374.8609 	EXP 	text_5: autoDraw = True
374.9307 	DATA 	Keypress: 5
375.5487 	DATA 	Keypress: 1
376.4349 	DATA 	Keypress: 5
377.9307 	DATA 	Keypress: 5
379.4306 	DATA 	Keypress: 5
379.8500 	EXP 	New trial (rep=0, index=31): OrderedDict([('Word', 'cheerleader')])
379.8602 	EXP 	text_3: autoDraw = False
379.8602 	EXP 	text_5: autoDraw = False
379.8602 	EXP 	text_3: autoDraw = False
379.8602 	EXP 	text_4: autoDraw = False
379.8602 	EXP 	text_5: autoDraw = False
379.8602 	EXP 	text_3: text = 'cheerleader'
379.8602 	EXP 	text_4: autoDraw = True
380.8441 	EXP 	text_3: autoDraw = True
380.8650 	EXP 	text_4: autoDraw = False
380.9349 	DATA 	Keypress: 5
382.4304 	DATA 	Keypress: 5
383.9333 	DATA 	Keypress: 5
385.4303 	DATA 	Keypress: 5
385.8611 	EXP 	text_5: autoDraw = True
386.6012 	DATA 	Keypress: 1
386.9336 	DATA 	Keypress: 5
388.4305 	DATA 	Keypress: 5
389.9337 	DATA 	Keypress: 5
390.8483 	EXP 	text_3: autoDraw = False
390.8504 	EXP 	New trial (rep=0, index=32): OrderedDict([('Word', 'knight')])
390.8651 	EXP 	text_5: autoDraw = False
390.8651 	EXP 	text_3: autoDraw = False
390.8651 	EXP 	text_4: autoDraw = False
390.8651 	EXP 	text_5: autoDraw = False
390.8651 	EXP 	text_3: text = 'knight'
390.8651 	EXP 	text_4: autoDraw = True
391.4301 	DATA 	Keypress: 5
391.8443 	EXP 	text_3: autoDraw = True
391.8815 	EXP 	text_4: autoDraw = False
392.9308 	DATA 	Keypress: 5
394.4304 	DATA 	Keypress: 5
395.9333 	DATA 	Keypress: 5
396.8444 	EXP 	text_5: autoDraw = True
397.3509 	DATA 	Keypress: 1
397.4303 	DATA 	Keypress: 5
398.9300 	DATA 	Keypress: 5
400.4308 	DATA 	Keypress: 5
401.8299 	EXP 	New trial (rep=0, index=33): OrderedDict([('Word', 'baby')])
401.8436 	EXP 	text_3: autoDraw = False
401.8436 	EXP 	text_5: autoDraw = False
401.8436 	EXP 	text_3: autoDraw = False
401.8436 	EXP 	text_4: autoDraw = False
401.8436 	EXP 	text_5: autoDraw = False
401.8436 	EXP 	text_3: text = 'baby'
401.8436 	EXP 	text_4: autoDraw = True
401.9482 	DATA 	Keypress: 5
402.8276 	EXP 	text_3: autoDraw = True
402.8436 	EXP 	text_4: autoDraw = False
403.4297 	DATA 	Keypress: 5
404.9304 	DATA 	Keypress: 5
406.4305 	DATA 	Keypress: 5
407.8278 	EXP 	text_5: autoDraw = True
407.9308 	DATA 	Keypress: 5
408.6313 	DATA 	Keypress: 1
409.4341 	DATA 	Keypress: 5
410.9333 	DATA 	Keypress: 5
412.4335 	DATA 	Keypress: 5
412.8134 	EXP 	New trial (rep=0, index=34): OrderedDict([('Word', 'fingerprint')])
412.8272 	EXP 	text_3: autoDraw = False
412.8272 	EXP 	text_5: autoDraw = False
412.8272 	EXP 	text_3: autoDraw = False
412.8272 	EXP 	text_4: autoDraw = False
412.8272 	EXP 	text_5: autoDraw = False
412.8272 	EXP 	text_3: text = 'fingerprint'
412.8272 	EXP 	text_4: autoDraw = True
413.8141 	EXP 	text_3: autoDraw = True
413.8309 	EXP 	text_4: autoDraw = False
413.9337 	DATA 	Keypress: 5
415.4305 	DATA 	Keypress: 5
416.9304 	DATA 	Keypress: 5
418.4301 	DATA 	Keypress: 5
418.8103 	EXP 	text_5: autoDraw = True
419.2474 	DATA 	Keypress: 2
419.9303 	DATA 	Keypress: 5
421.4303 	DATA 	Keypress: 5
422.9303 	DATA 	Keypress: 5
423.8103 	EXP 	text_5: autoDraw = False
423.8122 	EXP 	New trial (rep=0, index=35): OrderedDict([('Word', 'scalpel')])
423.8276 	EXP 	text_3: autoDraw = False
423.8276 	EXP 	text_3: autoDraw = False
423.8276 	EXP 	text_4: autoDraw = False
423.8276 	EXP 	text_5: autoDraw = False
423.8276 	EXP 	text_3: text = 'scalpel'
423.8276 	EXP 	text_4: autoDraw = True
424.4298 	DATA 	Keypress: 5
424.8113 	EXP 	text_3: autoDraw = True
424.8275 	EXP 	text_4: autoDraw = False
425.9304 	DATA 	Keypress: 5
427.4305 	DATA 	Keypress: 5
428.9304 	DATA 	Keypress: 5
429.8109 	EXP 	text_5: autoDraw = True
430.4337 	DATA 	Keypress: 5
430.4974 	DATA 	Keypress: 2
431.9339 	DATA 	Keypress: 5
433.4308 	DATA 	Keypress: 5
434.8110 	EXP 	New trial (rep=0, index=36): OrderedDict([('Word', 'donkey')])
434.8269 	EXP 	text_3: autoDraw = False
434.8269 	EXP 	text_5: autoDraw = False
434.8269 	EXP 	text_3: autoDraw = False
434.8269 	EXP 	text_4: autoDraw = False
434.8269 	EXP 	text_5: autoDraw = False
434.8269 	EXP 	text_3: text = 'donkey'
434.8269 	EXP 	text_4: autoDraw = True
434.9303 	DATA 	Keypress: 5
435.8108 	EXP 	text_3: autoDraw = True
435.8277 	EXP 	text_4: autoDraw = False
436.4304 	DATA 	Keypress: 5
437.9297 	DATA 	Keypress: 5
438.3957 	DATA 	Keypress: 1
439.4306 	DATA 	Keypress: 5
440.8103 	EXP 	text_5: autoDraw = True
440.9302 	DATA 	Keypress: 5
441.2988 	DATA 	Keypress: 1
442.4301 	DATA 	Keypress: 5
443.9310 	DATA 	Keypress: 5
445.4304 	DATA 	Keypress: 5
445.7971 	EXP 	New trial (rep=0, index=37): OrderedDict([('Word', 'treadmill')])
445.8101 	EXP 	text_3: autoDraw = False
445.8101 	EXP 	text_5: autoDraw = False
445.8101 	EXP 	text_3: autoDraw = False
445.8101 	EXP 	text_4: autoDraw = False
445.8101 	EXP 	text_5: autoDraw = False
445.8101 	EXP 	text_3: text = 'treadmill'
445.8101 	EXP 	text_4: autoDraw = True
446.7943 	EXP 	text_3: autoDraw = True
446.8103 	EXP 	text_4: autoDraw = False
446.9298 	DATA 	Keypress: 5
448.4305 	DATA 	Keypress: 5
449.9300 	DATA 	Keypress: 5
451.4335 	DATA 	Keypress: 5
451.7974 	EXP 	text_5: autoDraw = True
452.7321 	DATA 	Keypress: 2
452.9312 	DATA 	Keypress: 5
454.4337 	DATA 	Keypress: 5
455.9310 	DATA 	Keypress: 5
456.7936 	EXP 	text_3: autoDraw = False
456.7954 	EXP 	New trial (rep=0, index=38): OrderedDict([('Word', 'ladybug')])
456.8104 	EXP 	text_5: autoDraw = False
456.8104 	EXP 	text_3: autoDraw = False
456.8104 	EXP 	text_4: autoDraw = False
456.8104 	EXP 	text_5: autoDraw = False
456.8104 	EXP 	text_3: text = 'ladybug'
456.8104 	EXP 	text_4: autoDraw = True
457.4303 	DATA 	Keypress: 5
457.7944 	EXP 	text_3: autoDraw = True
457.8103 	EXP 	text_4: autoDraw = False
458.9305 	DATA 	Keypress: 5
460.4310 	DATA 	Keypress: 5
461.9307 	DATA 	Keypress: 5
462.7944 	EXP 	text_5: autoDraw = True
463.4306 	DATA 	Keypress: 5
463.6978 	DATA 	Keypress: 1
464.9307 	DATA 	Keypress: 5
466.4302 	DATA 	Keypress: 5
467.7792 	EXP 	New trial (rep=0, index=39): OrderedDict([('Word', 'camera')])
467.7945 	EXP 	text_3: autoDraw = False
467.7945 	EXP 	text_5: autoDraw = False
467.7945 	EXP 	text_3: autoDraw = False
467.7945 	EXP 	text_4: autoDraw = False
467.7945 	EXP 	text_5: autoDraw = False
467.7945 	EXP 	text_3: text = 'camera'
467.7945 	EXP 	text_4: autoDraw = True
467.9299 	DATA 	Keypress: 5
468.7777 	EXP 	text_3: autoDraw = True
468.7938 	EXP 	text_4: autoDraw = False
469.4298 	DATA 	Keypress: 5
470.9306 	DATA 	Keypress: 5
472.4305 	DATA 	Keypress: 5
473.7778 	EXP 	text_5: autoDraw = True
473.9310 	DATA 	Keypress: 5
474.3312 	DATA 	Keypress: 2
475.4310 	DATA 	Keypress: 5
476.9305 	DATA 	Keypress: 5
478.4314 	DATA 	Keypress: 5
478.7770 	EXP 	text_3: autoDraw = False
478.7770 	EXP 	text_5: autoDraw = False
478.7770 	EXP 	text_3: autoDraw = False
478.7770 	EXP 	text_4: autoDraw = False
478.7770 	EXP 	text_5: autoDraw = False
478.7770 	EXP 	text_6: autoDraw = True
479.9300 	DATA 	Keypress: 5
481.4299 	DATA 	Keypress: 5
482.9301 	DATA 	Keypress: 5
483.7772 	EXP 	text_6: autoDraw = False
483.7772 	EXP 	text_6: autoDraw = False
484.0560 	EXP 	window1: mouseVisible = True
