5.7930 	EXP 	Created window1 = Window(allowGUI=False, allowStencil=False, args=UNKNOWN, autoLog=True, bitsMode=UNKNOWN, blendMode='avg', color=array([0., 0., 0.]), colorSpace='rgb', fullscr=<method-wrapper '__getattribute__' of attributeSetter object at 0x148510320>, gamma=None, gammaErrorPolicy='raise', kwargs=UNKNOWN, lms=UNKNOWN, monitor=<psychopy.monitors.calibTools.Monitor object at 0x148381828>, multiSample=False, name='window1', numSamples=2, pos=[0.0, 0.0], screen=0, size=array([1920, 1080]), stereo=False, units='height', useFBO=True, useRetina=False, viewOri=0.0, viewPos=None, viewScale=None, waitBlanking=True, winType='pyglet')
5.7930 	EXP 	window1: recordFrameIntervals = False
5.9581 	EXP 	window1: recordFrameIntervals = True
6.1415 	EXP 	window1: recordFrameIntervals = False
6.5383 	EXP 	Created text = TextStim(__class__=<class 'psychopy.visual.text.TextStim'>, alignHoriz='center', alignVert='center', antialias=True, autoLog=True, bold=False, color='white', colorSpace='named', contrast=1.0, depth=0.0, flipHoriz=False, flipVert=False, font='Arial', fontFiles=[], height=0.03, italic=False, languageStyle='LTR', name='text', opacity=1.0, ori=0, pos=array([0., 0.]), rgb=array([255., 255., 255.]), text=str(...), units='height', win=Window(...), wrapWidth=1)
6.5804 	EXP 	Created text_2 = TextStim(__class__=<class 'psychopy.visual.text.TextStim'>, alignHoriz='center', alignVert='center', antialias=True, autoLog=True, bold=False, color='white', colorSpace='named', contrast=1.0, depth=0.0, flipHoriz=False, flipVert=False, font='Arial', fontFiles=[], height=0.1, italic=False, languageStyle='LTR', name='text_2', opacity=1.0, ori=0, pos=array([0., 0.]), rgb=array([255., 255., 255.]), text='Waiting for the scanner\n', units='height', win=Window(...), wrapWidth=1)
6.6191 	EXP 	Created text_3 = TextStim(__class__=<class 'psychopy.visual.text.TextStim'>, alignHoriz='center', alignVert='center', antialias=True, autoLog=True, bold=False, color='white', colorSpace='named', contrast=1.0, depth=0.0, flipHoriz=False, flipVert=False, font='Arial', fontFiles=[], height=0.1, italic=False, languageStyle='LTR', name='text_3', opacity=1.0, ori=0, pos=array([0., 0.]), rgb=array([255., 255., 255.]), text='default text', units='height', win=Window(...), wrapWidth=1)
6.6213 	EXP 	Created text_4 = TextStim(__class__=<class 'psychopy.visual.text.TextStim'>, alignHoriz='center', alignVert='center', antialias=True, autoLog=True, bold=False, color='white', colorSpace='named', contrast=1.0, depth=-1.0, flipHoriz=False, flipVert=False, font='Arial', fontFiles=[], height=0.1, italic=False, languageStyle='LTR', name='text_4', opacity=1.0, ori=0, pos=array([0., 0.]), rgb=array([255., 255., 255.]), text='+', units='height', win=Window(...), wrapWidth=1)
6.6346 	EXP 	Created text_5 = TextStim(__class__=<class 'psychopy.visual.text.TextStim'>, alignHoriz='center', alignVert='center', antialias=True, autoLog=True, bold=False, color='white', colorSpace='named', contrast=1.0, depth=-2.0, flipHoriz=False, flipVert=False, font='Arial', fontFiles=[], height=0.02, italic=False, languageStyle='LTR', name='text_5', opacity=1.0, ori=0, pos=array([ 0. , -0.3]), rgb=array([255., 255., 255.]), text=str(...), units='height', win=Window(...), wrapWidth=1)
6.6751 	EXP 	Created text_6 = TextStim(__class__=<class 'psychopy.visual.text.TextStim'>, alignHoriz='center', alignVert='center', antialias=True, autoLog=True, bold=False, color='white', colorSpace='named', contrast=1.0, depth=0.0, flipHoriz=False, flipVert=False, font='Arial', fontFiles=[], height=0.1, italic=False, languageStyle='LTR', name='text_6', opacity=1.0, ori=0, pos=array([0., 0.]), rgb=array([255., 255., 255.]), text="That's the end of this task\n", units='height', win=Window(...), wrapWidth=1)
6.6863 	EXP 	text: autoDraw = True
13.1420 	DATA 	Keypress: 1
13.1526 	EXP 	text: autoDraw = False
13.1526 	EXP 	text_2: autoDraw = True
48.3822 	EXP 	Imported wl.csv as conditions, 40 conditions, 1 params
48.3826 	EXP 	Created sequence: random, trialTypes=40, nReps=1, seed=None
48.3829 	EXP 	New trial (rep=0, index=0): OrderedDict([('Word', 'passport')])
48.3918 	DATA 	Keypress: 5
48.4036 	EXP 	text_2: autoDraw = False
48.4036 	EXP 	text_3: text = 'passport'
48.4036 	EXP 	text_4: autoDraw = True
49.3929 	EXP 	text_3: autoDraw = True
49.4097 	EXP 	text_4: autoDraw = False
49.8795 	DATA 	Keypress: 5
51.3790 	DATA 	Keypress: 5
52.8915 	DATA 	Keypress: 5
54.3910 	DATA 	Keypress: 5
54.4036 	EXP 	text_5: autoDraw = True
55.3584 	DATA 	Keypress: 1
55.8804 	DATA 	Keypress: 5
57.3794 	DATA 	Keypress: 5
58.8795 	DATA 	Keypress: 5
59.3893 	EXP 	New trial (rep=0, index=1): OrderedDict([('Word', 'elephant')])
59.4031 	EXP 	text_3: autoDraw = False
59.4031 	EXP 	text_4: autoDraw = False
59.4031 	EXP 	text_5: autoDraw = False
59.4031 	EXP 	text_3: text = 'elephant'
59.4031 	EXP 	text_4: autoDraw = True
60.3868 	EXP 	text_3: autoDraw = True
60.3912 	DATA 	Keypress: 5
60.4039 	EXP 	text_4: autoDraw = False
61.8792 	DATA 	Keypress: 5
63.3942 	DATA 	Keypress: 5
64.8792 	DATA 	Keypress: 5
65.3923 	EXP 	text_5: autoDraw = True
66.1905 	DATA 	Keypress: 1
66.3793 	DATA 	Keypress: 5
67.8913 	DATA 	Keypress: 5
69.3793 	DATA 	Keypress: 5
70.3867 	EXP 	text_3: autoDraw = False
70.3886 	EXP 	New trial (rep=0, index=2): OrderedDict([('Word', 'treadmill')])
70.4029 	EXP 	text_3: autoDraw = False
70.4029 	EXP 	text_4: autoDraw = False
70.4029 	EXP 	text_5: autoDraw = False
70.4029 	EXP 	text_3: text = 'treadmill'
70.4029 	EXP 	text_4: autoDraw = True
70.8783 	DATA 	Keypress: 5
71.4026 	EXP 	text_3: autoDraw = True
71.4026 	EXP 	text_4: autoDraw = False
72.3784 	DATA 	Keypress: 5
73.8902 	DATA 	Keypress: 5
75.3906 	DATA 	Keypress: 5
76.4035 	EXP 	text_5: autoDraw = True
76.8789 	DATA 	Keypress: 5
77.3128 	DATA 	Keypress: 2
78.3805 	DATA 	Keypress: 5
79.8799 	DATA 	Keypress: 5
81.3797 	DATA 	Keypress: 5
81.3941 	EXP 	New trial (rep=0, index=3): OrderedDict([('Word', 'bulldozer')])
81.4095 	EXP 	text_3: autoDraw = False
81.4095 	EXP 	text_4: autoDraw = False
81.4095 	EXP 	text_5: autoDraw = False
81.4095 	EXP 	text_3: text = 'bulldozer'
81.4095 	EXP 	text_4: autoDraw = True
82.3926 	EXP 	text_3: autoDraw = True
82.4088 	EXP 	text_4: autoDraw = False
82.8791 	DATA 	Keypress: 5
84.3790 	DATA 	Keypress: 5
85.8787 	DATA 	Keypress: 5
87.3908 	DATA 	Keypress: 5
87.4025 	EXP 	text_5: autoDraw = True
88.6400 	DATA 	Keypress: 2
88.8908 	DATA 	Keypress: 5
90.3792 	DATA 	Keypress: 5
91.8798 	DATA 	Keypress: 5
92.3929 	EXP 	text_3: autoDraw = False
92.3948 	EXP 	New trial (rep=0, index=4): OrderedDict([('Word', 'knight')])
92.4090 	EXP 	text_3: autoDraw = False
92.4090 	EXP 	text_4: autoDraw = False
92.4090 	EXP 	text_5: autoDraw = False
92.4090 	EXP 	text_3: text = 'knight'
92.4090 	EXP 	text_4: autoDraw = True
93.3804 	DATA 	Keypress: 5
93.3931 	EXP 	text_3: autoDraw = True
93.4091 	EXP 	text_4: autoDraw = False
94.8904 	DATA 	Keypress: 5
96.3907 	DATA 	Keypress: 5
97.8785 	DATA 	Keypress: 5
98.3930 	EXP 	text_5: autoDraw = True
99.0408 	DATA 	Keypress: 1
99.3796 	DATA 	Keypress: 5
100.8791 	DATA 	Keypress: 5
102.3796 	DATA 	Keypress: 5
103.3786 	EXP 	New trial (rep=0, index=5): OrderedDict([('Word', 'seahorse')])
103.3924 	EXP 	text_3: autoDraw = False
103.3924 	EXP 	text_5: autoDraw = False
103.3924 	EXP 	text_3: autoDraw = False
103.3924 	EXP 	text_4: autoDraw = False
103.3924 	EXP 	text_5: autoDraw = False
103.3924 	EXP 	text_3: text = 'seahorse'
103.3924 	EXP 	text_4: autoDraw = True
103.9270 	DATA 	Keypress: 5
104.3758 	EXP 	text_3: autoDraw = True
104.3932 	EXP 	text_4: autoDraw = False
105.3791 	DATA 	Keypress: 5
106.8792 	DATA 	Keypress: 5
108.3900 	DATA 	Keypress: 5
109.3765 	EXP 	text_5: autoDraw = True
109.8787 	DATA 	Keypress: 5
110.0286 	DATA 	Keypress: 1
111.3796 	DATA 	Keypress: 5
112.8797 	DATA 	Keypress: 5
114.3714 	EXP 	New trial (rep=0, index=6): OrderedDict([('Word', 'airplane')])
114.3793 	DATA 	Keypress: 5
114.3858 	EXP 	text_3: autoDraw = False
114.3858 	EXP 	text_5: autoDraw = False
114.3858 	EXP 	text_3: autoDraw = False
114.3858 	EXP 	text_4: autoDraw = False
114.3858 	EXP 	text_5: autoDraw = False
114.3858 	EXP 	text_3: text = 'airplane'
114.3858 	EXP 	text_4: autoDraw = True
115.3858 	EXP 	text_3: autoDraw = True
115.3926 	EXP 	text_4: autoDraw = False
115.8794 	DATA 	Keypress: 5
117.3901 	DATA 	Keypress: 5
118.8795 	DATA 	Keypress: 5
120.3764 	EXP 	text_5: autoDraw = True
120.3800 	DATA 	Keypress: 5
120.9962 	DATA 	Keypress: 2
121.8793 	DATA 	Keypress: 5
123.3909 	DATA 	Keypress: 5
124.8800 	DATA 	Keypress: 5
125.3765 	EXP 	text_5: autoDraw = False
125.3784 	EXP 	New trial (rep=0, index=7): OrderedDict([('Word', 'cheesecake')])
125.3926 	EXP 	text_3: autoDraw = False
125.3926 	EXP 	text_3: autoDraw = False
125.3926 	EXP 	text_4: autoDraw = False
125.3926 	EXP 	text_5: autoDraw = False
125.3926 	EXP 	text_3: text = 'cheesecake'
125.3926 	EXP 	text_4: autoDraw = True
126.3757 	EXP 	text_3: autoDraw = True
126.3789 	DATA 	Keypress: 5
126.3926 	EXP 	text_4: autoDraw = False
127.8790 	DATA 	Keypress: 5
129.3793 	DATA 	Keypress: 5
130.8791 	DATA 	Keypress: 5
131.3862 	EXP 	text_5: autoDraw = True
132.3794 	DATA 	Keypress: 2
132.3815 	DATA 	Keypress: 5
133.8790 	DATA 	Keypress: 5
135.3797 	DATA 	Keypress: 5
136.3760 	EXP 	text_3: autoDraw = False
136.3779 	EXP 	New trial (rep=0, index=8): OrderedDict([('Word', 'microscope')])
136.3924 	EXP 	text_5: autoDraw = False
136.3924 	EXP 	text_3: autoDraw = False
136.3924 	EXP 	text_4: autoDraw = False
136.3924 	EXP 	text_5: autoDraw = False
136.3924 	EXP 	text_3: text = 'microscope'
136.3924 	EXP 	text_4: autoDraw = True
136.8794 	DATA 	Keypress: 5
137.3762 	EXP 	text_3: autoDraw = True
137.3933 	EXP 	text_4: autoDraw = False
138.3792 	DATA 	Keypress: 5
139.8785 	DATA 	Keypress: 5
141.3786 	DATA 	Keypress: 5
142.3858 	EXP 	text_5: autoDraw = True
142.8796 	DATA 	Keypress: 5
143.1123 	DATA 	Keypress: 2
144.3797 	DATA 	Keypress: 5
145.8797 	DATA 	Keypress: 5
147.3756 	EXP 	text_3: autoDraw = False
147.3771 	EXP 	New trial (rep=0, index=9): OrderedDict([('Word', 'stove')])
147.3844 	DATA 	Keypress: 5
147.3926 	EXP 	text_5: autoDraw = False
147.3926 	EXP 	text_3: autoDraw = False
147.3926 	EXP 	text_4: autoDraw = False
147.3926 	EXP 	text_5: autoDraw = False
147.3926 	EXP 	text_3: text = 'stove'
147.3926 	EXP 	text_4: autoDraw = True
148.3766 	EXP 	text_3: autoDraw = True
148.3926 	EXP 	text_4: autoDraw = False
148.8790 	DATA 	Keypress: 5
150.3787 	DATA 	Keypress: 5
151.8786 	DATA 	Keypress: 5
153.3761 	EXP 	text_5: autoDraw = True
153.3796 	DATA 	Keypress: 5
154.2399 	DATA 	Keypress: 2
154.8799 	DATA 	Keypress: 5
156.3793 	DATA 	Keypress: 5
157.8791 	DATA 	Keypress: 5
158.3621 	EXP 	New trial (rep=0, index=10): OrderedDict([('Word', 'platypus')])
158.3756 	EXP 	text_3: autoDraw = False
158.3756 	EXP 	text_5: autoDraw = False
158.3756 	EXP 	text_3: autoDraw = False
158.3756 	EXP 	text_4: autoDraw = False
158.3756 	EXP 	text_5: autoDraw = False
158.3756 	EXP 	text_3: text = 'platypus'
158.3756 	EXP 	text_4: autoDraw = True
159.3759 	EXP 	text_3: autoDraw = True
159.3759 	EXP 	text_4: autoDraw = False
159.3790 	DATA 	Keypress: 5
160.8783 	DATA 	Keypress: 5
162.3788 	DATA 	Keypress: 5
163.8884 	DATA 	Keypress: 5
164.3593 	EXP 	text_5: autoDraw = True
164.9625 	DATA 	Keypress: 1
165.3796 	DATA 	Keypress: 5
166.8791 	DATA 	Keypress: 5
168.3787 	DATA 	Keypress: 5
169.3593 	EXP 	text_5: autoDraw = False
169.3615 	EXP 	New trial (rep=0, index=11): OrderedDict([('Word', 'binoculars')])
169.3760 	EXP 	text_3: autoDraw = False
169.3760 	EXP 	text_3: autoDraw = False
169.3760 	EXP 	text_4: autoDraw = False
169.3760 	EXP 	text_5: autoDraw = False
169.3760 	EXP 	text_3: text = 'binoculars'
169.3760 	EXP 	text_4: autoDraw = True
169.8785 	DATA 	Keypress: 5
170.3600 	EXP 	text_3: autoDraw = True
170.3765 	EXP 	text_4: autoDraw = False
171.3785 	DATA 	Keypress: 5
172.8896 	DATA 	Keypress: 5
174.3786 	DATA 	Keypress: 5
175.3594 	EXP 	text_5: autoDraw = True
175.8786 	DATA 	Keypress: 5
175.9464 	DATA 	Keypress: 2
177.3790 	DATA 	Keypress: 5
178.8893 	DATA 	Keypress: 5
180.3456 	EXP 	New trial (rep=0, index=12): OrderedDict([('Word', 'snowball')])
180.3687 	EXP 	text_3: autoDraw = False
180.3687 	EXP 	text_5: autoDraw = False
180.3687 	EXP 	text_3: autoDraw = False
180.3687 	EXP 	text_4: autoDraw = False
180.3687 	EXP 	text_5: autoDraw = False
180.3687 	EXP 	text_3: text = 'snowball'
180.3687 	EXP 	text_4: autoDraw = True
180.3888 	DATA 	Keypress: 5
181.3431 	EXP 	text_3: autoDraw = True
181.3848 	EXP 	text_4: autoDraw = False
181.8891 	DATA 	Keypress: 5
183.3786 	DATA 	Keypress: 5
184.8898 	DATA 	Keypress: 5
186.3430 	EXP 	text_5: autoDraw = True
186.3788 	DATA 	Keypress: 5
186.9886 	DATA 	Keypress: 2
187.8899 	DATA 	Keypress: 5
189.3892 	DATA 	Keypress: 5
190.8900 	DATA 	Keypress: 5
191.3368 	EXP 	New trial (rep=0, index=13): OrderedDict([('Word', 'waterfall')])
191.3517 	EXP 	text_3: autoDraw = False
191.3517 	EXP 	text_5: autoDraw = False
191.3517 	EXP 	text_3: autoDraw = False
191.3517 	EXP 	text_4: autoDraw = False
191.3517 	EXP 	text_5: autoDraw = False
191.3517 	EXP 	text_3: text = 'waterfall'
191.3517 	EXP 	text_4: autoDraw = True
192.3352 	EXP 	text_3: autoDraw = True
192.3520 	EXP 	text_4: autoDraw = False
192.3787 	DATA 	Keypress: 5
193.8788 	DATA 	Keypress: 5
195.3790 	DATA 	Keypress: 5
196.8789 	DATA 	Keypress: 5
197.3266 	EXP 	text_5: autoDraw = True
197.8468 	DATA 	Keypress: 2
198.3788 	DATA 	Keypress: 5
199.8790 	DATA 	Keypress: 5
201.3792 	DATA 	Keypress: 5
202.3262 	EXP 	text_5: autoDraw = False
202.3280 	EXP 	New trial (rep=0, index=14): OrderedDict([('Word', 'ladybug')])
202.3425 	EXP 	text_3: autoDraw = False
202.3425 	EXP 	text_3: autoDraw = False
202.3425 	EXP 	text_4: autoDraw = False
202.3425 	EXP 	text_5: autoDraw = False
202.3425 	EXP 	text_3: text = 'ladybug'
202.3425 	EXP 	text_4: autoDraw = True
202.8888 	DATA 	Keypress: 5
203.3353 	EXP 	text_3: autoDraw = True
203.3522 	EXP 	text_4: autoDraw = False
204.3895 	DATA 	Keypress: 5
205.8896 	DATA 	Keypress: 5
207.3786 	DATA 	Keypress: 5
208.3262 	EXP 	text_5: autoDraw = True
208.8043 	DATA 	Keypress: 1
208.8897 	DATA 	Keypress: 5
210.3787 	DATA 	Keypress: 5
211.8789 	DATA 	Keypress: 5
213.3259 	EXP 	text_5: autoDraw = False
213.3281 	EXP 	New trial (rep=0, index=15): OrderedDict([('Word', 'leopard')])
213.3435 	EXP 	text_3: autoDraw = False
213.3435 	EXP 	text_3: autoDraw = False
213.3435 	EXP 	text_4: autoDraw = False
213.3435 	EXP 	text_5: autoDraw = False
213.3435 	EXP 	text_3: text = 'leopard'
213.3435 	EXP 	text_4: autoDraw = True
213.3877 	DATA 	Keypress: 5
214.3266 	EXP 	text_3: autoDraw = True
214.3435 	EXP 	text_4: autoDraw = False
214.8787 	DATA 	Keypress: 5
216.3886 	DATA 	Keypress: 5
217.8787 	DATA 	Keypress: 5
219.3268 	EXP 	text_5: autoDraw = True
219.3791 	DATA 	Keypress: 5
219.9642 	DATA 	Keypress: 1
220.8791 	DATA 	Keypress: 5
222.3791 	DATA 	Keypress: 5
223.8790 	DATA 	Keypress: 5
224.3203 	EXP 	New trial (rep=0, index=16): OrderedDict([('Word', 'necklace')])
224.3350 	EXP 	text_3: autoDraw = False
224.3350 	EXP 	text_5: autoDraw = False
224.3350 	EXP 	text_3: autoDraw = False
224.3350 	EXP 	text_4: autoDraw = False
224.3350 	EXP 	text_5: autoDraw = False
224.3350 	EXP 	text_3: text = 'necklace'
224.3350 	EXP 	text_4: autoDraw = True
225.3261 	EXP 	text_3: autoDraw = True
225.3433 	EXP 	text_4: autoDraw = False
225.3789 	DATA 	Keypress: 5
226.8787 	DATA 	Keypress: 5
228.3787 	DATA 	Keypress: 5
229.8782 	DATA 	Keypress: 5
230.3261 	EXP 	text_5: autoDraw = True
231.3788 	DATA 	Keypress: 5
231.4644 	DATA 	Keypress: 2
232.8893 	DATA 	Keypress: 5
234.3787 	DATA 	Keypress: 5
235.3124 	EXP 	New trial (rep=0, index=17): OrderedDict([('Word', 'violinist')])
235.3263 	EXP 	text_3: autoDraw = False
235.3263 	EXP 	text_5: autoDraw = False
235.3263 	EXP 	text_3: autoDraw = False
235.3263 	EXP 	text_4: autoDraw = False
235.3263 	EXP 	text_5: autoDraw = False
235.3263 	EXP 	text_3: text = 'violinist'
235.3263 	EXP 	text_4: autoDraw = True
235.8780 	DATA 	Keypress: 5
236.3181 	EXP 	text_3: autoDraw = True
236.3344 	EXP 	text_4: autoDraw = False
237.3786 	DATA 	Keypress: 5
238.8786 	DATA 	Keypress: 5
240.3787 	DATA 	Keypress: 5
241.3096 	EXP 	text_5: autoDraw = True
241.8789 	DATA 	Keypress: 5
241.8964 	DATA 	Keypress: 1
243.3789 	DATA 	Keypress: 5
244.8789 	DATA 	Keypress: 5
246.3177 	EXP 	text_5: autoDraw = False
246.3199 	EXP 	New trial (rep=0, index=18): OrderedDict([('Word', 'hummingbird')])
246.3338 	EXP 	text_3: autoDraw = False
246.3338 	EXP 	text_3: autoDraw = False
246.3338 	EXP 	text_4: autoDraw = False
246.3338 	EXP 	text_5: autoDraw = False
246.3338 	EXP 	text_3: text = 'hummingbird'
246.3338 	EXP 	text_4: autoDraw = True
246.3784 	DATA 	Keypress: 5
247.3267 	EXP 	text_3: autoDraw = True
247.3511 	EXP 	text_4: autoDraw = False
247.8788 	DATA 	Keypress: 5
249.3786 	DATA 	Keypress: 5
250.8788 	DATA 	Keypress: 5
252.3268 	EXP 	text_5: autoDraw = True
252.3790 	DATA 	Keypress: 5
252.8476 	DATA 	Keypress: 1
253.8791 	DATA 	Keypress: 5
255.3792 	DATA 	Keypress: 5
256.8795 	DATA 	Keypress: 5
257.3118 	EXP 	New trial (rep=0, index=19): OrderedDict([('Word', 'keyboard')])
257.3261 	EXP 	text_3: autoDraw = False
257.3261 	EXP 	text_5: autoDraw = False
257.3261 	EXP 	text_3: autoDraw = False
257.3261 	EXP 	text_4: autoDraw = False
257.3261 	EXP 	text_5: autoDraw = False
257.3261 	EXP 	text_3: text = 'keyboard'
257.3261 	EXP 	text_4: autoDraw = True
258.3100 	EXP 	text_3: autoDraw = True
258.3260 	EXP 	text_4: autoDraw = False
258.3790 	DATA 	Keypress: 5
259.8792 	DATA 	Keypress: 5
261.3791 	DATA 	Keypress: 5
262.8791 	DATA 	Keypress: 5
263.3175 	EXP 	text_5: autoDraw = True
263.9206 	DATA 	Keypress: 2
264.3795 	DATA 	Keypress: 5
265.8795 	DATA 	Keypress: 5
267.3795 	DATA 	Keypress: 5
268.3101 	EXP 	text_3: autoDraw = False
268.3120 	EXP 	New trial (rep=0, index=20): OrderedDict([('Word', 'porcupine')])
268.3344 	EXP 	text_5: autoDraw = False
268.3344 	EXP 	text_3: autoDraw = False
268.3344 	EXP 	text_4: autoDraw = False
268.3344 	EXP 	text_5: autoDraw = False
268.3344 	EXP 	text_3: text = 'porcupine'
268.3344 	EXP 	text_4: autoDraw = True
268.8792 	DATA 	Keypress: 5
269.3102 	EXP 	text_3: autoDraw = True
269.3427 	EXP 	text_4: autoDraw = False
270.3793 	DATA 	Keypress: 5
271.8791 	DATA 	Keypress: 5
273.3794 	DATA 	Keypress: 5
274.3102 	EXP 	text_5: autoDraw = True
274.6380 	DATA 	Keypress: 1
274.8792 	DATA 	Keypress: 5
276.3795 	DATA 	Keypress: 5
277.8796 	DATA 	Keypress: 5
279.2946 	EXP 	New trial (rep=0, index=21): OrderedDict([('Word', 'ketchup')])
279.3097 	EXP 	text_3: autoDraw = False
279.3097 	EXP 	text_5: autoDraw = False
279.3097 	EXP 	text_3: autoDraw = False
279.3097 	EXP 	text_4: autoDraw = False
279.3097 	EXP 	text_5: autoDraw = False
279.3097 	EXP 	text_3: text = 'ketchup'
279.3097 	EXP 	text_4: autoDraw = True
279.3789 	DATA 	Keypress: 5
280.2936 	EXP 	text_3: autoDraw = True
280.3096 	EXP 	text_4: autoDraw = False
280.8791 	DATA 	Keypress: 5
282.3788 	DATA 	Keypress: 5
283.8790 	DATA 	Keypress: 5
285.2929 	EXP 	text_5: autoDraw = True
285.3795 	DATA 	Keypress: 5
285.7817 	DATA 	Keypress: 2
286.8793 	DATA 	Keypress: 5
288.3793 	DATA 	Keypress: 5
289.8797 	DATA 	Keypress: 5
290.2784 	EXP 	New trial (rep=0, index=22): OrderedDict([('Word', 'grandfather')])
290.2933 	EXP 	text_3: autoDraw = False
290.2933 	EXP 	text_5: autoDraw = False
290.2933 	EXP 	text_3: autoDraw = False
290.2933 	EXP 	text_4: autoDraw = False
290.2933 	EXP 	text_5: autoDraw = False
290.2933 	EXP 	text_3: text = 'grandfather'
290.2933 	EXP 	text_4: autoDraw = True
291.2832 	EXP 	text_3: autoDraw = True
291.2940 	EXP 	text_4: autoDraw = False
291.3791 	DATA 	Keypress: 5
292.8790 	DATA 	Keypress: 5
294.3789 	DATA 	Keypress: 5
295.8791 	DATA 	Keypress: 5
296.2842 	EXP 	text_5: autoDraw = True
296.7965 	DATA 	Keypress: 1
297.3796 	DATA 	Keypress: 5
298.8795 	DATA 	Keypress: 5
300.3797 	DATA 	Keypress: 5
301.2695 	EXP 	New trial (rep=0, index=23): OrderedDict([('Word', 'chipmunk')])
301.2835 	EXP 	text_3: autoDraw = False
301.2835 	EXP 	text_5: autoDraw = False
301.2835 	EXP 	text_3: autoDraw = False
301.2835 	EXP 	text_4: autoDraw = False
301.2835 	EXP 	text_5: autoDraw = False
301.2835 	EXP 	text_3: text = 'chipmunk'
301.2835 	EXP 	text_4: autoDraw = True
301.8793 	DATA 	Keypress: 5
302.2834 	EXP 	text_3: autoDraw = True
302.2935 	EXP 	text_4: autoDraw = False
303.3792 	DATA 	Keypress: 5
304.8787 	DATA 	Keypress: 5
306.3792 	DATA 	Keypress: 5
307.2763 	EXP 	text_5: autoDraw = True
307.8794 	DATA 	Keypress: 1
307.8815 	DATA 	Keypress: 5
309.3798 	DATA 	Keypress: 5
310.8793 	DATA 	Keypress: 5
312.2760 	EXP 	text_5: autoDraw = False
312.2779 	EXP 	New trial (rep=0, index=24): OrderedDict([('Word', 'hairstylist')])
312.2928 	EXP 	text_3: autoDraw = False
312.2928 	EXP 	text_3: autoDraw = False
312.2928 	EXP 	text_4: autoDraw = False
312.2928 	EXP 	text_5: autoDraw = False
312.2928 	EXP 	text_3: text = 'hairstylist'
312.2928 	EXP 	text_4: autoDraw = True
312.3796 	DATA 	Keypress: 5
313.2760 	EXP 	text_3: autoDraw = True
313.2937 	EXP 	text_4: autoDraw = False
313.8789 	DATA 	Keypress: 5
315.3790 	DATA 	Keypress: 5
316.8784 	DATA 	Keypress: 5
318.2838 	EXP 	text_5: autoDraw = True
318.3794 	DATA 	Keypress: 5
318.9128 	DATA 	Keypress: 1
319.8792 	DATA 	Keypress: 5
321.3793 	DATA 	Keypress: 5
322.8794 	DATA 	Keypress: 5
323.2686 	EXP 	New trial (rep=0, index=25): OrderedDict([('Word', 'umbrella')])
323.2837 	EXP 	text_3: autoDraw = False
323.2837 	EXP 	text_5: autoDraw = False
323.2837 	EXP 	text_3: autoDraw = False
323.2837 	EXP 	text_4: autoDraw = False
323.2837 	EXP 	text_5: autoDraw = False
323.2837 	EXP 	text_3: text = 'umbrella'
323.2837 	EXP 	text_4: autoDraw = True
324.2840 	EXP 	text_3: autoDraw = True
324.2840 	EXP 	text_4: autoDraw = False
324.3791 	DATA 	Keypress: 5
325.8791 	DATA 	Keypress: 5
327.3792 	DATA 	Keypress: 5
328.8791 	DATA 	Keypress: 5
329.2770 	EXP 	text_5: autoDraw = True
329.7643 	DATA 	Keypress: 2
330.3795 	DATA 	Keypress: 5
331.8796 	DATA 	Keypress: 5
333.3796 	DATA 	Keypress: 5
334.2764 	EXP 	text_5: autoDraw = False
334.2783 	EXP 	New trial (rep=0, index=26): OrderedDict([('Word', 'donkey')])
334.2935 	EXP 	text_3: autoDraw = False
334.2935 	EXP 	text_3: autoDraw = False
334.2935 	EXP 	text_4: autoDraw = False
334.2935 	EXP 	text_5: autoDraw = False
334.2935 	EXP 	text_3: text = 'donkey'
334.2935 	EXP 	text_4: autoDraw = True
334.8789 	DATA 	Keypress: 5
335.2834 	EXP 	text_3: autoDraw = True
335.2935 	EXP 	text_4: autoDraw = False
336.3787 	DATA 	Keypress: 5
337.8792 	DATA 	Keypress: 5
339.3788 	DATA 	Keypress: 5
340.2835 	EXP 	text_5: autoDraw = True
340.8632 	DATA 	Keypress: 1
340.8794 	DATA 	Keypress: 5
342.3792 	DATA 	Keypress: 5
343.8791 	DATA 	Keypress: 5
345.2790 	EXP 	New trial (rep=0, index=27): OrderedDict([('Word', 'scalpel')])
345.2998 	EXP 	text_3: autoDraw = False
345.2998 	EXP 	text_5: autoDraw = False
345.2998 	EXP 	text_3: autoDraw = False
345.2998 	EXP 	text_4: autoDraw = False
345.2998 	EXP 	text_5: autoDraw = False
345.2998 	EXP 	text_3: text = 'scalpel'
345.2998 	EXP 	text_4: autoDraw = True
345.3789 	DATA 	Keypress: 5
346.2768 	EXP 	text_3: autoDraw = True
346.3096 	EXP 	text_4: autoDraw = False
346.8790 	DATA 	Keypress: 5
348.3790 	DATA 	Keypress: 5
349.8788 	DATA 	Keypress: 5
351.2761 	EXP 	text_5: autoDraw = True
351.3793 	DATA 	Keypress: 5
351.9199 	DATA 	Keypress: 2
352.8794 	DATA 	Keypress: 5
354.3793 	DATA 	Keypress: 5
355.8879 	DATA 	Keypress: 5
356.2685 	EXP 	New trial (rep=0, index=28): OrderedDict([('Word', 'swan')])
356.2828 	EXP 	text_3: autoDraw = False
356.2828 	EXP 	text_5: autoDraw = False
356.2828 	EXP 	text_3: autoDraw = False
356.2828 	EXP 	text_4: autoDraw = False
356.2828 	EXP 	text_5: autoDraw = False
356.2828 	EXP 	text_3: text = 'swan'
356.2828 	EXP 	text_4: autoDraw = True
357.2602 	EXP 	text_3: autoDraw = True
357.2935 	EXP 	text_4: autoDraw = False
357.4111 	DATA 	Keypress: 5
358.8789 	DATA 	Keypress: 5
360.3793 	DATA 	Keypress: 5
361.8793 	DATA 	Keypress: 5
362.2832 	EXP 	text_5: autoDraw = True
362.8964 	DATA 	Keypress: 1
363.3798 	DATA 	Keypress: 5
364.8797 	DATA 	Keypress: 5
366.3798 	DATA 	Keypress: 5
367.2655 	EXP 	text_3: autoDraw = False
367.2854 	EXP 	New trial (rep=0, index=29): OrderedDict([('Word', 'axe')])
367.2995 	EXP 	text_5: autoDraw = False
367.2995 	EXP 	text_3: autoDraw = False
367.2995 	EXP 	text_4: autoDraw = False
367.2995 	EXP 	text_5: autoDraw = False
367.2995 	EXP 	text_3: text = 'axe'
367.2995 	EXP 	text_4: autoDraw = True
367.8792 	DATA 	Keypress: 5
368.2824 	EXP 	text_3: autoDraw = True
368.2935 	EXP 	text_4: autoDraw = False
369.3795 	DATA 	Keypress: 5
370.8794 	DATA 	Keypress: 5
372.3795 	DATA 	Keypress: 5
373.2936 	EXP 	text_5: autoDraw = True
373.8798 	DATA 	Keypress: 5
374.1364 	DATA 	Keypress: 2
375.3798 	DATA 	Keypress: 5
376.8798 	DATA 	Keypress: 5
378.2787 	EXP 	New trial (rep=0, index=30): OrderedDict([('Word', 'coyote')])
378.2989 	EXP 	text_3: autoDraw = False
378.2989 	EXP 	text_5: autoDraw = False
378.2989 	EXP 	text_3: autoDraw = False
378.2989 	EXP 	text_4: autoDraw = False
378.2989 	EXP 	text_5: autoDraw = False
378.2989 	EXP 	text_3: text = 'coyote'
378.2989 	EXP 	text_4: autoDraw = True
378.3794 	DATA 	Keypress: 5
379.2769 	EXP 	text_3: autoDraw = True
379.3103 	EXP 	text_4: autoDraw = False
379.8789 	DATA 	Keypress: 5
381.3797 	DATA 	Keypress: 5
382.8791 	DATA 	Keypress: 5
384.2770 	EXP 	text_5: autoDraw = True
384.3805 	DATA 	Keypress: 5
384.7852 	DATA 	Keypress: 1
385.8795 	DATA 	Keypress: 5
387.3796 	DATA 	Keypress: 5
388.8796 	DATA 	Keypress: 5
389.2616 	EXP 	New trial (rep=0, index=31): OrderedDict([('Word', 'crab')])
389.2771 	EXP 	text_3: autoDraw = False
389.2771 	EXP 	text_5: autoDraw = False
389.2771 	EXP 	text_3: autoDraw = False
389.2771 	EXP 	text_4: autoDraw = False
389.2771 	EXP 	text_5: autoDraw = False
389.2771 	EXP 	text_3: text = 'crab'
389.2771 	EXP 	text_4: autoDraw = True
390.2603 	EXP 	text_3: autoDraw = True
390.2770 	EXP 	text_4: autoDraw = False
390.3797 	DATA 	Keypress: 5
391.8794 	DATA 	Keypress: 5
393.3792 	DATA 	Keypress: 5
394.8953 	DATA 	Keypress: 5
395.2603 	EXP 	text_5: autoDraw = True
396.0967 	DATA 	Keypress: 1
396.3799 	DATA 	Keypress: 5
397.8798 	DATA 	Keypress: 5
399.3800 	DATA 	Keypress: 5
400.2513 	EXP 	New trial (rep=0, index=32): OrderedDict([('Word', 'cabdriver')])
400.2653 	EXP 	text_3: autoDraw = False
400.2653 	EXP 	text_5: autoDraw = False
400.2653 	EXP 	text_3: autoDraw = False
400.2653 	EXP 	text_4: autoDraw = False
400.2653 	EXP 	text_5: autoDraw = False
400.2653 	EXP 	text_3: text = 'cabdriver'
400.2653 	EXP 	text_4: autoDraw = True
400.8793 	DATA 	Keypress: 5
401.2656 	EXP 	text_3: autoDraw = True
401.2768 	EXP 	text_4: autoDraw = False
402.3794 	DATA 	Keypress: 5
403.8798 	DATA 	Keypress: 5
405.3796 	DATA 	Keypress: 5
406.2605 	EXP 	text_5: autoDraw = True
406.8798 	DATA 	Keypress: 5
406.9367 	DATA 	Keypress: 1
408.3798 	DATA 	Keypress: 5
409.8798 	DATA 	Keypress: 5
411.2605 	EXP 	text_5: autoDraw = False
411.2625 	EXP 	New trial (rep=0, index=33): OrderedDict([('Word', 'baby')])
411.2825 	EXP 	text_3: autoDraw = False
411.2825 	EXP 	text_3: autoDraw = False
411.2825 	EXP 	text_4: autoDraw = False
411.2825 	EXP 	text_5: autoDraw = False
411.2825 	EXP 	text_3: text = 'baby'
411.2825 	EXP 	text_4: autoDraw = True
411.3794 	DATA 	Keypress: 5
412.2658 	EXP 	text_3: autoDraw = True
412.2769 	EXP 	text_4: autoDraw = False
412.8795 	DATA 	Keypress: 5
414.3795 	DATA 	Keypress: 5
415.8796 	DATA 	Keypress: 5
417.2602 	EXP 	text_5: autoDraw = True
417.3795 	DATA 	Keypress: 5
417.8855 	DATA 	Keypress: 1
418.8796 	DATA 	Keypress: 5
420.3795 	DATA 	Keypress: 5
421.8796 	DATA 	Keypress: 5
422.2603 	EXP 	text_5: autoDraw = False
422.2625 	EXP 	New trial (rep=0, index=34): OrderedDict([('Word', 'hair')])
422.2823 	EXP 	text_3: autoDraw = False
422.2823 	EXP 	text_3: autoDraw = False
422.2823 	EXP 	text_4: autoDraw = False
422.2823 	EXP 	text_5: autoDraw = False
422.2823 	EXP 	text_3: text = 'hair'
422.2823 	EXP 	text_4: autoDraw = True
423.2603 	EXP 	text_3: autoDraw = True
423.2936 	EXP 	text_4: autoDraw = False
423.3793 	DATA 	Keypress: 5
424.8793 	DATA 	Keypress: 5
426.3792 	DATA 	Keypress: 5
427.8791 	DATA 	Keypress: 5
428.2655 	EXP 	text_5: autoDraw = True
428.8795 	DATA 	Keypress: 2
429.3798 	DATA 	Keypress: 5
430.8795 	DATA 	Keypress: 5
432.3798 	DATA 	Keypress: 5
433.2596 	EXP 	text_3: autoDraw = False
433.2617 	EXP 	New trial (rep=0, index=35): OrderedDict([('Word', 'cheerleader')])
433.2773 	EXP 	text_5: autoDraw = False
433.2773 	EXP 	text_3: autoDraw = False
433.2773 	EXP 	text_4: autoDraw = False
433.2773 	EXP 	text_5: autoDraw = False
433.2773 	EXP 	text_3: text = 'cheerleader'
433.2773 	EXP 	text_4: autoDraw = True
433.8793 	DATA 	Keypress: 5
434.2605 	EXP 	text_3: autoDraw = True
434.2772 	EXP 	text_4: autoDraw = False
435.3796 	DATA 	Keypress: 5
436.8795 	DATA 	Keypress: 5
438.3795 	DATA 	Keypress: 5
439.2604 	EXP 	text_5: autoDraw = True
439.8678 	DATA 	Keypress: 1
439.8865 	DATA 	Keypress: 5
441.3800 	DATA 	Keypress: 5
442.8798 	DATA 	Keypress: 5
444.2460 	EXP 	New trial (rep=0, index=36): OrderedDict([('Word', 'fingerprint')])
444.2600 	EXP 	text_3: autoDraw = False
444.2600 	EXP 	text_5: autoDraw = False
444.2600 	EXP 	text_3: autoDraw = False
444.2600 	EXP 	text_4: autoDraw = False
444.2600 	EXP 	text_5: autoDraw = False
444.2600 	EXP 	text_3: text = 'fingerprint'
444.2600 	EXP 	text_4: autoDraw = True
444.3794 	DATA 	Keypress: 5
445.2438 	EXP 	text_3: autoDraw = True
445.2647 	EXP 	text_4: autoDraw = False
445.8795 	DATA 	Keypress: 5
447.3792 	DATA 	Keypress: 5
448.8790 	DATA 	Keypress: 5
450.2439 	EXP 	text_5: autoDraw = True
450.3796 	DATA 	Keypress: 5
450.8342 	DATA 	Keypress: 2
451.8796 	DATA 	Keypress: 5
453.3799 	DATA 	Keypress: 5
454.8795 	DATA 	Keypress: 5
455.2290 	EXP 	New trial (rep=0, index=37): OrderedDict([('Word', 'camera')])
455.2481 	EXP 	text_3: autoDraw = False
455.2481 	EXP 	text_5: autoDraw = False
455.2481 	EXP 	text_3: autoDraw = False
455.2481 	EXP 	text_4: autoDraw = False
455.2481 	EXP 	text_5: autoDraw = False
455.2481 	EXP 	text_3: text = 'camera'
455.2481 	EXP 	text_4: autoDraw = True
456.2264 	EXP 	text_3: autoDraw = True
456.2645 	EXP 	text_4: autoDraw = False
456.3851 	DATA 	Keypress: 5
457.8793 	DATA 	Keypress: 5
459.3864 	DATA 	Keypress: 5
460.8864 	DATA 	Keypress: 5
461.2314 	EXP 	text_5: autoDraw = True
461.6797 	DATA 	Keypress: 2
462.3796 	DATA 	Keypress: 5
463.8796 	DATA 	Keypress: 5
465.3796 	DATA 	Keypress: 5
466.2265 	EXP 	text_3: autoDraw = False
466.2284 	EXP 	New trial (rep=0, index=38): OrderedDict([('Word', 'walrus')])
466.2436 	EXP 	text_5: autoDraw = False
466.2436 	EXP 	text_3: autoDraw = False
466.2436 	EXP 	text_4: autoDraw = False
466.2436 	EXP 	text_5: autoDraw = False
466.2436 	EXP 	text_3: text = 'walrus'
466.2436 	EXP 	text_4: autoDraw = True
466.8791 	DATA 	Keypress: 5
467.2315 	EXP 	text_3: autoDraw = True
467.2437 	EXP 	text_4: autoDraw = False
468.3800 	DATA 	Keypress: 5
469.8802 	DATA 	Keypress: 5
471.3802 	DATA 	Keypress: 5
472.2270 	EXP 	text_5: autoDraw = True
472.7684 	DATA 	Keypress: 1
472.8796 	DATA 	Keypress: 5
474.3798 	DATA 	Keypress: 5
475.8793 	DATA 	Keypress: 5
477.2166 	EXP 	New trial (rep=0, index=39): OrderedDict([('Word', 'mirror')])
477.2309 	EXP 	text_3: autoDraw = False
477.2309 	EXP 	text_5: autoDraw = False
477.2309 	EXP 	text_3: autoDraw = False
477.2309 	EXP 	text_4: autoDraw = False
477.2309 	EXP 	text_5: autoDraw = False
477.2309 	EXP 	text_3: text = 'mirror'
477.2309 	EXP 	text_4: autoDraw = True
477.3793 	DATA 	Keypress: 5
478.2149 	EXP 	text_3: autoDraw = True
478.2271 	EXP 	text_4: autoDraw = False
478.8855 	DATA 	Keypress: 5
480.3795 	DATA 	Keypress: 5
481.8842 	DATA 	Keypress: 5
483.2149 	EXP 	text_5: autoDraw = True
483.3804 	DATA 	Keypress: 5
484.2312 	DATA 	Keypress: 2
484.8799 	DATA 	Keypress: 5
486.3801 	DATA 	Keypress: 5
487.8855 	DATA 	Keypress: 5
488.2149 	EXP 	text_3: autoDraw = False
488.2149 	EXP 	text_5: autoDraw = False
488.2149 	EXP 	text_3: autoDraw = False
488.2149 	EXP 	text_4: autoDraw = False
488.2149 	EXP 	text_5: autoDraw = False
488.2149 	EXP 	text_6: autoDraw = True
489.3792 	DATA 	Keypress: 5
490.8795 	DATA 	Keypress: 5
492.3797 	DATA 	Keypress: 5
493.2146 	EXP 	text_6: autoDraw = False
493.2146 	EXP 	text_6: autoDraw = False
493.4932 	EXP 	window1: mouseVisible = True
