5.1230 	EXP 	Created window1 = Window(allowGUI=False, allowStencil=False, args=UNKNOWN, autoLog=True, bitsMode=UNKNOWN, blendMode='avg', color=array([0., 0., 0.]), colorSpace='rgb', fullscr=<method-wrapper '__getattribute__' of attributeSetter object at 0x120cb8d30>, gamma=None, gammaErrorPolicy='raise', kwargs=UNKNOWN, lms=UNKNOWN, monitor=<psychopy.monitors.calibTools.Monitor object at 0x1204c59b0>, multiSample=False, name='window1', numSamples=2, pos=[0.0, 0.0], screen=0, size=array([1920, 1080]), stereo=False, units='height', useFBO=True, useRetina=False, viewOri=0.0, viewPos=None, viewScale=None, waitBlanking=True, winType='pyglet')
5.1230 	EXP 	window1: recordFrameIntervals = False
5.2897 	EXP 	window1: recordFrameIntervals = True
5.4728 	EXP 	window1: recordFrameIntervals = False
5.9244 	EXP 	Created text = TextStim(__class__=<class 'psychopy.visual.text.TextStim'>, alignHoriz='center', alignVert='center', antialias=True, autoLog=True, bold=False, color='white', colorSpace='named', contrast=1.0, depth=0.0, flipHoriz=False, flipVert=False, font='Arial', fontFiles=[], height=0.03, italic=False, languageStyle='LTR', name='text', opacity=1.0, ori=0, pos=array([0., 0.]), rgb=array([255., 255., 255.]), text=str(...), units='height', win=Window(...), wrapWidth=1)
5.9694 	EXP 	Created text_2 = TextStim(__class__=<class 'psychopy.visual.text.TextStim'>, alignHoriz='center', alignVert='center', antialias=True, autoLog=True, bold=False, color='white', colorSpace='named', contrast=1.0, depth=0.0, flipHoriz=False, flipVert=False, font='Arial', fontFiles=[], height=0.1, italic=False, languageStyle='LTR', name='text_2', opacity=1.0, ori=0, pos=array([0., 0.]), rgb=array([255., 255., 255.]), text='Waiting for the scanner\n', units='height', win=Window(...), wrapWidth=1)
6.0114 	EXP 	Created text_3 = TextStim(__class__=<class 'psychopy.visual.text.TextStim'>, alignHoriz='center', alignVert='center', antialias=True, autoLog=True, bold=False, color='white', colorSpace='named', contrast=1.0, depth=0.0, flipHoriz=False, flipVert=False, font='Arial', fontFiles=[], height=0.1, italic=False, languageStyle='LTR', name='text_3', opacity=1.0, ori=0, pos=array([0., 0.]), rgb=array([255., 255., 255.]), text='default text', units='height', win=Window(...), wrapWidth=1)
6.0137 	EXP 	Created text_4 = TextStim(__class__=<class 'psychopy.visual.text.TextStim'>, alignHoriz='center', alignVert='center', antialias=True, autoLog=True, bold=False, color='white', colorSpace='named', contrast=1.0, depth=-1.0, flipHoriz=False, flipVert=False, font='Arial', fontFiles=[], height=0.1, italic=False, languageStyle='LTR', name='text_4', opacity=1.0, ori=0, pos=array([0., 0.]), rgb=array([255., 255., 255.]), text='+', units='height', win=Window(...), wrapWidth=1)
6.0267 	EXP 	Created text_5 = TextStim(__class__=<class 'psychopy.visual.text.TextStim'>, alignHoriz='center', alignVert='center', antialias=True, autoLog=True, bold=False, color='white', colorSpace='named', contrast=1.0, depth=-2.0, flipHoriz=False, flipVert=False, font='Arial', fontFiles=[], height=0.02, italic=False, languageStyle='LTR', name='text_5', opacity=1.0, ori=0, pos=array([ 0. , -0.3]), rgb=array([255., 255., 255.]), text=str(...), units='height', win=Window(...), wrapWidth=1)
6.0703 	EXP 	Created text_6 = TextStim(__class__=<class 'psychopy.visual.text.TextStim'>, alignHoriz='center', alignVert='center', antialias=True, autoLog=True, bold=False, color='white', colorSpace='named', contrast=1.0, depth=0.0, flipHoriz=False, flipVert=False, font='Arial', fontFiles=[], height=0.1, italic=False, languageStyle='LTR', name='text_6', opacity=1.0, ori=0, pos=array([0., 0.]), rgb=array([255., 255., 255.]), text="That's the end of this task\n", units='height', win=Window(...), wrapWidth=1)
6.0874 	EXP 	text: autoDraw = True
39.3820 	DATA 	Keypress: 1
39.3898 	EXP 	text: autoDraw = False
39.3898 	EXP 	text_2: autoDraw = True
76.8449 	EXP 	Imported wl.csv as conditions, 40 conditions, 1 params
76.8453 	EXP 	Created sequence: random, trialTypes=40, nReps=1, seed=None
76.8456 	EXP 	New trial (rep=0, index=0): OrderedDict([('Word', 'coyote')])
76.8537 	DATA 	Keypress: equal
76.8556 	DATA 	Keypress: 5
76.8701 	EXP 	text_2: autoDraw = False
76.8701 	EXP 	text_3: text = 'coyote'
76.8701 	EXP 	text_4: autoDraw = True
77.8571 	EXP 	text_3: autoDraw = True
77.8740 	EXP 	text_4: autoDraw = False
78.3420 	DATA 	Keypress: 5
78.3438 	DATA 	Keypress: equal
79.8420 	DATA 	Keypress: 5
79.8439 	DATA 	Keypress: equal
81.3421 	DATA 	Keypress: 5
81.3440 	DATA 	Keypress: equal
82.8429 	DATA 	Keypress: equal
82.8447 	DATA 	Keypress: 5
82.8569 	EXP 	text_5: autoDraw = True
84.3439 	DATA 	Keypress: 5
84.3457 	DATA 	Keypress: equal
84.3780 	DATA 	Keypress: 1
85.8426 	DATA 	Keypress: 5
85.8445 	DATA 	Keypress: equal
87.3438 	DATA 	Keypress: 5
87.3457 	DATA 	Keypress: equal
87.8430 	EXP 	New trial (rep=0, index=1): OrderedDict([('Word', 'walrus')])
87.8571 	EXP 	text_3: autoDraw = False
87.8571 	EXP 	text_4: autoDraw = False
87.8571 	EXP 	text_5: autoDraw = False
87.8571 	EXP 	text_3: text = 'walrus'
87.8571 	EXP 	text_4: autoDraw = True
88.8439 	DATA 	Keypress: 5
88.8458 	DATA 	Keypress: equal
88.8562 	EXP 	text_3: autoDraw = True
88.8562 	EXP 	text_4: autoDraw = False
90.3425 	DATA 	Keypress: equal
90.3444 	DATA 	Keypress: 5
91.8433 	DATA 	Keypress: 5
91.8452 	DATA 	Keypress: equal
93.3434 	DATA 	Keypress: 5
93.3453 	DATA 	Keypress: equal
93.8574 	EXP 	text_5: autoDraw = True
94.5611 	DATA 	Keypress: 1
94.8438 	DATA 	Keypress: 5
94.8457 	DATA 	Keypress: equal
96.3438 	DATA 	Keypress: 5
96.3457 	DATA 	Keypress: equal
97.8428 	DATA 	Keypress: equal
97.8446 	DATA 	Keypress: 5
98.8426 	EXP 	New trial (rep=0, index=2): OrderedDict([('Word', 'microscope')])
98.8567 	EXP 	text_3: autoDraw = False
98.8567 	EXP 	text_4: autoDraw = False
98.8567 	EXP 	text_5: autoDraw = False
98.8567 	EXP 	text_3: text = 'microscope'
98.8567 	EXP 	text_4: autoDraw = True
99.3428 	DATA 	Keypress: equal
99.3447 	DATA 	Keypress: 5
99.8575 	EXP 	text_3: autoDraw = True
99.8575 	EXP 	text_4: autoDraw = False
100.8434 	DATA 	Keypress: 5
100.8453 	DATA 	Keypress: equal
102.3435 	DATA 	Keypress: 5
102.3453 	DATA 	Keypress: equal
103.8435 	DATA 	Keypress: 5
103.8454 	DATA 	Keypress: equal
104.8570 	EXP 	text_5: autoDraw = True
105.3434 	DATA 	Keypress: equal
105.3453 	DATA 	Keypress: 5
106.5105 	DATA 	Keypress: 2
106.8432 	DATA 	Keypress: equal
106.8452 	DATA 	Keypress: 5
108.3432 	DATA 	Keypress: 5
108.3451 	DATA 	Keypress: equal
109.8426 	DATA 	Keypress: 5
109.8576 	EXP 	New trial (rep=0, index=3): OrderedDict([('Word', 'camera')])
109.8730 	EXP 	text_3: autoDraw = False
109.8730 	EXP 	text_4: autoDraw = False
109.8730 	EXP 	text_5: autoDraw = False
109.8730 	EXP 	text_3: text = 'camera'
109.8730 	EXP 	text_4: autoDraw = True
110.8569 	EXP 	text_3: autoDraw = True
110.8732 	EXP 	text_4: autoDraw = False
111.3430 	DATA 	Keypress: 5
111.3449 	DATA 	Keypress: equal
112.8423 	DATA 	Keypress: equal
112.8442 	DATA 	Keypress: 5
114.3424 	DATA 	Keypress: equal
114.3442 	DATA 	Keypress: 5
115.8427 	DATA 	Keypress: equal
115.8446 	DATA 	Keypress: 5
115.8569 	EXP 	text_5: autoDraw = True
117.3399 	DATA 	Keypress: 5
117.3419 	DATA 	Keypress: equal
117.4886 	DATA 	Keypress: 2
118.8400 	DATA 	Keypress: 5
118.8418 	DATA 	Keypress: equal
120.3430 	DATA 	Keypress: equal
120.3448 	DATA 	Keypress: 5
120.8418 	EXP 	New trial (rep=0, index=4): OrderedDict([('Word', 'platypus')])
120.8564 	EXP 	text_3: autoDraw = False
120.8564 	EXP 	text_4: autoDraw = False
120.8564 	EXP 	text_5: autoDraw = False
120.8564 	EXP 	text_3: text = 'platypus'
120.8564 	EXP 	text_4: autoDraw = True
121.8393 	EXP 	text_3: autoDraw = True
121.8425 	DATA 	Keypress: equal
121.8444 	DATA 	Keypress: 5
121.8562 	EXP 	text_4: autoDraw = False
123.3428 	DATA 	Keypress: equal
123.3446 	DATA 	Keypress: 5
124.8422 	DATA 	Keypress: 5
124.8441 	DATA 	Keypress: equal
126.3434 	DATA 	Keypress: 5
126.3453 	DATA 	Keypress: equal
126.8526 	EXP 	text_5: autoDraw = True
127.8399 	DATA 	Keypress: equal
127.8418 	DATA 	Keypress: 5
128.3579 	DATA 	Keypress: 1
129.3398 	DATA 	Keypress: 5
129.3417 	DATA 	Keypress: equal
130.8395 	DATA 	Keypress: equal
130.8414 	DATA 	Keypress: 5
131.8386 	EXP 	New trial (rep=0, index=5): OrderedDict([('Word', 'necklace')])
131.8527 	EXP 	text_3: autoDraw = False
131.8527 	EXP 	text_5: autoDraw = False
131.8527 	EXP 	text_3: autoDraw = False
131.8527 	EXP 	text_4: autoDraw = False
131.8527 	EXP 	text_5: autoDraw = False
131.8527 	EXP 	text_3: text = 'necklace'
131.8527 	EXP 	text_4: autoDraw = True
132.3388 	DATA 	Keypress: equal
132.3407 	DATA 	Keypress: 5
132.8364 	EXP 	text_3: autoDraw = True
132.8527 	EXP 	text_4: autoDraw = False
133.8392 	DATA 	Keypress: 5
133.8411 	DATA 	Keypress: equal
135.3390 	DATA 	Keypress: 5
135.3409 	DATA 	Keypress: equal
136.8391 	DATA 	Keypress: equal
136.8410 	DATA 	Keypress: 5
137.8358 	EXP 	text_5: autoDraw = True
138.3396 	DATA 	Keypress: equal
138.3414 	DATA 	Keypress: 5
139.3240 	DATA 	Keypress: 2
139.8396 	DATA 	Keypress: 5
139.8415 	DATA 	Keypress: equal
141.3395 	DATA 	Keypress: 5
141.3414 	DATA 	Keypress: equal
142.8211 	EXP 	New trial (rep=0, index=6): OrderedDict([('Word', 'swan')])
142.8358 	EXP 	text_3: autoDraw = False
142.8358 	EXP 	text_5: autoDraw = False
142.8358 	EXP 	text_3: autoDraw = False
142.8358 	EXP 	text_4: autoDraw = False
142.8358 	EXP 	text_5: autoDraw = False
142.8358 	EXP 	text_3: text = 'swan'
142.8358 	EXP 	text_4: autoDraw = True
142.8389 	DATA 	Keypress: 5
142.8409 	DATA 	Keypress: equal
143.8240 	EXP 	text_3: autoDraw = True
143.8409 	EXP 	text_4: autoDraw = False
144.3391 	DATA 	Keypress: equal
144.3410 	DATA 	Keypress: 5
145.8561 	DATA 	Keypress: equal
145.8579 	DATA 	Keypress: 5
147.3392 	DATA 	Keypress: equal
147.3411 	DATA 	Keypress: 5
148.8241 	EXP 	text_5: autoDraw = True
148.8570 	DATA 	Keypress: equal
148.8589 	DATA 	Keypress: 5
149.7575 	DATA 	Keypress: 1
150.3438 	DATA 	Keypress: 5
150.3456 	DATA 	Keypress: equal
151.8575 	DATA 	Keypress: equal
151.8595 	DATA 	Keypress: 5
153.3397 	DATA 	Keypress: 5
153.3416 	DATA 	Keypress: equal
153.8215 	EXP 	New trial (rep=0, index=7): OrderedDict([('Word', 'stove')])
153.8355 	EXP 	text_3: autoDraw = False
153.8355 	EXP 	text_5: autoDraw = False
153.8355 	EXP 	text_3: autoDraw = False
153.8355 	EXP 	text_4: autoDraw = False
153.8355 	EXP 	text_5: autoDraw = False
153.8355 	EXP 	text_3: text = 'stove'
153.8355 	EXP 	text_4: autoDraw = True
154.8242 	EXP 	text_3: autoDraw = True
154.8525 	EXP 	text_4: autoDraw = False
154.8570 	DATA 	Keypress: equal
154.8590 	DATA 	Keypress: 5
156.3568 	DATA 	Keypress: equal
156.3587 	DATA 	Keypress: 5
157.8435 	DATA 	Keypress: 5
157.8454 	DATA 	Keypress: equal
159.3427 	DATA 	Keypress: equal
159.3445 	DATA 	Keypress: 5
159.8242 	EXP 	text_5: autoDraw = True
160.8391 	DATA 	Keypress: 5
160.8410 	DATA 	Keypress: equal
160.9393 	DATA 	Keypress: 2
162.3393 	DATA 	Keypress: equal
162.3412 	DATA 	Keypress: 5
163.8393 	DATA 	Keypress: 5
163.8412 	DATA 	Keypress: equal
164.8207 	EXP 	New trial (rep=0, index=8): OrderedDict([('Word', 'grandfather')])
164.8357 	EXP 	text_3: autoDraw = False
164.8357 	EXP 	text_5: autoDraw = False
164.8357 	EXP 	text_3: autoDraw = False
164.8357 	EXP 	text_4: autoDraw = False
164.8357 	EXP 	text_5: autoDraw = False
164.8357 	EXP 	text_3: text = 'grandfather'
164.8357 	EXP 	text_4: autoDraw = True
165.3438 	DATA 	Keypress: equal
165.3457 	DATA 	Keypress: 5
165.8239 	EXP 	text_3: autoDraw = True
165.8404 	EXP 	text_4: autoDraw = False
166.8569 	DATA 	Keypress: equal
166.8591 	DATA 	Keypress: 5
168.3565 	DATA 	Keypress: equal
168.3584 	DATA 	Keypress: 5
169.8389 	DATA 	Keypress: 5
169.8409 	DATA 	Keypress: equal
170.8188 	EXP 	text_5: autoDraw = True
171.3390 	DATA 	Keypress: 5
171.3409 	DATA 	Keypress: equal
172.1604 	DATA 	Keypress: 1
172.8569 	DATA 	Keypress: equal
172.8587 	DATA 	Keypress: 5
174.3390 	DATA 	Keypress: 5
174.3408 	DATA 	Keypress: equal
175.8190 	EXP 	text_5: autoDraw = False
175.8212 	EXP 	New trial (rep=0, index=9): OrderedDict([('Word', 'hairstylist')])
175.8349 	EXP 	text_3: autoDraw = False
175.8349 	EXP 	text_3: autoDraw = False
175.8349 	EXP 	text_4: autoDraw = False
175.8349 	EXP 	text_5: autoDraw = False
175.8349 	EXP 	text_3: text = 'hairstylist'
175.8349 	EXP 	text_4: autoDraw = True
175.8381 	DATA 	Keypress: 5
175.8400 	DATA 	Keypress: equal
176.8240 	EXP 	text_3: autoDraw = True
176.8409 	EXP 	text_4: autoDraw = False
177.3559 	DATA 	Keypress: 5
177.3578 	DATA 	Keypress: equal
178.8563 	DATA 	Keypress: 5
178.8583 	DATA 	Keypress: equal
180.3431 	DATA 	Keypress: 5
180.3447 	DATA 	Keypress: equal
181.8234 	EXP 	text_5: autoDraw = True
181.8436 	DATA 	Keypress: 5
181.8455 	DATA 	Keypress: equal
183.3428 	DATA 	Keypress: 5
183.3447 	DATA 	Keypress: equal
184.8429 	DATA 	Keypress: 5
184.8448 	DATA 	Keypress: equal
185.1604 	DATA 	Keypress: 1
186.3441 	DATA 	Keypress: 5
186.3460 	DATA 	Keypress: equal
186.8089 	EXP 	New trial (rep=0, index=10): OrderedDict([('Word', 'axe')])
186.8235 	EXP 	text_3: autoDraw = False
186.8235 	EXP 	text_5: autoDraw = False
186.8235 	EXP 	text_3: autoDraw = False
186.8235 	EXP 	text_4: autoDraw = False
186.8235 	EXP 	text_5: autoDraw = False
186.8235 	EXP 	text_3: text = 'axe'
186.8235 	EXP 	text_4: autoDraw = True
187.8070 	EXP 	text_3: autoDraw = True
187.8351 	EXP 	text_4: autoDraw = False
187.8387 	DATA 	Keypress: 5
187.8406 	DATA 	Keypress: equal
189.3384 	DATA 	Keypress: equal
189.3403 	DATA 	Keypress: 5
190.8558 	DATA 	Keypress: 5
190.8577 	DATA 	Keypress: equal
192.3563 	DATA 	Keypress: 5
192.3582 	DATA 	Keypress: equal
192.8068 	EXP 	text_5: autoDraw = True
193.8391 	DATA 	Keypress: 5
193.8410 	DATA 	Keypress: equal
193.8734 	DATA 	Keypress: 2
195.3390 	DATA 	Keypress: 5
195.3409 	DATA 	Keypress: equal
196.8391 	DATA 	Keypress: equal
196.8410 	DATA 	Keypress: 5
197.8037 	EXP 	New trial (rep=0, index=11): OrderedDict([('Word', 'cheerleader')])
197.8187 	EXP 	text_3: autoDraw = False
197.8187 	EXP 	text_5: autoDraw = False
197.8187 	EXP 	text_3: autoDraw = False
197.8187 	EXP 	text_4: autoDraw = False
197.8187 	EXP 	text_5: autoDraw = False
197.8187 	EXP 	text_3: text = 'cheerleader'
197.8187 	EXP 	text_4: autoDraw = True
198.3378 	DATA 	Keypress: 5
198.3397 	DATA 	Keypress: equal
198.8019 	EXP 	text_3: autoDraw = True
198.8187 	EXP 	text_4: autoDraw = False
199.8383 	DATA 	Keypress: 5
199.8402 	DATA 	Keypress: equal
201.3380 	DATA 	Keypress: 5
201.3399 	DATA 	Keypress: equal
202.8383 	DATA 	Keypress: 5
202.8402 	DATA 	Keypress: equal
203.8188 	EXP 	text_5: autoDraw = True
204.3561 	DATA 	Keypress: equal
204.3580 	DATA 	Keypress: 5
204.9562 	DATA 	Keypress: 1
205.8560 	DATA 	Keypress: equal
205.8578 	DATA 	Keypress: 5
207.3555 	DATA 	Keypress: 5
207.3574 	DATA 	Keypress: equal
208.8187 	EXP 	text_3: autoDraw = False
208.8209 	EXP 	New trial (rep=0, index=12): OrderedDict([('Word', 'umbrella')])
208.8344 	EXP 	text_5: autoDraw = False
208.8344 	EXP 	text_3: autoDraw = False
208.8344 	EXP 	text_4: autoDraw = False
208.8344 	EXP 	text_5: autoDraw = False
208.8344 	EXP 	text_3: text = 'umbrella'
208.8344 	EXP 	text_4: autoDraw = True
208.8434 	DATA 	Keypress: 5
208.8452 	DATA 	Keypress: equal
209.8241 	EXP 	text_3: autoDraw = True
209.8410 	EXP 	text_4: autoDraw = False
210.3385 	DATA 	Keypress: 5
210.3405 	DATA 	Keypress: equal
211.8554 	DATA 	Keypress: equal
211.8576 	DATA 	Keypress: 5
213.3439 	DATA 	Keypress: equal
213.3458 	DATA 	Keypress: 5
214.8238 	EXP 	text_5: autoDraw = True
214.8443 	DATA 	Keypress: 5
214.8462 	DATA 	Keypress: equal
216.2783 	DATA 	Keypress: 2
216.3387 	DATA 	Keypress: 5
216.3405 	DATA 	Keypress: equal
217.8438 	DATA 	Keypress: 5
217.8456 	DATA 	Keypress: equal
219.3448 	DATA 	Keypress: equal
219.3467 	DATA 	Keypress: 5
219.8093 	EXP 	New trial (rep=0, index=13): OrderedDict([('Word', 'snowball')])
219.8244 	EXP 	text_3: autoDraw = False
219.8244 	EXP 	text_5: autoDraw = False
219.8244 	EXP 	text_3: autoDraw = False
219.8244 	EXP 	text_4: autoDraw = False
219.8244 	EXP 	text_5: autoDraw = False
219.8244 	EXP 	text_3: text = 'snowball'
219.8244 	EXP 	text_4: autoDraw = True
220.8592 	DATA 	Keypress: equal
220.8606 	DATA 	Keypress: 5
220.8674 	EXP 	text_3: autoDraw = True
220.8674 	EXP 	text_4: autoDraw = False
222.3555 	DATA 	Keypress: equal
222.3574 	DATA 	Keypress: 5
223.8436 	DATA 	Keypress: 5
223.8454 	DATA 	Keypress: equal
225.3436 	DATA 	Keypress: 5
225.3455 	DATA 	Keypress: equal
225.8076 	EXP 	text_5: autoDraw = True
226.8557 	DATA 	Keypress: equal
226.8575 	DATA 	Keypress: 5
226.9796 	DATA 	Keypress: 2
228.3560 	DATA 	Keypress: equal
228.3578 	DATA 	Keypress: 5
229.8385 	DATA 	Keypress: equal
229.8404 	DATA 	Keypress: 5
230.8180 	EXP 	text_5: autoDraw = False
230.8428 	EXP 	New trial (rep=0, index=14): OrderedDict([('Word', 'seahorse')])
230.8683 	EXP 	text_3: autoDraw = False
230.8683 	EXP 	text_4: autoDraw = False
230.8683 	EXP 	text_5: autoDraw = False
230.8683 	EXP 	text_3: text = 'seahorse'
230.8683 	EXP 	text_4: autoDraw = True
231.3381 	DATA 	Keypress: 5
231.3400 	DATA 	Keypress: equal
231.8408 	EXP 	text_3: autoDraw = True
231.8737 	EXP 	text_4: autoDraw = False
232.8435 	DATA 	Keypress: 5
232.8454 	DATA 	Keypress: equal
234.3558 	DATA 	Keypress: equal
234.3577 	DATA 	Keypress: 5
235.8557 	DATA 	Keypress: 5
235.8575 	DATA 	Keypress: equal
236.8409 	EXP 	text_5: autoDraw = True
237.3563 	DATA 	Keypress: 5
237.3583 	DATA 	Keypress: equal
237.6949 	DATA 	Keypress: 1
238.8561 	DATA 	Keypress: equal
238.8580 	DATA 	Keypress: 5
240.3386 	DATA 	Keypress: 5
240.3406 	DATA 	Keypress: equal
241.8257 	EXP 	New trial (rep=0, index=15): OrderedDict([('Word', 'porcupine')])
241.8398 	EXP 	text_3: autoDraw = False
241.8398 	EXP 	text_5: autoDraw = False
241.8398 	EXP 	text_3: autoDraw = False
241.8398 	EXP 	text_4: autoDraw = False
241.8398 	EXP 	text_5: autoDraw = False
241.8398 	EXP 	text_3: text = 'porcupine'
241.8398 	EXP 	text_4: autoDraw = True
241.8428 	DATA 	Keypress: equal
241.8447 	DATA 	Keypress: 5
242.8238 	EXP 	text_3: autoDraw = True
242.8403 	EXP 	text_4: autoDraw = False
243.3431 	DATA 	Keypress: 5
243.3450 	DATA 	Keypress: equal
244.8431 	DATA 	Keypress: equal
244.8449 	DATA 	Keypress: 5
246.3431 	DATA 	Keypress: equal
246.3450 	DATA 	Keypress: 5
247.8235 	EXP 	text_5: autoDraw = True
247.8440 	DATA 	Keypress: 5
247.8459 	DATA 	Keypress: equal
248.3766 	DATA 	Keypress: 1
249.3387 	DATA 	Keypress: equal
249.3406 	DATA 	Keypress: 5
250.8446 	DATA 	Keypress: equal
250.8465 	DATA 	Keypress: 5
252.3560 	DATA 	Keypress: equal
252.3579 	DATA 	Keypress: 5
252.8090 	EXP 	New trial (rep=0, index=16): OrderedDict([('Word', 'passport')])
252.8345 	EXP 	text_3: autoDraw = False
252.8345 	EXP 	text_5: autoDraw = False
252.8345 	EXP 	text_3: autoDraw = False
252.8345 	EXP 	text_4: autoDraw = False
252.8345 	EXP 	text_5: autoDraw = False
252.8345 	EXP 	text_3: text = 'passport'
252.8345 	EXP 	text_4: autoDraw = True
253.8071 	EXP 	text_3: autoDraw = True
253.8514 	EXP 	text_4: autoDraw = False
253.8558 	DATA 	Keypress: equal
253.8577 	DATA 	Keypress: 5
255.3438 	DATA 	Keypress: 5
255.3456 	DATA 	Keypress: equal
256.8554 	DATA 	Keypress: equal
256.8573 	DATA 	Keypress: 5
258.3377 	DATA 	Keypress: equal
258.3395 	DATA 	Keypress: 5
258.8071 	EXP 	text_5: autoDraw = True
259.5281 	DATA 	Keypress: 2
259.8558 	DATA 	Keypress: equal
259.8577 	DATA 	Keypress: 5
261.3905 	DATA 	Keypress: equal
261.3918 	DATA 	Keypress: 5
262.8435 	DATA 	Keypress: equal
262.8454 	DATA 	Keypress: 5
263.7928 	EXP 	New trial (rep=0, index=17): OrderedDict([('Word', 'donkey')])
263.8077 	EXP 	text_3: autoDraw = False
263.8077 	EXP 	text_5: autoDraw = False
263.8077 	EXP 	text_3: autoDraw = False
263.8077 	EXP 	text_4: autoDraw = False
263.8077 	EXP 	text_5: autoDraw = False
263.8077 	EXP 	text_3: text = 'donkey'
263.8077 	EXP 	text_4: autoDraw = True
264.3441 	DATA 	Keypress: equal
264.3460 	DATA 	Keypress: 5
264.7909 	EXP 	text_3: autoDraw = True
264.8070 	EXP 	text_4: autoDraw = False
265.8427 	DATA 	Keypress: equal
265.8446 	DATA 	Keypress: 5
267.3430 	DATA 	Keypress: equal
267.3449 	DATA 	Keypress: 5
268.8551 	DATA 	Keypress: equal
268.8569 	DATA 	Keypress: 5
269.7910 	EXP 	text_5: autoDraw = True
270.3554 	DATA 	Keypress: equal
270.3574 	DATA 	Keypress: 5
270.8045 	DATA 	Keypress: 1
271.8552 	DATA 	Keypress: equal
271.8570 	DATA 	Keypress: 5
273.3447 	DATA 	Keypress: 5
273.3465 	DATA 	Keypress: equal
274.7859 	EXP 	New trial (rep=0, index=18): OrderedDict([('Word', 'bulldozer')])
274.8008 	EXP 	text_3: autoDraw = False
274.8008 	EXP 	text_5: autoDraw = False
274.8008 	EXP 	text_3: autoDraw = False
274.8008 	EXP 	text_4: autoDraw = False
274.8008 	EXP 	text_5: autoDraw = False
274.8008 	EXP 	text_3: text = 'bulldozer'
274.8008 	EXP 	text_4: autoDraw = True
274.8439 	DATA 	Keypress: 5
274.8459 	DATA 	Keypress: equal
275.7910 	EXP 	text_3: autoDraw = True
275.8080 	EXP 	text_4: autoDraw = False
276.3441 	DATA 	Keypress: 5
276.3460 	DATA 	Keypress: equal
277.8441 	DATA 	Keypress: 5
277.8460 	DATA 	Keypress: equal
279.3445 	DATA 	Keypress: equal
279.3465 	DATA 	Keypress: 5
280.7905 	EXP 	text_5: autoDraw = True
280.8445 	DATA 	Keypress: 5
280.8464 	DATA 	Keypress: equal
282.3444 	DATA 	Keypress: 5
282.3463 	DATA 	Keypress: equal
283.8442 	DATA 	Keypress: 5
283.8461 	DATA 	Keypress: equal
284.0283 	DATA 	Keypress: 2
285.3449 	DATA 	Keypress: 5
285.3468 	DATA 	Keypress: equal
285.7754 	EXP 	New trial (rep=0, index=19): OrderedDict([('Word', 'keyboard')])
285.7912 	EXP 	text_3: autoDraw = False
285.7912 	EXP 	text_5: autoDraw = False
285.7912 	EXP 	text_3: autoDraw = False
285.7912 	EXP 	text_4: autoDraw = False
285.7912 	EXP 	text_5: autoDraw = False
285.7912 	EXP 	text_3: text = 'keyboard'
285.7912 	EXP 	text_4: autoDraw = True
286.7744 	EXP 	text_3: autoDraw = True
286.7912 	EXP 	text_4: autoDraw = False
286.8428 	DATA 	Keypress: equal
286.8446 	DATA 	Keypress: 5
288.3440 	DATA 	Keypress: 5
288.3459 	DATA 	Keypress: equal
289.8440 	DATA 	Keypress: 5
289.8458 	DATA 	Keypress: equal
291.3369 	DATA 	Keypress: 5
291.3388 	DATA 	Keypress: equal
291.8005 	EXP 	text_5: autoDraw = True
292.8443 	DATA 	Keypress: 5
292.8462 	DATA 	Keypress: equal
293.0727 	DATA 	Keypress: 2
294.3550 	DATA 	Keypress: 5
294.3569 	DATA 	Keypress: equal
295.8449 	DATA 	Keypress: equal
295.8468 	DATA 	Keypress: 5
296.7745 	EXP 	text_3: autoDraw = False
296.8018 	EXP 	New trial (rep=0, index=20): OrderedDict([('Word', 'elephant')])
296.8170 	EXP 	text_5: autoDraw = False
296.8170 	EXP 	text_3: autoDraw = False
296.8170 	EXP 	text_4: autoDraw = False
296.8170 	EXP 	text_5: autoDraw = False
296.8170 	EXP 	text_3: text = 'elephant'
296.8170 	EXP 	text_4: autoDraw = True
297.3371 	DATA 	Keypress: 5
297.3391 	DATA 	Keypress: equal
297.8078 	EXP 	text_3: autoDraw = True
297.8240 	EXP 	text_4: autoDraw = False
298.8596 	DATA 	Keypress: 5
298.8614 	DATA 	Keypress: equal
300.3371 	DATA 	Keypress: 5
300.3390 	DATA 	Keypress: equal
301.8373 	DATA 	Keypress: equal
301.8393 	DATA 	Keypress: 5
302.8078 	EXP 	text_5: autoDraw = True
303.3379 	DATA 	Keypress: equal
303.3398 	DATA 	Keypress: 5
303.4130 	DATA 	Keypress: 1
304.8447 	DATA 	Keypress: 5
304.8466 	DATA 	Keypress: equal
306.3447 	DATA 	Keypress: 5
306.3466 	DATA 	Keypress: equal
307.7923 	EXP 	New trial (rep=0, index=21): OrderedDict([('Word', 'ladybug')])
307.8080 	EXP 	text_3: autoDraw = False
307.8080 	EXP 	text_5: autoDraw = False
307.8080 	EXP 	text_3: autoDraw = False
307.8080 	EXP 	text_4: autoDraw = False
307.8080 	EXP 	text_5: autoDraw = False
307.8080 	EXP 	text_3: text = 'ladybug'
307.8080 	EXP 	text_4: autoDraw = True
307.8370 	DATA 	Keypress: 5
307.8389 	DATA 	Keypress: equal
308.8001 	EXP 	text_3: autoDraw = True
308.8173 	EXP 	text_4: autoDraw = False
309.3543 	DATA 	Keypress: equal
309.3563 	DATA 	Keypress: 5
310.8547 	DATA 	Keypress: equal
310.8566 	DATA 	Keypress: 5
312.3438 	DATA 	Keypress: 5
312.3456 	DATA 	Keypress: equal
313.7903 	EXP 	text_5: autoDraw = True
313.8374 	DATA 	Keypress: 5
313.8393 	DATA 	Keypress: equal
314.4285 	DATA 	Keypress: 1
315.3443 	DATA 	Keypress: 5
315.3462 	DATA 	Keypress: equal
316.8433 	DATA 	Keypress: equal
316.8448 	DATA 	Keypress: 5
318.3551 	DATA 	Keypress: equal
318.3570 	DATA 	Keypress: 5
318.7905 	EXP 	text_5: autoDraw = False
318.7924 	EXP 	New trial (rep=0, index=22): OrderedDict([('Word', 'binoculars')])
318.8077 	EXP 	text_3: autoDraw = False
318.8077 	EXP 	text_3: autoDraw = False
318.8077 	EXP 	text_4: autoDraw = False
318.8077 	EXP 	text_5: autoDraw = False
318.8077 	EXP 	text_3: text = 'binoculars'
318.8077 	EXP 	text_4: autoDraw = True
319.7913 	EXP 	text_3: autoDraw = True
319.8074 	EXP 	text_4: autoDraw = False
319.8371 	DATA 	Keypress: equal
319.8390 	DATA 	Keypress: 5
321.3368 	DATA 	Keypress: 5
321.3388 	DATA 	Keypress: equal
322.8444 	DATA 	Keypress: 5
322.8463 	DATA 	Keypress: equal
324.3438 	DATA 	Keypress: 5
324.3457 	DATA 	Keypress: equal
324.7906 	EXP 	text_5: autoDraw = True
325.4278 	DATA 	Keypress: 2
325.8553 	DATA 	Keypress: equal
325.8573 	DATA 	Keypress: 5
327.3549 	DATA 	Keypress: equal
327.3567 	DATA 	Keypress: 5
328.8442 	DATA 	Keypress: 5
328.8461 	DATA 	Keypress: equal
329.7757 	EXP 	New trial (rep=0, index=23): OrderedDict([('Word', 'cheesecake')])
329.8005 	EXP 	text_3: autoDraw = False
329.8005 	EXP 	text_5: autoDraw = False
329.8005 	EXP 	text_3: autoDraw = False
329.8005 	EXP 	text_4: autoDraw = False
329.8005 	EXP 	text_5: autoDraw = False
329.8005 	EXP 	text_3: text = 'cheesecake'
329.8005 	EXP 	text_4: autoDraw = True
330.3440 	DATA 	Keypress: 5
330.3459 	DATA 	Keypress: equal
330.7739 	EXP 	text_3: autoDraw = True
330.8075 	EXP 	text_4: autoDraw = False
331.8440 	DATA 	Keypress: 5
331.8458 	DATA 	Keypress: equal
333.3369 	DATA 	Keypress: equal
333.3390 	DATA 	Keypress: 5
334.8442 	DATA 	Keypress: equal
334.8461 	DATA 	Keypress: 5
335.7748 	EXP 	text_5: autoDraw = True
336.3450 	DATA 	Keypress: 5
336.3468 	DATA 	Keypress: equal
336.7774 	DATA 	Keypress: 2
337.8374 	DATA 	Keypress: 5
337.8393 	DATA 	Keypress: equal
339.3373 	DATA 	Keypress: 5
339.3392 	DATA 	Keypress: equal
340.7593 	EXP 	New trial (rep=0, index=24): OrderedDict([('Word', 'cabdriver')])
340.7743 	EXP 	text_3: autoDraw = False
340.7743 	EXP 	text_5: autoDraw = False
340.7743 	EXP 	text_3: autoDraw = False
340.7743 	EXP 	text_4: autoDraw = False
340.7743 	EXP 	text_5: autoDraw = False
340.7743 	EXP 	text_3: text = 'cabdriver'
340.7743 	EXP 	text_4: autoDraw = True
340.8440 	DATA 	Keypress: equal
340.8458 	DATA 	Keypress: 5
341.7580 	EXP 	text_3: autoDraw = True
341.7743 	EXP 	text_4: autoDraw = False
342.3544 	DATA 	Keypress: equal
342.3565 	DATA 	Keypress: 5
343.8540 	DATA 	Keypress: equal
343.8560 	DATA 	Keypress: 5
345.3443 	DATA 	Keypress: 5
345.3461 	DATA 	Keypress: equal
346.7580 	EXP 	text_5: autoDraw = True
346.8442 	DATA 	Keypress: 5
346.8461 	DATA 	Keypress: equal
347.6603 	DATA 	Keypress: 1
348.3543 	DATA 	Keypress: equal
348.3562 	DATA 	Keypress: 5
349.8546 	DATA 	Keypress: equal
349.8565 	DATA 	Keypress: 5
351.3371 	DATA 	Keypress: equal
351.3390 	DATA 	Keypress: 5
351.7524 	EXP 	New trial (rep=0, index=25): OrderedDict([('Word', 'treadmill')])
351.7664 	EXP 	text_3: autoDraw = False
351.7664 	EXP 	text_5: autoDraw = False
351.7664 	EXP 	text_3: autoDraw = False
351.7664 	EXP 	text_4: autoDraw = False
351.7664 	EXP 	text_5: autoDraw = False
351.7664 	EXP 	text_3: text = 'treadmill'
351.7664 	EXP 	text_4: autoDraw = True
352.7575 	EXP 	text_3: autoDraw = True
352.7575 	EXP 	text_4: autoDraw = False
352.8542 	DATA 	Keypress: equal
352.8561 	DATA 	Keypress: 5
354.3369 	DATA 	Keypress: 5
354.3388 	DATA 	Keypress: equal
355.8446 	DATA 	Keypress: equal
355.8465 	DATA 	Keypress: 5
357.3542 	DATA 	Keypress: equal
357.3561 	DATA 	Keypress: 5
357.7498 	EXP 	text_5: autoDraw = True
358.2221 	DATA 	Keypress: 2
358.8454 	DATA 	Keypress: equal
358.8473 	DATA 	Keypress: 5
360.3455 	DATA 	Keypress: equal
360.3474 	DATA 	Keypress: 5
361.8444 	DATA 	Keypress: 5
361.8463 	DATA 	Keypress: equal
362.7744 	EXP 	New trial (rep=0, index=26): OrderedDict([('Word', 'knight')])
362.7825 	EXP 	text_3: autoDraw = False
362.7825 	EXP 	text_5: autoDraw = False
362.7825 	EXP 	text_3: autoDraw = False
362.7825 	EXP 	text_4: autoDraw = False
362.7825 	EXP 	text_5: autoDraw = False
362.7825 	EXP 	text_3: text = 'knight'
362.7825 	EXP 	text_4: autoDraw = True
363.3446 	DATA 	Keypress: 5
363.3468 	DATA 	Keypress: equal
363.7747 	EXP 	text_3: autoDraw = True
363.7910 	EXP 	text_4: autoDraw = False
364.8442 	DATA 	Keypress: equal
364.8461 	DATA 	Keypress: 5
366.3534 	DATA 	Keypress: equal
366.3553 	DATA 	Keypress: 5
367.8368 	DATA 	Keypress: 5
367.8386 	DATA 	Keypress: equal
368.7747 	EXP 	text_5: autoDraw = True
369.3446 	DATA 	Keypress: 5
369.3465 	DATA 	Keypress: equal
369.4964 	DATA 	Keypress: 1
370.8374 	DATA 	Keypress: 5
370.8393 	DATA 	Keypress: equal
372.3442 	DATA 	Keypress: 5
372.3460 	DATA 	Keypress: equal
373.7681 	EXP 	New trial (rep=0, index=27): OrderedDict([('Word', 'leopard')])
373.7831 	EXP 	text_3: autoDraw = False
373.7831 	EXP 	text_5: autoDraw = False
373.7831 	EXP 	text_3: autoDraw = False
373.7831 	EXP 	text_4: autoDraw = False
373.7831 	EXP 	text_5: autoDraw = False
373.7831 	EXP 	text_3: text = 'leopard'
373.7831 	EXP 	text_4: autoDraw = True
373.8363 	DATA 	Keypress: 5
373.8383 	DATA 	Keypress: equal
374.7741 	EXP 	text_3: autoDraw = True
374.7741 	EXP 	text_4: autoDraw = False
375.3436 	DATA 	Keypress: equal
375.3455 	DATA 	Keypress: 5
376.8363 	DATA 	Keypress: 5
376.8382 	DATA 	Keypress: equal
378.3444 	DATA 	Keypress: equal
378.3463 	DATA 	Keypress: 5
379.7745 	EXP 	text_5: autoDraw = True
379.8369 	DATA 	Keypress: 5
379.8388 	DATA 	Keypress: equal
380.3296 	DATA 	Keypress: 1
381.3452 	DATA 	Keypress: 5
381.3471 	DATA 	Keypress: equal
382.8441 	DATA 	Keypress: 5
382.8461 	DATA 	Keypress: equal
384.3435 	DATA 	Keypress: 5
384.3450 	DATA 	Keypress: equal
384.7602 	EXP 	New trial (rep=0, index=28): OrderedDict([('Word', 'waterfall')])
384.7833 	EXP 	text_3: autoDraw = False
384.7833 	EXP 	text_5: autoDraw = False
384.7833 	EXP 	text_3: autoDraw = False
384.7833 	EXP 	text_4: autoDraw = False
384.7833 	EXP 	text_5: autoDraw = False
384.7833 	EXP 	text_3: text = 'waterfall'
384.7833 	EXP 	text_4: autoDraw = True
385.7665 	EXP 	text_3: autoDraw = True
385.7746 	EXP 	text_4: autoDraw = False
385.8438 	DATA 	Keypress: 5
385.8457 	DATA 	Keypress: equal
387.3450 	DATA 	Keypress: 5
387.3470 	DATA 	Keypress: equal
388.8436 	DATA 	Keypress: 5
388.8455 	DATA 	Keypress: equal
390.3439 	DATA 	Keypress: 5
390.3458 	DATA 	Keypress: equal
390.7576 	EXP 	text_5: autoDraw = True
391.5780 	DATA 	Keypress: 2
391.8449 	DATA 	Keypress: 5
391.8468 	DATA 	Keypress: equal
393.3445 	DATA 	Keypress: equal
393.3464 	DATA 	Keypress: 5
394.8447 	DATA 	Keypress: 5
394.8466 	DATA 	Keypress: equal
395.7579 	EXP 	text_5: autoDraw = False
395.7601 	EXP 	New trial (rep=0, index=29): OrderedDict([('Word', 'ketchup')])
395.7748 	EXP 	text_3: autoDraw = False
395.7748 	EXP 	text_3: autoDraw = False
395.7748 	EXP 	text_4: autoDraw = False
395.7748 	EXP 	text_5: autoDraw = False
395.7748 	EXP 	text_3: text = 'ketchup'
395.7748 	EXP 	text_4: autoDraw = True
396.3444 	DATA 	Keypress: 5
396.3463 	DATA 	Keypress: equal
396.7658 	EXP 	text_3: autoDraw = True
396.7821 	EXP 	text_4: autoDraw = False
397.8361 	DATA 	Keypress: 5
397.8380 	DATA 	Keypress: equal
399.3440 	DATA 	Keypress: 5
399.3459 	DATA 	Keypress: equal
400.8537 	DATA 	Keypress: equal
400.8557 	DATA 	Keypress: 5
401.7573 	EXP 	text_5: autoDraw = True
402.2044 	DATA 	Keypress: 2
402.3449 	DATA 	Keypress: 5
402.3468 	DATA 	Keypress: equal
403.8451 	DATA 	Keypress: 5
403.8470 	DATA 	Keypress: equal
405.3447 	DATA 	Keypress: 5
405.3466 	DATA 	Keypress: equal
406.7574 	EXP 	text_5: autoDraw = False
406.7595 	EXP 	New trial (rep=0, index=30): OrderedDict([('Word', 'crab')])
406.7745 	EXP 	text_3: autoDraw = False
406.7745 	EXP 	text_3: autoDraw = False
406.7745 	EXP 	text_4: autoDraw = False
406.7745 	EXP 	text_5: autoDraw = False
406.7745 	EXP 	text_3: text = 'crab'
406.7745 	EXP 	text_4: autoDraw = True
406.8434 	DATA 	Keypress: 5
406.8453 	DATA 	Keypress: equal
407.7581 	EXP 	text_3: autoDraw = True
407.7741 	EXP 	text_4: autoDraw = False
408.3446 	DATA 	Keypress: equal
408.3465 	DATA 	Keypress: 5
409.8434 	DATA 	Keypress: equal
409.8453 	DATA 	Keypress: 5
411.3445 	DATA 	Keypress: 5
411.3464 	DATA 	Keypress: equal
412.7654 	EXP 	text_5: autoDraw = True
412.8364 	DATA 	Keypress: 5
412.8382 	DATA 	Keypress: equal
413.5272 	DATA 	Keypress: 1
414.3444 	DATA 	Keypress: 5
414.3463 	DATA 	Keypress: equal
415.8439 	DATA 	Keypress: equal
415.8458 	DATA 	Keypress: 5
417.3460 	DATA 	Keypress: equal
417.3480 	DATA 	Keypress: 5
417.7579 	EXP 	text_3: autoDraw = False
417.7601 	EXP 	New trial (rep=0, index=31): OrderedDict([('Word', 'hair')])
417.7737 	EXP 	text_5: autoDraw = False
417.7737 	EXP 	text_3: autoDraw = False
417.7737 	EXP 	text_4: autoDraw = False
417.7737 	EXP 	text_5: autoDraw = False
417.7737 	EXP 	text_3: text = 'hair'
417.7737 	EXP 	text_4: autoDraw = True
418.7575 	EXP 	text_3: autoDraw = True
418.7747 	EXP 	text_4: autoDraw = False
418.8442 	DATA 	Keypress: 5
418.8461 	DATA 	Keypress: equal
420.3446 	DATA 	Keypress: 5
420.3465 	DATA 	Keypress: equal
421.8439 	DATA 	Keypress: 5
421.8457 	DATA 	Keypress: equal
423.3443 	DATA 	Keypress: equal
423.3462 	DATA 	Keypress: 5
423.7579 	EXP 	text_5: autoDraw = True
424.3370 	DATA 	Keypress: 2
424.8363 	DATA 	Keypress: equal
424.8381 	DATA 	Keypress: 5
426.3444 	DATA 	Keypress: equal
426.3463 	DATA 	Keypress: 5
427.8445 	DATA 	Keypress: 5
427.8465 	DATA 	Keypress: equal
428.7512 	EXP 	New trial (rep=0, index=32): OrderedDict([('Word', 'mirror')])
428.7658 	EXP 	text_3: autoDraw = False
428.7658 	EXP 	text_5: autoDraw = False
428.7658 	EXP 	text_3: autoDraw = False
428.7658 	EXP 	text_4: autoDraw = False
428.7658 	EXP 	text_5: autoDraw = False
428.7658 	EXP 	text_3: text = 'mirror'
428.7658 	EXP 	text_4: autoDraw = True
429.3439 	DATA 	Keypress: 5
429.3457 	DATA 	Keypress: equal
429.7580 	EXP 	text_3: autoDraw = True
429.7580 	EXP 	text_4: autoDraw = False
430.8453 	DATA 	Keypress: equal
430.8472 	DATA 	Keypress: 5
432.3459 	DATA 	Keypress: equal
432.3481 	DATA 	Keypress: 5
433.8358 	DATA 	Keypress: 5
433.8376 	DATA 	Keypress: equal
434.7580 	EXP 	text_5: autoDraw = True
435.3443 	DATA 	Keypress: 5
435.3462 	DATA 	Keypress: equal
435.3954 	DATA 	Keypress: 2
436.8440 	DATA 	Keypress: 5
436.8459 	DATA 	Keypress: equal
438.3457 	DATA 	Keypress: equal
438.3476 	DATA 	Keypress: 5
439.7432 	EXP 	New trial (rep=0, index=33): OrderedDict([('Word', 'hummingbird')])
439.7578 	EXP 	text_3: autoDraw = False
439.7578 	EXP 	text_5: autoDraw = False
439.7578 	EXP 	text_3: autoDraw = False
439.7578 	EXP 	text_4: autoDraw = False
439.7578 	EXP 	text_5: autoDraw = False
439.7578 	EXP 	text_3: text = 'hummingbird'
439.7578 	EXP 	text_4: autoDraw = True
439.8446 	DATA 	Keypress: 5
439.8465 	DATA 	Keypress: equal
440.7491 	EXP 	text_3: autoDraw = True
440.7581 	EXP 	text_4: autoDraw = False
441.3534 	DATA 	Keypress: equal
441.3553 	DATA 	Keypress: 5
442.8532 	DATA 	Keypress: equal
442.8551 	DATA 	Keypress: 5
444.3442 	DATA 	Keypress: 5
444.3461 	DATA 	Keypress: equal
445.7413 	EXP 	text_5: autoDraw = True
445.8461 	DATA 	Keypress: equal
445.8482 	DATA 	Keypress: 5
446.6794 	DATA 	Keypress: 1
447.3450 	DATA 	Keypress: equal
447.3469 	DATA 	Keypress: 5
448.8453 	DATA 	Keypress: equal
448.8472 	DATA 	Keypress: 5
450.3459 	DATA 	Keypress: equal
450.3479 	DATA 	Keypress: 5
450.7407 	EXP 	text_5: autoDraw = False
450.7428 	EXP 	New trial (rep=0, index=34): OrderedDict([('Word', 'chipmunk')])
450.7577 	EXP 	text_3: autoDraw = False
450.7577 	EXP 	text_3: autoDraw = False
450.7577 	EXP 	text_4: autoDraw = False
450.7577 	EXP 	text_5: autoDraw = False
450.7577 	EXP 	text_3: text = 'chipmunk'
450.7577 	EXP 	text_4: autoDraw = True
451.7412 	EXP 	text_3: autoDraw = True
451.7579 	EXP 	text_4: autoDraw = False
451.8440 	DATA 	Keypress: 5
451.8459 	DATA 	Keypress: equal
453.3462 	DATA 	Keypress: equal
453.3484 	DATA 	Keypress: 5
454.8447 	DATA 	Keypress: equal
454.8466 	DATA 	Keypress: 5
456.3457 	DATA 	Keypress: equal
456.3478 	DATA 	Keypress: 5
456.7580 	EXP 	text_5: autoDraw = True
457.3945 	DATA 	Keypress: 1
457.8362 	DATA 	Keypress: equal
457.8380 	DATA 	Keypress: 5
459.3447 	DATA 	Keypress: 5
459.3466 	DATA 	Keypress: equal
460.8363 	DATA 	Keypress: 5
460.8383 	DATA 	Keypress: equal
461.7408 	EXP 	text_3: autoDraw = False
461.7427 	EXP 	New trial (rep=0, index=35): OrderedDict([('Word', 'scalpel')])
461.7578 	EXP 	text_5: autoDraw = False
461.7578 	EXP 	text_3: autoDraw = False
461.7578 	EXP 	text_4: autoDraw = False
461.7578 	EXP 	text_5: autoDraw = False
461.7578 	EXP 	text_3: text = 'scalpel'
461.7578 	EXP 	text_4: autoDraw = True
462.3441 	DATA 	Keypress: equal
462.3460 	DATA 	Keypress: 5
462.7409 	EXP 	text_3: autoDraw = True
462.7580 	EXP 	text_4: autoDraw = False
463.8452 	DATA 	Keypress: equal
463.8472 	DATA 	Keypress: 5
465.3459 	DATA 	Keypress: equal
465.3481 	DATA 	Keypress: 5
466.8442 	DATA 	Keypress: equal
466.8461 	DATA 	Keypress: 5
467.7414 	EXP 	text_5: autoDraw = True
468.3469 	DATA 	Keypress: equal
468.3491 	DATA 	Keypress: 5
468.6937 	DATA 	Keypress: 2
469.8463 	DATA 	Keypress: equal
469.8484 	DATA 	Keypress: 5
471.3463 	DATA 	Keypress: 5
471.3483 	DATA 	Keypress: equal
472.7339 	EXP 	New trial (rep=0, index=36): OrderedDict([('Word', 'baby')])
472.7484 	EXP 	text_3: autoDraw = False
472.7484 	EXP 	text_5: autoDraw = False
472.7484 	EXP 	text_3: autoDraw = False
472.7484 	EXP 	text_4: autoDraw = False
472.7484 	EXP 	text_5: autoDraw = False
472.7484 	EXP 	text_3: text = 'baby'
472.7484 	EXP 	text_4: autoDraw = True
472.8445 	DATA 	Keypress: equal
472.8465 	DATA 	Keypress: 5
473.7413 	EXP 	text_3: autoDraw = True
473.7653 	EXP 	text_4: autoDraw = False
474.3441 	DATA 	Keypress: 5
474.3458 	DATA 	Keypress: equal
475.8449 	DATA 	Keypress: 5
475.8468 	DATA 	Keypress: equal
477.3445 	DATA 	Keypress: equal
477.3464 	DATA 	Keypress: 5
478.7415 	EXP 	text_5: autoDraw = True
478.8462 	DATA 	Keypress: equal
478.8484 	DATA 	Keypress: 5
479.2467 	DATA 	Keypress: 1
480.3355 	DATA 	Keypress: 5
480.3373 	DATA 	Keypress: equal
481.8352 	DATA 	Keypress: 5
481.8372 	DATA 	Keypress: equal
483.3469 	DATA 	Keypress: equal
483.3490 	DATA 	Keypress: 5
483.7269 	EXP 	New trial (rep=0, index=37): OrderedDict([('Word', 'airplane')])
483.7415 	EXP 	text_3: autoDraw = False
483.7415 	EXP 	text_5: autoDraw = False
483.7415 	EXP 	text_3: autoDraw = False
483.7415 	EXP 	text_4: autoDraw = False
483.7415 	EXP 	text_5: autoDraw = False
483.7415 	EXP 	text_3: text = 'airplane'
483.7415 	EXP 	text_4: autoDraw = True
484.7318 	EXP 	text_3: autoDraw = True
484.7415 	EXP 	text_4: autoDraw = False
484.8350 	DATA 	Keypress: 5
484.8369 	DATA 	Keypress: equal
486.3462 	DATA 	Keypress: 5
486.3485 	DATA 	Keypress: equal
487.8442 	DATA 	Keypress: 5
487.8461 	DATA 	Keypress: equal
489.3443 	DATA 	Keypress: 5
489.3461 	DATA 	Keypress: equal
489.7249 	EXP 	text_5: autoDraw = True
490.8352 	DATA 	Keypress: 5
490.8371 	DATA 	Keypress: equal
491.2863 	DATA 	Keypress: 2
492.3352 	DATA 	Keypress: 5
492.3371 	DATA 	Keypress: equal
493.8447 	DATA 	Keypress: 5
493.8466 	DATA 	Keypress: equal
494.7249 	EXP 	text_5: autoDraw = False
494.7267 	EXP 	New trial (rep=0, index=38): OrderedDict([('Word', 'fingerprint')])
494.7407 	EXP 	text_3: autoDraw = False
494.7407 	EXP 	text_3: autoDraw = False
494.7407 	EXP 	text_4: autoDraw = False
494.7407 	EXP 	text_5: autoDraw = False
494.7407 	EXP 	text_3: text = 'fingerprint'
494.7407 	EXP 	text_4: autoDraw = True
495.3444 	DATA 	Keypress: 5
495.3464 	DATA 	Keypress: equal
495.7241 	EXP 	text_3: autoDraw = True
495.7409 	EXP 	text_4: autoDraw = False
496.8445 	DATA 	Keypress: 5
496.8464 	DATA 	Keypress: equal
498.3459 	DATA 	Keypress: 5
498.3480 	DATA 	Keypress: equal
499.8438 	DATA 	Keypress: equal
499.8457 	DATA 	Keypress: 5
500.7250 	EXP 	text_5: autoDraw = True
501.3461 	DATA 	Keypress: 5
501.3483 	DATA 	Keypress: equal
501.6850 	DATA 	Keypress: 2
502.8466 	DATA 	Keypress: 5
502.8488 	DATA 	Keypress: equal
504.3447 	DATA 	Keypress: 5
504.3466 	DATA 	Keypress: equal
505.7104 	EXP 	New trial (rep=0, index=39): OrderedDict([('Word', 'violinist')])
505.7244 	EXP 	text_3: autoDraw = False
505.7244 	EXP 	text_5: autoDraw = False
505.7244 	EXP 	text_3: autoDraw = False
505.7244 	EXP 	text_4: autoDraw = False
505.7244 	EXP 	text_5: autoDraw = False
505.7244 	EXP 	text_3: text = 'violinist'
505.7244 	EXP 	text_4: autoDraw = True
505.8459 	DATA 	Keypress: 5
505.8479 	DATA 	Keypress: equal
506.7083 	EXP 	text_3: autoDraw = True
506.7251 	EXP 	text_4: autoDraw = False
507.3460 	DATA 	Keypress: equal
507.3481 	DATA 	Keypress: 5
508.8455 	DATA 	Keypress: 5
508.8477 	DATA 	Keypress: equal
510.3451 	DATA 	Keypress: 5
510.3471 	DATA 	Keypress: equal
511.7076 	EXP 	text_5: autoDraw = True
511.8533 	DATA 	Keypress: 5
511.8555 	DATA 	Keypress: equal
512.8114 	DATA 	Keypress: 1
513.3353 	DATA 	Keypress: equal
513.3372 	DATA 	Keypress: 5
514.8678 	DATA 	Keypress: equal
514.8695 	DATA 	Keypress: 5
516.3459 	DATA 	Keypress: 5
516.3481 	DATA 	Keypress: equal
516.7077 	EXP 	text_3: autoDraw = False
516.7077 	EXP 	text_5: autoDraw = False
516.7077 	EXP 	text_3: autoDraw = False
516.7077 	EXP 	text_4: autoDraw = False
516.7077 	EXP 	text_5: autoDraw = False
516.7077 	EXP 	text_6: autoDraw = True
517.8451 	DATA 	Keypress: 5
517.8470 	DATA 	Keypress: equal
519.3450 	DATA 	Keypress: 5
519.3469 	DATA 	Keypress: equal
520.8463 	DATA 	Keypress: 5
520.8485 	DATA 	Keypress: equal
521.7077 	EXP 	text_6: autoDraw = False
521.7077 	EXP 	text_6: autoDraw = False
521.9907 	EXP 	window1: mouseVisible = True
