5.0722 	EXP 	Created window1 = Window(allowGUI=False, allowStencil=False, args=UNKNOWN, autoLog=True, bitsMode=UNKNOWN, blendMode='avg', color=array([0., 0., 0.]), colorSpace='rgb', fullscr=<method-wrapper '__getattribute__' of attributeSetter object at 0x109d80d30>, gamma=None, gammaErrorPolicy='raise', kwargs=UNKNOWN, lms=UNKNOWN, monitor=<psychopy.monitors.calibTools.Monitor object at 0x109cad9b0>, multiSample=False, name='window1', numSamples=2, pos=[0.0, 0.0], screen=0, size=array([1920, 1080]), stereo=False, units='height', useFBO=True, useRetina=False, viewOri=0.0, viewPos=None, viewScale=None, waitBlanking=True, winType='pyglet')
5.0722 	EXP 	window1: recordFrameIntervals = False
5.2387 	EXP 	window1: recordFrameIntervals = True
5.4220 	EXP 	window1: recordFrameIntervals = False
5.8650 	EXP 	Created text = TextStim(__class__=<class 'psychopy.visual.text.TextStim'>, alignHoriz='center', alignVert='center', antialias=True, autoLog=True, bold=False, color='white', colorSpace='named', contrast=1.0, depth=0.0, flipHoriz=False, flipVert=False, font='Arial', fontFiles=[], height=0.03, italic=False, languageStyle='LTR', name='text', opacity=1.0, ori=0, pos=array([0., 0.]), rgb=array([255., 255., 255.]), text=str(...), units='height', win=Window(...), wrapWidth=1)
5.9110 	EXP 	Created text_2 = TextStim(__class__=<class 'psychopy.visual.text.TextStim'>, alignHoriz='center', alignVert='center', antialias=True, autoLog=True, bold=False, color='white', colorSpace='named', contrast=1.0, depth=0.0, flipHoriz=False, flipVert=False, font='Arial', fontFiles=[], height=0.1, italic=False, languageStyle='LTR', name='text_2', opacity=1.0, ori=0, pos=array([0., 0.]), rgb=array([255., 255., 255.]), text='Waiting for the scanner\n', units='height', win=Window(...), wrapWidth=1)
5.9545 	EXP 	Created text_3 = TextStim(__class__=<class 'psychopy.visual.text.TextStim'>, alignHoriz='center', alignVert='center', antialias=True, autoLog=True, bold=False, color='white', colorSpace='named', contrast=1.0, depth=0.0, flipHoriz=False, flipVert=False, font='Arial', fontFiles=[], height=0.1, italic=False, languageStyle='LTR', name='text_3', opacity=1.0, ori=0, pos=array([0., 0.]), rgb=array([255., 255., 255.]), text='default text', units='height', win=Window(...), wrapWidth=1)
5.9573 	EXP 	Created text_4 = TextStim(__class__=<class 'psychopy.visual.text.TextStim'>, alignHoriz='center', alignVert='center', antialias=True, autoLog=True, bold=False, color='white', colorSpace='named', contrast=1.0, depth=-1.0, flipHoriz=False, flipVert=False, font='Arial', fontFiles=[], height=0.1, italic=False, languageStyle='LTR', name='text_4', opacity=1.0, ori=0, pos=array([0., 0.]), rgb=array([255., 255., 255.]), text='+', units='height', win=Window(...), wrapWidth=1)
5.9703 	EXP 	Created text_5 = TextStim(__class__=<class 'psychopy.visual.text.TextStim'>, alignHoriz='center', alignVert='center', antialias=True, autoLog=True, bold=False, color='white', colorSpace='named', contrast=1.0, depth=-2.0, flipHoriz=False, flipVert=False, font='Arial', fontFiles=[], height=0.02, italic=False, languageStyle='LTR', name='text_5', opacity=1.0, ori=0, pos=array([ 0. , -0.3]), rgb=array([255., 255., 255.]), text=str(...), units='height', win=Window(...), wrapWidth=1)
6.0145 	EXP 	Created text_6 = TextStim(__class__=<class 'psychopy.visual.text.TextStim'>, alignHoriz='center', alignVert='center', antialias=True, autoLog=True, bold=False, color='white', colorSpace='named', contrast=1.0, depth=0.0, flipHoriz=False, flipVert=False, font='Arial', fontFiles=[], height=0.1, italic=False, languageStyle='LTR', name='text_6', opacity=1.0, ori=0, pos=array([0., 0.]), rgb=array([255., 255., 255.]), text="That's the end of this task\n", units='height', win=Window(...), wrapWidth=1)
6.0214 	EXP 	text: autoDraw = True
9.2441 	DATA 	Keypress: 1
9.2546 	EXP 	text: autoDraw = False
9.2546 	EXP 	text_2: autoDraw = True
26.1192 	EXP 	Imported wl.csv as conditions, 40 conditions, 1 params
26.1196 	EXP 	Created sequence: random, trialTypes=40, nReps=1, seed=None
26.1198 	EXP 	New trial (rep=0, index=0): OrderedDict([('Word', 'binoculars')])
26.1274 	DATA 	Keypress: 5
26.1291 	DATA 	Keypress: equal
26.1387 	EXP 	text_2: autoDraw = False
26.1387 	EXP 	text_3: text = 'binoculars'
26.1387 	EXP 	text_4: autoDraw = True
27.1228 	EXP 	text_3: autoDraw = True
27.1397 	EXP 	text_4: autoDraw = False
27.6085 	DATA 	Keypress: equal
27.6100 	DATA 	Keypress: 5
29.1083 	DATA 	Keypress: 5
29.1098 	DATA 	Keypress: equal
30.6081 	DATA 	Keypress: 5
30.6094 	DATA 	Keypress: equal
32.1084 	DATA 	Keypress: 5
32.1097 	DATA 	Keypress: equal
32.1280 	EXP 	text_5: autoDraw = True
33.2432 	DATA 	Keypress: 2
33.6096 	DATA 	Keypress: equal
33.6114 	DATA 	Keypress: 5
35.1092 	DATA 	Keypress: 5
35.1108 	DATA 	Keypress: equal
36.6163 	DATA 	Keypress: equal
36.6184 	DATA 	Keypress: 5
37.1149 	EXP 	New trial (rep=0, index=1): OrderedDict([('Word', 'porcupine')])
37.1274 	EXP 	text_3: autoDraw = False
37.1274 	EXP 	text_5: autoDraw = False
37.1274 	EXP 	text_3: autoDraw = False
37.1274 	EXP 	text_4: autoDraw = False
37.1274 	EXP 	text_5: autoDraw = False
37.1274 	EXP 	text_3: text = 'porcupine'
37.1274 	EXP 	text_4: autoDraw = True
38.1092 	DATA 	Keypress: 5
38.1105 	DATA 	Keypress: equal
38.1218 	EXP 	text_3: autoDraw = True
38.1394 	EXP 	text_4: autoDraw = False
39.6083 	DATA 	Keypress: 5
39.6096 	DATA 	Keypress: equal
41.1077 	DATA 	Keypress: equal
41.1091 	DATA 	Keypress: 5
42.6083 	DATA 	Keypress: equal
42.6096 	DATA 	Keypress: 5
43.1231 	EXP 	text_5: autoDraw = True
44.1100 	DATA 	Keypress: equal
44.1118 	DATA 	Keypress: 5
44.4258 	DATA 	Keypress: 1
45.6081 	DATA 	Keypress: 5
45.6096 	DATA 	Keypress: equal
47.1083 	DATA 	Keypress: 5
47.1097 	DATA 	Keypress: equal
48.1137 	EXP 	New trial (rep=0, index=2): OrderedDict([('Word', 'donkey')])
48.1280 	EXP 	text_3: autoDraw = False
48.1280 	EXP 	text_5: autoDraw = False
48.1280 	EXP 	text_3: autoDraw = False
48.1280 	EXP 	text_4: autoDraw = False
48.1280 	EXP 	text_5: autoDraw = False
48.1280 	EXP 	text_3: text = 'donkey'
48.1280 	EXP 	text_4: autoDraw = True
48.6088 	DATA 	Keypress: equal
48.6103 	DATA 	Keypress: 5
49.1114 	EXP 	text_3: autoDraw = True
49.1273 	EXP 	text_4: autoDraw = False
50.1155 	DATA 	Keypress: equal
50.1176 	DATA 	Keypress: 5
51.6083 	DATA 	Keypress: equal
51.6096 	DATA 	Keypress: 5
53.1103 	DATA 	Keypress: equal
53.1120 	DATA 	Keypress: 5
54.1227 	EXP 	text_5: autoDraw = True
54.6092 	DATA 	Keypress: 5
54.6108 	DATA 	Keypress: equal
54.7642 	DATA 	Keypress: 1
56.1085 	DATA 	Keypress: equal
56.1099 	DATA 	Keypress: 5
57.6095 	DATA 	Keypress: equal
57.6113 	DATA 	Keypress: 5
59.1072 	EXP 	New trial (rep=0, index=3): OrderedDict([('Word', 'treadmill')])
59.1138 	DATA 	Keypress: equal
59.1151 	DATA 	Keypress: 5
59.1229 	EXP 	text_3: autoDraw = False
59.1229 	EXP 	text_5: autoDraw = False
59.1229 	EXP 	text_3: autoDraw = False
59.1229 	EXP 	text_4: autoDraw = False
59.1229 	EXP 	text_5: autoDraw = False
59.1229 	EXP 	text_3: text = 'treadmill'
59.1229 	EXP 	text_4: autoDraw = True
60.1107 	EXP 	text_3: autoDraw = True
60.1230 	EXP 	text_4: autoDraw = False
60.6095 	DATA 	Keypress: equal
60.6113 	DATA 	Keypress: 5
62.1081 	DATA 	Keypress: 5
62.1095 	DATA 	Keypress: equal
63.6092 	DATA 	Keypress: equal
63.6110 	DATA 	Keypress: 5
65.1057 	EXP 	text_5: autoDraw = True
65.1091 	DATA 	Keypress: equal
65.1106 	DATA 	Keypress: 5
65.6504 	DATA 	Keypress: 2
66.6092 	DATA 	Keypress: equal
66.6107 	DATA 	Keypress: 5
68.1090 	DATA 	Keypress: 5
68.1105 	DATA 	Keypress: equal
69.6088 	DATA 	Keypress: equal
69.6102 	DATA 	Keypress: 5
70.0967 	EXP 	New trial (rep=0, index=4): OrderedDict([('Word', 'scalpel')])
70.1055 	EXP 	text_3: autoDraw = False
70.1055 	EXP 	text_5: autoDraw = False
70.1055 	EXP 	text_3: autoDraw = False
70.1055 	EXP 	text_4: autoDraw = False
70.1055 	EXP 	text_5: autoDraw = False
70.1055 	EXP 	text_3: text = 'scalpel'
70.1055 	EXP 	text_4: autoDraw = True
71.1062 	EXP 	text_3: autoDraw = True
71.1062 	EXP 	text_4: autoDraw = False
71.1089 	DATA 	Keypress: equal
71.1105 	DATA 	Keypress: 5
72.6086 	DATA 	Keypress: equal
72.6102 	DATA 	Keypress: 5
74.1084 	DATA 	Keypress: equal
74.1098 	DATA 	Keypress: 5
75.6085 	DATA 	Keypress: equal
75.6102 	DATA 	Keypress: 5
76.0941 	EXP 	text_5: autoDraw = True
77.1163 	DATA 	Keypress: equal
77.1184 	DATA 	Keypress: 5
77.5974 	DATA 	Keypress: 2
78.6094 	DATA 	Keypress: equal
78.6111 	DATA 	Keypress: 5
80.1097 	DATA 	Keypress: equal
80.1113 	DATA 	Keypress: 5
81.0896 	EXP 	text_5: autoDraw = False
81.0919 	EXP 	New trial (rep=0, index=5): OrderedDict([('Word', 'airplane')])
81.1056 	EXP 	text_3: autoDraw = False
81.1056 	EXP 	text_3: autoDraw = False
81.1056 	EXP 	text_4: autoDraw = False
81.1056 	EXP 	text_5: autoDraw = False
81.1056 	EXP 	text_3: text = 'airplane'
81.1056 	EXP 	text_4: autoDraw = True
81.6147 	DATA 	Keypress: equal
81.6168 	DATA 	Keypress: 5
82.0896 	EXP 	text_3: autoDraw = True
82.1106 	EXP 	text_4: autoDraw = False
83.1086 	DATA 	Keypress: equal
83.1104 	DATA 	Keypress: 5
84.6095 	DATA 	Keypress: equal
84.6113 	DATA 	Keypress: 5
86.1086 	DATA 	Keypress: 5
86.1105 	DATA 	Keypress: equal
87.0889 	EXP 	text_5: autoDraw = True
87.6091 	DATA 	Keypress: 5
87.6109 	DATA 	Keypress: equal
88.0602 	DATA 	Keypress: 2
89.1087 	DATA 	Keypress: equal
89.1106 	DATA 	Keypress: 5
90.6093 	DATA 	Keypress: 5
90.6112 	DATA 	Keypress: equal
92.0749 	EXP 	New trial (rep=0, index=6): OrderedDict([('Word', 'chipmunk')])
92.0898 	EXP 	text_3: autoDraw = False
92.0898 	EXP 	text_5: autoDraw = False
92.0898 	EXP 	text_3: autoDraw = False
92.0898 	EXP 	text_4: autoDraw = False
92.0898 	EXP 	text_5: autoDraw = False
92.0898 	EXP 	text_3: text = 'chipmunk'
92.0898 	EXP 	text_4: autoDraw = True
92.1088 	DATA 	Keypress: 5
92.1106 	DATA 	Keypress: equal
93.0737 	EXP 	text_3: autoDraw = True
93.0939 	EXP 	text_4: autoDraw = False
93.6093 	DATA 	Keypress: 5
93.6112 	DATA 	Keypress: equal
95.1091 	DATA 	Keypress: 5
95.1109 	DATA 	Keypress: equal
96.6088 	DATA 	Keypress: 5
96.6107 	DATA 	Keypress: equal
98.0771 	EXP 	text_5: autoDraw = True
98.1093 	DATA 	Keypress: 5
98.1112 	DATA 	Keypress: equal
98.4596 	DATA 	Keypress: 1
99.6100 	DATA 	Keypress: 5
99.6119 	DATA 	Keypress: equal
101.1097 	DATA 	Keypress: equal
101.1115 	DATA 	Keypress: 5
102.6093 	DATA 	Keypress: 5
102.6113 	DATA 	Keypress: equal
103.0632 	EXP 	New trial (rep=0, index=7): OrderedDict([('Word', 'hair')])
103.0729 	EXP 	text_3: autoDraw = False
103.0729 	EXP 	text_5: autoDraw = False
103.0729 	EXP 	text_3: autoDraw = False
103.0729 	EXP 	text_4: autoDraw = False
103.0729 	EXP 	text_5: autoDraw = False
103.0729 	EXP 	text_3: text = 'hair'
103.0729 	EXP 	text_4: autoDraw = True
104.0562 	EXP 	text_3: autoDraw = True
104.0771 	EXP 	text_4: autoDraw = False
104.1086 	DATA 	Keypress: 5
104.1105 	DATA 	Keypress: equal
105.6088 	DATA 	Keypress: 5
105.6107 	DATA 	Keypress: equal
107.1090 	DATA 	Keypress: 5
107.1109 	DATA 	Keypress: equal
108.6089 	DATA 	Keypress: 5
108.6107 	DATA 	Keypress: equal
109.0604 	EXP 	text_5: autoDraw = True
109.8435 	DATA 	Keypress: 2
110.1103 	DATA 	Keypress: equal
110.1122 	DATA 	Keypress: 5
111.6090 	DATA 	Keypress: 5
111.6109 	DATA 	Keypress: equal
113.1096 	DATA 	Keypress: 5
113.1115 	DATA 	Keypress: equal
114.0606 	EXP 	text_3: autoDraw = False
114.0629 	EXP 	New trial (rep=0, index=8): OrderedDict([('Word', 'stove')])
114.0772 	EXP 	text_5: autoDraw = False
114.0772 	EXP 	text_3: autoDraw = False
114.0772 	EXP 	text_4: autoDraw = False
114.0772 	EXP 	text_5: autoDraw = False
114.0772 	EXP 	text_3: text = 'stove'
114.0772 	EXP 	text_4: autoDraw = True
114.6091 	DATA 	Keypress: 5
114.6110 	DATA 	Keypress: equal
115.0725 	EXP 	text_3: autoDraw = True
115.0941 	EXP 	text_4: autoDraw = False
116.1085 	DATA 	Keypress: 5
116.1107 	DATA 	Keypress: equal
117.6099 	DATA 	Keypress: equal
117.6118 	DATA 	Keypress: 5
119.1088 	DATA 	Keypress: 5
119.1106 	DATA 	Keypress: equal
120.0729 	EXP 	text_5: autoDraw = True
120.6095 	DATA 	Keypress: 5
120.6115 	DATA 	Keypress: equal
121.5157 	DATA 	Keypress: 2
122.1091 	DATA 	Keypress: 5
122.1110 	DATA 	Keypress: equal
123.6097 	DATA 	Keypress: 5
123.6116 	DATA 	Keypress: equal
125.0577 	EXP 	New trial (rep=0, index=9): OrderedDict([('Word', 'cabdriver')])
125.0730 	EXP 	text_3: autoDraw = False
125.0730 	EXP 	text_5: autoDraw = False
125.0730 	EXP 	text_3: autoDraw = False
125.0730 	EXP 	text_4: autoDraw = False
125.0730 	EXP 	text_5: autoDraw = False
125.0730 	EXP 	text_3: text = 'cabdriver'
125.0730 	EXP 	text_4: autoDraw = True
125.1089 	DATA 	Keypress: equal
125.1108 	DATA 	Keypress: 5
126.0559 	EXP 	text_3: autoDraw = True
126.0725 	EXP 	text_4: autoDraw = False
126.6097 	DATA 	Keypress: equal
126.6116 	DATA 	Keypress: 5
128.1088 	DATA 	Keypress: 5
128.1107 	DATA 	Keypress: equal
129.6091 	DATA 	Keypress: 5
129.6110 	DATA 	Keypress: equal
131.0566 	EXP 	text_5: autoDraw = True
131.1097 	DATA 	Keypress: 5
131.1115 	DATA 	Keypress: equal
132.6097 	DATA 	Keypress: 5
132.6116 	DATA 	Keypress: equal
133.2632 	DATA 	Keypress: 1
134.1096 	DATA 	Keypress: equal
134.1116 	DATA 	Keypress: 5
135.6099 	DATA 	Keypress: 5
135.6117 	DATA 	Keypress: equal
136.0423 	EXP 	New trial (rep=0, index=10): OrderedDict([('Word', 'necklace')])
136.0553 	EXP 	text_3: autoDraw = False
136.0553 	EXP 	text_5: autoDraw = False
136.0553 	EXP 	text_3: autoDraw = False
136.0553 	EXP 	text_4: autoDraw = False
136.0553 	EXP 	text_5: autoDraw = False
136.0553 	EXP 	text_3: text = 'necklace'
136.0553 	EXP 	text_4: autoDraw = True
137.0400 	EXP 	text_3: autoDraw = True
137.0570 	EXP 	text_4: autoDraw = False
137.1092 	DATA 	Keypress: 5
137.1111 	DATA 	Keypress: equal
138.6096 	DATA 	Keypress: 5
138.6117 	DATA 	Keypress: equal
140.1083 	DATA 	Keypress: equal
140.1102 	DATA 	Keypress: 5
141.6099 	DATA 	Keypress: equal
141.6117 	DATA 	Keypress: 5
142.0399 	EXP 	text_5: autoDraw = True
143.1095 	DATA 	Keypress: 5
143.1114 	DATA 	Keypress: equal
143.5817 	DATA 	Keypress: 2
144.6093 	DATA 	Keypress: 5
144.6111 	DATA 	Keypress: equal
146.1091 	DATA 	Keypress: 5
146.1109 	DATA 	Keypress: equal
147.0257 	EXP 	New trial (rep=0, index=11): OrderedDict([('Word', 'waterfall')])
147.0385 	EXP 	text_3: autoDraw = False
147.0385 	EXP 	text_5: autoDraw = False
147.0385 	EXP 	text_3: autoDraw = False
147.0385 	EXP 	text_4: autoDraw = False
147.0385 	EXP 	text_5: autoDraw = False
147.0385 	EXP 	text_3: text = 'waterfall'
147.0385 	EXP 	text_4: autoDraw = True
147.6095 	DATA 	Keypress: equal
147.6113 	DATA 	Keypress: 5
148.0225 	EXP 	text_3: autoDraw = True
148.0398 	EXP 	text_4: autoDraw = False
149.1096 	DATA 	Keypress: equal
149.1115 	DATA 	Keypress: 5
150.6102 	DATA 	Keypress: equal
150.6121 	DATA 	Keypress: 5
152.1090 	DATA 	Keypress: 5
152.1109 	DATA 	Keypress: equal
153.0233 	EXP 	text_5: autoDraw = True
153.6098 	DATA 	Keypress: 5
153.6116 	DATA 	Keypress: equal
154.0762 	DATA 	Keypress: 2
155.1106 	DATA 	Keypress: equal
155.1125 	DATA 	Keypress: 5
156.6096 	DATA 	Keypress: 5
156.6115 	DATA 	Keypress: equal
158.0090 	EXP 	New trial (rep=0, index=12): OrderedDict([('Word', 'crab')])
158.0225 	EXP 	text_3: autoDraw = False
158.0225 	EXP 	text_5: autoDraw = False
158.0225 	EXP 	text_3: autoDraw = False
158.0225 	EXP 	text_4: autoDraw = False
158.0225 	EXP 	text_5: autoDraw = False
158.0225 	EXP 	text_3: text = 'crab'
158.0225 	EXP 	text_4: autoDraw = True
158.1093 	DATA 	Keypress: equal
158.1112 	DATA 	Keypress: 5
159.0059 	EXP 	text_3: autoDraw = True
159.0231 	EXP 	text_4: autoDraw = False
159.6092 	DATA 	Keypress: 5
159.6111 	DATA 	Keypress: equal
161.1100 	DATA 	Keypress: 5
161.1121 	DATA 	Keypress: equal
162.6093 	DATA 	Keypress: 5
164.0068 	EXP 	text_5: autoDraw = True
164.1099 	DATA 	Keypress: equal
164.1118 	DATA 	Keypress: 5
165.4615 	DATA 	Keypress: 1
165.6099 	DATA 	Keypress: equal
165.6117 	DATA 	Keypress: 5
167.1099 	DATA 	Keypress: equal
167.1117 	DATA 	Keypress: 5
168.6097 	DATA 	Keypress: 5
168.6116 	DATA 	Keypress: equal
168.9915 	EXP 	New trial (rep=0, index=13): OrderedDict([('Word', 'platypus')])
169.0060 	EXP 	text_3: autoDraw = False
169.0060 	EXP 	text_5: autoDraw = False
169.0060 	EXP 	text_3: autoDraw = False
169.0060 	EXP 	text_4: autoDraw = False
169.0060 	EXP 	text_5: autoDraw = False
169.0060 	EXP 	text_3: text = 'platypus'
169.0060 	EXP 	text_4: autoDraw = True
169.9892 	EXP 	text_3: autoDraw = True
170.0065 	EXP 	text_4: autoDraw = False
170.1093 	DATA 	Keypress: equal
170.1112 	DATA 	Keypress: 5
171.6094 	DATA 	Keypress: equal
171.6113 	DATA 	Keypress: 5
173.1100 	DATA 	Keypress: equal
173.1119 	DATA 	Keypress: 5
174.6094 	DATA 	Keypress: equal
174.6112 	DATA 	Keypress: 5
174.9933 	EXP 	text_5: autoDraw = True
175.7094 	DATA 	Keypress: 1
176.1099 	DATA 	Keypress: 5
176.1117 	DATA 	Keypress: equal
177.6103 	DATA 	Keypress: equal
177.6121 	DATA 	Keypress: 5
179.1098 	DATA 	Keypress: equal
179.1117 	DATA 	Keypress: 5
179.9896 	EXP 	text_3: autoDraw = False
179.9916 	EXP 	New trial (rep=0, index=14): OrderedDict([('Word', 'ladybug')])
180.0057 	EXP 	text_5: autoDraw = False
180.0057 	EXP 	text_3: autoDraw = False
180.0057 	EXP 	text_4: autoDraw = False
180.0057 	EXP 	text_5: autoDraw = False
180.0057 	EXP 	text_3: text = 'ladybug'
180.0057 	EXP 	text_4: autoDraw = True
180.6092 	DATA 	Keypress: 5
180.6111 	DATA 	Keypress: equal
180.9895 	EXP 	text_3: autoDraw = True
181.0066 	EXP 	text_4: autoDraw = False
182.1101 	DATA 	Keypress: equal
182.1120 	DATA 	Keypress: 5
183.6091 	DATA 	Keypress: equal
183.6110 	DATA 	Keypress: 5
185.1097 	DATA 	Keypress: equal
185.1116 	DATA 	Keypress: 5
185.9898 	EXP 	text_5: autoDraw = True
186.6102 	DATA 	Keypress: equal
186.6121 	DATA 	Keypress: 5
186.8278 	DATA 	Keypress: 1
188.1105 	DATA 	Keypress: equal
188.1124 	DATA 	Keypress: 5
189.6097 	DATA 	Keypress: equal
189.6115 	DATA 	Keypress: 5
190.9751 	EXP 	New trial (rep=0, index=15): OrderedDict([('Word', 'grandfather')])
190.9896 	EXP 	text_3: autoDraw = False
190.9896 	EXP 	text_5: autoDraw = False
190.9896 	EXP 	text_3: autoDraw = False
190.9896 	EXP 	text_4: autoDraw = False
190.9896 	EXP 	text_5: autoDraw = False
190.9896 	EXP 	text_3: text = 'grandfather'
190.9896 	EXP 	text_4: autoDraw = True
191.1094 	DATA 	Keypress: 5
191.1113 	DATA 	Keypress: equal
191.9728 	EXP 	text_3: autoDraw = True
191.9900 	EXP 	text_4: autoDraw = False
192.6095 	DATA 	Keypress: 5
192.6114 	DATA 	Keypress: equal
194.1089 	DATA 	Keypress: 5
194.1108 	DATA 	Keypress: equal
195.6089 	DATA 	Keypress: 5
195.6107 	DATA 	Keypress: equal
196.9729 	EXP 	text_5: autoDraw = True
197.1098 	DATA 	Keypress: 5
197.1117 	DATA 	Keypress: equal
198.0923 	DATA 	Keypress: 1
198.6096 	DATA 	Keypress: 5
198.6115 	DATA 	Keypress: equal
200.1101 	DATA 	Keypress: 5
200.1120 	DATA 	Keypress: equal
201.6095 	DATA 	Keypress: 5
201.6114 	DATA 	Keypress: equal
201.9584 	EXP 	New trial (rep=0, index=16): OrderedDict([('Word', 'hairstylist')])
201.9725 	EXP 	text_3: autoDraw = False
201.9725 	EXP 	text_5: autoDraw = False
201.9725 	EXP 	text_3: autoDraw = False
201.9725 	EXP 	text_4: autoDraw = False
201.9725 	EXP 	text_5: autoDraw = False
201.9725 	EXP 	text_3: text = 'hairstylist'
201.9725 	EXP 	text_4: autoDraw = True
202.9565 	EXP 	text_3: autoDraw = True
202.9763 	EXP 	text_4: autoDraw = False
203.1091 	DATA 	Keypress: 5
203.1110 	DATA 	Keypress: equal
204.6094 	DATA 	Keypress: 5
204.6112 	DATA 	Keypress: equal
206.1094 	DATA 	Keypress: 5
206.1112 	DATA 	Keypress: equal
207.6100 	DATA 	Keypress: equal
207.6118 	DATA 	Keypress: 5
207.9560 	EXP 	text_5: autoDraw = True
209.1099 	DATA 	Keypress: 5
209.1118 	DATA 	Keypress: equal
209.1588 	DATA 	Keypress: 1
210.6098 	DATA 	Keypress: 5
210.6117 	DATA 	Keypress: equal
212.1098 	DATA 	Keypress: 5
212.1116 	DATA 	Keypress: equal
212.9417 	EXP 	New trial (rep=0, index=17): OrderedDict([('Word', 'elephant')])
212.9565 	EXP 	text_3: autoDraw = False
212.9565 	EXP 	text_5: autoDraw = False
212.9565 	EXP 	text_3: autoDraw = False
212.9565 	EXP 	text_4: autoDraw = False
212.9565 	EXP 	text_5: autoDraw = False
212.9565 	EXP 	text_3: text = 'elephant'
212.9565 	EXP 	text_4: autoDraw = True
213.6094 	DATA 	Keypress: 5
213.6113 	DATA 	Keypress: equal
213.9395 	EXP 	text_3: autoDraw = True
213.9569 	EXP 	text_4: autoDraw = False
215.1095 	DATA 	Keypress: equal
215.1114 	DATA 	Keypress: 5
216.6101 	DATA 	Keypress: 5
216.6120 	DATA 	Keypress: equal
218.1095 	DATA 	Keypress: 5
218.1114 	DATA 	Keypress: equal
218.9419 	EXP 	text_5: autoDraw = True
219.6094 	DATA 	Keypress: 5
219.6112 	DATA 	Keypress: equal
220.0932 	DATA 	Keypress: 1
221.1094 	DATA 	Keypress: 5
221.1113 	DATA 	Keypress: equal
222.6111 	DATA 	Keypress: equal
222.6131 	DATA 	Keypress: 5
223.9400 	EXP 	text_3: autoDraw = False
223.9423 	EXP 	New trial (rep=0, index=18): OrderedDict([('Word', 'hummingbird')])
223.9557 	EXP 	text_5: autoDraw = False
223.9557 	EXP 	text_3: autoDraw = False
223.9557 	EXP 	text_4: autoDraw = False
223.9557 	EXP 	text_5: autoDraw = False
223.9557 	EXP 	text_3: text = 'hummingbird'
223.9557 	EXP 	text_4: autoDraw = True
224.1102 	DATA 	Keypress: equal
224.1122 	DATA 	Keypress: 5
224.9400 	EXP 	text_3: autoDraw = True
224.9567 	EXP 	text_4: autoDraw = False
225.6097 	DATA 	Keypress: 5
225.6116 	DATA 	Keypress: equal
227.1089 	DATA 	Keypress: 5
227.1108 	DATA 	Keypress: equal
228.6096 	DATA 	Keypress: 5
228.6115 	DATA 	Keypress: equal
229.9569 	EXP 	text_5: autoDraw = True
230.1108 	DATA 	Keypress: equal
230.1130 	DATA 	Keypress: 5
230.6116 	DATA 	Keypress: 1
231.6106 	DATA 	Keypress: 5
231.6125 	DATA 	Keypress: equal
233.1096 	DATA 	Keypress: 5
233.1115 	DATA 	Keypress: equal
234.6092 	DATA 	Keypress: 5
234.6110 	DATA 	Keypress: equal
234.9402 	EXP 	text_3: autoDraw = False
234.9427 	EXP 	New trial (rep=0, index=19): OrderedDict([('Word', 'walrus')])
234.9560 	EXP 	text_5: autoDraw = False
234.9560 	EXP 	text_3: autoDraw = False
234.9560 	EXP 	text_4: autoDraw = False
234.9560 	EXP 	text_5: autoDraw = False
234.9560 	EXP 	text_3: text = 'walrus'
234.9560 	EXP 	text_4: autoDraw = True
235.9566 	EXP 	text_3: autoDraw = True
235.9566 	EXP 	text_4: autoDraw = False
236.1093 	DATA 	Keypress: 5
236.1111 	DATA 	Keypress: equal
237.6118 	DATA 	Keypress: 5
237.6140 	DATA 	Keypress: equal
239.1101 	DATA 	Keypress: equal
239.1122 	DATA 	Keypress: 5
240.6098 	DATA 	Keypress: equal
240.6116 	DATA 	Keypress: 5
240.9566 	EXP 	text_5: autoDraw = True
241.7942 	DATA 	Keypress: 1
242.1095 	DATA 	Keypress: 5
242.1113 	DATA 	Keypress: equal
243.6092 	DATA 	Keypress: 5
243.6111 	DATA 	Keypress: equal
245.1116 	DATA 	Keypress: equal
245.1137 	DATA 	Keypress: 5
245.9417 	EXP 	New trial (rep=0, index=20): OrderedDict([('Word', 'ketchup')])
245.9567 	EXP 	text_3: autoDraw = False
245.9567 	EXP 	text_5: autoDraw = False
245.9567 	EXP 	text_3: autoDraw = False
245.9567 	EXP 	text_4: autoDraw = False
245.9567 	EXP 	text_5: autoDraw = False
245.9567 	EXP 	text_3: text = 'ketchup'
245.9567 	EXP 	text_4: autoDraw = True
246.6099 	DATA 	Keypress: equal
246.6118 	DATA 	Keypress: 5
246.9394 	EXP 	text_3: autoDraw = True
246.9567 	EXP 	text_4: autoDraw = False
248.1105 	DATA 	Keypress: equal
248.1125 	DATA 	Keypress: 5
249.6089 	DATA 	Keypress: 5
249.6107 	DATA 	Keypress: equal
251.1088 	DATA 	Keypress: 5
251.1107 	DATA 	Keypress: equal
251.9397 	EXP 	text_5: autoDraw = True
252.6109 	DATA 	Keypress: equal
252.6128 	DATA 	Keypress: 5
252.7103 	DATA 	Keypress: 2
254.1107 	DATA 	Keypress: equal
254.1126 	DATA 	Keypress: 5
255.6114 	DATA 	Keypress: equal
255.6135 	DATA 	Keypress: 5
256.9252 	EXP 	New trial (rep=0, index=21): OrderedDict([('Word', 'leopard')])
256.9400 	EXP 	text_3: autoDraw = False
256.9400 	EXP 	text_5: autoDraw = False
256.9400 	EXP 	text_3: autoDraw = False
256.9400 	EXP 	text_4: autoDraw = False
256.9400 	EXP 	text_5: autoDraw = False
256.9400 	EXP 	text_3: text = 'leopard'
256.9400 	EXP 	text_4: autoDraw = True
257.1089 	DATA 	Keypress: equal
257.1108 	DATA 	Keypress: 5
257.9229 	EXP 	text_3: autoDraw = True
257.9406 	EXP 	text_4: autoDraw = False
258.6090 	DATA 	Keypress: 5
258.6108 	DATA 	Keypress: equal
260.1089 	DATA 	Keypress: 5
260.1109 	DATA 	Keypress: equal
261.6098 	DATA 	Keypress: equal
261.6116 	DATA 	Keypress: 5
262.9230 	EXP 	text_5: autoDraw = True
263.1110 	DATA 	Keypress: equal
263.1129 	DATA 	Keypress: 5
264.3942 	DATA 	Keypress: 1
264.6126 	DATA 	Keypress: equal
264.6148 	DATA 	Keypress: 5
266.1095 	DATA 	Keypress: 5
266.1113 	DATA 	Keypress: equal
267.6091 	DATA 	Keypress: 5
267.6110 	DATA 	Keypress: equal
267.9093 	EXP 	New trial (rep=0, index=22): OrderedDict([('Word', 'coyote')])
267.9226 	EXP 	text_3: autoDraw = False
267.9226 	EXP 	text_5: autoDraw = False
267.9226 	EXP 	text_3: autoDraw = False
267.9226 	EXP 	text_4: autoDraw = False
267.9226 	EXP 	text_5: autoDraw = False
267.9226 	EXP 	text_3: text = 'coyote'
267.9226 	EXP 	text_4: autoDraw = True
268.9062 	EXP 	text_3: autoDraw = True
268.9234 	EXP 	text_4: autoDraw = False
269.1105 	DATA 	Keypress: equal
269.1127 	DATA 	Keypress: 5
270.6114 	DATA 	Keypress: equal
270.6136 	DATA 	Keypress: 5
272.1101 	DATA 	Keypress: equal
272.1119 	DATA 	Keypress: 5
273.6089 	DATA 	Keypress: 5
273.6107 	DATA 	Keypress: equal
273.9063 	EXP 	text_5: autoDraw = True
274.5919 	DATA 	Keypress: 1
275.1102 	DATA 	Keypress: equal
275.1120 	DATA 	Keypress: 5
276.6108 	DATA 	Keypress: equal
276.6128 	DATA 	Keypress: 5
278.1100 	DATA 	Keypress: equal
278.1119 	DATA 	Keypress: 5
278.8925 	EXP 	New trial (rep=0, index=23): OrderedDict([('Word', 'camera')])
278.9062 	EXP 	text_3: autoDraw = False
278.9062 	EXP 	text_5: autoDraw = False
278.9062 	EXP 	text_3: autoDraw = False
278.9062 	EXP 	text_4: autoDraw = False
278.9062 	EXP 	text_5: autoDraw = False
278.9062 	EXP 	text_3: text = 'camera'
278.9062 	EXP 	text_4: autoDraw = True
279.6100 	DATA 	Keypress: equal
279.6118 	DATA 	Keypress: 5
279.8896 	EXP 	text_3: autoDraw = True
279.9068 	EXP 	text_4: autoDraw = False
281.1105 	DATA 	Keypress: equal
281.1126 	DATA 	Keypress: 5
282.6090 	DATA 	Keypress: 5
282.6109 	DATA 	Keypress: equal
284.1097 	DATA 	Keypress: equal
284.1115 	DATA 	Keypress: 5
284.8897 	EXP 	text_5: autoDraw = True
285.6106 	DATA 	Keypress: equal
285.6125 	DATA 	Keypress: 5
286.4109 	DATA 	Keypress: 1
287.1115 	DATA 	Keypress: equal
287.1137 	DATA 	Keypress: 5
288.6112 	DATA 	Keypress: equal
288.6133 	DATA 	Keypress: 5
289.8763 	EXP 	New trial (rep=0, index=24): OrderedDict([('Word', 'axe')])
289.8896 	EXP 	text_3: autoDraw = False
289.8896 	EXP 	text_5: autoDraw = False
289.8896 	EXP 	text_3: autoDraw = False
289.8896 	EXP 	text_4: autoDraw = False
289.8896 	EXP 	text_5: autoDraw = False
289.8896 	EXP 	text_3: text = 'axe'
289.8896 	EXP 	text_4: autoDraw = True
290.1096 	DATA 	Keypress: 5
290.1116 	DATA 	Keypress: equal
290.8730 	EXP 	text_3: autoDraw = True
290.8901 	EXP 	text_4: autoDraw = False
291.6096 	DATA 	Keypress: equal
291.6115 	DATA 	Keypress: 5
293.1108 	DATA 	Keypress: equal
293.1129 	DATA 	Keypress: 5
294.6109 	DATA 	Keypress: equal
294.6130 	DATA 	Keypress: 5
295.8730 	EXP 	text_5: autoDraw = True
296.1102 	DATA 	Keypress: equal
296.1121 	DATA 	Keypress: 5
296.9432 	DATA 	Keypress: 2
297.6109 	DATA 	Keypress: equal
297.6131 	DATA 	Keypress: 5
299.1110 	DATA 	Keypress: 5
299.1131 	DATA 	Keypress: equal
300.6110 	DATA 	Keypress: equal
300.6132 	DATA 	Keypress: 5
300.8593 	EXP 	New trial (rep=0, index=25): OrderedDict([('Word', 'seahorse')])
300.8731 	EXP 	text_3: autoDraw = False
300.8731 	EXP 	text_5: autoDraw = False
300.8731 	EXP 	text_3: autoDraw = False
300.8731 	EXP 	text_4: autoDraw = False
300.8731 	EXP 	text_5: autoDraw = False
300.8731 	EXP 	text_3: text = 'seahorse'
300.8731 	EXP 	text_4: autoDraw = True
301.8563 	EXP 	text_3: autoDraw = True
301.8731 	EXP 	text_4: autoDraw = False
302.1090 	DATA 	Keypress: 5
302.1108 	DATA 	Keypress: equal
303.6094 	DATA 	Keypress: 5
303.6112 	DATA 	Keypress: equal
305.1100 	DATA 	Keypress: 5
305.1122 	DATA 	Keypress: equal
306.6109 	DATA 	Keypress: 5
306.6130 	DATA 	Keypress: equal
306.8567 	EXP 	text_5: autoDraw = True
307.6431 	DATA 	Keypress: 1
308.1109 	DATA 	Keypress: 5
308.1131 	DATA 	Keypress: equal
309.6112 	DATA 	Keypress: 5
309.6135 	DATA 	Keypress: equal
311.1113 	DATA 	Keypress: 5
311.1135 	DATA 	Keypress: equal
311.8427 	EXP 	New trial (rep=0, index=26): OrderedDict([('Word', 'swan')])
311.8568 	EXP 	text_3: autoDraw = False
311.8568 	EXP 	text_5: autoDraw = False
311.8568 	EXP 	text_3: autoDraw = False
311.8568 	EXP 	text_4: autoDraw = False
311.8568 	EXP 	text_5: autoDraw = False
311.8568 	EXP 	text_3: text = 'swan'
311.8568 	EXP 	text_4: autoDraw = True
312.6113 	DATA 	Keypress: 5
312.6135 	DATA 	Keypress: equal
312.8397 	EXP 	text_3: autoDraw = True
312.8564 	EXP 	text_4: autoDraw = False
314.1095 	DATA 	Keypress: 5
314.1114 	DATA 	Keypress: equal
315.6089 	DATA 	Keypress: 5
315.6107 	DATA 	Keypress: equal
317.1246 	DATA 	Keypress: 5
317.1258 	DATA 	Keypress: equal
317.8398 	EXP 	text_5: autoDraw = True
318.5264 	DATA 	Keypress: 1
318.6120 	DATA 	Keypress: 5
318.6142 	DATA 	Keypress: equal
320.1094 	DATA 	Keypress: 5
320.1112 	DATA 	Keypress: equal
321.6108 	DATA 	Keypress: equal
321.6128 	DATA 	Keypress: 5
322.8252 	EXP 	New trial (rep=0, index=27): OrderedDict([('Word', 'passport')])
322.8398 	EXP 	text_3: autoDraw = False
322.8398 	EXP 	text_5: autoDraw = False
322.8398 	EXP 	text_3: autoDraw = False
322.8398 	EXP 	text_4: autoDraw = False
322.8398 	EXP 	text_5: autoDraw = False
322.8398 	EXP 	text_3: text = 'passport'
322.8398 	EXP 	text_4: autoDraw = True
323.1094 	DATA 	Keypress: 5
323.1113 	DATA 	Keypress: equal
323.8230 	EXP 	text_3: autoDraw = True
323.8401 	EXP 	text_4: autoDraw = False
324.6106 	DATA 	Keypress: 5
324.6128 	DATA 	Keypress: equal
326.1091 	DATA 	Keypress: 5
326.1110 	DATA 	Keypress: equal
327.6097 	DATA 	Keypress: 5
327.6116 	DATA 	Keypress: equal
328.8235 	EXP 	text_5: autoDraw = True
329.1107 	DATA 	Keypress: equal
329.1129 	DATA 	Keypress: 5
329.5596 	DATA 	Keypress: 2
330.6106 	DATA 	Keypress: 5
330.6126 	DATA 	Keypress: equal
332.1103 	DATA 	Keypress: 5
332.1122 	DATA 	Keypress: equal
333.6114 	DATA 	Keypress: 5
333.6135 	DATA 	Keypress: equal
333.8085 	EXP 	New trial (rep=0, index=28): OrderedDict([('Word', 'cheerleader')])
333.8230 	EXP 	text_3: autoDraw = False
333.8230 	EXP 	text_5: autoDraw = False
333.8230 	EXP 	text_3: autoDraw = False
333.8230 	EXP 	text_4: autoDraw = False
333.8230 	EXP 	text_5: autoDraw = False
333.8230 	EXP 	text_3: text = 'cheerleader'
333.8230 	EXP 	text_4: autoDraw = True
334.8063 	EXP 	text_3: autoDraw = True
334.8235 	EXP 	text_4: autoDraw = False
335.1114 	DATA 	Keypress: 5
335.1138 	DATA 	Keypress: equal
336.6098 	DATA 	Keypress: equal
336.6118 	DATA 	Keypress: 5
338.1105 	DATA 	Keypress: equal
338.1127 	DATA 	Keypress: 5
339.6095 	DATA 	Keypress: 5
339.6113 	DATA 	Keypress: equal
339.8068 	EXP 	text_5: autoDraw = True
340.4595 	DATA 	Keypress: 1
341.1114 	DATA 	Keypress: 5
341.1136 	DATA 	Keypress: equal
342.6104 	DATA 	Keypress: 5
342.6122 	DATA 	Keypress: equal
344.1119 	DATA 	Keypress: equal
344.1140 	DATA 	Keypress: 5
344.7921 	EXP 	New trial (rep=0, index=29): OrderedDict([('Word', 'keyboard')])
344.8063 	EXP 	text_3: autoDraw = False
344.8063 	EXP 	text_5: autoDraw = False
344.8063 	EXP 	text_3: autoDraw = False
344.8063 	EXP 	text_4: autoDraw = False
344.8063 	EXP 	text_5: autoDraw = False
344.8063 	EXP 	text_3: text = 'keyboard'
344.8063 	EXP 	text_4: autoDraw = True
345.6109 	DATA 	Keypress: equal
345.6131 	DATA 	Keypress: 5
345.7896 	EXP 	text_3: autoDraw = True
345.8063 	EXP 	text_4: autoDraw = False
347.1120 	DATA 	Keypress: 5
347.1142 	DATA 	Keypress: equal
348.6091 	DATA 	Keypress: 5
348.6110 	DATA 	Keypress: equal
350.1105 	DATA 	Keypress: 5
350.1126 	DATA 	Keypress: equal
350.7898 	EXP 	text_5: autoDraw = True
351.3268 	DATA 	Keypress: 2
351.6101 	DATA 	Keypress: equal
351.6121 	DATA 	Keypress: 5
353.1112 	DATA 	Keypress: 5
353.1133 	DATA 	Keypress: equal
354.6092 	DATA 	Keypress: equal
354.6110 	DATA 	Keypress: 5
355.7761 	EXP 	New trial (rep=0, index=30): OrderedDict([('Word', 'microscope')])
355.7900 	EXP 	text_3: autoDraw = False
355.7900 	EXP 	text_5: autoDraw = False
355.7900 	EXP 	text_3: autoDraw = False
355.7900 	EXP 	text_4: autoDraw = False
355.7900 	EXP 	text_5: autoDraw = False
355.7900 	EXP 	text_3: text = 'microscope'
355.7900 	EXP 	text_4: autoDraw = True
356.1092 	DATA 	Keypress: 5
356.1110 	DATA 	Keypress: equal
356.7731 	EXP 	text_3: autoDraw = True
356.7902 	EXP 	text_4: autoDraw = False
357.6110 	DATA 	Keypress: 5
357.6131 	DATA 	Keypress: equal
359.1103 	DATA 	Keypress: equal
359.1125 	DATA 	Keypress: 5
360.6103 	DATA 	Keypress: equal
360.6125 	DATA 	Keypress: 5
361.7736 	EXP 	text_5: autoDraw = True
362.1106 	DATA 	Keypress: equal
362.1126 	DATA 	Keypress: 5
362.4598 	DATA 	Keypress: 2
363.6101 	DATA 	Keypress: 5
363.6121 	DATA 	Keypress: equal
365.1108 	DATA 	Keypress: 5
365.1129 	DATA 	Keypress: equal
366.6114 	DATA 	Keypress: equal
366.6136 	DATA 	Keypress: 5
366.7583 	EXP 	New trial (rep=0, index=31): OrderedDict([('Word', 'cheesecake')])
366.7731 	EXP 	text_3: autoDraw = False
366.7731 	EXP 	text_5: autoDraw = False
366.7731 	EXP 	text_3: autoDraw = False
366.7731 	EXP 	text_4: autoDraw = False
366.7731 	EXP 	text_5: autoDraw = False
366.7731 	EXP 	text_3: text = 'cheesecake'
366.7731 	EXP 	text_4: autoDraw = True
367.8232 	EXP 	text_3: autoDraw = True
367.8392 	EXP 	text_4: autoDraw = False
368.1105 	DATA 	Keypress: equal
368.1127 	DATA 	Keypress: 5
369.6102 	DATA 	Keypress: equal
369.6122 	DATA 	Keypress: 5
371.1105 	DATA 	Keypress: 5
371.1127 	DATA 	Keypress: equal
372.6111 	DATA 	Keypress: 5
372.6134 	DATA 	Keypress: equal
372.7565 	EXP 	text_5: autoDraw = True
373.4939 	DATA 	Keypress: 2
374.1116 	DATA 	Keypress: equal
374.1138 	DATA 	Keypress: 5
375.6107 	DATA 	Keypress: equal
375.6125 	DATA 	Keypress: 5
377.1116 	DATA 	Keypress: equal
377.1139 	DATA 	Keypress: 5
377.7570 	EXP 	text_5: autoDraw = False
377.8093 	EXP 	New trial (rep=0, index=32): OrderedDict([('Word', 'baby')])
377.8229 	EXP 	text_3: autoDraw = False
377.8229 	EXP 	text_3: autoDraw = False
377.8229 	EXP 	text_4: autoDraw = False
377.8229 	EXP 	text_5: autoDraw = False
377.8229 	EXP 	text_3: text = 'baby'
377.8229 	EXP 	text_4: autoDraw = True
378.6104 	DATA 	Keypress: equal
378.6126 	DATA 	Keypress: 5
378.8063 	EXP 	text_3: autoDraw = True
378.8234 	EXP 	text_4: autoDraw = False
380.1123 	DATA 	Keypress: 5
380.1145 	DATA 	Keypress: equal
381.6104 	DATA 	Keypress: equal
381.6127 	DATA 	Keypress: 5
383.1110 	DATA 	Keypress: equal
383.1132 	DATA 	Keypress: 5
383.8070 	EXP 	text_5: autoDraw = True
384.4791 	DATA 	Keypress: 1
384.6116 	DATA 	Keypress: equal
384.6137 	DATA 	Keypress: 5
386.1118 	DATA 	Keypress: equal
386.1140 	DATA 	Keypress: 5
387.6097 	DATA 	Keypress: 5
387.6115 	DATA 	Keypress: equal
388.7928 	EXP 	New trial (rep=0, index=33): OrderedDict([('Word', 'violinist')])
388.8060 	EXP 	text_3: autoDraw = False
388.8060 	EXP 	text_5: autoDraw = False
388.8060 	EXP 	text_3: autoDraw = False
388.8060 	EXP 	text_4: autoDraw = False
388.8060 	EXP 	text_5: autoDraw = False
388.8060 	EXP 	text_3: text = 'violinist'
388.8060 	EXP 	text_4: autoDraw = True
389.1116 	DATA 	Keypress: equal
389.1138 	DATA 	Keypress: 5
389.7903 	EXP 	text_3: autoDraw = True
389.8063 	EXP 	text_4: autoDraw = False
390.6113 	DATA 	Keypress: equal
390.6134 	DATA 	Keypress: 5
392.1110 	DATA 	Keypress: equal
392.1131 	DATA 	Keypress: 5
393.6116 	DATA 	Keypress: equal
393.6137 	DATA 	Keypress: 5
394.7903 	EXP 	text_5: autoDraw = True
395.1124 	DATA 	Keypress: equal
395.1146 	DATA 	Keypress: 5
395.4783 	DATA 	Keypress: 1
396.6116 	DATA 	Keypress: equal
396.6138 	DATA 	Keypress: 5
398.1106 	DATA 	Keypress: equal
398.1126 	DATA 	Keypress: 5
399.6102 	DATA 	Keypress: equal
399.6121 	DATA 	Keypress: 5
399.7759 	EXP 	New trial (rep=0, index=34): OrderedDict([('Word', 'bulldozer')])
399.7888 	EXP 	text_3: autoDraw = False
399.7888 	EXP 	text_5: autoDraw = False
399.7888 	EXP 	text_3: autoDraw = False
399.7888 	EXP 	text_4: autoDraw = False
399.7888 	EXP 	text_5: autoDraw = False
399.7888 	EXP 	text_3: text = 'bulldozer'
399.7888 	EXP 	text_4: autoDraw = True
400.7904 	EXP 	text_3: autoDraw = True
400.7904 	EXP 	text_4: autoDraw = False
401.1113 	DATA 	Keypress: 5
401.1135 	DATA 	Keypress: equal
402.6115 	DATA 	Keypress: 5
402.6139 	DATA 	Keypress: equal
404.1096 	DATA 	Keypress: 5
404.1114 	DATA 	Keypress: equal
405.6104 	DATA 	Keypress: 5
405.6125 	DATA 	Keypress: equal
405.7897 	EXP 	text_5: autoDraw = True
406.5443 	DATA 	Keypress: 2
407.1111 	DATA 	Keypress: 5
407.1132 	DATA 	Keypress: equal
408.6118 	DATA 	Keypress: 5
408.6140 	DATA 	Keypress: equal
410.1108 	DATA 	Keypress: 5
410.1128 	DATA 	Keypress: equal
410.7748 	EXP 	New trial (rep=0, index=35): OrderedDict([('Word', 'umbrella')])
410.7904 	EXP 	text_3: autoDraw = False
410.7904 	EXP 	text_5: autoDraw = False
410.7904 	EXP 	text_3: autoDraw = False
410.7904 	EXP 	text_4: autoDraw = False
410.7904 	EXP 	text_5: autoDraw = False
410.7904 	EXP 	text_3: text = 'umbrella'
410.7904 	EXP 	text_4: autoDraw = True
411.6112 	DATA 	Keypress: 5
411.6133 	DATA 	Keypress: equal
411.7738 	EXP 	text_3: autoDraw = True
411.7898 	EXP 	text_4: autoDraw = False
413.1107 	DATA 	Keypress: 5
413.1129 	DATA 	Keypress: equal
414.6113 	DATA 	Keypress: 5
414.6135 	DATA 	Keypress: equal
416.1113 	DATA 	Keypress: 5
416.1135 	DATA 	Keypress: equal
416.7739 	EXP 	text_5: autoDraw = True
417.4092 	DATA 	Keypress: 2
417.6112 	DATA 	Keypress: 5
417.6133 	DATA 	Keypress: equal
419.1115 	DATA 	Keypress: equal
419.1136 	DATA 	Keypress: 5
420.6125 	DATA 	Keypress: 5
420.6147 	DATA 	Keypress: equal
421.7593 	EXP 	New trial (rep=0, index=36): OrderedDict([('Word', 'knight')])
421.7731 	EXP 	text_3: autoDraw = False
421.7731 	EXP 	text_5: autoDraw = False
421.7731 	EXP 	text_3: autoDraw = False
421.7731 	EXP 	text_4: autoDraw = False
421.7731 	EXP 	text_5: autoDraw = False
421.7731 	EXP 	text_3: text = 'knight'
421.7731 	EXP 	text_4: autoDraw = True
422.1099 	DATA 	Keypress: 5
422.1121 	DATA 	Keypress: equal
422.7570 	EXP 	text_3: autoDraw = True
422.7738 	EXP 	text_4: autoDraw = False
423.6093 	DATA 	Keypress: 5
423.6112 	DATA 	Keypress: equal
425.1105 	DATA 	Keypress: 5
425.1126 	DATA 	Keypress: equal
426.6111 	DATA 	Keypress: equal
426.6133 	DATA 	Keypress: 5
427.7569 	EXP 	text_5: autoDraw = True
428.1107 	DATA 	Keypress: equal
428.1125 	DATA 	Keypress: 5
428.6617 	DATA 	Keypress: 1
429.6087 	DATA 	Keypress: 5
429.6102 	DATA 	Keypress: equal
431.1099 	DATA 	Keypress: 5
431.1117 	DATA 	Keypress: equal
432.6117 	DATA 	Keypress: 5
432.6139 	DATA 	Keypress: equal
432.7420 	EXP 	New trial (rep=0, index=37): OrderedDict([('Word', 'snowball')])
432.7572 	EXP 	text_3: autoDraw = False
432.7572 	EXP 	text_5: autoDraw = False
432.7572 	EXP 	text_3: autoDraw = False
432.7572 	EXP 	text_4: autoDraw = False
432.7572 	EXP 	text_5: autoDraw = False
432.7572 	EXP 	text_3: text = 'snowball'
432.7572 	EXP 	text_4: autoDraw = True
433.7405 	EXP 	text_3: autoDraw = True
433.7566 	EXP 	text_4: autoDraw = False
434.1112 	DATA 	Keypress: equal
434.1134 	DATA 	Keypress: 5
435.6106 	DATA 	Keypress: equal
435.6126 	DATA 	Keypress: 5
437.1116 	DATA 	Keypress: 5
437.1137 	DATA 	Keypress: equal
438.6114 	DATA 	Keypress: 5
438.6136 	DATA 	Keypress: equal
438.7903 	EXP 	text_5: autoDraw = True
439.2777 	DATA 	Keypress: 2
440.1107 	DATA 	Keypress: 5
440.1126 	DATA 	Keypress: equal
441.6107 	DATA 	Keypress: equal
441.6129 	DATA 	Keypress: 5
443.1109 	DATA 	Keypress: equal
443.1130 	DATA 	Keypress: 5
443.7567 	EXP 	text_3: autoDraw = False
443.7749 	EXP 	New trial (rep=0, index=38): OrderedDict([('Word', 'fingerprint')])
443.7907 	EXP 	text_5: autoDraw = False
443.7907 	EXP 	text_3: autoDraw = False
443.7907 	EXP 	text_4: autoDraw = False
443.7907 	EXP 	text_5: autoDraw = False
443.7907 	EXP 	text_3: text = 'fingerprint'
443.7907 	EXP 	text_4: autoDraw = True
444.6105 	DATA 	Keypress: 5
444.6126 	DATA 	Keypress: equal
444.7727 	EXP 	text_3: autoDraw = True
444.8068 	EXP 	text_4: autoDraw = False
446.1118 	DATA 	Keypress: 5
446.1140 	DATA 	Keypress: equal
447.6096 	DATA 	Keypress: 5
447.6114 	DATA 	Keypress: equal
449.1113 	DATA 	Keypress: equal
449.1136 	DATA 	Keypress: 5
449.7728 	EXP 	text_5: autoDraw = True
450.5265 	DATA 	Keypress: 2
450.6111 	DATA 	Keypress: equal
450.6132 	DATA 	Keypress: 5
452.1111 	DATA 	Keypress: equal
452.1133 	DATA 	Keypress: 5
453.6117 	DATA 	Keypress: 5
453.6140 	DATA 	Keypress: equal
454.7583 	EXP 	New trial (rep=0, index=39): OrderedDict([('Word', 'mirror')])
454.7732 	EXP 	text_3: autoDraw = False
454.7732 	EXP 	text_5: autoDraw = False
454.7732 	EXP 	text_3: autoDraw = False
454.7732 	EXP 	text_4: autoDraw = False
454.7732 	EXP 	text_5: autoDraw = False
454.7732 	EXP 	text_3: text = 'mirror'
454.7732 	EXP 	text_4: autoDraw = True
455.1093 	DATA 	Keypress: 5
455.1110 	DATA 	Keypress: equal
455.7564 	EXP 	text_3: autoDraw = True
455.7731 	EXP 	text_4: autoDraw = False
456.6110 	DATA 	Keypress: equal
456.6131 	DATA 	Keypress: 5
458.1106 	DATA 	Keypress: equal
458.1128 	DATA 	Keypress: 5
459.6102 	DATA 	Keypress: equal
459.6123 	DATA 	Keypress: 5
460.7561 	EXP 	text_5: autoDraw = True
461.1119 	DATA 	Keypress: 5
461.1140 	DATA 	Keypress: equal
461.4109 	DATA 	Keypress: 2
462.6114 	DATA 	Keypress: 5
462.6137 	DATA 	Keypress: equal
464.1109 	DATA 	Keypress: equal
464.1130 	DATA 	Keypress: 5
465.6104 	DATA 	Keypress: equal
465.6126 	DATA 	Keypress: 5
465.7561 	EXP 	text_3: autoDraw = False
465.7561 	EXP 	text_5: autoDraw = False
465.7561 	EXP 	text_3: autoDraw = False
465.7561 	EXP 	text_4: autoDraw = False
465.7561 	EXP 	text_5: autoDraw = False
465.7561 	EXP 	text_6: autoDraw = True
467.1112 	DATA 	Keypress: equal
467.1134 	DATA 	Keypress: 5
468.6106 	DATA 	Keypress: equal
468.6127 	DATA 	Keypress: 5
470.1092 	DATA 	Keypress: 5
470.1110 	DATA 	Keypress: equal
470.7565 	EXP 	text_6: autoDraw = False
470.7565 	EXP 	text_6: autoDraw = False
471.0418 	EXP 	window1: mouseVisible = True
