9.2962 	EXP 	Created window1 = Window(allowGUI=False, allowStencil=False, args=UNKNOWN, autoLog=True, bitsMode=UNKNOWN, blendMode='avg', color=array([0., 0., 0.]), colorSpace='rgb', fullscr=<method-wrapper '__getattribute__' of attributeSetter object at 0x18020f320>, gamma=None, gammaErrorPolicy='raise', kwargs=UNKNOWN, lms=UNKNOWN, monitor=<psychopy.monitors.calibTools.Monitor object at 0x18039e3c8>, multiSample=False, name='window1', numSamples=2, pos=[0.0, 0.0], screen=0, size=array([1920, 1080]), stereo=False, units='height', useFBO=True, useRetina=False, viewOri=0.0, viewPos=None, viewScale=None, waitBlanking=True, winType='pyglet')
9.2962 	EXP 	window1: recordFrameIntervals = False
9.4626 	EXP 	window1: recordFrameIntervals = True
9.6466 	EXP 	window1: recordFrameIntervals = False
10.1623 	EXP 	Created text = TextStim(__class__=<class 'psychopy.visual.text.TextStim'>, alignHoriz='center', alignVert='center', antialias=True, autoLog=True, bold=False, color='white', colorSpace='named', contrast=1.0, depth=0.0, flipHoriz=False, flipVert=False, font='Arial', fontFiles=[], height=0.03, italic=False, languageStyle='LTR', name='text', opacity=1.0, ori=0, pos=array([0., 0.]), rgb=array([255., 255., 255.]), text=str(...), units='height', win=Window(...), wrapWidth=1)
10.2140 	EXP 	Created text_2 = TextStim(__class__=<class 'psychopy.visual.text.TextStim'>, alignHoriz='center', alignVert='center', antialias=True, autoLog=True, bold=False, color='white', colorSpace='named', contrast=1.0, depth=0.0, flipHoriz=False, flipVert=False, font='Arial', fontFiles=[], height=0.1, italic=False, languageStyle='LTR', name='text_2', opacity=1.0, ori=0, pos=array([0., 0.]), rgb=array([255., 255., 255.]), text='Waiting for the scanner\n', units='height', win=Window(...), wrapWidth=1)
10.2615 	EXP 	Created text_3 = TextStim(__class__=<class 'psychopy.visual.text.TextStim'>, alignHoriz='center', alignVert='center', antialias=True, autoLog=True, bold=False, color='white', colorSpace='named', contrast=1.0, depth=0.0, flipHoriz=False, flipVert=False, font='Arial', fontFiles=[], height=0.1, italic=False, languageStyle='LTR', name='text_3', opacity=1.0, ori=0, pos=array([0., 0.]), rgb=array([255., 255., 255.]), text='default text', units='height', win=Window(...), wrapWidth=1)
10.2639 	EXP 	Created text_4 = TextStim(__class__=<class 'psychopy.visual.text.TextStim'>, alignHoriz='center', alignVert='center', antialias=True, autoLog=True, bold=False, color='white', colorSpace='named', contrast=1.0, depth=-1.0, flipHoriz=False, flipVert=False, font='Arial', fontFiles=[], height=0.1, italic=False, languageStyle='LTR', name='text_4', opacity=1.0, ori=0, pos=array([0., 0.]), rgb=array([255., 255., 255.]), text='+', units='height', win=Window(...), wrapWidth=1)
10.2777 	EXP 	Created text_5 = TextStim(__class__=<class 'psychopy.visual.text.TextStim'>, alignHoriz='center', alignVert='center', antialias=True, autoLog=True, bold=False, color='white', colorSpace='named', contrast=1.0, depth=-2.0, flipHoriz=False, flipVert=False, font='Arial', fontFiles=[], height=0.02, italic=False, languageStyle='LTR', name='text_5', opacity=1.0, ori=0, pos=array([ 0. , -0.3]), rgb=array([255., 255., 255.]), text=str(...), units='height', win=Window(...), wrapWidth=1)
10.3296 	EXP 	Created text_6 = TextStim(__class__=<class 'psychopy.visual.text.TextStim'>, alignHoriz='center', alignVert='center', antialias=True, autoLog=True, bold=False, color='white', colorSpace='named', contrast=1.0, depth=0.0, flipHoriz=False, flipVert=False, font='Arial', fontFiles=[], height=0.1, italic=False, languageStyle='LTR', name='text_6', opacity=1.0, ori=0, pos=array([0., 0.]), rgb=array([255., 255., 255.]), text="That's the end of this task\n", units='height', win=Window(...), wrapWidth=1)
10.3465 	EXP 	text: autoDraw = True
24.1529 	DATA 	Keypress: 1
24.1688 	EXP 	text: autoDraw = False
24.1688 	EXP 	text_2: autoDraw = True
54.7270 	EXP 	Imported wl.csv as conditions, 40 conditions, 1 params
54.7285 	EXP 	Created sequence: random, trialTypes=40, nReps=1, seed=None
54.7291 	EXP 	New trial (rep=0, index=0): OrderedDict([('Word', 'binoculars')])
54.7384 	DATA 	Keypress: 5
54.7404 	DATA 	Keypress: equal
54.7466 	EXP 	text_2: autoDraw = False
54.7466 	EXP 	text_3: text = 'binoculars'
54.7466 	EXP 	text_4: autoDraw = True
55.7300 	EXP 	text_3: autoDraw = True
55.7472 	EXP 	text_4: autoDraw = False
56.1991 	DATA 	Keypress: equal
56.2011 	DATA 	Keypress: 5
57.7004 	DATA 	Keypress: equal
57.7023 	DATA 	Keypress: 5
57.7677 	DATA 	Keypress: 2
59.2003 	DATA 	Keypress: equal
59.2023 	DATA 	Keypress: 5
60.7005 	DATA 	Keypress: equal
60.7024 	DATA 	Keypress: 5
60.7305 	EXP 	text_5: autoDraw = True
62.1996 	DATA 	Keypress: 5
62.2015 	DATA 	Keypress: equal
63.7010 	DATA 	Keypress: equal
63.7030 	DATA 	Keypress: 5
65.2010 	DATA 	Keypress: equal
65.2029 	DATA 	Keypress: 5
65.7163 	EXP 	New trial (rep=0, index=1): OrderedDict([('Word', 'cabdriver')])
65.7295 	EXP 	text_3: autoDraw = False
65.7295 	EXP 	text_4: autoDraw = False
65.7295 	EXP 	text_5: autoDraw = False
65.7295 	EXP 	text_3: text = 'cabdriver'
65.7295 	EXP 	text_4: autoDraw = True
66.7007 	DATA 	Keypress: equal
66.7026 	DATA 	Keypress: 5
66.7300 	EXP 	text_3: autoDraw = True
66.7300 	EXP 	text_4: autoDraw = False
68.1169 	DATA 	Keypress: 1
68.2005 	DATA 	Keypress: equal
68.2025 	DATA 	Keypress: 5
69.7003 	DATA 	Keypress: equal
69.7022 	DATA 	Keypress: 5
71.2007 	DATA 	Keypress: equal
71.2026 	DATA 	Keypress: 5
71.7347 	EXP 	text_5: autoDraw = True
72.7012 	DATA 	Keypress: equal
72.7032 	DATA 	Keypress: 5
74.2011 	DATA 	Keypress: equal
74.2030 	DATA 	Keypress: 5
75.7008 	DATA 	Keypress: equal
75.7028 	DATA 	Keypress: 5
76.7148 	EXP 	New trial (rep=0, index=2): OrderedDict([('Word', 'cheesecake')])
76.7297 	EXP 	text_3: autoDraw = False
76.7297 	EXP 	text_4: autoDraw = False
76.7297 	EXP 	text_5: autoDraw = False
76.7297 	EXP 	text_3: text = 'cheesecake'
76.7297 	EXP 	text_4: autoDraw = True
77.2003 	DATA 	Keypress: equal
77.2022 	DATA 	Keypress: 5
77.7139 	EXP 	text_3: autoDraw = True
77.7299 	EXP 	text_4: autoDraw = False
78.7007 	DATA 	Keypress: 5
78.7026 	DATA 	Keypress: equal
79.0837 	DATA 	Keypress: 2
80.2003 	DATA 	Keypress: 5
80.2023 	DATA 	Keypress: equal
81.7001 	DATA 	Keypress: equal
81.7021 	DATA 	Keypress: 5
82.7186 	EXP 	text_5: autoDraw = True
83.2009 	DATA 	Keypress: 5
83.2028 	DATA 	Keypress: equal
84.7011 	DATA 	Keypress: 5
84.7030 	DATA 	Keypress: equal
86.2048 	DATA 	Keypress: equal
86.2068 	DATA 	Keypress: 5
87.7003 	DATA 	Keypress: 5
87.7022 	DATA 	Keypress: equal
87.7172 	EXP 	text_3: autoDraw = False
87.7184 	EXP 	New trial (rep=0, index=3): OrderedDict([('Word', 'umbrella')])
87.7345 	EXP 	text_3: autoDraw = False
87.7345 	EXP 	text_4: autoDraw = False
87.7345 	EXP 	text_5: autoDraw = False
87.7345 	EXP 	text_3: text = 'umbrella'
87.7345 	EXP 	text_4: autoDraw = True
88.7183 	EXP 	text_3: autoDraw = True
88.7307 	EXP 	text_4: autoDraw = False
89.2002 	DATA 	Keypress: 5
89.2021 	DATA 	Keypress: equal
89.9675 	DATA 	Keypress: 2
90.7005 	DATA 	Keypress: 5
90.7026 	DATA 	Keypress: equal
92.1997 	DATA 	Keypress: 5
92.2013 	DATA 	Keypress: equal
93.7007 	DATA 	Keypress: 5
93.7026 	DATA 	Keypress: equal
93.7133 	EXP 	text_5: autoDraw = True
95.2011 	DATA 	Keypress: 5
95.2030 	DATA 	Keypress: equal
96.7010 	DATA 	Keypress: 5
96.7030 	DATA 	Keypress: equal
98.2010 	DATA 	Keypress: 5
98.2029 	DATA 	Keypress: equal
98.7141 	EXP 	text_5: autoDraw = False
98.7160 	EXP 	New trial (rep=0, index=4): OrderedDict([('Word', 'cheerleader')])
98.7303 	EXP 	text_3: autoDraw = False
98.7303 	EXP 	text_4: autoDraw = False
98.7303 	EXP 	text_5: autoDraw = False
98.7303 	EXP 	text_3: text = 'cheerleader'
98.7303 	EXP 	text_4: autoDraw = True
99.7017 	DATA 	Keypress: 5
99.7036 	DATA 	Keypress: equal
99.7134 	EXP 	text_3: autoDraw = True
99.7305 	EXP 	text_4: autoDraw = False
100.9185 	DATA 	Keypress: 1
101.2004 	DATA 	Keypress: 5
101.2024 	DATA 	Keypress: equal
102.7007 	DATA 	Keypress: equal
102.7027 	DATA 	Keypress: 5
104.1999 	DATA 	Keypress: 5
104.2019 	DATA 	Keypress: equal
104.7184 	EXP 	text_5: autoDraw = True
105.7009 	DATA 	Keypress: 5
105.7028 	DATA 	Keypress: equal
107.2010 	DATA 	Keypress: 5
107.2029 	DATA 	Keypress: equal
108.7012 	DATA 	Keypress: 5
108.7032 	DATA 	Keypress: equal
109.7033 	EXP 	New trial (rep=0, index=5): OrderedDict([('Word', 'bulldozer')])
109.7178 	EXP 	text_3: autoDraw = False
109.7178 	EXP 	text_5: autoDraw = False
109.7178 	EXP 	text_3: autoDraw = False
109.7178 	EXP 	text_4: autoDraw = False
109.7178 	EXP 	text_5: autoDraw = False
109.7178 	EXP 	text_3: text = 'bulldozer'
109.7178 	EXP 	text_4: autoDraw = True
110.2007 	DATA 	Keypress: equal
110.2026 	DATA 	Keypress: 5
110.7180 	EXP 	text_3: autoDraw = True
110.7307 	EXP 	text_4: autoDraw = False
111.7009 	DATA 	Keypress: 5
111.7028 	DATA 	Keypress: equal
112.0507 	DATA 	Keypress: 2
113.2003 	DATA 	Keypress: 5
113.2023 	DATA 	Keypress: equal
114.7003 	DATA 	Keypress: 5
114.7022 	DATA 	Keypress: equal
115.7170 	EXP 	text_5: autoDraw = True
116.2009 	DATA 	Keypress: 5
116.2028 	DATA 	Keypress: equal
117.7016 	DATA 	Keypress: equal
117.7035 	DATA 	Keypress: 5
119.2048 	DATA 	Keypress: equal
119.2068 	DATA 	Keypress: 5
120.7009 	DATA 	Keypress: 5
120.7028 	DATA 	Keypress: equal
120.7148 	EXP 	New trial (rep=0, index=6): OrderedDict([('Word', 'stove')])
120.7300 	EXP 	text_3: autoDraw = False
120.7300 	EXP 	text_4: autoDraw = False
120.7300 	EXP 	text_5: autoDraw = False
120.7300 	EXP 	text_3: text = 'stove'
120.7300 	EXP 	text_4: autoDraw = True
121.7141 	EXP 	text_3: autoDraw = True
121.7309 	EXP 	text_4: autoDraw = False
122.2004 	DATA 	Keypress: 5
122.2024 	DATA 	Keypress: equal
123.1687 	DATA 	Keypress: 2
123.7005 	DATA 	Keypress: 5
123.7024 	DATA 	Keypress: equal
125.2005 	DATA 	Keypress: equal
125.2025 	DATA 	Keypress: 5
126.7010 	DATA 	Keypress: equal
126.7029 	DATA 	Keypress: 5
126.7132 	EXP 	text_5: autoDraw = True
128.2009 	DATA 	Keypress: 5
128.2028 	DATA 	Keypress: equal
129.7009 	DATA 	Keypress: 5
129.7027 	DATA 	Keypress: equal
131.2012 	DATA 	Keypress: 5
131.2032 	DATA 	Keypress: equal
131.7026 	EXP 	New trial (rep=0, index=7): OrderedDict([('Word', 'passport')])
131.7134 	EXP 	text_3: autoDraw = False
131.7134 	EXP 	text_5: autoDraw = False
131.7134 	EXP 	text_3: autoDraw = False
131.7134 	EXP 	text_4: autoDraw = False
131.7134 	EXP 	text_5: autoDraw = False
131.7134 	EXP 	text_3: text = 'passport'
131.7134 	EXP 	text_4: autoDraw = True
132.7323 	DATA 	Keypress: equal
132.7337 	DATA 	Keypress: 5
132.7466 	EXP 	text_3: autoDraw = True
132.7466 	EXP 	text_4: autoDraw = False
133.8505 	DATA 	Keypress: 2
134.2007 	DATA 	Keypress: equal
134.2026 	DATA 	Keypress: 5
135.7006 	DATA 	Keypress: equal
135.7025 	DATA 	Keypress: 5
137.2006 	DATA 	Keypress: 5
137.2026 	DATA 	Keypress: equal
137.7142 	EXP 	text_5: autoDraw = True
138.7011 	DATA 	Keypress: 5
138.7030 	DATA 	Keypress: equal
140.2011 	DATA 	Keypress: equal
140.2030 	DATA 	Keypress: 5
141.7012 	DATA 	Keypress: equal
141.7030 	DATA 	Keypress: 5
142.7135 	EXP 	text_5: autoDraw = False
142.7150 	EXP 	New trial (rep=0, index=8): OrderedDict([('Word', 'seahorse')])
142.7307 	EXP 	text_3: autoDraw = False
142.7307 	EXP 	text_4: autoDraw = False
142.7307 	EXP 	text_5: autoDraw = False
142.7307 	EXP 	text_3: text = 'seahorse'
142.7307 	EXP 	text_4: autoDraw = True
143.2009 	DATA 	Keypress: equal
143.2028 	DATA 	Keypress: 5
143.7169 	EXP 	text_3: autoDraw = True
143.7307 	EXP 	text_4: autoDraw = False
144.6690 	DATA 	Keypress: 1
144.7003 	DATA 	Keypress: 5
144.7022 	DATA 	Keypress: equal
146.2001 	DATA 	Keypress: 5
146.2020 	DATA 	Keypress: equal
147.7002 	DATA 	Keypress: 5
147.7022 	DATA 	Keypress: equal
148.7140 	EXP 	text_5: autoDraw = True
149.2008 	DATA 	Keypress: equal
149.2028 	DATA 	Keypress: 5
150.7009 	DATA 	Keypress: equal
150.7028 	DATA 	Keypress: 5
152.2009 	DATA 	Keypress: 5
152.2028 	DATA 	Keypress: equal
153.7001 	DATA 	Keypress: 5
153.7020 	DATA 	Keypress: equal
153.7138 	EXP 	text_5: autoDraw = False
153.7148 	EXP 	New trial (rep=0, index=9): OrderedDict([('Word', 'leopard')])
153.7309 	EXP 	text_3: autoDraw = False
153.7309 	EXP 	text_4: autoDraw = False
153.7309 	EXP 	text_5: autoDraw = False
153.7309 	EXP 	text_3: text = 'leopard'
153.7309 	EXP 	text_4: autoDraw = True
154.7141 	EXP 	text_3: autoDraw = True
154.7309 	EXP 	text_4: autoDraw = False
155.2005 	DATA 	Keypress: equal
155.2024 	DATA 	Keypress: 5
155.6335 	DATA 	Keypress: 1
156.7006 	DATA 	Keypress: equal
156.7025 	DATA 	Keypress: 5
158.2007 	DATA 	Keypress: equal
158.2026 	DATA 	Keypress: 5
159.7009 	DATA 	Keypress: equal
159.7028 	DATA 	Keypress: 5
159.7134 	EXP 	text_5: autoDraw = True
161.2011 	DATA 	Keypress: 5
161.2030 	DATA 	Keypress: equal
162.7012 	DATA 	Keypress: equal
162.7032 	DATA 	Keypress: 5
164.2011 	DATA 	Keypress: equal
164.2030 	DATA 	Keypress: 5
164.6987 	EXP 	New trial (rep=0, index=10): OrderedDict([('Word', 'walrus')])
164.7135 	EXP 	text_3: autoDraw = False
164.7135 	EXP 	text_5: autoDraw = False
164.7135 	EXP 	text_3: autoDraw = False
164.7135 	EXP 	text_4: autoDraw = False
164.7135 	EXP 	text_5: autoDraw = False
164.7135 	EXP 	text_3: text = 'walrus'
164.7135 	EXP 	text_4: autoDraw = True
165.6973 	EXP 	text_3: autoDraw = True
165.7009 	DATA 	Keypress: equal
165.7029 	DATA 	Keypress: 5
165.7135 	EXP 	text_4: autoDraw = False
167.1548 	DATA 	Keypress: 1
167.1997 	DATA 	Keypress: equal
167.2016 	DATA 	Keypress: 5
168.6998 	DATA 	Keypress: 5
168.7017 	DATA 	Keypress: equal
170.1995 	DATA 	Keypress: equal
170.2012 	DATA 	Keypress: 5
170.7135 	EXP 	text_5: autoDraw = True
171.7011 	DATA 	Keypress: equal
171.7030 	DATA 	Keypress: 5
173.2019 	DATA 	Keypress: equal
173.2038 	DATA 	Keypress: 5
174.7021 	DATA 	Keypress: equal
174.7042 	DATA 	Keypress: 5
175.6967 	EXP 	text_3: autoDraw = False
175.6986 	EXP 	New trial (rep=0, index=11): OrderedDict([('Word', 'keyboard')])
175.7136 	EXP 	text_5: autoDraw = False
175.7136 	EXP 	text_3: autoDraw = False
175.7136 	EXP 	text_4: autoDraw = False
175.7136 	EXP 	text_5: autoDraw = False
175.7136 	EXP 	text_3: text = 'keyboard'
175.7136 	EXP 	text_4: autoDraw = True
176.2001 	DATA 	Keypress: equal
176.2021 	DATA 	Keypress: 5
176.6976 	EXP 	text_3: autoDraw = True
176.7140 	EXP 	text_4: autoDraw = False
177.7007 	DATA 	Keypress: equal
177.7026 	DATA 	Keypress: 5
177.9683 	DATA 	Keypress: 2
179.2009 	DATA 	Keypress: equal
179.2028 	DATA 	Keypress: 5
180.7008 	DATA 	Keypress: 5
180.7028 	DATA 	Keypress: equal
181.6969 	EXP 	text_5: autoDraw = True
182.2008 	DATA 	Keypress: 5
182.2027 	DATA 	Keypress: equal
183.7009 	DATA 	Keypress: 5
183.7028 	DATA 	Keypress: equal
185.2011 	DATA 	Keypress: 5
185.2030 	DATA 	Keypress: equal
186.6824 	EXP 	New trial (rep=0, index=12): OrderedDict([('Word', 'grandfather')])
186.6969 	EXP 	text_3: autoDraw = False
186.6969 	EXP 	text_5: autoDraw = False
186.6969 	EXP 	text_3: autoDraw = False
186.6969 	EXP 	text_4: autoDraw = False
186.6969 	EXP 	text_5: autoDraw = False
186.6969 	EXP 	text_3: text = 'grandfather'
186.6969 	EXP 	text_4: autoDraw = True
186.7001 	DATA 	Keypress: 5
186.7021 	DATA 	Keypress: equal
187.6801 	EXP 	text_3: autoDraw = True
187.6974 	EXP 	text_4: autoDraw = False
188.2004 	DATA 	Keypress: 5
188.2023 	DATA 	Keypress: equal
189.2015 	DATA 	Keypress: 1
189.7004 	DATA 	Keypress: 5
189.7022 	DATA 	Keypress: equal
191.2005 	DATA 	Keypress: 5
191.2024 	DATA 	Keypress: equal
192.6802 	EXP 	text_5: autoDraw = True
192.6999 	DATA 	Keypress: 5
192.7019 	DATA 	Keypress: equal
194.2009 	DATA 	Keypress: 5
194.2029 	DATA 	Keypress: equal
195.7008 	DATA 	Keypress: 5
195.7027 	DATA 	Keypress: equal
197.2009 	DATA 	Keypress: 5
197.2028 	DATA 	Keypress: equal
197.6663 	EXP 	New trial (rep=0, index=13): OrderedDict([('Word', 'hummingbird')])
197.6799 	EXP 	text_3: autoDraw = False
197.6799 	EXP 	text_5: autoDraw = False
197.6799 	EXP 	text_3: autoDraw = False
197.6799 	EXP 	text_4: autoDraw = False
197.6799 	EXP 	text_5: autoDraw = False
197.6799 	EXP 	text_3: text = 'hummingbird'
197.6799 	EXP 	text_4: autoDraw = True
198.6643 	EXP 	text_3: autoDraw = True
198.6806 	EXP 	text_4: autoDraw = False
198.7008 	DATA 	Keypress: 5
198.7028 	DATA 	Keypress: equal
199.9178 	DATA 	Keypress: 1
200.2007 	DATA 	Keypress: 5
200.2026 	DATA 	Keypress: equal
201.7006 	DATA 	Keypress: 5
201.7025 	DATA 	Keypress: equal
203.2009 	DATA 	Keypress: 5
203.2029 	DATA 	Keypress: equal
203.6804 	EXP 	text_5: autoDraw = True
204.7013 	DATA 	Keypress: 5
204.7032 	DATA 	Keypress: equal
206.2012 	DATA 	Keypress: 5
206.2030 	DATA 	Keypress: equal
207.7004 	DATA 	Keypress: equal
207.7023 	DATA 	Keypress: 5
208.6639 	EXP 	text_3: autoDraw = False
208.6661 	EXP 	New trial (rep=0, index=14): OrderedDict([('Word', 'treadmill')])
208.6801 	EXP 	text_5: autoDraw = False
208.6801 	EXP 	text_3: autoDraw = False
208.6801 	EXP 	text_4: autoDraw = False
208.6801 	EXP 	text_5: autoDraw = False
208.6801 	EXP 	text_3: text = 'treadmill'
208.6801 	EXP 	text_4: autoDraw = True
209.2007 	DATA 	Keypress: equal
209.2026 	DATA 	Keypress: 5
209.6637 	EXP 	text_3: autoDraw = True
209.6807 	EXP 	text_4: autoDraw = False
210.7008 	DATA 	Keypress: 5
210.7027 	DATA 	Keypress: equal
211.2182 	DATA 	Keypress: 2
212.2006 	DATA 	Keypress: 5
212.2025 	DATA 	Keypress: equal
213.7009 	DATA 	Keypress: 5
213.7028 	DATA 	Keypress: equal
214.6641 	EXP 	text_5: autoDraw = True
215.2016 	DATA 	Keypress: equal
215.2036 	DATA 	Keypress: 5
216.7015 	DATA 	Keypress: equal
216.7035 	DATA 	Keypress: 5
218.2008 	DATA 	Keypress: 5
218.2028 	DATA 	Keypress: equal
219.6494 	EXP 	New trial (rep=0, index=15): OrderedDict([('Word', 'snowball')])
219.6642 	EXP 	text_3: autoDraw = False
219.6642 	EXP 	text_5: autoDraw = False
219.6642 	EXP 	text_3: autoDraw = False
219.6642 	EXP 	text_4: autoDraw = False
219.6642 	EXP 	text_5: autoDraw = False
219.6642 	EXP 	text_3: text = 'snowball'
219.6642 	EXP 	text_4: autoDraw = True
219.7003 	DATA 	Keypress: 5
219.7023 	DATA 	Keypress: equal
220.6493 	EXP 	text_3: autoDraw = True
220.6642 	EXP 	text_4: autoDraw = False
221.2003 	DATA 	Keypress: 5
221.2022 	DATA 	Keypress: equal
222.1163 	DATA 	Keypress: 2
222.7002 	DATA 	Keypress: equal
222.7021 	DATA 	Keypress: 5
224.2006 	DATA 	Keypress: 5
224.2025 	DATA 	Keypress: equal
225.6475 	EXP 	text_5: autoDraw = True
225.7006 	DATA 	Keypress: 5
225.7025 	DATA 	Keypress: equal
227.2010 	DATA 	Keypress: 5
227.2030 	DATA 	Keypress: equal
228.7011 	DATA 	Keypress: 5
228.7031 	DATA 	Keypress: equal
230.2010 	DATA 	Keypress: 5
230.2030 	DATA 	Keypress: equal
230.6474 	EXP 	text_5: autoDraw = False
230.6498 	EXP 	New trial (rep=0, index=16): OrderedDict([('Word', 'coyote')])
230.6643 	EXP 	text_3: autoDraw = False
230.6643 	EXP 	text_3: autoDraw = False
230.6643 	EXP 	text_4: autoDraw = False
230.6643 	EXP 	text_5: autoDraw = False
230.6643 	EXP 	text_3: text = 'coyote'
230.6643 	EXP 	text_4: autoDraw = True
231.6475 	EXP 	text_3: autoDraw = True
231.6636 	EXP 	text_4: autoDraw = False
231.7006 	DATA 	Keypress: equal
231.7024 	DATA 	Keypress: 5
232.7860 	DATA 	Keypress: 1
233.2006 	DATA 	Keypress: equal
233.2025 	DATA 	Keypress: 5
234.7010 	DATA 	Keypress: 5
234.7030 	DATA 	Keypress: equal
236.2006 	DATA 	Keypress: 5
236.2024 	DATA 	Keypress: equal
236.6476 	EXP 	text_5: autoDraw = True
237.7014 	DATA 	Keypress: equal
237.7033 	DATA 	Keypress: 5
239.2021 	DATA 	Keypress: equal
239.2041 	DATA 	Keypress: 5
240.7014 	DATA 	Keypress: equal
240.7033 	DATA 	Keypress: 5
241.6332 	EXP 	New trial (rep=0, index=17): OrderedDict([('Word', 'baby')])
241.6477 	EXP 	text_3: autoDraw = False
241.6477 	EXP 	text_5: autoDraw = False
241.6477 	EXP 	text_3: autoDraw = False
241.6477 	EXP 	text_4: autoDraw = False
241.6477 	EXP 	text_5: autoDraw = False
241.6477 	EXP 	text_3: text = 'baby'
241.6477 	EXP 	text_4: autoDraw = True
242.2005 	DATA 	Keypress: 5
242.2024 	DATA 	Keypress: equal
242.6308 	EXP 	text_3: autoDraw = True
242.6477 	EXP 	text_4: autoDraw = False
243.7010 	DATA 	Keypress: 5
243.7030 	DATA 	Keypress: equal
244.2149 	DATA 	Keypress: 1
245.2010 	DATA 	Keypress: equal
245.2029 	DATA 	Keypress: 5
246.7003 	DATA 	Keypress: equal
246.7022 	DATA 	Keypress: 5
247.6299 	EXP 	text_5: autoDraw = True
248.2014 	DATA 	Keypress: 5
248.2033 	DATA 	Keypress: equal
249.7018 	DATA 	Keypress: equal
249.7038 	DATA 	Keypress: 5
251.2010 	DATA 	Keypress: 5
251.2029 	DATA 	Keypress: equal
252.6163 	EXP 	New trial (rep=0, index=18): OrderedDict([('Word', 'hairstylist')])
252.6300 	EXP 	text_3: autoDraw = False
252.6300 	EXP 	text_5: autoDraw = False
252.6300 	EXP 	text_3: autoDraw = False
252.6300 	EXP 	text_4: autoDraw = False
252.6300 	EXP 	text_5: autoDraw = False
252.6300 	EXP 	text_3: text = 'hairstylist'
252.6300 	EXP 	text_4: autoDraw = True
252.7004 	DATA 	Keypress: equal
252.7024 	DATA 	Keypress: 5
253.6142 	EXP 	text_3: autoDraw = True
253.6311 	EXP 	text_4: autoDraw = False
254.2006 	DATA 	Keypress: equal
254.2025 	DATA 	Keypress: 5
254.8862 	DATA 	Keypress: 1
255.7007 	DATA 	Keypress: equal
255.7026 	DATA 	Keypress: 5
257.2014 	DATA 	Keypress: equal
257.2035 	DATA 	Keypress: 5
258.6143 	EXP 	text_5: autoDraw = True
258.7014 	DATA 	Keypress: 5
258.7033 	DATA 	Keypress: equal
260.2012 	DATA 	Keypress: 5
260.2031 	DATA 	Keypress: equal
261.7012 	DATA 	Keypress: equal
261.7031 	DATA 	Keypress: 5
263.2015 	DATA 	Keypress: equal
263.2034 	DATA 	Keypress: 5
263.5990 	EXP 	New trial (rep=0, index=19): OrderedDict([('Word', 'microscope')])
263.6134 	EXP 	text_3: autoDraw = False
263.6134 	EXP 	text_5: autoDraw = False
263.6134 	EXP 	text_3: autoDraw = False
263.6134 	EXP 	text_4: autoDraw = False
263.6134 	EXP 	text_5: autoDraw = False
263.6134 	EXP 	text_3: text = 'microscope'
263.6134 	EXP 	text_4: autoDraw = True
264.5976 	EXP 	text_3: autoDraw = True
264.6144 	EXP 	text_4: autoDraw = False
264.7008 	DATA 	Keypress: equal
264.7028 	DATA 	Keypress: 5
265.8837 	DATA 	Keypress: 2
266.2007 	DATA 	Keypress: 5
266.2027 	DATA 	Keypress: equal
267.7009 	DATA 	Keypress: equal
267.7027 	DATA 	Keypress: 5
269.2010 	DATA 	Keypress: equal
269.2029 	DATA 	Keypress: 5
269.5969 	EXP 	text_5: autoDraw = True
270.7013 	DATA 	Keypress: equal
270.7033 	DATA 	Keypress: 5
272.2019 	DATA 	Keypress: 5
272.2040 	DATA 	Keypress: equal
273.7012 	DATA 	Keypress: equal
273.7030 	DATA 	Keypress: 5
274.6157 	EXP 	New trial (rep=0, index=20): OrderedDict([('Word', 'swan')])
274.6298 	EXP 	text_3: autoDraw = False
274.6298 	EXP 	text_5: autoDraw = False
274.6298 	EXP 	text_3: autoDraw = False
274.6298 	EXP 	text_4: autoDraw = False
274.6298 	EXP 	text_5: autoDraw = False
274.6298 	EXP 	text_3: text = 'swan'
274.6298 	EXP 	text_4: autoDraw = True
275.2012 	DATA 	Keypress: equal
275.2033 	DATA 	Keypress: 5
275.6142 	EXP 	text_3: autoDraw = True
275.6309 	EXP 	text_4: autoDraw = False
276.7017 	DATA 	Keypress: equal
276.7036 	DATA 	Keypress: 5
277.3670 	DATA 	Keypress: 1
278.2002 	DATA 	Keypress: equal
278.2021 	DATA 	Keypress: 5
279.7004 	DATA 	Keypress: equal
279.7023 	DATA 	Keypress: 5
280.6138 	EXP 	text_5: autoDraw = True
281.2012 	DATA 	Keypress: equal
281.2032 	DATA 	Keypress: 5
282.7013 	DATA 	Keypress: equal
282.7032 	DATA 	Keypress: 5
284.2010 	DATA 	Keypress: equal
284.2030 	DATA 	Keypress: 5
285.5993 	EXP 	New trial (rep=0, index=21): OrderedDict([('Word', 'violinist')])
285.6138 	EXP 	text_3: autoDraw = False
285.6138 	EXP 	text_5: autoDraw = False
285.6138 	EXP 	text_3: autoDraw = False
285.6138 	EXP 	text_4: autoDraw = False
285.6138 	EXP 	text_5: autoDraw = False
285.6138 	EXP 	text_3: text = 'violinist'
285.6138 	EXP 	text_4: autoDraw = True
285.7005 	DATA 	Keypress: 5
285.7024 	DATA 	Keypress: equal
286.5971 	EXP 	text_3: autoDraw = True
286.6143 	EXP 	text_4: autoDraw = False
287.2004 	DATA 	Keypress: 5
287.2023 	DATA 	Keypress: equal
288.3347 	DATA 	Keypress: 1
288.7006 	DATA 	Keypress: 5
288.7025 	DATA 	Keypress: equal
290.2014 	DATA 	Keypress: equal
290.2033 	DATA 	Keypress: 5
291.5974 	EXP 	text_5: autoDraw = True
291.7010 	DATA 	Keypress: 5
291.7029 	DATA 	Keypress: equal
293.2011 	DATA 	Keypress: 5
293.2031 	DATA 	Keypress: equal
294.7017 	DATA 	Keypress: 5
294.7036 	DATA 	Keypress: equal
296.2010 	DATA 	Keypress: 5
296.2028 	DATA 	Keypress: equal
296.5826 	EXP 	New trial (rep=0, index=22): OrderedDict([('Word', 'mirror')])
296.5976 	EXP 	text_3: autoDraw = False
296.5976 	EXP 	text_5: autoDraw = False
296.5976 	EXP 	text_3: autoDraw = False
296.5976 	EXP 	text_4: autoDraw = False
296.5976 	EXP 	text_5: autoDraw = False
296.5976 	EXP 	text_3: text = 'mirror'
296.5976 	EXP 	text_4: autoDraw = True
297.5805 	EXP 	text_3: autoDraw = True
297.5973 	EXP 	text_4: autoDraw = False
297.7011 	DATA 	Keypress: 5
297.7031 	DATA 	Keypress: equal
299.2014 	DATA 	Keypress: 5
299.2033 	DATA 	Keypress: equal
299.5847 	DATA 	Keypress: 2
300.7011 	DATA 	Keypress: 5
300.7030 	DATA 	Keypress: equal
302.2006 	DATA 	Keypress: 5
302.2026 	DATA 	Keypress: equal
302.5805 	EXP 	text_5: autoDraw = True
303.7009 	DATA 	Keypress: 5
303.7028 	DATA 	Keypress: equal
305.2009 	DATA 	Keypress: 5
305.2027 	DATA 	Keypress: equal
306.7013 	DATA 	Keypress: 5
306.7033 	DATA 	Keypress: equal
307.5659 	EXP 	New trial (rep=0, index=23): OrderedDict([('Word', 'necklace')])
307.5805 	EXP 	text_3: autoDraw = False
307.5805 	EXP 	text_5: autoDraw = False
307.5805 	EXP 	text_3: autoDraw = False
307.5805 	EXP 	text_4: autoDraw = False
307.5805 	EXP 	text_5: autoDraw = False
307.5805 	EXP 	text_3: text = 'necklace'
307.5805 	EXP 	text_4: autoDraw = True
308.2005 	DATA 	Keypress: 5
308.2024 	DATA 	Keypress: equal
308.5638 	EXP 	text_3: autoDraw = True
308.5805 	EXP 	text_4: autoDraw = False
309.7007 	DATA 	Keypress: 5
309.7026 	DATA 	Keypress: equal
309.9162 	DATA 	Keypress: 2
311.2003 	DATA 	Keypress: 5
311.2023 	DATA 	Keypress: equal
312.7003 	DATA 	Keypress: equal
312.7022 	DATA 	Keypress: 5
313.5641 	EXP 	text_5: autoDraw = True
314.2005 	DATA 	Keypress: equal
314.2023 	DATA 	Keypress: 5
315.7021 	DATA 	Keypress: 5
315.7041 	DATA 	Keypress: equal
317.2009 	DATA 	Keypress: 5
317.2028 	DATA 	Keypress: equal
318.5490 	EXP 	New trial (rep=0, index=24): OrderedDict([('Word', 'chipmunk')])
318.5637 	EXP 	text_3: autoDraw = False
318.5637 	EXP 	text_5: autoDraw = False
318.5637 	EXP 	text_3: autoDraw = False
318.5637 	EXP 	text_4: autoDraw = False
318.5637 	EXP 	text_5: autoDraw = False
318.5637 	EXP 	text_3: text = 'chipmunk'
318.5637 	EXP 	text_4: autoDraw = True
318.7001 	DATA 	Keypress: 5
318.7020 	DATA 	Keypress: equal
319.5470 	EXP 	text_3: autoDraw = True
319.5637 	EXP 	text_4: autoDraw = False
320.2005 	DATA 	Keypress: 5
320.2025 	DATA 	Keypress: equal
320.3836 	DATA 	Keypress: 1
321.7003 	DATA 	Keypress: equal
321.7023 	DATA 	Keypress: 5
323.2003 	DATA 	Keypress: 5
323.2023 	DATA 	Keypress: equal
324.5475 	EXP 	text_5: autoDraw = True
324.7006 	DATA 	Keypress: 5
324.7026 	DATA 	Keypress: equal
326.2013 	DATA 	Keypress: 5
326.2032 	DATA 	Keypress: equal
327.7009 	DATA 	Keypress: 5
327.7028 	DATA 	Keypress: equal
329.2007 	DATA 	Keypress: equal
329.2027 	DATA 	Keypress: 5
329.5334 	EXP 	New trial (rep=0, index=25): OrderedDict([('Word', 'porcupine')])
329.5474 	EXP 	text_3: autoDraw = False
329.5474 	EXP 	text_5: autoDraw = False
329.5474 	EXP 	text_3: autoDraw = False
329.5474 	EXP 	text_4: autoDraw = False
329.5474 	EXP 	text_5: autoDraw = False
329.5474 	EXP 	text_3: text = 'porcupine'
329.5474 	EXP 	text_4: autoDraw = True
330.5304 	EXP 	text_3: autoDraw = True
330.5476 	EXP 	text_4: autoDraw = False
330.7007 	DATA 	Keypress: equal
330.7026 	DATA 	Keypress: 5
331.5668 	DATA 	Keypress: 1
332.2006 	DATA 	Keypress: 5
332.2025 	DATA 	Keypress: equal
333.7006 	DATA 	Keypress: 5
333.7026 	DATA 	Keypress: equal
335.2013 	DATA 	Keypress: 5
335.2032 	DATA 	Keypress: equal
335.5303 	EXP 	text_5: autoDraw = True
336.7012 	DATA 	Keypress: equal
336.7031 	DATA 	Keypress: 5
338.2020 	DATA 	Keypress: equal
338.2040 	DATA 	Keypress: 5
339.7012 	DATA 	Keypress: 5
339.7031 	DATA 	Keypress: equal
340.5162 	EXP 	New trial (rep=0, index=26): OrderedDict([('Word', 'camera')])
340.5305 	EXP 	text_3: autoDraw = False
340.5305 	EXP 	text_5: autoDraw = False
340.5305 	EXP 	text_3: autoDraw = False
340.5305 	EXP 	text_4: autoDraw = False
340.5305 	EXP 	text_5: autoDraw = False
340.5305 	EXP 	text_3: text = 'camera'
340.5305 	EXP 	text_4: autoDraw = True
341.1991 	DATA 	Keypress: 5
341.2007 	DATA 	Keypress: equal
341.5138 	EXP 	text_3: autoDraw = True
341.5305 	EXP 	text_4: autoDraw = False
342.5685 	DATA 	Keypress: 2
342.7003 	DATA 	Keypress: 5
342.7022 	DATA 	Keypress: equal
344.2016 	DATA 	Keypress: equal
344.2037 	DATA 	Keypress: 5
345.7010 	DATA 	Keypress: equal
345.7028 	DATA 	Keypress: 5
346.5139 	EXP 	text_5: autoDraw = True
347.2015 	DATA 	Keypress: equal
347.2034 	DATA 	Keypress: 5
348.7010 	DATA 	Keypress: 5
348.7029 	DATA 	Keypress: equal
350.2015 	DATA 	Keypress: 5
350.2035 	DATA 	Keypress: equal
351.4992 	EXP 	New trial (rep=0, index=27): OrderedDict([('Word', 'waterfall')])
351.5140 	EXP 	text_3: autoDraw = False
351.5140 	EXP 	text_5: autoDraw = False
351.5140 	EXP 	text_3: autoDraw = False
351.5140 	EXP 	text_4: autoDraw = False
351.5140 	EXP 	text_5: autoDraw = False
351.5140 	EXP 	text_3: text = 'waterfall'
351.5140 	EXP 	text_4: autoDraw = True
351.7004 	DATA 	Keypress: equal
351.7024 	DATA 	Keypress: 5
352.4982 	EXP 	text_3: autoDraw = True
352.5142 	EXP 	text_4: autoDraw = False
353.2007 	DATA 	Keypress: equal
353.2026 	DATA 	Keypress: 5
353.5346 	DATA 	Keypress: 2
354.7012 	DATA 	Keypress: equal
354.7031 	DATA 	Keypress: 5
356.2007 	DATA 	Keypress: 5
356.2026 	DATA 	Keypress: equal
357.4978 	EXP 	text_5: autoDraw = True
357.7010 	DATA 	Keypress: 5
357.7029 	DATA 	Keypress: equal
359.2012 	DATA 	Keypress: equal
359.2031 	DATA 	Keypress: 5
360.7013 	DATA 	Keypress: equal
360.7032 	DATA 	Keypress: 5
362.2014 	DATA 	Keypress: 5
362.2033 	DATA 	Keypress: equal
362.4984 	EXP 	text_5: autoDraw = False
362.5005 	EXP 	New trial (rep=0, index=28): OrderedDict([('Word', 'donkey')])
362.5136 	EXP 	text_3: autoDraw = False
362.5136 	EXP 	text_3: autoDraw = False
362.5136 	EXP 	text_4: autoDraw = False
362.5136 	EXP 	text_5: autoDraw = False
362.5136 	EXP 	text_3: text = 'donkey'
362.5136 	EXP 	text_4: autoDraw = True
363.4972 	EXP 	text_3: autoDraw = True
363.5145 	EXP 	text_4: autoDraw = False
363.7007 	DATA 	Keypress: 5
363.7027 	DATA 	Keypress: equal
364.5516 	DATA 	Keypress: 1
365.2008 	DATA 	Keypress: 5
365.2028 	DATA 	Keypress: equal
366.7008 	DATA 	Keypress: equal
366.7028 	DATA 	Keypress: 5
368.2008 	DATA 	Keypress: equal
368.2027 	DATA 	Keypress: 5
368.4982 	EXP 	text_5: autoDraw = True
369.7013 	DATA 	Keypress: equal
369.7032 	DATA 	Keypress: 5
371.2014 	DATA 	Keypress: equal
371.2034 	DATA 	Keypress: 5
372.7013 	DATA 	Keypress: 5
372.7032 	DATA 	Keypress: equal
373.4828 	EXP 	New trial (rep=0, index=29): OrderedDict([('Word', 'ladybug')])
373.4980 	EXP 	text_3: autoDraw = False
373.4980 	EXP 	text_5: autoDraw = False
373.4980 	EXP 	text_3: autoDraw = False
373.4980 	EXP 	text_4: autoDraw = False
373.4980 	EXP 	text_5: autoDraw = False
373.4980 	EXP 	text_3: text = 'ladybug'
373.4980 	EXP 	text_4: autoDraw = True
374.2008 	DATA 	Keypress: equal
374.2028 	DATA 	Keypress: 5
374.4804 	EXP 	text_3: autoDraw = True
374.4970 	EXP 	text_4: autoDraw = False
375.4189 	DATA 	Keypress: 1
375.7010 	DATA 	Keypress: equal
375.7029 	DATA 	Keypress: 5
377.2009 	DATA 	Keypress: equal
377.2027 	DATA 	Keypress: 5
378.7006 	DATA 	Keypress: equal
378.7025 	DATA 	Keypress: 5
379.4811 	EXP 	text_5: autoDraw = True
380.2009 	DATA 	Keypress: 5
380.2028 	DATA 	Keypress: equal
381.7011 	DATA 	Keypress: equal
381.7029 	DATA 	Keypress: 5
383.2015 	DATA 	Keypress: equal
383.2035 	DATA 	Keypress: 5
384.4664 	EXP 	New trial (rep=0, index=30): OrderedDict([('Word', 'axe')])
384.4810 	EXP 	text_3: autoDraw = False
384.4810 	EXP 	text_5: autoDraw = False
384.4810 	EXP 	text_3: autoDraw = False
384.4810 	EXP 	text_4: autoDraw = False
384.4810 	EXP 	text_5: autoDraw = False
384.4810 	EXP 	text_3: text = 'axe'
384.4810 	EXP 	text_4: autoDraw = True
384.7006 	DATA 	Keypress: equal
384.7025 	DATA 	Keypress: 5
385.4644 	EXP 	text_3: autoDraw = True
385.4812 	EXP 	text_4: autoDraw = False
386.2004 	DATA 	Keypress: equal
386.2020 	DATA 	Keypress: 5
386.8178 	DATA 	Keypress: 2
387.7006 	DATA 	Keypress: equal
387.7025 	DATA 	Keypress: 5
389.2007 	DATA 	Keypress: equal
389.2026 	DATA 	Keypress: 5
390.4644 	EXP 	text_5: autoDraw = True
390.7013 	DATA 	Keypress: equal
390.7032 	DATA 	Keypress: 5
392.2011 	DATA 	Keypress: equal
392.2031 	DATA 	Keypress: 5
393.7011 	DATA 	Keypress: equal
393.7030 	DATA 	Keypress: 5
395.2012 	DATA 	Keypress: equal
395.2031 	DATA 	Keypress: 5
395.4495 	EXP 	New trial (rep=0, index=31): OrderedDict([('Word', 'elephant')])
395.4638 	EXP 	text_3: autoDraw = False
395.4638 	EXP 	text_5: autoDraw = False
395.4638 	EXP 	text_3: autoDraw = False
395.4638 	EXP 	text_4: autoDraw = False
395.4638 	EXP 	text_5: autoDraw = False
395.4638 	EXP 	text_3: text = 'elephant'
395.4638 	EXP 	text_4: autoDraw = True
396.4474 	EXP 	text_3: autoDraw = True
396.4643 	EXP 	text_4: autoDraw = False
396.7008 	DATA 	Keypress: 5
396.7028 	DATA 	Keypress: equal
397.4353 	DATA 	Keypress: 1
398.2010 	DATA 	Keypress: 5
398.2029 	DATA 	Keypress: equal
399.7007 	DATA 	Keypress: 5
399.7026 	DATA 	Keypress: equal
401.2014 	DATA 	Keypress: 5
401.2037 	DATA 	Keypress: equal
401.4477 	EXP 	text_5: autoDraw = True
402.7014 	DATA 	Keypress: 5
402.7033 	DATA 	Keypress: equal
404.2017 	DATA 	Keypress: equal
404.2037 	DATA 	Keypress: 5
405.7012 	DATA 	Keypress: 5
405.7032 	DATA 	Keypress: equal
406.4657 	EXP 	New trial (rep=0, index=32): OrderedDict([('Word', 'fingerprint')])
406.4968 	EXP 	text_3: autoDraw = False
406.4968 	EXP 	text_5: autoDraw = False
406.4968 	EXP 	text_3: autoDraw = False
406.4968 	EXP 	text_4: autoDraw = False
406.4968 	EXP 	text_5: autoDraw = False
406.4968 	EXP 	text_3: text = 'fingerprint'
406.4968 	EXP 	text_4: autoDraw = True
407.2001 	DATA 	Keypress: 5
407.2021 	DATA 	Keypress: equal
407.4645 	EXP 	text_3: autoDraw = True
407.4978 	EXP 	text_4: autoDraw = False
408.7003 	DATA 	Keypress: 5
408.7022 	DATA 	Keypress: equal
408.9334 	DATA 	Keypress: 2
410.2005 	DATA 	Keypress: 5
410.2024 	DATA 	Keypress: equal
411.7013 	DATA 	Keypress: equal
411.7035 	DATA 	Keypress: 5
412.4641 	EXP 	text_5: autoDraw = True
413.2009 	DATA 	Keypress: 5
413.2028 	DATA 	Keypress: equal
414.7020 	DATA 	Keypress: 5
414.7040 	DATA 	Keypress: equal
416.2005 	DATA 	Keypress: 5
416.2023 	DATA 	Keypress: equal
417.4490 	EXP 	New trial (rep=0, index=33): OrderedDict([('Word', 'hair')])
417.4640 	EXP 	text_3: autoDraw = False
417.4640 	EXP 	text_5: autoDraw = False
417.4640 	EXP 	text_3: autoDraw = False
417.4640 	EXP 	text_4: autoDraw = False
417.4640 	EXP 	text_5: autoDraw = False
417.4640 	EXP 	text_3: text = 'hair'
417.4640 	EXP 	text_4: autoDraw = True
417.7003 	DATA 	Keypress: 5
417.7023 	DATA 	Keypress: equal
418.4473 	EXP 	text_3: autoDraw = True
418.4641 	EXP 	text_4: autoDraw = False
419.1996 	DATA 	Keypress: equal
419.2015 	DATA 	Keypress: 5
419.4509 	DATA 	Keypress: 2
420.7005 	DATA 	Keypress: 5
420.7024 	DATA 	Keypress: equal
422.2010 	DATA 	Keypress: 5
422.2029 	DATA 	Keypress: equal
423.4477 	EXP 	text_5: autoDraw = True
423.7005 	DATA 	Keypress: 5
423.7021 	DATA 	Keypress: equal
425.1998 	DATA 	Keypress: 5
425.2017 	DATA 	Keypress: equal
426.7688 	DATA 	Keypress: equal
426.7711 	DATA 	Keypress: 5
428.2016 	DATA 	Keypress: equal
428.2035 	DATA 	Keypress: 5
428.4329 	EXP 	New trial (rep=0, index=34): OrderedDict([('Word', 'platypus')])
428.4474 	EXP 	text_3: autoDraw = False
428.4474 	EXP 	text_5: autoDraw = False
428.4474 	EXP 	text_3: autoDraw = False
428.4474 	EXP 	text_4: autoDraw = False
428.4474 	EXP 	text_5: autoDraw = False
428.4474 	EXP 	text_3: text = 'platypus'
428.4474 	EXP 	text_4: autoDraw = True
429.4298 	EXP 	text_3: autoDraw = True
429.4466 	EXP 	text_4: autoDraw = False
429.7012 	DATA 	Keypress: 5
429.7031 	DATA 	Keypress: equal
430.7676 	DATA 	Keypress: 1
431.2001 	DATA 	Keypress: 5
431.2023 	DATA 	Keypress: equal
432.6999 	DATA 	Keypress: 5
432.7019 	DATA 	Keypress: equal
434.1996 	DATA 	Keypress: equal
434.2015 	DATA 	Keypress: 5
434.4306 	EXP 	text_5: autoDraw = True
435.7002 	DATA 	Keypress: equal
435.7020 	DATA 	Keypress: 5
437.2003 	DATA 	Keypress: 5
437.2023 	DATA 	Keypress: equal
438.6997 	DATA 	Keypress: 5
438.7017 	DATA 	Keypress: equal
439.4157 	EXP 	New trial (rep=0, index=35): OrderedDict([('Word', 'knight')])
439.4307 	EXP 	text_3: autoDraw = False
439.4307 	EXP 	text_5: autoDraw = False
439.4307 	EXP 	text_3: autoDraw = False
439.4307 	EXP 	text_4: autoDraw = False
439.4307 	EXP 	text_5: autoDraw = False
439.4307 	EXP 	text_3: text = 'knight'
439.4307 	EXP 	text_4: autoDraw = True
440.1991 	DATA 	Keypress: 5
440.2010 	DATA 	Keypress: equal
440.4139 	EXP 	text_3: autoDraw = True
440.4307 	EXP 	text_4: autoDraw = False
441.6999 	DATA 	Keypress: equal
441.7019 	DATA 	Keypress: 5
442.2493 	DATA 	Keypress: 1
443.1993 	DATA 	Keypress: equal
443.2013 	DATA 	Keypress: 5
444.6999 	DATA 	Keypress: equal
444.7018 	DATA 	Keypress: 5
445.4132 	EXP 	text_5: autoDraw = True
446.1999 	DATA 	Keypress: 5
446.2019 	DATA 	Keypress: equal
447.7000 	DATA 	Keypress: 5
447.7020 	DATA 	Keypress: equal
449.2002 	DATA 	Keypress: equal
449.2021 	DATA 	Keypress: 5
450.3993 	EXP 	New trial (rep=0, index=36): OrderedDict([('Word', 'ketchup')])
450.4133 	EXP 	text_3: autoDraw = False
450.4133 	EXP 	text_5: autoDraw = False
450.4133 	EXP 	text_3: autoDraw = False
450.4133 	EXP 	text_4: autoDraw = False
450.4133 	EXP 	text_5: autoDraw = False
450.4133 	EXP 	text_3: text = 'ketchup'
450.4133 	EXP 	text_4: autoDraw = True
450.6994 	DATA 	Keypress: equal
450.7013 	DATA 	Keypress: 5
451.3972 	EXP 	text_3: autoDraw = True
451.4133 	EXP 	text_4: autoDraw = False
452.1995 	DATA 	Keypress: equal
452.2014 	DATA 	Keypress: 5
452.5332 	DATA 	Keypress: 2
453.6990 	DATA 	Keypress: 5
453.7005 	DATA 	Keypress: equal
455.1998 	DATA 	Keypress: 5
455.2018 	DATA 	Keypress: equal
456.3973 	EXP 	text_5: autoDraw = True
456.7003 	DATA 	Keypress: equal
456.7023 	DATA 	Keypress: 5
458.2000 	DATA 	Keypress: equal
458.2019 	DATA 	Keypress: 5
459.7006 	DATA 	Keypress: 5
459.7025 	DATA 	Keypress: equal
461.2002 	DATA 	Keypress: 5
461.2022 	DATA 	Keypress: equal
461.3822 	EXP 	New trial (rep=0, index=37): OrderedDict([('Word', 'crab')])
461.3966 	EXP 	text_3: autoDraw = False
461.3966 	EXP 	text_5: autoDraw = False
461.3966 	EXP 	text_3: autoDraw = False
461.3966 	EXP 	text_4: autoDraw = False
461.3966 	EXP 	text_5: autoDraw = False
461.3966 	EXP 	text_3: text = 'crab'
461.3966 	EXP 	text_4: autoDraw = True
462.3804 	EXP 	text_3: autoDraw = True
462.3968 	EXP 	text_4: autoDraw = False
462.7003 	DATA 	Keypress: 5
462.7023 	DATA 	Keypress: equal
463.1193 	DATA 	Keypress: 1
464.1998 	DATA 	Keypress: equal
464.2018 	DATA 	Keypress: 5
465.6998 	DATA 	Keypress: equal
465.7017 	DATA 	Keypress: 5
467.1998 	DATA 	Keypress: equal
467.2018 	DATA 	Keypress: 5
467.3800 	EXP 	text_5: autoDraw = True
468.7003 	DATA 	Keypress: equal
468.7023 	DATA 	Keypress: 5
470.2002 	DATA 	Keypress: 5
470.2021 	DATA 	Keypress: equal
471.7004 	DATA 	Keypress: equal
471.7023 	DATA 	Keypress: 5
472.3658 	EXP 	New trial (rep=0, index=38): OrderedDict([('Word', 'airplane')])
472.3810 	EXP 	text_3: autoDraw = False
472.3810 	EXP 	text_5: autoDraw = False
472.3810 	EXP 	text_3: autoDraw = False
472.3810 	EXP 	text_4: autoDraw = False
472.3810 	EXP 	text_5: autoDraw = False
472.3810 	EXP 	text_3: text = 'airplane'
472.3810 	EXP 	text_4: autoDraw = True
473.1995 	DATA 	Keypress: equal
473.2015 	DATA 	Keypress: 5
473.3636 	EXP 	text_3: autoDraw = True
473.3800 	EXP 	text_4: autoDraw = False
474.7003 	DATA 	Keypress: equal
474.7022 	DATA 	Keypress: 5
474.8170 	DATA 	Keypress: 2
476.1999 	DATA 	Keypress: equal
476.2018 	DATA 	Keypress: 5
477.6994 	DATA 	Keypress: 5
477.7013 	DATA 	Keypress: equal
478.3633 	EXP 	text_5: autoDraw = True
479.2003 	DATA 	Keypress: equal
479.2023 	DATA 	Keypress: 5
480.7006 	DATA 	Keypress: equal
480.7026 	DATA 	Keypress: 5
482.2008 	DATA 	Keypress: equal
482.2028 	DATA 	Keypress: 5
483.3491 	EXP 	New trial (rep=0, index=39): OrderedDict([('Word', 'scalpel')])
483.3631 	EXP 	text_3: autoDraw = False
483.3631 	EXP 	text_5: autoDraw = False
483.3631 	EXP 	text_3: autoDraw = False
483.3631 	EXP 	text_4: autoDraw = False
483.3631 	EXP 	text_5: autoDraw = False
483.3631 	EXP 	text_3: text = 'scalpel'
483.3631 	EXP 	text_4: autoDraw = True
483.6996 	DATA 	Keypress: equal
483.7015 	DATA 	Keypress: 5
484.3469 	EXP 	text_3: autoDraw = True
484.3633 	EXP 	text_4: autoDraw = False
485.2001 	DATA 	Keypress: equal
485.2020 	DATA 	Keypress: 5
485.4667 	DATA 	Keypress: 2
486.6995 	DATA 	Keypress: 5
486.7015 	DATA 	Keypress: equal
488.1998 	DATA 	Keypress: equal
488.2017 	DATA 	Keypress: 5
489.3465 	EXP 	text_5: autoDraw = True
489.7001 	DATA 	Keypress: equal
489.7020 	DATA 	Keypress: 5
491.2008 	DATA 	Keypress: equal
491.2028 	DATA 	Keypress: 5
492.7006 	DATA 	Keypress: equal
492.7025 	DATA 	Keypress: 5
494.2000 	DATA 	Keypress: equal
494.2019 	DATA 	Keypress: 5
494.3466 	EXP 	text_3: autoDraw = False
494.3466 	EXP 	text_5: autoDraw = False
494.3466 	EXP 	text_3: autoDraw = False
494.3466 	EXP 	text_4: autoDraw = False
494.3466 	EXP 	text_5: autoDraw = False
494.3466 	EXP 	text_6: autoDraw = True
495.7000 	DATA 	Keypress: equal
495.7020 	DATA 	Keypress: 5
497.2007 	DATA 	Keypress: equal
497.2027 	DATA 	Keypress: 5
498.7000 	DATA 	Keypress: equal
498.7020 	DATA 	Keypress: 5
499.3466 	EXP 	text_6: autoDraw = False
499.3466 	EXP 	text_6: autoDraw = False
499.6262 	EXP 	window1: mouseVisible = True
