5.3869 	EXP 	Created window1 = Window(allowGUI=False, allowStencil=False, args=UNKNOWN, autoLog=True, bitsMode=UNKNOWN, blendMode='avg', color=array([0., 0., 0.]), colorSpace='rgb', fullscr=<method-wrapper '__getattribute__' of attributeSetter object at 0x120077d30>, gamma=None, gammaErrorPolicy='raise', kwargs=UNKNOWN, lms=UNKNOWN, monitor=<psychopy.monitors.calibTools.Monitor object at 0x11914d9b0>, multiSample=False, name='window1', numSamples=2, pos=[0.0, 0.0], screen=0, size=array([1920, 1080]), stereo=False, units='height', useFBO=True, useRetina=False, viewOri=0.0, viewPos=None, viewScale=None, waitBlanking=True, winType='pyglet')
5.3869 	EXP 	window1: recordFrameIntervals = False
5.5537 	EXP 	window1: recordFrameIntervals = True
5.7379 	EXP 	window1: recordFrameIntervals = False
6.1896 	EXP 	Created text = TextStim(__class__=<class 'psychopy.visual.text.TextStim'>, alignHoriz='center', alignVert='center', antialias=True, autoLog=True, bold=False, color='white', colorSpace='named', contrast=1.0, depth=0.0, flipHoriz=False, flipVert=False, font='Arial', fontFiles=[], height=0.03, italic=False, languageStyle='LTR', name='text', opacity=1.0, ori=0, pos=array([0., 0.]), rgb=array([255., 255., 255.]), text=str(...), units='height', win=Window(...), wrapWidth=1)
6.2362 	EXP 	Created text_2 = TextStim(__class__=<class 'psychopy.visual.text.TextStim'>, alignHoriz='center', alignVert='center', antialias=True, autoLog=True, bold=False, color='white', colorSpace='named', contrast=1.0, depth=0.0, flipHoriz=False, flipVert=False, font='Arial', fontFiles=[], height=0.1, italic=False, languageStyle='LTR', name='text_2', opacity=1.0, ori=0, pos=array([0., 0.]), rgb=array([255., 255., 255.]), text='Waiting for the scanner\n', units='height', win=Window(...), wrapWidth=1)
6.2803 	EXP 	Created text_3 = TextStim(__class__=<class 'psychopy.visual.text.TextStim'>, alignHoriz='center', alignVert='center', antialias=True, autoLog=True, bold=False, color='white', colorSpace='named', contrast=1.0, depth=0.0, flipHoriz=False, flipVert=False, font='Arial', fontFiles=[], height=0.1, italic=False, languageStyle='LTR', name='text_3', opacity=1.0, ori=0, pos=array([0., 0.]), rgb=array([255., 255., 255.]), text='default text', units='height', win=Window(...), wrapWidth=1)
6.2827 	EXP 	Created text_4 = TextStim(__class__=<class 'psychopy.visual.text.TextStim'>, alignHoriz='center', alignVert='center', antialias=True, autoLog=True, bold=False, color='white', colorSpace='named', contrast=1.0, depth=-1.0, flipHoriz=False, flipVert=False, font='Arial', fontFiles=[], height=0.1, italic=False, languageStyle='LTR', name='text_4', opacity=1.0, ori=0, pos=array([0., 0.]), rgb=array([255., 255., 255.]), text='+', units='height', win=Window(...), wrapWidth=1)
6.2964 	EXP 	Created text_5 = TextStim(__class__=<class 'psychopy.visual.text.TextStim'>, alignHoriz='center', alignVert='center', antialias=True, autoLog=True, bold=False, color='white', colorSpace='named', contrast=1.0, depth=-2.0, flipHoriz=False, flipVert=False, font='Arial', fontFiles=[], height=0.02, italic=False, languageStyle='LTR', name='text_5', opacity=1.0, ori=0, pos=array([ 0. , -0.3]), rgb=array([255., 255., 255.]), text=str(...), units='height', win=Window(...), wrapWidth=1)
6.3415 	EXP 	Created text_6 = TextStim(__class__=<class 'psychopy.visual.text.TextStim'>, alignHoriz='center', alignVert='center', antialias=True, autoLog=True, bold=False, color='white', colorSpace='named', contrast=1.0, depth=0.0, flipHoriz=False, flipVert=False, font='Arial', fontFiles=[], height=0.1, italic=False, languageStyle='LTR', name='text_6', opacity=1.0, ori=0, pos=array([0., 0.]), rgb=array([255., 255., 255.]), text="That's the end of this task\n", units='height', win=Window(...), wrapWidth=1)
6.3484 	EXP 	text: autoDraw = True
27.8964 	DATA 	Keypress: 1
27.9156 	EXP 	text: autoDraw = False
27.9156 	EXP 	text_2: autoDraw = True
54.0705 	EXP 	Imported wl.csv as conditions, 40 conditions, 1 params
54.0722 	EXP 	Created sequence: random, trialTypes=40, nReps=1, seed=None
54.0726 	EXP 	New trial (rep=0, index=0): OrderedDict([('Word', 'hair')])
54.0790 	DATA 	Keypress: 5
54.0808 	DATA 	Keypress: equal
54.0869 	EXP 	text_2: autoDraw = False
54.0869 	EXP 	text_3: text = 'hair'
54.0869 	EXP 	text_4: autoDraw = True
55.0712 	EXP 	text_3: autoDraw = True
55.0884 	EXP 	text_4: autoDraw = False
55.5582 	DATA 	Keypress: 5
55.5602 	DATA 	Keypress: equal
57.0592 	DATA 	Keypress: 5
57.0611 	DATA 	Keypress: equal
58.5509 	DATA 	Keypress: 5
58.5528 	DATA 	Keypress: equal
60.0509 	DATA 	Keypress: 5
60.0526 	DATA 	Keypress: equal
60.0695 	EXP 	text_5: autoDraw = True
61.5587 	DATA 	Keypress: 5
61.5607 	DATA 	Keypress: equal
62.8750 	DATA 	Keypress: 2
63.0425 	DATA 	Keypress: 5
63.0443 	DATA 	Keypress: equal
64.5601 	DATA 	Keypress: 5
64.5619 	DATA 	Keypress: equal
65.0678 	EXP 	New trial (rep=0, index=1): OrderedDict([('Word', 'cheesecake')])
65.0809 	EXP 	text_3: autoDraw = False
65.0809 	EXP 	text_4: autoDraw = False
65.0809 	EXP 	text_5: autoDraw = False
65.0809 	EXP 	text_3: text = 'cheesecake'
65.0809 	EXP 	text_4: autoDraw = True
66.0696 	DATA 	Keypress: 5
66.0715 	DATA 	Keypress: equal
66.0817 	EXP 	text_3: autoDraw = True
66.0817 	EXP 	text_4: autoDraw = False
67.5525 	DATA 	Keypress: equal
67.5546 	DATA 	Keypress: 5
69.0509 	DATA 	Keypress: 5
69.0528 	DATA 	Keypress: equal
70.5504 	DATA 	Keypress: 5
70.5523 	DATA 	Keypress: equal
71.0547 	EXP 	text_5: autoDraw = True
72.0685 	DATA 	Keypress: 5
72.0704 	DATA 	Keypress: equal
72.8185 	DATA 	Keypress: 2
73.5516 	DATA 	Keypress: 5
73.5534 	DATA 	Keypress: equal
75.0523 	DATA 	Keypress: equal
75.0544 	DATA 	Keypress: 5
76.0550 	EXP 	text_5: autoDraw = False
76.0731 	EXP 	New trial (rep=0, index=2): OrderedDict([('Word', 'camera')])
76.0882 	EXP 	text_3: autoDraw = False
76.0882 	EXP 	text_4: autoDraw = False
76.0882 	EXP 	text_5: autoDraw = False
76.0882 	EXP 	text_3: text = 'camera'
76.0882 	EXP 	text_4: autoDraw = True
76.5588 	DATA 	Keypress: 5
76.5608 	DATA 	Keypress: equal
77.0718 	EXP 	text_3: autoDraw = True
77.0882 	EXP 	text_4: autoDraw = False
78.0516 	DATA 	Keypress: 5
78.0536 	DATA 	Keypress: equal
79.5684 	DATA 	Keypress: 5
79.5703 	DATA 	Keypress: equal
81.0590 	DATA 	Keypress: 5
81.0608 	DATA 	Keypress: equal
82.0714 	EXP 	text_5: autoDraw = True
82.5604 	DATA 	Keypress: 5
82.5622 	DATA 	Keypress: equal
83.7253 	DATA 	Keypress: 2
84.0511 	DATA 	Keypress: equal
84.0529 	DATA 	Keypress: 5
85.5510 	DATA 	Keypress: 5
85.5529 	DATA 	Keypress: equal
87.0513 	DATA 	Keypress: 5
87.0531 	DATA 	Keypress: equal
87.0666 	EXP 	New trial (rep=0, index=3): OrderedDict([('Word', 'ladybug')])
87.0813 	EXP 	text_3: autoDraw = False
87.0813 	EXP 	text_4: autoDraw = False
87.0813 	EXP 	text_5: autoDraw = False
87.0813 	EXP 	text_3: text = 'ladybug'
87.0813 	EXP 	text_4: autoDraw = True
88.0814 	EXP 	text_3: autoDraw = True
88.0881 	EXP 	text_4: autoDraw = False
88.5682 	DATA 	Keypress: 5
88.5700 	DATA 	Keypress: equal
90.0671 	DATA 	Keypress: equal
90.0691 	DATA 	Keypress: 5
91.5515 	DATA 	Keypress: equal
91.5536 	DATA 	Keypress: 5
93.0676 	DATA 	Keypress: 5
93.0694 	DATA 	Keypress: equal
93.0815 	EXP 	text_5: autoDraw = True
94.5426 	DATA 	Keypress: 5
94.5444 	DATA 	Keypress: equal
95.4253 	DATA 	Keypress: 1
96.0427 	DATA 	Keypress: 5
96.0446 	DATA 	Keypress: equal
97.5524 	DATA 	Keypress: equal
97.5545 	DATA 	Keypress: 5
98.0737 	EXP 	New trial (rep=0, index=4): OrderedDict([('Word', 'cheerleader')])
98.0877 	EXP 	text_3: autoDraw = False
98.0877 	EXP 	text_4: autoDraw = False
98.0877 	EXP 	text_5: autoDraw = False
98.0877 	EXP 	text_3: text = 'cheerleader'
98.0877 	EXP 	text_4: autoDraw = True
99.0605 	DATA 	Keypress: equal
99.0624 	DATA 	Keypress: 5
99.0816 	EXP 	text_3: autoDraw = True
99.0977 	EXP 	text_4: autoDraw = False
100.5892 	DATA 	Keypress: equal
100.5904 	DATA 	Keypress: 5
102.0513 	DATA 	Keypress: 5
102.0531 	DATA 	Keypress: equal
103.5507 	DATA 	Keypress: 5
103.5526 	DATA 	Keypress: equal
104.0811 	EXP 	text_5: autoDraw = True
105.0521 	DATA 	Keypress: equal
105.0541 	DATA 	Keypress: 5
105.5768 	DATA 	Keypress: 1
106.5422 	DATA 	Keypress: equal
106.5441 	DATA 	Keypress: 5
108.0425 	DATA 	Keypress: 5
108.0443 	DATA 	Keypress: equal
109.0669 	EXP 	New trial (rep=0, index=5): OrderedDict([('Word', 'passport')])
109.0809 	EXP 	text_3: autoDraw = False
109.0809 	EXP 	text_4: autoDraw = False
109.0809 	EXP 	text_5: autoDraw = False
109.0809 	EXP 	text_3: text = 'passport'
109.0809 	EXP 	text_4: autoDraw = True
109.5672 	DATA 	Keypress: 5
109.5691 	DATA 	Keypress: equal
110.0718 	EXP 	text_3: autoDraw = True
110.0883 	EXP 	text_4: autoDraw = False
111.0590 	DATA 	Keypress: 5
111.0608 	DATA 	Keypress: equal
112.5512 	DATA 	Keypress: equal
112.5531 	DATA 	Keypress: 5
114.0591 	DATA 	Keypress: 5
114.0610 	DATA 	Keypress: equal
115.0712 	EXP 	text_5: autoDraw = True
115.5513 	DATA 	Keypress: equal
115.5532 	DATA 	Keypress: 5
116.5506 	DATA 	Keypress: 2
117.0677 	DATA 	Keypress: equal
117.0696 	DATA 	Keypress: 5
118.5594 	DATA 	Keypress: 5
118.5612 	DATA 	Keypress: equal
120.0568 	EXP 	New trial (rep=0, index=6): OrderedDict([('Word', 'keyboard')])
120.0654 	DATA 	Keypress: 5
120.0672 	DATA 	Keypress: equal
120.0705 	EXP 	text_3: autoDraw = False
120.0705 	EXP 	text_5: autoDraw = False
120.0705 	EXP 	text_3: autoDraw = False
120.0705 	EXP 	text_4: autoDraw = False
120.0705 	EXP 	text_5: autoDraw = False
120.0705 	EXP 	text_3: text = 'keyboard'
120.0705 	EXP 	text_4: autoDraw = True
121.0644 	EXP 	text_3: autoDraw = True
121.0714 	EXP 	text_4: autoDraw = False
121.5517 	DATA 	Keypress: equal
121.5539 	DATA 	Keypress: 5
123.0505 	DATA 	Keypress: equal
123.0524 	DATA 	Keypress: 5
124.5594 	DATA 	Keypress: 5
124.5612 	DATA 	Keypress: equal
126.0425 	DATA 	Keypress: 5
126.0444 	DATA 	Keypress: equal
126.0637 	EXP 	text_5: autoDraw = True
127.0686 	DATA 	Keypress: 2
127.5425 	DATA 	Keypress: 5
127.5444 	DATA 	Keypress: equal
129.0425 	DATA 	Keypress: 5
129.0444 	DATA 	Keypress: equal
130.5517 	DATA 	Keypress: 5
130.5537 	DATA 	Keypress: equal
131.0547 	EXP 	New trial (rep=0, index=7): OrderedDict([('Word', 'chipmunk')])
131.0636 	EXP 	text_3: autoDraw = False
131.0636 	EXP 	text_5: autoDraw = False
131.0636 	EXP 	text_3: autoDraw = False
131.0636 	EXP 	text_4: autoDraw = False
131.0636 	EXP 	text_5: autoDraw = False
131.0636 	EXP 	text_3: text = 'chipmunk'
131.0636 	EXP 	text_4: autoDraw = True
132.0439 	DATA 	Keypress: 5
132.0458 	DATA 	Keypress: equal
132.0550 	EXP 	text_3: autoDraw = True
132.0806 	EXP 	text_4: autoDraw = False
133.5591 	DATA 	Keypress: equal
133.5610 	DATA 	Keypress: 5
135.0591 	DATA 	Keypress: 5
135.0610 	DATA 	Keypress: equal
136.5504 	DATA 	Keypress: equal
136.5523 	DATA 	Keypress: 5
137.0546 	EXP 	text_5: autoDraw = True
138.0902 	DATA 	Keypress: equal
138.0917 	DATA 	Keypress: 5
138.2242 	DATA 	Keypress: 1
139.5513 	DATA 	Keypress: equal
139.5533 	DATA 	Keypress: 5
141.0688 	DATA 	Keypress: 5
141.0709 	DATA 	Keypress: equal
142.0402 	EXP 	New trial (rep=0, index=8): OrderedDict([('Word', 'fingerprint')])
142.0544 	EXP 	text_3: autoDraw = False
142.0544 	EXP 	text_5: autoDraw = False
142.0544 	EXP 	text_3: autoDraw = False
142.0544 	EXP 	text_4: autoDraw = False
142.0544 	EXP 	text_5: autoDraw = False
142.0544 	EXP 	text_3: text = 'fingerprint'
142.0544 	EXP 	text_4: autoDraw = True
142.5597 	DATA 	Keypress: equal
142.5615 	DATA 	Keypress: 5
143.0383 	EXP 	text_3: autoDraw = True
143.0544 	EXP 	text_4: autoDraw = False
144.0589 	DATA 	Keypress: equal
144.0608 	DATA 	Keypress: 5
145.5583 	DATA 	Keypress: 5
145.5603 	DATA 	Keypress: equal
147.0589 	DATA 	Keypress: 5
147.0607 	DATA 	Keypress: equal
148.0381 	EXP 	text_5: autoDraw = True
148.5427 	DATA 	Keypress: 5
148.5446 	DATA 	Keypress: equal
150.0425 	DATA 	Keypress: 5
150.0443 	DATA 	Keypress: equal
150.3916 	DATA 	Keypress: 2
151.5417 	DATA 	Keypress: 5
151.5435 	DATA 	Keypress: equal
153.0238 	EXP 	New trial (rep=0, index=9): OrderedDict([('Word', 'hairstylist')])
153.0466 	EXP 	text_3: autoDraw = False
153.0466 	EXP 	text_5: autoDraw = False
153.0466 	EXP 	text_3: autoDraw = False
153.0466 	EXP 	text_4: autoDraw = False
153.0466 	EXP 	text_5: autoDraw = False
153.0466 	EXP 	text_3: text = 'hairstylist'
153.0466 	EXP 	text_4: autoDraw = True
153.0495 	DATA 	Keypress: equal
153.0513 	DATA 	Keypress: 5
154.0306 	EXP 	text_3: autoDraw = True
154.0475 	EXP 	text_4: autoDraw = False
154.5417 	DATA 	Keypress: 5
154.5436 	DATA 	Keypress: equal
156.0416 	DATA 	Keypress: 5
156.0434 	DATA 	Keypress: equal
157.5498 	DATA 	Keypress: 5
157.5517 	DATA 	Keypress: equal
159.0214 	EXP 	text_5: autoDraw = True
159.0516 	DATA 	Keypress: 5
159.0535 	DATA 	Keypress: equal
160.0178 	DATA 	Keypress: 1
160.5424 	DATA 	Keypress: 5
160.5443 	DATA 	Keypress: equal
162.0421 	DATA 	Keypress: 5
162.0439 	DATA 	Keypress: equal
163.5506 	DATA 	Keypress: 5
163.5525 	DATA 	Keypress: equal
164.0218 	EXP 	text_5: autoDraw = False
164.0240 	EXP 	New trial (rep=0, index=10): OrderedDict([('Word', 'walrus')])
164.0378 	EXP 	text_3: autoDraw = False
164.0378 	EXP 	text_3: autoDraw = False
164.0378 	EXP 	text_4: autoDraw = False
164.0378 	EXP 	text_5: autoDraw = False
164.0378 	EXP 	text_3: text = 'walrus'
164.0378 	EXP 	text_4: autoDraw = True
165.0205 	EXP 	text_3: autoDraw = True
165.0467 	EXP 	text_4: autoDraw = False
165.0513 	DATA 	Keypress: 5
165.0535 	DATA 	Keypress: equal
166.5410 	DATA 	Keypress: 5
166.5428 	DATA 	Keypress: equal
168.0492 	DATA 	Keypress: 5
168.0510 	DATA 	Keypress: equal
169.5417 	DATA 	Keypress: 5
169.5436 	DATA 	Keypress: equal
170.0380 	EXP 	text_5: autoDraw = True
171.0501 	DATA 	Keypress: 5
171.0520 	DATA 	Keypress: equal
171.2923 	DATA 	Keypress: 1
172.5502 	DATA 	Keypress: 5
172.5521 	DATA 	Keypress: equal
174.0424 	DATA 	Keypress: equal
174.0442 	DATA 	Keypress: 5
175.0220 	EXP 	text_3: autoDraw = False
175.0242 	EXP 	New trial (rep=0, index=11): OrderedDict([('Word', 'snowball')])
175.0382 	EXP 	text_5: autoDraw = False
175.0382 	EXP 	text_3: autoDraw = False
175.0382 	EXP 	text_4: autoDraw = False
175.0382 	EXP 	text_5: autoDraw = False
175.0382 	EXP 	text_3: text = 'snowball'
175.0382 	EXP 	text_4: autoDraw = True
175.5414 	DATA 	Keypress: 5
175.5433 	DATA 	Keypress: equal
176.0222 	EXP 	text_3: autoDraw = True
176.0471 	EXP 	text_4: autoDraw = False
177.0415 	DATA 	Keypress: 5
177.0433 	DATA 	Keypress: equal
178.5414 	DATA 	Keypress: 5
178.5434 	DATA 	Keypress: equal
180.0416 	DATA 	Keypress: 5
180.0435 	DATA 	Keypress: equal
181.0220 	EXP 	text_5: autoDraw = True
181.5422 	DATA 	Keypress: 5
181.5440 	DATA 	Keypress: equal
183.0504 	DATA 	Keypress: 5
183.0523 	DATA 	Keypress: equal
183.1431 	DATA 	Keypress: 2
184.5419 	DATA 	Keypress: 5
184.5438 	DATA 	Keypress: equal
186.0076 	EXP 	New trial (rep=0, index=12): OrderedDict([('Word', 'mirror')])
186.0218 	EXP 	text_3: autoDraw = False
186.0218 	EXP 	text_5: autoDraw = False
186.0218 	EXP 	text_3: autoDraw = False
186.0218 	EXP 	text_4: autoDraw = False
186.0218 	EXP 	text_5: autoDraw = False
186.0218 	EXP 	text_3: text = 'mirror'
186.0218 	EXP 	text_4: autoDraw = True
186.0495 	DATA 	Keypress: 5
186.0513 	DATA 	Keypress: equal
187.0054 	EXP 	text_3: autoDraw = True
187.0214 	EXP 	text_4: autoDraw = False
187.5413 	DATA 	Keypress: 5
187.5432 	DATA 	Keypress: equal
189.0417 	DATA 	Keypress: equal
189.0436 	DATA 	Keypress: 5
190.5416 	DATA 	Keypress: 5
190.5435 	DATA 	Keypress: equal
192.0054 	EXP 	text_5: autoDraw = True
192.0422 	DATA 	Keypress: 5
192.0442 	DATA 	Keypress: equal
193.5423 	DATA 	Keypress: 5
193.5441 	DATA 	Keypress: equal
194.6327 	DATA 	Keypress: 2
195.0423 	DATA 	Keypress: 5
195.0441 	DATA 	Keypress: equal
196.5424 	DATA 	Keypress: 5
196.5443 	DATA 	Keypress: equal
196.9909 	EXP 	New trial (rep=0, index=13): OrderedDict([('Word', 'umbrella')])
197.0049 	EXP 	text_3: autoDraw = False
197.0049 	EXP 	text_5: autoDraw = False
197.0049 	EXP 	text_3: autoDraw = False
197.0049 	EXP 	text_4: autoDraw = False
197.0049 	EXP 	text_5: autoDraw = False
197.0049 	EXP 	text_3: text = 'umbrella'
197.0049 	EXP 	text_4: autoDraw = True
197.9968 	EXP 	text_3: autoDraw = True
198.0129 	EXP 	text_4: autoDraw = False
198.0418 	DATA 	Keypress: equal
198.0436 	DATA 	Keypress: 5
199.5414 	DATA 	Keypress: 5
199.5433 	DATA 	Keypress: equal
201.0412 	DATA 	Keypress: 5
201.0431 	DATA 	Keypress: equal
202.5420 	DATA 	Keypress: 5
202.5440 	DATA 	Keypress: equal
202.9888 	EXP 	text_5: autoDraw = True
204.0430 	DATA 	Keypress: equal
204.0449 	DATA 	Keypress: 5
204.3587 	DATA 	Keypress: 2
205.5419 	DATA 	Keypress: 5
205.5438 	DATA 	Keypress: equal
207.0416 	DATA 	Keypress: equal
207.0436 	DATA 	Keypress: 5
207.9885 	EXP 	text_5: autoDraw = False
207.9910 	EXP 	New trial (rep=0, index=14): OrderedDict([('Word', 'donkey')])
208.0048 	EXP 	text_3: autoDraw = False
208.0048 	EXP 	text_3: autoDraw = False
208.0048 	EXP 	text_4: autoDraw = False
208.0048 	EXP 	text_5: autoDraw = False
208.0048 	EXP 	text_3: text = 'donkey'
208.0048 	EXP 	text_4: autoDraw = True
208.5420 	DATA 	Keypress: 5
208.5439 	DATA 	Keypress: equal
208.9888 	EXP 	text_3: autoDraw = True
209.0048 	EXP 	text_4: autoDraw = False
210.0415 	DATA 	Keypress: 5
210.0433 	DATA 	Keypress: equal
211.5493 	DATA 	Keypress: equal
211.5512 	DATA 	Keypress: 5
213.0416 	DATA 	Keypress: equal
213.0434 	DATA 	Keypress: 5
213.9882 	EXP 	text_5: autoDraw = True
214.5427 	DATA 	Keypress: equal
214.5446 	DATA 	Keypress: 5
215.4835 	DATA 	Keypress: 1
216.0422 	DATA 	Keypress: 5
216.0440 	DATA 	Keypress: equal
217.5418 	DATA 	Keypress: 5
217.5436 	DATA 	Keypress: equal
218.9816 	EXP 	New trial (rep=0, index=15): OrderedDict([('Word', 'stove')])
218.9965 	EXP 	text_3: autoDraw = False
218.9965 	EXP 	text_5: autoDraw = False
218.9965 	EXP 	text_3: autoDraw = False
218.9965 	EXP 	text_4: autoDraw = False
218.9965 	EXP 	text_5: autoDraw = False
218.9965 	EXP 	text_3: text = 'stove'
218.9965 	EXP 	text_4: autoDraw = True
219.0415 	DATA 	Keypress: equal
219.0434 	DATA 	Keypress: 5
219.9955 	EXP 	text_3: autoDraw = True
220.0054 	EXP 	text_4: autoDraw = False
220.5416 	DATA 	Keypress: equal
220.5435 	DATA 	Keypress: 5
222.0490 	DATA 	Keypress: equal
222.0509 	DATA 	Keypress: 5
223.5494 	DATA 	Keypress: equal
223.5512 	DATA 	Keypress: 5
224.9886 	EXP 	text_5: autoDraw = True
225.0421 	DATA 	Keypress: 5
225.0439 	DATA 	Keypress: equal
226.1757 	DATA 	Keypress: 2
226.5422 	DATA 	Keypress: equal
226.5440 	DATA 	Keypress: 5
228.0422 	DATA 	Keypress: 5
228.0441 	DATA 	Keypress: equal
229.5502 	DATA 	Keypress: 5
229.5521 	DATA 	Keypress: equal
229.9887 	EXP 	text_5: autoDraw = False
229.9910 	EXP 	New trial (rep=0, index=16): OrderedDict([('Word', 'elephant')])
230.0129 	EXP 	text_3: autoDraw = False
230.0129 	EXP 	text_3: autoDraw = False
230.0129 	EXP 	text_4: autoDraw = False
230.0129 	EXP 	text_5: autoDraw = False
230.0129 	EXP 	text_3: text = 'elephant'
230.0129 	EXP 	text_4: autoDraw = True
230.9960 	EXP 	text_3: autoDraw = True
231.0052 	EXP 	text_4: autoDraw = False
231.0488 	DATA 	Keypress: equal
231.0506 	DATA 	Keypress: 5
232.5419 	DATA 	Keypress: 5
232.5438 	DATA 	Keypress: equal
234.0418 	DATA 	Keypress: equal
234.0436 	DATA 	Keypress: 5
235.5420 	DATA 	Keypress: equal
235.5439 	DATA 	Keypress: 5
235.9962 	EXP 	text_5: autoDraw = True
237.0495 	DATA 	Keypress: equal
237.0514 	DATA 	Keypress: 5
237.3257 	DATA 	Keypress: 1
238.5426 	DATA 	Keypress: 5
238.5445 	DATA 	Keypress: equal
240.0424 	DATA 	Keypress: equal
240.0442 	DATA 	Keypress: 5
240.9911 	EXP 	New trial (rep=0, index=17): OrderedDict([('Word', 'cabdriver')])
241.0050 	EXP 	text_3: autoDraw = False
241.0050 	EXP 	text_5: autoDraw = False
241.0050 	EXP 	text_3: autoDraw = False
241.0050 	EXP 	text_4: autoDraw = False
241.0050 	EXP 	text_5: autoDraw = False
241.0050 	EXP 	text_3: text = 'cabdriver'
241.0050 	EXP 	text_4: autoDraw = True
241.5493 	DATA 	Keypress: equal
241.5512 	DATA 	Keypress: 5
242.0049 	EXP 	text_3: autoDraw = True
242.0049 	EXP 	text_4: autoDraw = False
243.0419 	DATA 	Keypress: equal
243.0438 	DATA 	Keypress: 5
244.5420 	DATA 	Keypress: 5
244.5438 	DATA 	Keypress: equal
246.0417 	DATA 	Keypress: 5
246.0437 	DATA 	Keypress: equal
246.9886 	EXP 	text_5: autoDraw = True
247.5422 	DATA 	Keypress: equal
247.5442 	DATA 	Keypress: 5
248.4014 	DATA 	Keypress: 1
249.0500 	DATA 	Keypress: equal
249.0518 	DATA 	Keypress: 5
250.5418 	DATA 	Keypress: 5
250.5436 	DATA 	Keypress: equal
251.9964 	EXP 	text_5: autoDraw = False
251.9986 	EXP 	New trial (rep=0, index=18): OrderedDict([('Word', 'knight')])
252.0127 	EXP 	text_3: autoDraw = False
252.0127 	EXP 	text_3: autoDraw = False
252.0127 	EXP 	text_4: autoDraw = False
252.0127 	EXP 	text_5: autoDraw = False
252.0127 	EXP 	text_3: text = 'knight'
252.0127 	EXP 	text_4: autoDraw = True
252.0409 	DATA 	Keypress: 5
252.0428 	DATA 	Keypress: equal
253.0046 	EXP 	text_3: autoDraw = True
253.0215 	EXP 	text_4: autoDraw = False
253.5412 	DATA 	Keypress: 5
253.5430 	DATA 	Keypress: equal
255.0416 	DATA 	Keypress: 5
255.0436 	DATA 	Keypress: equal
256.5411 	DATA 	Keypress: 5
256.5430 	DATA 	Keypress: equal
258.0055 	EXP 	text_5: autoDraw = True
258.0420 	DATA 	Keypress: 5
258.0439 	DATA 	Keypress: equal
258.5908 	DATA 	Keypress: 1
259.5416 	DATA 	Keypress: 5
259.5435 	DATA 	Keypress: equal
261.0492 	DATA 	Keypress: 5
261.0510 	DATA 	Keypress: equal
262.5496 	DATA 	Keypress: 5
262.5514 	DATA 	Keypress: equal
262.9978 	EXP 	New trial (rep=0, index=19): OrderedDict([('Word', 'leopard')])
263.0128 	EXP 	text_3: autoDraw = False
263.0128 	EXP 	text_5: autoDraw = False
263.0128 	EXP 	text_3: autoDraw = False
263.0128 	EXP 	text_4: autoDraw = False
263.0128 	EXP 	text_5: autoDraw = False
263.0128 	EXP 	text_3: text = 'leopard'
263.0128 	EXP 	text_4: autoDraw = True
263.9888 	EXP 	text_3: autoDraw = True
264.0295 	EXP 	text_4: autoDraw = False
264.0414 	DATA 	Keypress: equal
264.0433 	DATA 	Keypress: 5
265.5411 	DATA 	Keypress: 5
265.5430 	DATA 	Keypress: equal
267.0413 	DATA 	Keypress: 5
267.0431 	DATA 	Keypress: equal
268.5410 	DATA 	Keypress: 5
268.5428 	DATA 	Keypress: equal
269.0054 	EXP 	text_5: autoDraw = True
270.0417 	DATA 	Keypress: 5
270.0435 	DATA 	Keypress: equal
270.5842 	DATA 	Keypress: 1
271.5417 	DATA 	Keypress: 5
271.5436 	DATA 	Keypress: equal
273.0419 	DATA 	Keypress: 5
273.0438 	DATA 	Keypress: equal
273.9890 	EXP 	text_3: autoDraw = False
273.9912 	EXP 	New trial (rep=0, index=20): OrderedDict([('Word', 'ketchup')])
274.0050 	EXP 	text_5: autoDraw = False
274.0050 	EXP 	text_3: autoDraw = False
274.0050 	EXP 	text_4: autoDraw = False
274.0050 	EXP 	text_5: autoDraw = False
274.0050 	EXP 	text_3: text = 'ketchup'
274.0050 	EXP 	text_4: autoDraw = True
274.5411 	DATA 	Keypress: 5
274.5431 	DATA 	Keypress: equal
274.9891 	EXP 	text_3: autoDraw = True
275.0060 	EXP 	text_4: autoDraw = False
276.0411 	DATA 	Keypress: 5
276.0430 	DATA 	Keypress: equal
277.5413 	DATA 	Keypress: 5
277.5432 	DATA 	Keypress: equal
279.0414 	DATA 	Keypress: equal
279.0435 	DATA 	Keypress: 5
279.9785 	EXP 	text_5: autoDraw = True
280.5419 	DATA 	Keypress: equal
280.5437 	DATA 	Keypress: 5
281.2928 	DATA 	Keypress: 2
282.0419 	DATA 	Keypress: 5
282.0437 	DATA 	Keypress: equal
283.5422 	DATA 	Keypress: 5
283.5441 	DATA 	Keypress: equal
284.9746 	EXP 	New trial (rep=0, index=21): OrderedDict([('Word', 'grandfather')])
284.9884 	EXP 	text_3: autoDraw = False
284.9884 	EXP 	text_5: autoDraw = False
284.9884 	EXP 	text_3: autoDraw = False
284.9884 	EXP 	text_4: autoDraw = False
284.9884 	EXP 	text_5: autoDraw = False
284.9884 	EXP 	text_3: text = 'grandfather'
284.9884 	EXP 	text_4: autoDraw = True
285.0414 	DATA 	Keypress: 5
285.0432 	DATA 	Keypress: equal
285.9793 	EXP 	text_3: autoDraw = True
285.9957 	EXP 	text_4: autoDraw = False
286.5414 	DATA 	Keypress: equal
286.5433 	DATA 	Keypress: 5
288.0412 	DATA 	Keypress: equal
288.0432 	DATA 	Keypress: 5
289.5487 	DATA 	Keypress: 5
289.5505 	DATA 	Keypress: equal
290.9720 	EXP 	text_5: autoDraw = True
291.0417 	DATA 	Keypress: 5
291.0436 	DATA 	Keypress: equal
292.1279 	DATA 	Keypress: 1
292.5492 	DATA 	Keypress: 5
292.5511 	DATA 	Keypress: equal
294.0486 	DATA 	Keypress: 5
294.0505 	DATA 	Keypress: equal
295.5418 	DATA 	Keypress: equal
295.5437 	DATA 	Keypress: 5
295.9720 	EXP 	text_5: autoDraw = False
295.9743 	EXP 	New trial (rep=0, index=22): OrderedDict([('Word', 'hummingbird')])
295.9958 	EXP 	text_3: autoDraw = False
295.9958 	EXP 	text_3: autoDraw = False
295.9958 	EXP 	text_4: autoDraw = False
295.9958 	EXP 	text_5: autoDraw = False
295.9958 	EXP 	text_3: text = 'hummingbird'
295.9958 	EXP 	text_4: autoDraw = True
296.9788 	EXP 	text_3: autoDraw = True
296.9955 	EXP 	text_4: autoDraw = False
297.0415 	DATA 	Keypress: equal
297.0434 	DATA 	Keypress: 5
298.5493 	DATA 	Keypress: 5
298.5511 	DATA 	Keypress: equal
300.0494 	DATA 	Keypress: 5
300.0514 	DATA 	Keypress: equal
301.5412 	DATA 	Keypress: 5
301.5431 	DATA 	Keypress: equal
301.9721 	EXP 	text_5: autoDraw = True
303.0417 	DATA 	Keypress: equal
303.0436 	DATA 	Keypress: 5
303.3235 	DATA 	Keypress: 1
304.5417 	DATA 	Keypress: equal
304.5436 	DATA 	Keypress: 5
306.0498 	DATA 	Keypress: 5
306.0517 	DATA 	Keypress: equal
306.9789 	EXP 	text_5: autoDraw = False
306.9811 	EXP 	New trial (rep=0, index=23): OrderedDict([('Word', 'bulldozer')])
306.9952 	EXP 	text_3: autoDraw = False
306.9952 	EXP 	text_3: autoDraw = False
306.9952 	EXP 	text_4: autoDraw = False
306.9952 	EXP 	text_5: autoDraw = False
306.9952 	EXP 	text_3: text = 'bulldozer'
306.9952 	EXP 	text_4: autoDraw = True
307.5412 	DATA 	Keypress: 5
307.5431 	DATA 	Keypress: equal
307.9954 	EXP 	text_3: autoDraw = True
308.0054 	EXP 	text_4: autoDraw = False
309.0488 	DATA 	Keypress: 5
309.0507 	DATA 	Keypress: equal
310.5413 	DATA 	Keypress: equal
310.5432 	DATA 	Keypress: 5
312.0415 	DATA 	Keypress: equal
312.0435 	DATA 	Keypress: 5
312.9954 	EXP 	text_5: autoDraw = True
313.5417 	DATA 	Keypress: equal
313.5435 	DATA 	Keypress: 5
314.2908 	DATA 	Keypress: 2
315.0419 	DATA 	Keypress: 5
315.0439 	DATA 	Keypress: equal
316.5421 	DATA 	Keypress: 5
316.5440 	DATA 	Keypress: equal
317.9910 	EXP 	New trial (rep=0, index=24): OrderedDict([('Word', 'platypus')])
318.0055 	EXP 	text_3: autoDraw = False
318.0055 	EXP 	text_5: autoDraw = False
318.0055 	EXP 	text_3: autoDraw = False
318.0055 	EXP 	text_4: autoDraw = False
318.0055 	EXP 	text_5: autoDraw = False
318.0055 	EXP 	text_3: text = 'platypus'
318.0055 	EXP 	text_4: autoDraw = True
318.0412 	DATA 	Keypress: equal
318.0430 	DATA 	Keypress: 5
318.9884 	EXP 	text_3: autoDraw = True
319.0056 	EXP 	text_4: autoDraw = False
319.5413 	DATA 	Keypress: equal
319.5433 	DATA 	Keypress: 5
321.0477 	DATA 	Keypress: 5
321.0496 	DATA 	Keypress: equal
322.5413 	DATA 	Keypress: 5
322.5431 	DATA 	Keypress: equal
323.9948 	EXP 	text_5: autoDraw = True
324.0479 	DATA 	Keypress: 5
324.0498 	DATA 	Keypress: equal
325.5418 	DATA 	Keypress: equal
325.5436 	DATA 	Keypress: 5
325.6670 	DATA 	Keypress: 1
327.0418 	DATA 	Keypress: equal
327.0436 	DATA 	Keypress: 5
328.5485 	DATA 	Keypress: equal
328.5504 	DATA 	Keypress: 5
328.9806 	EXP 	New trial (rep=0, index=25): OrderedDict([('Word', 'axe')])
328.9950 	EXP 	text_3: autoDraw = False
328.9950 	EXP 	text_5: autoDraw = False
328.9950 	EXP 	text_3: autoDraw = False
328.9950 	EXP 	text_4: autoDraw = False
328.9950 	EXP 	text_5: autoDraw = False
328.9950 	EXP 	text_3: text = 'axe'
328.9950 	EXP 	text_4: autoDraw = True
329.9949 	EXP 	text_3: autoDraw = True
330.0057 	EXP 	text_4: autoDraw = False
330.0413 	DATA 	Keypress: equal
330.0431 	DATA 	Keypress: 5
331.5472 	DATA 	Keypress: 5
331.5491 	DATA 	Keypress: equal
333.0482 	DATA 	Keypress: equal
333.0501 	DATA 	Keypress: 5
334.5413 	DATA 	Keypress: equal
334.5431 	DATA 	Keypress: 5
334.9882 	EXP 	text_5: autoDraw = True
336.0418 	DATA 	Keypress: equal
336.0436 	DATA 	Keypress: 5
336.3087 	DATA 	Keypress: 2
337.5415 	DATA 	Keypress: equal
337.5434 	DATA 	Keypress: 5
339.0418 	DATA 	Keypress: 5
339.0438 	DATA 	Keypress: equal
339.9883 	EXP 	text_5: autoDraw = False
339.9905 	EXP 	New trial (rep=0, index=26): OrderedDict([('Word', 'baby')])
340.0055 	EXP 	text_3: autoDraw = False
340.0055 	EXP 	text_3: autoDraw = False
340.0055 	EXP 	text_4: autoDraw = False
340.0055 	EXP 	text_5: autoDraw = False
340.0055 	EXP 	text_3: text = 'baby'
340.0055 	EXP 	text_4: autoDraw = True
340.5411 	DATA 	Keypress: equal
340.5430 	DATA 	Keypress: 5
340.9891 	EXP 	text_3: autoDraw = True
341.0120 	EXP 	text_4: autoDraw = False
342.0412 	DATA 	Keypress: equal
342.0431 	DATA 	Keypress: 5
343.5413 	DATA 	Keypress: equal
343.5432 	DATA 	Keypress: 5
345.0415 	DATA 	Keypress: equal
345.0434 	DATA 	Keypress: 5
345.9891 	EXP 	text_5: autoDraw = True
346.5420 	DATA 	Keypress: 5
346.5438 	DATA 	Keypress: equal
346.5458 	DATA 	Keypress: 1
348.0419 	DATA 	Keypress: equal
348.0437 	DATA 	Keypress: 5
349.5419 	DATA 	Keypress: equal
349.5438 	DATA 	Keypress: 5
350.9747 	EXP 	New trial (rep=0, index=27): OrderedDict([('Word', 'violinist')])
350.9949 	EXP 	text_3: autoDraw = False
350.9949 	EXP 	text_5: autoDraw = False
350.9949 	EXP 	text_3: autoDraw = False
350.9949 	EXP 	text_4: autoDraw = False
350.9949 	EXP 	text_5: autoDraw = False
350.9949 	EXP 	text_3: text = 'violinist'
350.9949 	EXP 	text_4: autoDraw = True
351.0416 	DATA 	Keypress: equal
351.0435 	DATA 	Keypress: 5
351.9724 	EXP 	text_3: autoDraw = True
352.0057 	EXP 	text_4: autoDraw = False
352.5480 	DATA 	Keypress: 5
352.5499 	DATA 	Keypress: equal
354.0479 	DATA 	Keypress: 5
354.0496 	DATA 	Keypress: equal
355.5479 	DATA 	Keypress: 5
355.5497 	DATA 	Keypress: equal
356.9783 	EXP 	text_5: autoDraw = True
357.0413 	DATA 	Keypress: 5
357.0431 	DATA 	Keypress: equal
357.6101 	DATA 	Keypress: 1
358.5482 	DATA 	Keypress: 5
358.5508 	DATA 	Keypress: equal
360.0485 	DATA 	Keypress: 5
360.0504 	DATA 	Keypress: equal
361.5414 	DATA 	Keypress: 5
361.5432 	DATA 	Keypress: equal
361.9718 	EXP 	text_3: autoDraw = False
361.9737 	EXP 	New trial (rep=0, index=28): OrderedDict([('Word', 'seahorse')])
361.9890 	EXP 	text_5: autoDraw = False
361.9890 	EXP 	text_3: autoDraw = False
361.9890 	EXP 	text_4: autoDraw = False
361.9890 	EXP 	text_5: autoDraw = False
361.9890 	EXP 	text_3: text = 'seahorse'
361.9890 	EXP 	text_4: autoDraw = True
362.9722 	EXP 	text_3: autoDraw = True
362.9946 	EXP 	text_4: autoDraw = False
363.0409 	DATA 	Keypress: 5
363.0427 	DATA 	Keypress: equal
364.5479 	DATA 	Keypress: 5
364.5498 	DATA 	Keypress: equal
366.0411 	DATA 	Keypress: 5
366.0429 	DATA 	Keypress: equal
367.5411 	DATA 	Keypress: 5
367.5430 	DATA 	Keypress: equal
367.9723 	EXP 	text_5: autoDraw = True
369.0414 	DATA 	Keypress: 5
369.0432 	DATA 	Keypress: equal
369.5634 	DATA 	Keypress: 1
370.5485 	DATA 	Keypress: equal
370.5504 	DATA 	Keypress: 5
372.0480 	DATA 	Keypress: 5
372.0498 	DATA 	Keypress: equal
372.9634 	EXP 	New trial (rep=0, index=29): OrderedDict([('Word', 'swan')])
372.9781 	EXP 	text_3: autoDraw = False
372.9781 	EXP 	text_5: autoDraw = False
372.9781 	EXP 	text_3: autoDraw = False
372.9781 	EXP 	text_4: autoDraw = False
372.9781 	EXP 	text_5: autoDraw = False
372.9781 	EXP 	text_3: text = 'swan'
372.9781 	EXP 	text_4: autoDraw = True
373.5476 	DATA 	Keypress: 5
373.5494 	DATA 	Keypress: equal
373.9612 	EXP 	text_3: autoDraw = True
373.9775 	EXP 	text_4: autoDraw = False
375.0473 	DATA 	Keypress: 5
375.0491 	DATA 	Keypress: equal
376.5471 	DATA 	Keypress: 5
376.5489 	DATA 	Keypress: equal
378.0483 	DATA 	Keypress: 5
378.0505 	DATA 	Keypress: equal
378.9724 	EXP 	text_5: autoDraw = True
379.5416 	DATA 	Keypress: 5
379.5435 	DATA 	Keypress: equal
379.9908 	DATA 	Keypress: 1
381.0411 	DATA 	Keypress: 5
381.0429 	DATA 	Keypress: equal
382.5485 	DATA 	Keypress: 5
382.5503 	DATA 	Keypress: equal
383.9556 	EXP 	text_3: autoDraw = False
383.9579 	EXP 	New trial (rep=0, index=30): OrderedDict([('Word', 'necklace')])
383.9776 	EXP 	text_5: autoDraw = False
383.9776 	EXP 	text_3: autoDraw = False
383.9776 	EXP 	text_4: autoDraw = False
383.9776 	EXP 	text_5: autoDraw = False
383.9776 	EXP 	text_3: text = 'necklace'
383.9776 	EXP 	text_4: autoDraw = True
384.0411 	DATA 	Keypress: 5
384.0430 	DATA 	Keypress: equal
384.9557 	EXP 	text_3: autoDraw = True
384.9889 	EXP 	text_4: autoDraw = False
385.5475 	DATA 	Keypress: 5
385.5493 	DATA 	Keypress: equal
387.0468 	DATA 	Keypress: equal
387.0487 	DATA 	Keypress: 5
388.5468 	DATA 	Keypress: 5
388.5487 	DATA 	Keypress: equal
389.9610 	EXP 	text_5: autoDraw = True
390.0416 	DATA 	Keypress: 5
390.0435 	DATA 	Keypress: equal
391.1749 	DATA 	Keypress: 2
391.5413 	DATA 	Keypress: 5
391.5431 	DATA 	Keypress: equal
393.0418 	DATA 	Keypress: equal
393.0436 	DATA 	Keypress: 5
394.5407 	DATA 	Keypress: 5
394.5420 	DATA 	Keypress: equal
394.9551 	EXP 	text_3: autoDraw = False
394.9573 	EXP 	New trial (rep=0, index=31): OrderedDict([('Word', 'airplane')])
394.9721 	EXP 	text_5: autoDraw = False
394.9721 	EXP 	text_3: autoDraw = False
394.9721 	EXP 	text_4: autoDraw = False
394.9721 	EXP 	text_5: autoDraw = False
394.9721 	EXP 	text_3: text = 'airplane'
394.9721 	EXP 	text_4: autoDraw = True
395.9559 	EXP 	text_3: autoDraw = True
395.9719 	EXP 	text_4: autoDraw = False
396.0413 	DATA 	Keypress: 5
396.0432 	DATA 	Keypress: equal
397.5411 	DATA 	Keypress: 5
397.5428 	DATA 	Keypress: equal
399.0412 	DATA 	Keypress: 5
399.0431 	DATA 	Keypress: equal
400.5412 	DATA 	Keypress: 5
400.5431 	DATA 	Keypress: equal
400.9559 	EXP 	text_5: autoDraw = True
402.0415 	DATA 	Keypress: 5
402.0433 	DATA 	Keypress: equal
402.1482 	DATA 	Keypress: 2
403.5415 	DATA 	Keypress: 5
403.5434 	DATA 	Keypress: equal
405.0470 	DATA 	Keypress: 5
405.0489 	DATA 	Keypress: equal
405.9462 	EXP 	New trial (rep=0, index=32): OrderedDict([('Word', 'binoculars')])
405.9605 	EXP 	text_3: autoDraw = False
405.9605 	EXP 	text_5: autoDraw = False
405.9605 	EXP 	text_3: autoDraw = False
405.9605 	EXP 	text_4: autoDraw = False
405.9605 	EXP 	text_5: autoDraw = False
405.9605 	EXP 	text_3: text = 'binoculars'
405.9605 	EXP 	text_4: autoDraw = True
406.5460 	DATA 	Keypress: 5
406.5478 	DATA 	Keypress: equal
406.9611 	EXP 	text_3: autoDraw = True
406.9723 	EXP 	text_4: autoDraw = False
408.0474 	DATA 	Keypress: 5
408.0495 	DATA 	Keypress: equal
409.5413 	DATA 	Keypress: 5
409.5432 	DATA 	Keypress: equal
411.0412 	DATA 	Keypress: 5
411.0431 	DATA 	Keypress: equal
411.9602 	EXP 	text_5: autoDraw = True
412.5417 	DATA 	Keypress: 5
412.5435 	DATA 	Keypress: equal
413.2612 	DATA 	Keypress: 2
414.0419 	DATA 	Keypress: 5
414.0438 	DATA 	Keypress: equal
415.5417 	DATA 	Keypress: equal
415.5435 	DATA 	Keypress: 5
416.9580 	EXP 	New trial (rep=0, index=33): OrderedDict([('Word', 'crab')])
416.9726 	EXP 	text_3: autoDraw = False
416.9726 	EXP 	text_5: autoDraw = False
416.9726 	EXP 	text_3: autoDraw = False
416.9726 	EXP 	text_4: autoDraw = False
416.9726 	EXP 	text_5: autoDraw = False
416.9726 	EXP 	text_3: text = 'crab'
416.9726 	EXP 	text_4: autoDraw = True
417.0410 	DATA 	Keypress: 5
417.0429 	DATA 	Keypress: equal
417.9557 	EXP 	text_3: autoDraw = True
417.9726 	EXP 	text_4: autoDraw = False
418.5413 	DATA 	Keypress: equal
418.5432 	DATA 	Keypress: 5
420.0413 	DATA 	Keypress: 5
420.0431 	DATA 	Keypress: equal
421.5411 	DATA 	Keypress: 5
421.5429 	DATA 	Keypress: equal
422.9558 	EXP 	text_5: autoDraw = True
423.0418 	DATA 	Keypress: 5
423.0437 	DATA 	Keypress: equal
423.7471 	DATA 	Keypress: 1
424.5416 	DATA 	Keypress: 5
424.5435 	DATA 	Keypress: equal
426.0418 	DATA 	Keypress: 5
426.0436 	DATA 	Keypress: equal
427.5414 	DATA 	Keypress: 5
427.5434 	DATA 	Keypress: equal
427.9459 	EXP 	New trial (rep=0, index=34): OrderedDict([('Word', 'porcupine')])
427.9601 	EXP 	text_3: autoDraw = False
427.9601 	EXP 	text_5: autoDraw = False
427.9601 	EXP 	text_3: autoDraw = False
427.9601 	EXP 	text_4: autoDraw = False
427.9601 	EXP 	text_5: autoDraw = False
427.9601 	EXP 	text_3: text = 'porcupine'
427.9601 	EXP 	text_4: autoDraw = True
428.9611 	EXP 	text_3: autoDraw = True
428.9722 	EXP 	text_4: autoDraw = False
429.0412 	DATA 	Keypress: 5
429.0430 	DATA 	Keypress: equal
430.5411 	DATA 	Keypress: 5
430.5429 	DATA 	Keypress: equal
432.0407 	DATA 	Keypress: equal
432.0425 	DATA 	Keypress: 5
433.5412 	DATA 	Keypress: equal
433.5430 	DATA 	Keypress: 5
433.9601 	EXP 	text_5: autoDraw = True
435.0910 	DATA 	Keypress: equal
435.0923 	DATA 	Keypress: 5
435.5611 	DATA 	Keypress: 1
436.5414 	DATA 	Keypress: 5
436.5433 	DATA 	Keypress: equal
438.0415 	DATA 	Keypress: equal
438.0434 	DATA 	Keypress: 5
438.9575 	EXP 	New trial (rep=0, index=35): OrderedDict([('Word', 'microscope')])
438.9721 	EXP 	text_3: autoDraw = False
438.9721 	EXP 	text_5: autoDraw = False
438.9721 	EXP 	text_3: autoDraw = False
438.9721 	EXP 	text_4: autoDraw = False
438.9721 	EXP 	text_5: autoDraw = False
438.9721 	EXP 	text_3: text = 'microscope'
438.9721 	EXP 	text_4: autoDraw = True
439.5412 	DATA 	Keypress: equal
439.5430 	DATA 	Keypress: 5
439.9553 	EXP 	text_3: autoDraw = True
439.9724 	EXP 	text_4: autoDraw = False
441.0405 	DATA 	Keypress: 5
441.0424 	DATA 	Keypress: equal
442.5413 	DATA 	Keypress: equal
442.5431 	DATA 	Keypress: 5
444.0468 	DATA 	Keypress: equal
444.0486 	DATA 	Keypress: 5
444.9557 	EXP 	text_5: autoDraw = True
445.5416 	DATA 	Keypress: 5
445.5435 	DATA 	Keypress: equal
446.6971 	DATA 	Keypress: 2
447.0414 	DATA 	Keypress: equal
447.0432 	DATA 	Keypress: 5
448.5417 	DATA 	Keypress: 5
448.5435 	DATA 	Keypress: equal
449.9458 	EXP 	New trial (rep=0, index=36): OrderedDict([('Word', 'treadmill')])
449.9603 	EXP 	text_3: autoDraw = False
449.9603 	EXP 	text_5: autoDraw = False
449.9603 	EXP 	text_3: autoDraw = False
449.9603 	EXP 	text_4: autoDraw = False
449.9603 	EXP 	text_5: autoDraw = False
449.9603 	EXP 	text_3: text = 'treadmill'
449.9603 	EXP 	text_4: autoDraw = True
450.0410 	DATA 	Keypress: equal
450.0429 	DATA 	Keypress: 5
450.9558 	EXP 	text_3: autoDraw = True
450.9558 	EXP 	text_4: autoDraw = False
451.5414 	DATA 	Keypress: 5
451.5433 	DATA 	Keypress: equal
453.0413 	DATA 	Keypress: 5
453.0431 	DATA 	Keypress: equal
454.5412 	DATA 	Keypress: equal
454.5431 	DATA 	Keypress: 5
455.9391 	EXP 	text_5: autoDraw = True
456.0472 	DATA 	Keypress: 5
456.0491 	DATA 	Keypress: equal
456.9474 	DATA 	Keypress: 2
457.5413 	DATA 	Keypress: 5
457.5432 	DATA 	Keypress: equal
459.0413 	DATA 	Keypress: 5
459.0432 	DATA 	Keypress: equal
460.5472 	DATA 	Keypress: 5
460.5490 	DATA 	Keypress: equal
460.9389 	EXP 	text_5: autoDraw = False
460.9408 	EXP 	New trial (rep=0, index=37): OrderedDict([('Word', 'coyote')])
460.9601 	EXP 	text_3: autoDraw = False
460.9601 	EXP 	text_3: autoDraw = False
460.9601 	EXP 	text_4: autoDraw = False
460.9601 	EXP 	text_5: autoDraw = False
460.9601 	EXP 	text_3: text = 'coyote'
460.9601 	EXP 	text_4: autoDraw = True
461.9432 	EXP 	text_3: autoDraw = True
461.9602 	EXP 	text_4: autoDraw = False
462.0469 	DATA 	Keypress: 5
462.0488 	DATA 	Keypress: equal
463.5465 	DATA 	Keypress: 5
463.5484 	DATA 	Keypress: equal
465.0462 	DATA 	Keypress: 5
465.0480 	DATA 	Keypress: equal
466.5408 	DATA 	Keypress: 5
466.5427 	DATA 	Keypress: equal
466.9385 	EXP 	text_5: autoDraw = True
468.0413 	DATA 	Keypress: equal
468.0432 	DATA 	Keypress: 5
468.6582 	DATA 	Keypress: 1
469.5414 	DATA 	Keypress: 5
469.5432 	DATA 	Keypress: equal
471.0414 	DATA 	Keypress: 5
471.0432 	DATA 	Keypress: equal
471.9394 	EXP 	text_5: autoDraw = False
471.9416 	EXP 	New trial (rep=0, index=38): OrderedDict([('Word', 'scalpel')])
471.9554 	EXP 	text_3: autoDraw = False
471.9554 	EXP 	text_3: autoDraw = False
471.9554 	EXP 	text_4: autoDraw = False
471.9554 	EXP 	text_5: autoDraw = False
471.9554 	EXP 	text_3: text = 'scalpel'
471.9554 	EXP 	text_4: autoDraw = True
472.5579 	DATA 	Keypress: 5
472.5597 	DATA 	Keypress: equal
472.9394 	EXP 	text_3: autoDraw = True
472.9560 	EXP 	text_4: autoDraw = False
474.0410 	DATA 	Keypress: 5
474.0429 	DATA 	Keypress: equal
475.5410 	DATA 	Keypress: 5
475.5428 	DATA 	Keypress: equal
477.0455 	DATA 	Keypress: 5
477.0474 	DATA 	Keypress: equal
477.9394 	EXP 	text_5: autoDraw = True
478.4311 	DATA 	Keypress: 2
478.5459 	DATA 	Keypress: 5
478.5477 	DATA 	Keypress: equal
480.0457 	DATA 	Keypress: 5
480.0475 	DATA 	Keypress: equal
481.5465 	DATA 	Keypress: 5
481.5484 	DATA 	Keypress: equal
482.9249 	EXP 	New trial (rep=0, index=39): OrderedDict([('Word', 'waterfall')])
482.9436 	EXP 	text_3: autoDraw = False
482.9436 	EXP 	text_5: autoDraw = False
482.9436 	EXP 	text_3: autoDraw = False
482.9436 	EXP 	text_4: autoDraw = False
482.9436 	EXP 	text_5: autoDraw = False
482.9436 	EXP 	text_3: text = 'waterfall'
482.9436 	EXP 	text_4: autoDraw = True
483.0451 	DATA 	Keypress: 5
483.0469 	DATA 	Keypress: equal
483.9226 	EXP 	text_3: autoDraw = True
483.9559 	EXP 	text_4: autoDraw = False
484.5421 	DATA 	Keypress: equal
484.5439 	DATA 	Keypress: 5
486.0450 	DATA 	Keypress: 5
486.0469 	DATA 	Keypress: equal
487.5408 	DATA 	Keypress: 5
487.5426 	DATA 	Keypress: equal
488.9228 	EXP 	text_5: autoDraw = True
489.0458 	DATA 	Keypress: 5
489.0476 	DATA 	Keypress: equal
490.5415 	DATA 	Keypress: 5
490.5434 	DATA 	Keypress: equal
492.0428 	DATA 	Keypress: equal
492.0446 	DATA 	Keypress: 5
492.6921 	DATA 	Keypress: 2
493.5414 	DATA 	Keypress: 5
493.5432 	DATA 	Keypress: equal
493.9228 	EXP 	text_3: autoDraw = False
493.9228 	EXP 	text_5: autoDraw = False
493.9228 	EXP 	text_3: autoDraw = False
493.9228 	EXP 	text_4: autoDraw = False
493.9228 	EXP 	text_5: autoDraw = False
493.9228 	EXP 	text_6: autoDraw = True
495.0409 	DATA 	Keypress: 5
495.0428 	DATA 	Keypress: equal
496.5411 	DATA 	Keypress: 5
496.5429 	DATA 	Keypress: equal
498.0411 	DATA 	Keypress: 5
498.0430 	DATA 	Keypress: equal
498.9221 	EXP 	text_6: autoDraw = False
498.9221 	EXP 	text_6: autoDraw = False
499.2069 	EXP 	window1: mouseVisible = True
