6.5459 	EXP 	Created window1 = Window(allowGUI=False, allowStencil=False, args=UNKNOWN, autoLog=True, bitsMode=UNKNOWN, blendMode='avg', color=array([0., 0., 0.]), colorSpace='rgb', fullscr=<method-wrapper '__getattribute__' of attributeSetter object at 0x1126e2e48>, gamma=None, gammaErrorPolicy='raise', kwargs=UNKNOWN, lms=UNKNOWN, monitor=<psychopy.monitors.calibTools.Monitor object at 0x112770630>, multiSample=False, name='window1', numSamples=2, pos=[0.0, 0.0], screen=0, size=array([1920, 1080]), stereo=False, units='height', useFBO=True, useRetina=False, viewOri=0.0, viewPos=None, viewScale=None, waitBlanking=True, winType='pyglet')
6.5459 	EXP 	window1: recordFrameIntervals = False
6.7122 	EXP 	window1: recordFrameIntervals = True
6.8953 	EXP 	window1: recordFrameIntervals = False
7.3499 	EXP 	Created text = TextStim(__class__=<class 'psychopy.visual.text.TextStim'>, alignHoriz='center', alignVert='center', antialias=True, autoLog=True, bold=False, color='white', colorSpace='named', contrast=1.0, depth=0.0, flipHoriz=False, flipVert=False, font='Arial', fontFiles=[], height=0.03, italic=False, languageStyle='LTR', name='text', opacity=1.0, ori=0, pos=array([0., 0.]), rgb=array([255., 255., 255.]), text=str(...), units='height', win=Window(...), wrapWidth=1)
7.3987 	EXP 	Created text_2 = TextStim(__class__=<class 'psychopy.visual.text.TextStim'>, alignHoriz='center', alignVert='center', antialias=True, autoLog=True, bold=False, color='white', colorSpace='named', contrast=1.0, depth=0.0, flipHoriz=False, flipVert=False, font='Arial', fontFiles=[], height=0.1, italic=False, languageStyle='LTR', name='text_2', opacity=1.0, ori=0, pos=array([0., 0.]), rgb=array([255., 255., 255.]), text='Waiting for the scanner\n', units='height', win=Window(...), wrapWidth=1)
7.4431 	EXP 	Created text_3 = TextStim(__class__=<class 'psychopy.visual.text.TextStim'>, alignHoriz='center', alignVert='center', antialias=True, autoLog=True, bold=False, color='white', colorSpace='named', contrast=1.0, depth=0.0, flipHoriz=False, flipVert=False, font='Arial', fontFiles=[], height=0.1, italic=False, languageStyle='LTR', name='text_3', opacity=1.0, ori=0, pos=array([0., 0.]), rgb=array([255., 255., 255.]), text='default text', units='height', win=Window(...), wrapWidth=1)
7.4454 	EXP 	Created text_4 = TextStim(__class__=<class 'psychopy.visual.text.TextStim'>, alignHoriz='center', alignVert='center', antialias=True, autoLog=True, bold=False, color='white', colorSpace='named', contrast=1.0, depth=-1.0, flipHoriz=False, flipVert=False, font='Arial', fontFiles=[], height=0.1, italic=False, languageStyle='LTR', name='text_4', opacity=1.0, ori=0, pos=array([0., 0.]), rgb=array([255., 255., 255.]), text='+', units='height', win=Window(...), wrapWidth=1)
7.4587 	EXP 	Created text_5 = TextStim(__class__=<class 'psychopy.visual.text.TextStim'>, alignHoriz='center', alignVert='center', antialias=True, autoLog=True, bold=False, color='white', colorSpace='named', contrast=1.0, depth=-2.0, flipHoriz=False, flipVert=False, font='Arial', fontFiles=[], height=0.02, italic=False, languageStyle='LTR', name='text_5', opacity=1.0, ori=0, pos=array([ 0. , -0.3]), rgb=array([255., 255., 255.]), text=str(...), units='height', win=Window(...), wrapWidth=1)
7.5041 	EXP 	Created text_6 = TextStim(__class__=<class 'psychopy.visual.text.TextStim'>, alignHoriz='center', alignVert='center', antialias=True, autoLog=True, bold=False, color='white', colorSpace='named', contrast=1.0, depth=0.0, flipHoriz=False, flipVert=False, font='Arial', fontFiles=[], height=0.1, italic=False, languageStyle='LTR', name='text_6', opacity=1.0, ori=0, pos=array([0., 0.]), rgb=array([255., 255., 255.]), text="That's the end of this task\n", units='height', win=Window(...), wrapWidth=1)
7.5126 	EXP 	text: autoDraw = True
8.8684 	DATA 	Keypress: 1
8.8785 	EXP 	text: autoDraw = False
8.8785 	EXP 	text_2: autoDraw = True
26.5707 	EXP 	Imported wl20.csv as conditions, 20 conditions, 1 params
26.5711 	EXP 	Created sequence: random, trialTypes=20, nReps=1, seed=None
26.5714 	EXP 	New trial (rep=0, index=0): OrderedDict([('Word', 'axe')])
26.5778 	DATA 	Keypress: 5
26.5889 	EXP 	text_2: autoDraw = False
26.5889 	EXP 	text_3: text = 'axe'
26.5889 	EXP 	text_4: autoDraw = True
27.5794 	EXP 	text_3: autoDraw = True
27.5969 	EXP 	text_4: autoDraw = False
28.0673 	DATA 	Keypress: 5
29.5647 	DATA 	Keypress: 5
31.0589 	DATA 	Keypress: 5
32.5679 	DATA 	Keypress: 5
32.6392 	EXP 	text_5: autoDraw = True
33.6680 	DATA 	Keypress: 2
34.0687 	DATA 	Keypress: 5
35.5676 	DATA 	Keypress: 5
37.0670 	DATA 	Keypress: 5
37.5803 	EXP 	text_3: autoDraw = False
37.5830 	EXP 	New trial (rep=0, index=1): OrderedDict([('Word', 'passport')])
37.5964 	EXP 	text_3: autoDraw = False
37.5964 	EXP 	text_4: autoDraw = False
37.5964 	EXP 	text_5: autoDraw = False
37.5964 	EXP 	text_3: text = 'passport'
37.5964 	EXP 	text_4: autoDraw = True
38.5670 	DATA 	Keypress: 5
38.5967 	EXP 	text_3: autoDraw = True
38.5967 	EXP 	text_4: autoDraw = False
40.0588 	DATA 	Keypress: 5
41.5744 	DATA 	Keypress: 5
43.0745 	DATA 	Keypress: 5
43.5796 	EXP 	text_5: autoDraw = True
44.5683 	DATA 	Keypress: 5
45.7074 	DATA 	Keypress: 2
46.0695 	DATA 	Keypress: 5
47.5680 	DATA 	Keypress: 5
48.5735 	EXP 	New trial (rep=0, index=2): OrderedDict([('Word', 'baby')])
48.5888 	EXP 	text_3: autoDraw = False
48.5888 	EXP 	text_4: autoDraw = False
48.5888 	EXP 	text_5: autoDraw = False
48.5888 	EXP 	text_3: text = 'baby'
48.5888 	EXP 	text_4: autoDraw = True
49.0744 	DATA 	Keypress: 5
49.5888 	EXP 	text_3: autoDraw = True
49.5967 	EXP 	text_4: autoDraw = False
50.5679 	DATA 	Keypress: 5
52.0682 	DATA 	Keypress: 5
53.5581 	DATA 	Keypress: 5
54.5801 	EXP 	text_5: autoDraw = True
55.0683 	DATA 	Keypress: 5
56.0834 	DATA 	Keypress: 1
56.5673 	DATA 	Keypress: 5
58.0680 	DATA 	Keypress: 5
59.5670 	DATA 	Keypress: 5
59.5888 	EXP 	text_5: autoDraw = False
59.5904 	EXP 	New trial (rep=0, index=3): OrderedDict([('Word', 'hummingbird')])
59.6051 	EXP 	text_3: autoDraw = False
59.6051 	EXP 	text_4: autoDraw = False
59.6051 	EXP 	text_5: autoDraw = False
59.6051 	EXP 	text_3: text = 'hummingbird'
59.6051 	EXP 	text_4: autoDraw = True
60.5969 	EXP 	text_3: autoDraw = True
60.6134 	EXP 	text_4: autoDraw = False
61.0680 	DATA 	Keypress: 5
62.5583 	DATA 	Keypress: 5
64.0679 	DATA 	Keypress: 5
65.5747 	DATA 	Keypress: 5
65.5969 	EXP 	text_5: autoDraw = True
67.0681 	DATA 	Keypress: 5
67.1587 	DATA 	Keypress: 1
68.5588 	DATA 	Keypress: 5
70.0584 	DATA 	Keypress: 5
70.5823 	EXP 	New trial (rep=0, index=4): OrderedDict([('Word', 'waterfall')])
70.5965 	EXP 	text_3: autoDraw = False
70.5965 	EXP 	text_4: autoDraw = False
70.5965 	EXP 	text_5: autoDraw = False
70.5965 	EXP 	text_3: text = 'waterfall'
70.5965 	EXP 	text_4: autoDraw = True
71.5694 	DATA 	Keypress: 5
71.5886 	EXP 	text_3: autoDraw = True
71.5965 	EXP 	text_4: autoDraw = False
73.0744 	DATA 	Keypress: 5
74.5564 	DATA 	Keypress: 5
76.0743 	DATA 	Keypress: 5
76.5886 	EXP 	text_5: autoDraw = True
77.5748 	DATA 	Keypress: 5
79.0679 	DATA 	Keypress: 5
79.9516 	DATA 	Keypress: 2
80.5673 	DATA 	Keypress: 5
81.5813 	EXP 	New trial (rep=0, index=5): OrderedDict([('Word', 'knight')])
81.6051 	EXP 	text_3: autoDraw = False
81.6051 	EXP 	text_4: autoDraw = False
81.6051 	EXP 	text_5: autoDraw = False
81.6051 	EXP 	text_3: text = 'knight'
81.6051 	EXP 	text_4: autoDraw = True
82.0672 	DATA 	Keypress: 5
82.5797 	EXP 	text_3: autoDraw = True
82.6129 	EXP 	text_4: autoDraw = False
83.5566 	DATA 	Keypress: 5
85.0683 	DATA 	Keypress: 5
86.5658 	DATA 	Keypress: 5
87.5801 	EXP 	text_5: autoDraw = True
88.0748 	DATA 	Keypress: 5
88.1660 	DATA 	Keypress: 1
89.5743 	DATA 	Keypress: 5
91.0573 	DATA 	Keypress: 5
92.5653 	EXP 	New trial (rep=0, index=6): OrderedDict([('Word', 'necklace')])
92.5732 	DATA 	Keypress: 5
92.5800 	EXP 	text_3: autoDraw = False
92.5800 	EXP 	text_5: autoDraw = False
92.5800 	EXP 	text_3: autoDraw = False
92.5800 	EXP 	text_4: autoDraw = False
92.5800 	EXP 	text_5: autoDraw = False
92.5800 	EXP 	text_3: text = 'necklace'
92.5800 	EXP 	text_4: autoDraw = True
93.5635 	EXP 	text_3: autoDraw = True
93.5802 	EXP 	text_4: autoDraw = False
94.0671 	DATA 	Keypress: 5
95.5671 	DATA 	Keypress: 5
97.0676 	DATA 	Keypress: 5
98.5636 	EXP 	text_5: autoDraw = True
98.5688 	DATA 	Keypress: 5
99.9161 	DATA 	Keypress: 2
100.0575 	DATA 	Keypress: 5
101.5680 	DATA 	Keypress: 5
103.0574 	DATA 	Keypress: 5
103.5893 	EXP 	New trial (rep=0, index=7): OrderedDict([('Word', 'grandfather')])
103.6133 	EXP 	text_3: autoDraw = False
103.6133 	EXP 	text_4: autoDraw = False
103.6133 	EXP 	text_5: autoDraw = False
103.6133 	EXP 	text_3: text = 'grandfather'
103.6133 	EXP 	text_4: autoDraw = True
104.5679 	DATA 	Keypress: 5
104.5971 	EXP 	text_3: autoDraw = True
104.6134 	EXP 	text_4: autoDraw = False
106.0567 	DATA 	Keypress: 5
107.5676 	DATA 	Keypress: 5
109.0574 	DATA 	Keypress: 5
109.5965 	EXP 	text_5: autoDraw = True
110.5579 	DATA 	Keypress: 5
110.8746 	DATA 	Keypress: 1
112.0585 	DATA 	Keypress: 5
113.5581 	DATA 	Keypress: 5
114.5816 	EXP 	New trial (rep=0, index=8): OrderedDict([('Word', 'chipmunk')])
114.5967 	EXP 	text_3: autoDraw = False
114.5967 	EXP 	text_4: autoDraw = False
114.5967 	EXP 	text_5: autoDraw = False
114.5967 	EXP 	text_3: text = 'chipmunk'
114.5967 	EXP 	text_4: autoDraw = True
115.0680 	DATA 	Keypress: 5
115.5802 	EXP 	text_3: autoDraw = True
115.5966 	EXP 	text_4: autoDraw = False
116.5674 	DATA 	Keypress: 5
118.0681 	DATA 	Keypress: 5
119.5678 	DATA 	Keypress: 5
120.5802 	EXP 	text_5: autoDraw = True
121.0691 	DATA 	Keypress: 5
122.5689 	DATA 	Keypress: 5
123.0178 	DATA 	Keypress: 1
124.0675 	DATA 	Keypress: 5
125.5579 	DATA 	Keypress: 5
125.5642 	EXP 	New trial (rep=0, index=9): OrderedDict([('Word', 'microscope')])
125.5881 	EXP 	text_3: autoDraw = False
125.5881 	EXP 	text_5: autoDraw = False
125.5881 	EXP 	text_3: autoDraw = False
125.5881 	EXP 	text_4: autoDraw = False
125.5881 	EXP 	text_5: autoDraw = False
125.5881 	EXP 	text_3: text = 'microscope'
125.5881 	EXP 	text_4: autoDraw = True
126.5635 	EXP 	text_3: autoDraw = True
126.6044 	EXP 	text_4: autoDraw = False
127.0577 	DATA 	Keypress: 5
128.5677 	DATA 	Keypress: 5
130.0683 	DATA 	Keypress: 5
131.5712 	EXP 	text_5: autoDraw = True
131.5751 	DATA 	Keypress: 5
132.9337 	DATA 	Keypress: 2
133.0751 	DATA 	Keypress: 5
134.5750 	DATA 	Keypress: 5
136.0581 	DATA 	Keypress: 5
136.5636 	EXP 	text_3: autoDraw = False
136.5658 	EXP 	New trial (rep=0, index=10): OrderedDict([('Word', 'treadmill')])
136.5802 	EXP 	text_5: autoDraw = False
136.5802 	EXP 	text_3: autoDraw = False
136.5802 	EXP 	text_4: autoDraw = False
136.5802 	EXP 	text_5: autoDraw = False
136.5802 	EXP 	text_3: text = 'treadmill'
136.5802 	EXP 	text_4: autoDraw = True
137.5637 	EXP 	text_3: autoDraw = True
137.5678 	DATA 	Keypress: 5
137.5797 	EXP 	text_4: autoDraw = False
139.0743 	DATA 	Keypress: 5
140.5747 	DATA 	Keypress: 5
142.0738 	DATA 	Keypress: 5
142.5629 	EXP 	text_5: autoDraw = True
143.5574 	DATA 	Keypress: 5
143.7760 	DATA 	Keypress: 2
145.0675 	DATA 	Keypress: 5
146.5745 	DATA 	Keypress: 5
147.5491 	EXP 	New trial (rep=0, index=11): OrderedDict([('Word', 'hair')])
147.5709 	EXP 	text_3: autoDraw = False
147.5709 	EXP 	text_5: autoDraw = False
147.5709 	EXP 	text_3: autoDraw = False
147.5709 	EXP 	text_4: autoDraw = False
147.5709 	EXP 	text_5: autoDraw = False
147.5709 	EXP 	text_3: text = 'hair'
147.5709 	EXP 	text_4: autoDraw = True
148.0673 	DATA 	Keypress: 5
148.5470 	EXP 	text_3: autoDraw = True
148.5878 	EXP 	text_4: autoDraw = False
149.5674 	DATA 	Keypress: 5
151.0682 	DATA 	Keypress: 5
152.5741 	DATA 	Keypress: 5
153.5539 	EXP 	text_5: autoDraw = True
154.0757 	DATA 	Keypress: 5
154.7682 	DATA 	Keypress: 2
155.5688 	DATA 	Keypress: 5
157.0567 	DATA 	Keypress: 5
158.5392 	EXP 	New trial (rep=0, index=12): OrderedDict([('Word', 'leopard')])
158.5531 	EXP 	text_3: autoDraw = False
158.5531 	EXP 	text_5: autoDraw = False
158.5531 	EXP 	text_3: autoDraw = False
158.5531 	EXP 	text_4: autoDraw = False
158.5531 	EXP 	text_5: autoDraw = False
158.5531 	EXP 	text_3: text = 'leopard'
158.5531 	EXP 	text_4: autoDraw = True
158.5561 	DATA 	Keypress: 5
159.5534 	EXP 	text_3: autoDraw = True
159.5709 	EXP 	text_4: autoDraw = False
160.0681 	DATA 	Keypress: 5
161.5678 	DATA 	Keypress: 5
163.0685 	DATA 	Keypress: 5
164.5464 	EXP 	text_5: autoDraw = True
164.5687 	DATA 	Keypress: 5
165.5675 	DATA 	Keypress: 1
166.0677 	DATA 	Keypress: 5
167.5678 	DATA 	Keypress: 5
169.0677 	DATA 	Keypress: 5
169.5473 	EXP 	text_5: autoDraw = False
169.5494 	EXP 	New trial (rep=0, index=13): OrderedDict([('Word', 'ladybug')])
169.5635 	EXP 	text_3: autoDraw = False
169.5635 	EXP 	text_3: autoDraw = False
169.5635 	EXP 	text_4: autoDraw = False
169.5635 	EXP 	text_5: autoDraw = False
169.5635 	EXP 	text_3: text = 'ladybug'
169.5635 	EXP 	text_4: autoDraw = True
170.5470 	EXP 	text_3: autoDraw = True
170.5633 	EXP 	text_4: autoDraw = False
170.5679 	DATA 	Keypress: 5
172.0564 	DATA 	Keypress: 5
173.5566 	DATA 	Keypress: 5
175.0566 	DATA 	Keypress: 5
175.5470 	EXP 	text_5: autoDraw = True
176.5565 	DATA 	Keypress: 5
176.9164 	DATA 	Keypress: 1
178.0684 	DATA 	Keypress: 5
179.2513 	DATA 	Keypress: 1
179.5570 	DATA 	Keypress: 5
180.5324 	EXP 	New trial (rep=0, index=14): OrderedDict([('Word', 'snowball')])
180.5538 	EXP 	text_3: autoDraw = False
180.5538 	EXP 	text_5: autoDraw = False
180.5538 	EXP 	text_3: autoDraw = False
180.5538 	EXP 	text_4: autoDraw = False
180.5538 	EXP 	text_5: autoDraw = False
180.5538 	EXP 	text_3: text = 'snowball'
180.5538 	EXP 	text_4: autoDraw = True
181.0734 	DATA 	Keypress: 5
181.5370 	EXP 	text_3: autoDraw = True
181.5538 	EXP 	text_4: autoDraw = False
182.5734 	DATA 	Keypress: 5
184.0678 	DATA 	Keypress: 5
185.5684 	DATA 	Keypress: 5
186.5370 	EXP 	text_5: autoDraw = True
187.0567 	DATA 	Keypress: 5
188.5689 	DATA 	Keypress: 5
190.0676 	DATA 	Keypress: 5
191.5320 	EXP 	New trial (rep=0, index=15): OrderedDict([('Word', 'cheerleader')])
191.5532 	EXP 	text_3: autoDraw = False
191.5532 	EXP 	text_5: autoDraw = False
191.5532 	EXP 	text_3: autoDraw = False
191.5532 	EXP 	text_4: autoDraw = False
191.5532 	EXP 	text_5: autoDraw = False
191.5532 	EXP 	text_3: text = 'cheerleader'
191.5532 	EXP 	text_4: autoDraw = True
191.5562 	DATA 	Keypress: 5
192.5371 	EXP 	text_3: autoDraw = True
192.5473 	EXP 	text_4: autoDraw = False
193.0673 	DATA 	Keypress: 5
194.5672 	DATA 	Keypress: 5
196.0673 	DATA 	Keypress: 5
197.5372 	EXP 	text_5: autoDraw = True
197.5571 	DATA 	Keypress: 5
198.5837 	DATA 	Keypress: 1
199.0681 	DATA 	Keypress: 5
200.5685 	DATA 	Keypress: 5
202.0691 	DATA 	Keypress: 5
202.5327 	EXP 	New trial (rep=0, index=16): OrderedDict([('Word', 'mirror')])
202.5535 	EXP 	text_3: autoDraw = False
202.5535 	EXP 	text_5: autoDraw = False
202.5535 	EXP 	text_3: autoDraw = False
202.5535 	EXP 	text_4: autoDraw = False
202.5535 	EXP 	text_5: autoDraw = False
202.5535 	EXP 	text_3: text = 'mirror'
202.5535 	EXP 	text_4: autoDraw = True
203.5298 	EXP 	text_3: autoDraw = True
203.5637 	EXP 	text_4: autoDraw = False
203.5684 	DATA 	Keypress: 5
205.0566 	DATA 	Keypress: 5
206.5566 	DATA 	Keypress: 5
208.0683 	DATA 	Keypress: 5
208.5298 	EXP 	text_5: autoDraw = True
209.5678 	DATA 	Keypress: 5
209.6344 	DATA 	Keypress: 2
211.0675 	DATA 	Keypress: 5
212.5568 	DATA 	Keypress: 5
213.5218 	EXP 	New trial (rep=0, index=17): OrderedDict([('Word', 'cabdriver')])
213.5370 	EXP 	text_3: autoDraw = False
213.5370 	EXP 	text_5: autoDraw = False
213.5370 	EXP 	text_3: autoDraw = False
213.5370 	EXP 	text_4: autoDraw = False
213.5370 	EXP 	text_5: autoDraw = False
213.5370 	EXP 	text_3: text = 'cabdriver'
213.5370 	EXP 	text_4: autoDraw = True
214.0674 	DATA 	Keypress: 5
214.5306 	EXP 	text_3: autoDraw = True
214.5471 	EXP 	text_4: autoDraw = False
215.5563 	DATA 	Keypress: 5
217.0564 	DATA 	Keypress: 5
218.5683 	DATA 	Keypress: 5
219.5371 	EXP 	text_5: autoDraw = True
220.0568 	DATA 	Keypress: 5
221.1915 	DATA 	Keypress: 1
221.5572 	DATA 	Keypress: 5
223.0570 	DATA 	Keypress: 5
224.5305 	EXP 	text_3: autoDraw = False
224.5327 	EXP 	New trial (rep=0, index=18): OrderedDict([('Word', 'porcupine')])
224.5469 	EXP 	text_5: autoDraw = False
224.5469 	EXP 	text_3: autoDraw = False
224.5469 	EXP 	text_4: autoDraw = False
224.5469 	EXP 	text_5: autoDraw = False
224.5469 	EXP 	text_3: text = 'porcupine'
224.5469 	EXP 	text_4: autoDraw = True
224.5672 	DATA 	Keypress: 5
225.5365 	EXP 	text_3: autoDraw = True
225.5525 	EXP 	text_4: autoDraw = False
226.0691 	DATA 	Keypress: 5
227.5567 	DATA 	Keypress: 5
229.0680 	DATA 	Keypress: 5
230.5472 	EXP 	text_5: autoDraw = True
230.5685 	DATA 	Keypress: 5
232.0558 	DATA 	Keypress: 5
233.5728 	DATA 	Keypress: 5
233.8407 	DATA 	Keypress: 1
235.0562 	DATA 	Keypress: 5
235.5298 	EXP 	text_3: autoDraw = False
235.5321 	EXP 	New trial (rep=0, index=19): OrderedDict([('Word', 'ketchup')])
235.5534 	EXP 	text_5: autoDraw = False
235.5534 	EXP 	text_3: autoDraw = False
235.5534 	EXP 	text_4: autoDraw = False
235.5534 	EXP 	text_5: autoDraw = False
235.5534 	EXP 	text_3: text = 'ketchup'
235.5534 	EXP 	text_4: autoDraw = True
236.5306 	EXP 	text_3: autoDraw = True
236.5557 	DATA 	Keypress: 5
236.5697 	EXP 	text_4: autoDraw = False
238.0685 	DATA 	Keypress: 5
239.5683 	DATA 	Keypress: 5
241.0553 	DATA 	Keypress: 5
241.5367 	EXP 	text_5: autoDraw = True
242.5557 	DATA 	Keypress: 5
243.0076 	DATA 	Keypress: 2
244.0516 	DATA 	Keypress: 5
245.5659 	DATA 	Keypress: 5
246.5307 	EXP 	text_3: autoDraw = False
246.5528 	EXP 	text_5: autoDraw = False
246.5528 	EXP 	text_3: autoDraw = False
246.5528 	EXP 	text_4: autoDraw = False
246.5528 	EXP 	text_5: autoDraw = False
246.5528 	EXP 	text_6: autoDraw = True
247.0685 	DATA 	Keypress: 5
248.5553 	DATA 	Keypress: 5
250.0672 	DATA 	Keypress: 5
251.5632 	EXP 	text_6: autoDraw = False
251.5632 	EXP 	text_6: autoDraw = False
251.8382 	EXP 	window1: mouseVisible = True
