5.9157 	EXP 	Created window1 = Window(allowGUI=False, allowStencil=False, args=UNKNOWN, autoLog=True, bitsMode=UNKNOWN, blendMode='avg', color=array([0., 0., 0.]), colorSpace='rgb', fullscr=<method-wrapper '__getattribute__' of attributeSetter object at 0x11b500320>, gamma=None, gammaErrorPolicy='raise', kwargs=UNKNOWN, lms=UNKNOWN, monitor=<psychopy.monitors.calibTools.Monitor object at 0x11b589828>, multiSample=False, name='window1', numSamples=2, pos=[0.0, 0.0], screen=0, size=array([1920, 1080]), stereo=False, units='height', useFBO=True, useRetina=False, viewOri=0.0, viewPos=None, viewScale=None, waitBlanking=True, winType='pyglet')
5.9157 	EXP 	window1: recordFrameIntervals = False
6.0817 	EXP 	window1: recordFrameIntervals = True
6.2655 	EXP 	window1: recordFrameIntervals = False
6.6569 	EXP 	Created text = TextStim(__class__=<class 'psychopy.visual.text.TextStim'>, alignHoriz='center', alignVert='center', antialias=True, autoLog=True, bold=False, color='white', colorSpace='named', contrast=1.0, depth=0.0, flipHoriz=False, flipVert=False, font='Arial', fontFiles=[], height=0.03, italic=False, languageStyle='LTR', name='text', opacity=1.0, ori=0, pos=array([0., 0.]), rgb=array([255., 255., 255.]), text=str(...), units='height', win=Window(...), wrapWidth=1)
6.6987 	EXP 	Created text_2 = TextStim(__class__=<class 'psychopy.visual.text.TextStim'>, alignHoriz='center', alignVert='center', antialias=True, autoLog=True, bold=False, color='white', colorSpace='named', contrast=1.0, depth=0.0, flipHoriz=False, flipVert=False, font='Arial', fontFiles=[], height=0.1, italic=False, languageStyle='LTR', name='text_2', opacity=1.0, ori=0, pos=array([0., 0.]), rgb=array([255., 255., 255.]), text='Waiting for the scanner\n', units='height', win=Window(...), wrapWidth=1)
6.7381 	EXP 	Created text_3 = TextStim(__class__=<class 'psychopy.visual.text.TextStim'>, alignHoriz='center', alignVert='center', antialias=True, autoLog=True, bold=False, color='white', colorSpace='named', contrast=1.0, depth=0.0, flipHoriz=False, flipVert=False, font='Arial', fontFiles=[], height=0.1, italic=False, languageStyle='LTR', name='text_3', opacity=1.0, ori=0, pos=array([0., 0.]), rgb=array([255., 255., 255.]), text='default text', units='height', win=Window(...), wrapWidth=1)
6.7405 	EXP 	Created text_4 = TextStim(__class__=<class 'psychopy.visual.text.TextStim'>, alignHoriz='center', alignVert='center', antialias=True, autoLog=True, bold=False, color='white', colorSpace='named', contrast=1.0, depth=-1.0, flipHoriz=False, flipVert=False, font='Arial', fontFiles=[], height=0.1, italic=False, languageStyle='LTR', name='text_4', opacity=1.0, ori=0, pos=array([0., 0.]), rgb=array([255., 255., 255.]), text='+', units='height', win=Window(...), wrapWidth=1)
6.7542 	EXP 	Created text_5 = TextStim(__class__=<class 'psychopy.visual.text.TextStim'>, alignHoriz='center', alignVert='center', antialias=True, autoLog=True, bold=False, color='white', colorSpace='named', contrast=1.0, depth=-2.0, flipHoriz=False, flipVert=False, font='Arial', fontFiles=[], height=0.02, italic=False, languageStyle='LTR', name='text_5', opacity=1.0, ori=0, pos=array([ 0. , -0.3]), rgb=array([255., 255., 255.]), text=str(...), units='height', win=Window(...), wrapWidth=1)
6.7940 	EXP 	Created text_6 = TextStim(__class__=<class 'psychopy.visual.text.TextStim'>, alignHoriz='center', alignVert='center', antialias=True, autoLog=True, bold=False, color='white', colorSpace='named', contrast=1.0, depth=0.0, flipHoriz=False, flipVert=False, font='Arial', fontFiles=[], height=0.1, italic=False, languageStyle='LTR', name='text_6', opacity=1.0, ori=0, pos=array([0., 0.]), rgb=array([255., 255., 255.]), text="That's the end of this task\n", units='height', win=Window(...), wrapWidth=1)
6.8156 	EXP 	text: autoDraw = True
10.7871 	DATA 	Keypress: 1
10.7987 	EXP 	text: autoDraw = False
10.7987 	EXP 	text_2: autoDraw = True
26.8560 	EXP 	Imported wl.csv as conditions, 40 conditions, 1 params
26.8564 	EXP 	Created sequence: random, trialTypes=40, nReps=1, seed=None
26.8567 	EXP 	New trial (rep=0, index=0): OrderedDict([('Word', 'crab')])
26.8636 	DATA 	Keypress: 5
26.8821 	EXP 	text_2: autoDraw = False
26.8821 	EXP 	text_3: text = 'crab'
26.8821 	EXP 	text_4: autoDraw = True
27.8653 	EXP 	text_3: autoDraw = True
27.8825 	EXP 	text_4: autoDraw = False
28.3529 	DATA 	Keypress: 5
29.8511 	DATA 	Keypress: 5
31.3525 	DATA 	Keypress: 5
32.8530 	DATA 	Keypress: 5
32.8647 	EXP 	text_5: autoDraw = True
33.6517 	DATA 	Keypress: 1
34.3529 	DATA 	Keypress: 5
35.8534 	DATA 	Keypress: 5
37.3534 	DATA 	Keypress: 5
37.8517 	EXP 	New trial (rep=0, index=1): OrderedDict([('Word', 'bulldozer')])
37.8646 	EXP 	text_3: autoDraw = False
37.8646 	EXP 	text_5: autoDraw = False
37.8646 	EXP 	text_3: autoDraw = False
37.8646 	EXP 	text_4: autoDraw = False
37.8646 	EXP 	text_5: autoDraw = False
37.8646 	EXP 	text_3: text = 'bulldozer'
37.8646 	EXP 	text_4: autoDraw = True
38.8539 	DATA 	Keypress: 5
38.8648 	EXP 	text_3: autoDraw = True
38.8648 	EXP 	text_4: autoDraw = False
40.3531 	DATA 	Keypress: 5
41.8531 	DATA 	Keypress: 5
43.3519 	DATA 	Keypress: 5
43.8657 	EXP 	text_5: autoDraw = True
44.8527 	DATA 	Keypress: 5
44.9186 	DATA 	Keypress: 2
46.3537 	DATA 	Keypress: 5
47.8536 	DATA 	Keypress: 5
48.8508 	EXP 	New trial (rep=0, index=2): OrderedDict([('Word', 'hairstylist')])
48.8652 	EXP 	text_3: autoDraw = False
48.8652 	EXP 	text_5: autoDraw = False
48.8652 	EXP 	text_3: autoDraw = False
48.8652 	EXP 	text_4: autoDraw = False
48.8652 	EXP 	text_5: autoDraw = False
48.8652 	EXP 	text_3: text = 'hairstylist'
48.8652 	EXP 	text_4: autoDraw = True
49.3529 	DATA 	Keypress: 5
49.8488 	EXP 	text_3: autoDraw = True
49.8652 	EXP 	text_4: autoDraw = False
50.8529 	DATA 	Keypress: 5
52.3527 	DATA 	Keypress: 5
53.8534 	DATA 	Keypress: 5
54.8485 	EXP 	text_5: autoDraw = True
55.3533 	DATA 	Keypress: 5
55.4371 	DATA 	Keypress: 1
56.8525 	DATA 	Keypress: 5
58.3533 	DATA 	Keypress: 5
59.8343 	EXP 	New trial (rep=0, index=3): OrderedDict([('Word', 'mirror')])
59.8423 	DATA 	Keypress: 5
59.8492 	EXP 	text_3: autoDraw = False
59.8492 	EXP 	text_5: autoDraw = False
59.8492 	EXP 	text_3: autoDraw = False
59.8492 	EXP 	text_4: autoDraw = False
59.8492 	EXP 	text_5: autoDraw = False
59.8492 	EXP 	text_3: text = 'mirror'
59.8492 	EXP 	text_4: autoDraw = True
60.8322 	EXP 	text_3: autoDraw = True
60.8497 	EXP 	text_4: autoDraw = False
61.3530 	DATA 	Keypress: 5
62.8530 	DATA 	Keypress: 5
64.3531 	DATA 	Keypress: 5
65.8318 	EXP 	text_5: autoDraw = True
65.8535 	DATA 	Keypress: 5
67.3524 	DATA 	Keypress: 5
67.7015 	DATA 	Keypress: 2
68.8539 	DATA 	Keypress: 5
70.3861 	DATA 	Keypress: 5
70.8174 	EXP 	New trial (rep=0, index=4): OrderedDict([('Word', 'violinist')])
70.8324 	EXP 	text_3: autoDraw = False
70.8324 	EXP 	text_5: autoDraw = False
70.8324 	EXP 	text_3: autoDraw = False
70.8324 	EXP 	text_4: autoDraw = False
70.8324 	EXP 	text_5: autoDraw = False
70.8324 	EXP 	text_3: text = 'violinist'
70.8324 	EXP 	text_4: autoDraw = True
71.8151 	EXP 	text_3: autoDraw = True
71.8319 	EXP 	text_4: autoDraw = False
71.8514 	DATA 	Keypress: 5
73.3525 	DATA 	Keypress: 5
74.8531 	DATA 	Keypress: 5
76.3526 	DATA 	Keypress: 5
76.8151 	EXP 	text_5: autoDraw = True
77.8548 	DATA 	Keypress: 5
77.8691 	DATA 	Keypress: 1
79.3528 	DATA 	Keypress: 5
80.8539 	DATA 	Keypress: 5
81.8002 	EXP 	New trial (rep=0, index=5): OrderedDict([('Word', 'ketchup')])
81.8151 	EXP 	text_3: autoDraw = False
81.8151 	EXP 	text_5: autoDraw = False
81.8151 	EXP 	text_3: autoDraw = False
81.8151 	EXP 	text_4: autoDraw = False
81.8151 	EXP 	text_5: autoDraw = False
81.8151 	EXP 	text_3: text = 'ketchup'
81.8151 	EXP 	text_4: autoDraw = True
82.3530 	DATA 	Keypress: 5
82.7983 	EXP 	text_3: autoDraw = True
82.8151 	EXP 	text_4: autoDraw = False
83.8525 	DATA 	Keypress: 5
85.3528 	DATA 	Keypress: 5
86.8527 	DATA 	Keypress: 5
87.7984 	EXP 	text_5: autoDraw = True
88.3527 	DATA 	Keypress: 5
88.4361 	DATA 	Keypress: 2
89.8525 	DATA 	Keypress: 5
91.3523 	DATA 	Keypress: 5
92.7840 	EXP 	New trial (rep=0, index=6): OrderedDict([('Word', 'hair')])
92.7996 	EXP 	text_3: autoDraw = False
92.7996 	EXP 	text_5: autoDraw = False
92.7996 	EXP 	text_3: autoDraw = False
92.7996 	EXP 	text_4: autoDraw = False
92.7996 	EXP 	text_5: autoDraw = False
92.7996 	EXP 	text_3: text = 'hair'
92.7996 	EXP 	text_4: autoDraw = True
92.8534 	DATA 	Keypress: 5
93.7833 	EXP 	text_3: autoDraw = True
93.7997 	EXP 	text_4: autoDraw = False
94.3529 	DATA 	Keypress: 5
95.8524 	DATA 	Keypress: 5
97.3536 	DATA 	Keypress: 5
98.7834 	EXP 	text_5: autoDraw = True
98.8536 	DATA 	Keypress: 5
99.2867 	DATA 	Keypress: 2
100.3532 	DATA 	Keypress: 5
101.8538 	DATA 	Keypress: 5
103.3543 	DATA 	Keypress: 5
103.7683 	EXP 	New trial (rep=0, index=7): OrderedDict([('Word', 'camera')])
103.7830 	EXP 	text_3: autoDraw = False
103.7830 	EXP 	text_5: autoDraw = False
103.7830 	EXP 	text_3: autoDraw = False
103.7830 	EXP 	text_4: autoDraw = False
103.7830 	EXP 	text_5: autoDraw = False
103.7830 	EXP 	text_3: text = 'camera'
103.7830 	EXP 	text_4: autoDraw = True
104.7660 	EXP 	text_3: autoDraw = True
104.7829 	EXP 	text_4: autoDraw = False
104.8540 	DATA 	Keypress: 5
106.3527 	DATA 	Keypress: 5
107.8686 	DATA 	Keypress: 5
109.3534 	DATA 	Keypress: 5
109.7661 	EXP 	text_5: autoDraw = True
110.8534 	DATA 	Keypress: 5
111.0364 	DATA 	Keypress: 2
112.3539 	DATA 	Keypress: 5
113.8540 	DATA 	Keypress: 5
114.7518 	EXP 	New trial (rep=0, index=8): OrderedDict([('Word', 'cabdriver')])
114.7655 	EXP 	text_3: autoDraw = False
114.7655 	EXP 	text_5: autoDraw = False
114.7655 	EXP 	text_3: autoDraw = False
114.7655 	EXP 	text_4: autoDraw = False
114.7655 	EXP 	text_5: autoDraw = False
114.7655 	EXP 	text_3: text = 'cabdriver'
114.7655 	EXP 	text_4: autoDraw = True
115.3534 	DATA 	Keypress: 5
115.7492 	EXP 	text_3: autoDraw = True
115.7661 	EXP 	text_4: autoDraw = False
116.8535 	DATA 	Keypress: 5
118.3530 	DATA 	Keypress: 5
119.8537 	DATA 	Keypress: 5
120.7662 	EXP 	text_5: autoDraw = True
121.3541 	DATA 	Keypress: 5
121.4362 	DATA 	Keypress: 1
122.8533 	DATA 	Keypress: 5
124.3546 	DATA 	Keypress: 5
125.7494 	EXP 	text_3: autoDraw = False
125.7515 	EXP 	New trial (rep=0, index=9): OrderedDict([('Word', 'snowball')])
125.7663 	EXP 	text_5: autoDraw = False
125.7663 	EXP 	text_3: autoDraw = False
125.7663 	EXP 	text_4: autoDraw = False
125.7663 	EXP 	text_5: autoDraw = False
125.7663 	EXP 	text_3: text = 'snowball'
125.7663 	EXP 	text_4: autoDraw = True
125.8535 	DATA 	Keypress: 5
126.7661 	EXP 	text_3: autoDraw = True
126.7661 	EXP 	text_4: autoDraw = False
127.3538 	DATA 	Keypress: 5
128.8538 	DATA 	Keypress: 5
130.3545 	DATA 	Keypress: 5
131.7659 	EXP 	text_5: autoDraw = True
131.8543 	DATA 	Keypress: 5
132.3880 	DATA 	Keypress: 2
133.3548 	DATA 	Keypress: 5
134.8533 	DATA 	Keypress: 5
136.3541 	DATA 	Keypress: 5
136.7513 	EXP 	New trial (rep=0, index=10): OrderedDict([('Word', 'binoculars')])
136.7655 	EXP 	text_3: autoDraw = False
136.7655 	EXP 	text_5: autoDraw = False
136.7655 	EXP 	text_3: autoDraw = False
136.7655 	EXP 	text_4: autoDraw = False
136.7655 	EXP 	text_5: autoDraw = False
136.7655 	EXP 	text_3: text = 'binoculars'
136.7655 	EXP 	text_4: autoDraw = True
137.7495 	EXP 	text_3: autoDraw = True
137.7659 	EXP 	text_4: autoDraw = False
137.8536 	DATA 	Keypress: 5
139.3539 	DATA 	Keypress: 5
140.8543 	DATA 	Keypress: 5
142.3546 	DATA 	Keypress: 5
142.7492 	EXP 	text_5: autoDraw = True
143.5700 	DATA 	Keypress: 2
143.8540 	DATA 	Keypress: 5
145.3545 	DATA 	Keypress: 5
146.8545 	DATA 	Keypress: 5
147.7342 	EXP 	New trial (rep=0, index=11): OrderedDict([('Word', 'chipmunk')])
147.7499 	EXP 	text_3: autoDraw = False
147.7499 	EXP 	text_5: autoDraw = False
147.7499 	EXP 	text_3: autoDraw = False
147.7499 	EXP 	text_4: autoDraw = False
147.7499 	EXP 	text_5: autoDraw = False
147.7499 	EXP 	text_3: text = 'chipmunk'
147.7499 	EXP 	text_4: autoDraw = True
148.3544 	DATA 	Keypress: 5
148.7333 	EXP 	text_3: autoDraw = True
148.7503 	EXP 	text_4: autoDraw = False
149.8536 	DATA 	Keypress: 5
151.3547 	DATA 	Keypress: 5
152.8546 	DATA 	Keypress: 5
153.7335 	EXP 	text_5: autoDraw = True
154.3549 	DATA 	Keypress: 5
154.5052 	DATA 	Keypress: 1
155.8545 	DATA 	Keypress: 5
157.3552 	DATA 	Keypress: 5
158.7190 	EXP 	New trial (rep=0, index=12): OrderedDict([('Word', 'cheesecake')])
158.7334 	EXP 	text_3: autoDraw = False
158.7334 	EXP 	text_5: autoDraw = False
158.7334 	EXP 	text_3: autoDraw = False
158.7334 	EXP 	text_4: autoDraw = False
158.7334 	EXP 	text_5: autoDraw = False
158.7334 	EXP 	text_3: text = 'cheesecake'
158.7334 	EXP 	text_4: autoDraw = True
158.8535 	DATA 	Keypress: 5
159.7168 	EXP 	text_3: autoDraw = True
159.7336 	EXP 	text_4: autoDraw = False
160.3546 	DATA 	Keypress: 5
161.8546 	DATA 	Keypress: 5
163.3538 	DATA 	Keypress: 5
164.7168 	EXP 	text_5: autoDraw = True
164.8538 	DATA 	Keypress: 5
165.3042 	DATA 	Keypress: 2
166.3540 	DATA 	Keypress: 5
167.8543 	DATA 	Keypress: 5
169.3534 	DATA 	Keypress: 5
169.7020 	EXP 	New trial (rep=0, index=13): OrderedDict([('Word', 'passport')])
169.7166 	EXP 	text_3: autoDraw = False
169.7166 	EXP 	text_5: autoDraw = False
169.7166 	EXP 	text_3: autoDraw = False
169.7166 	EXP 	text_4: autoDraw = False
169.7166 	EXP 	text_5: autoDraw = False
169.7166 	EXP 	text_3: text = 'passport'
169.7166 	EXP 	text_4: autoDraw = True
170.7000 	EXP 	text_3: autoDraw = True
170.7168 	EXP 	text_4: autoDraw = False
170.8530 	DATA 	Keypress: 5
172.3535 	DATA 	Keypress: 5
173.8544 	DATA 	Keypress: 5
175.3538 	DATA 	Keypress: 5
175.7001 	EXP 	text_5: autoDraw = True
176.8540 	DATA 	Keypress: 5
176.9031 	DATA 	Keypress: 2
178.3541 	DATA 	Keypress: 5
179.8549 	DATA 	Keypress: 5
180.6855 	EXP 	New trial (rep=0, index=14): OrderedDict([('Word', 'baby')])
180.7000 	EXP 	text_3: autoDraw = False
180.7000 	EXP 	text_5: autoDraw = False
180.7000 	EXP 	text_3: autoDraw = False
180.7000 	EXP 	text_4: autoDraw = False
180.7000 	EXP 	text_5: autoDraw = False
180.7000 	EXP 	text_3: text = 'baby'
180.7000 	EXP 	text_4: autoDraw = True
181.3540 	DATA 	Keypress: 5
181.6833 	EXP 	text_3: autoDraw = True
181.7001 	EXP 	text_4: autoDraw = False
182.8549 	DATA 	Keypress: 5
184.3540 	DATA 	Keypress: 5
185.8537 	DATA 	Keypress: 5
186.6833 	EXP 	text_5: autoDraw = True
187.1376 	DATA 	Keypress: 1
187.3538 	DATA 	Keypress: 5
188.8540 	DATA 	Keypress: 5
190.3553 	DATA 	Keypress: 5
191.6686 	EXP 	New trial (rep=0, index=15): OrderedDict([('Word', 'donkey')])
191.6825 	EXP 	text_3: autoDraw = False
191.6825 	EXP 	text_5: autoDraw = False
191.6825 	EXP 	text_3: autoDraw = False
191.6825 	EXP 	text_4: autoDraw = False
191.6825 	EXP 	text_5: autoDraw = False
191.6825 	EXP 	text_3: text = 'donkey'
191.6825 	EXP 	text_4: autoDraw = True
191.8536 	DATA 	Keypress: 5
192.6673 	EXP 	text_3: autoDraw = True
192.6834 	EXP 	text_4: autoDraw = False
193.3533 	DATA 	Keypress: 5
194.8537 	DATA 	Keypress: 5
196.3548 	DATA 	Keypress: 5
197.6667 	EXP 	text_5: autoDraw = True
197.8555 	DATA 	Keypress: 5
198.1701 	DATA 	Keypress: 1
199.3544 	DATA 	Keypress: 5
200.8549 	DATA 	Keypress: 5
202.3554 	DATA 	Keypress: 5
202.6660 	EXP 	text_5: autoDraw = False
202.6679 	EXP 	New trial (rep=0, index=16): OrderedDict([('Word', 'scalpel')])
202.6830 	EXP 	text_3: autoDraw = False
202.6830 	EXP 	text_3: autoDraw = False
202.6830 	EXP 	text_4: autoDraw = False
202.6830 	EXP 	text_5: autoDraw = False
202.6830 	EXP 	text_3: text = 'scalpel'
202.6830 	EXP 	text_4: autoDraw = True
203.6660 	EXP 	text_3: autoDraw = True
203.6829 	EXP 	text_4: autoDraw = False
203.8551 	DATA 	Keypress: 5
205.3550 	DATA 	Keypress: 5
206.8545 	DATA 	Keypress: 5
208.3547 	DATA 	Keypress: 5
208.6661 	EXP 	text_5: autoDraw = True
209.4363 	DATA 	Keypress: 2
209.8533 	DATA 	Keypress: 5
211.3550 	DATA 	Keypress: 5
212.8541 	DATA 	Keypress: 5
213.6521 	EXP 	New trial (rep=0, index=17): OrderedDict([('Word', 'stove')])
213.6660 	EXP 	text_3: autoDraw = False
213.6660 	EXP 	text_5: autoDraw = False
213.6660 	EXP 	text_3: autoDraw = False
213.6660 	EXP 	text_4: autoDraw = False
213.6660 	EXP 	text_5: autoDraw = False
213.6660 	EXP 	text_3: text = 'stove'
213.6660 	EXP 	text_4: autoDraw = True
214.3534 	DATA 	Keypress: 5
214.6493 	EXP 	text_3: autoDraw = True
214.6662 	EXP 	text_4: autoDraw = False
215.8538 	DATA 	Keypress: 5
217.3537 	DATA 	Keypress: 5
218.8537 	DATA 	Keypress: 5
219.6494 	EXP 	text_5: autoDraw = True
220.0372 	DATA 	Keypress: 2
220.3536 	DATA 	Keypress: 5
221.8548 	DATA 	Keypress: 5
223.3546 	DATA 	Keypress: 5
224.6348 	EXP 	New trial (rep=0, index=18): OrderedDict([('Word', 'necklace')])
224.6502 	EXP 	text_3: autoDraw = False
224.6502 	EXP 	text_5: autoDraw = False
224.6502 	EXP 	text_3: autoDraw = False
224.6502 	EXP 	text_4: autoDraw = False
224.6502 	EXP 	text_5: autoDraw = False
224.6502 	EXP 	text_3: text = 'necklace'
224.6502 	EXP 	text_4: autoDraw = True
224.8547 	DATA 	Keypress: 5
225.6336 	EXP 	text_3: autoDraw = True
225.6504 	EXP 	text_4: autoDraw = False
226.3543 	DATA 	Keypress: 5
227.8542 	DATA 	Keypress: 5
229.3547 	DATA 	Keypress: 5
230.6336 	EXP 	text_5: autoDraw = True
230.8548 	DATA 	Keypress: 5
231.0039 	DATA 	Keypress: 2
232.3548 	DATA 	Keypress: 5
233.8549 	DATA 	Keypress: 5
235.3539 	DATA 	Keypress: 5
235.6193 	EXP 	New trial (rep=0, index=19): OrderedDict([('Word', 'seahorse')])
235.6329 	EXP 	text_3: autoDraw = False
235.6329 	EXP 	text_5: autoDraw = False
235.6329 	EXP 	text_3: autoDraw = False
235.6329 	EXP 	text_4: autoDraw = False
235.6329 	EXP 	text_5: autoDraw = False
235.6329 	EXP 	text_3: text = 'seahorse'
235.6329 	EXP 	text_4: autoDraw = True
236.6169 	EXP 	text_3: autoDraw = True
236.6338 	EXP 	text_4: autoDraw = False
236.8539 	DATA 	Keypress: 5
238.3531 	DATA 	Keypress: 5
239.8529 	DATA 	Keypress: 5
241.3542 	DATA 	Keypress: 5
241.6170 	EXP 	text_5: autoDraw = True
242.7856 	DATA 	Keypress: 1
242.8544 	DATA 	Keypress: 5
244.3548 	DATA 	Keypress: 5
245.8540 	DATA 	Keypress: 5
246.6024 	EXP 	New trial (rep=0, index=20): OrderedDict([('Word', 'airplane')])
246.6170 	EXP 	text_3: autoDraw = False
246.6170 	EXP 	text_5: autoDraw = False
246.6170 	EXP 	text_3: autoDraw = False
246.6170 	EXP 	text_4: autoDraw = False
246.6170 	EXP 	text_5: autoDraw = False
246.6170 	EXP 	text_3: text = 'airplane'
246.6170 	EXP 	text_4: autoDraw = True
247.3530 	DATA 	Keypress: 5
247.6002 	EXP 	text_3: autoDraw = True
247.6164 	EXP 	text_4: autoDraw = False
248.8546 	DATA 	Keypress: 5
250.3541 	DATA 	Keypress: 5
251.8544 	DATA 	Keypress: 5
252.6003 	EXP 	text_5: autoDraw = True
253.3553 	DATA 	Keypress: 5
253.4030 	DATA 	Keypress: 2
254.8551 	DATA 	Keypress: 5
256.3554 	DATA 	Keypress: 5
257.5856 	EXP 	New trial (rep=0, index=21): OrderedDict([('Word', 'elephant')])
257.5997 	EXP 	text_3: autoDraw = False
257.5997 	EXP 	text_5: autoDraw = False
257.5997 	EXP 	text_3: autoDraw = False
257.5997 	EXP 	text_4: autoDraw = False
257.5997 	EXP 	text_5: autoDraw = False
257.5997 	EXP 	text_3: text = 'elephant'
257.5997 	EXP 	text_4: autoDraw = True
257.8544 	DATA 	Keypress: 5
258.5826 	EXP 	text_3: autoDraw = True
258.6004 	EXP 	text_4: autoDraw = False
259.3544 	DATA 	Keypress: 5
260.8544 	DATA 	Keypress: 5
262.3544 	DATA 	Keypress: 5
263.5830 	EXP 	text_5: autoDraw = True
263.8556 	DATA 	Keypress: 5
264.1701 	DATA 	Keypress: 2
265.3539 	DATA 	Keypress: 5
266.8554 	DATA 	Keypress: 5
268.3550 	DATA 	Keypress: 5
268.5684 	EXP 	New trial (rep=0, index=22): OrderedDict([('Word', 'cheerleader')])
268.5829 	EXP 	text_3: autoDraw = False
268.5829 	EXP 	text_5: autoDraw = False
268.5829 	EXP 	text_3: autoDraw = False
268.5829 	EXP 	text_4: autoDraw = False
268.5829 	EXP 	text_5: autoDraw = False
268.5829 	EXP 	text_3: text = 'cheerleader'
268.5829 	EXP 	text_4: autoDraw = True
269.5668 	EXP 	text_3: autoDraw = True
269.5830 	EXP 	text_4: autoDraw = False
269.8544 	DATA 	Keypress: 5
271.3545 	DATA 	Keypress: 5
272.8536 	DATA 	Keypress: 5
274.3542 	DATA 	Keypress: 5
274.5663 	EXP 	text_5: autoDraw = True
275.5043 	DATA 	Keypress: 1
275.8550 	DATA 	Keypress: 5
277.3545 	DATA 	Keypress: 5
278.8553 	DATA 	Keypress: 5
279.5519 	EXP 	New trial (rep=0, index=23): OrderedDict([('Word', 'umbrella')])
279.5663 	EXP 	text_3: autoDraw = False
279.5663 	EXP 	text_5: autoDraw = False
279.5663 	EXP 	text_3: autoDraw = False
279.5663 	EXP 	text_4: autoDraw = False
279.5663 	EXP 	text_5: autoDraw = False
279.5663 	EXP 	text_3: text = 'umbrella'
279.5663 	EXP 	text_4: autoDraw = True
280.3490 	DATA 	Keypress: 5
280.5626 	EXP 	text_3: autoDraw = True
280.5793 	EXP 	text_4: autoDraw = False
281.8500 	DATA 	Keypress: 5
283.3519 	DATA 	Keypress: 5
284.8492 	DATA 	Keypress: 5
285.5625 	EXP 	text_5: autoDraw = True
286.3505 	DATA 	Keypress: 5
287.2986 	DATA 	Keypress: 2
287.8504 	DATA 	Keypress: 5
289.3509 	DATA 	Keypress: 5
290.5478 	EXP 	New trial (rep=0, index=24): OrderedDict([('Word', 'fingerprint')])
290.5624 	EXP 	text_3: autoDraw = False
290.5624 	EXP 	text_5: autoDraw = False
290.5624 	EXP 	text_3: autoDraw = False
290.5624 	EXP 	text_4: autoDraw = False
290.5624 	EXP 	text_5: autoDraw = False
290.5624 	EXP 	text_3: text = 'fingerprint'
290.5624 	EXP 	text_4: autoDraw = True
290.8491 	DATA 	Keypress: 5
291.5458 	EXP 	text_3: autoDraw = True
291.5626 	EXP 	text_4: autoDraw = False
292.3500 	DATA 	Keypress: 5
293.8549 	DATA 	Keypress: 5
295.3545 	DATA 	Keypress: 5
296.0984 	DATA 	Keypress: 2
296.5458 	EXP 	text_5: autoDraw = True
296.8505 	DATA 	Keypress: 5
297.1828 	DATA 	Keypress: 2
298.3504 	DATA 	Keypress: 5
299.8505 	DATA 	Keypress: 5
301.3500 	DATA 	Keypress: 5
301.5308 	EXP 	New trial (rep=0, index=25): OrderedDict([('Word', 'platypus')])
301.5459 	EXP 	text_3: autoDraw = False
301.5459 	EXP 	text_5: autoDraw = False
301.5459 	EXP 	text_3: autoDraw = False
301.5459 	EXP 	text_4: autoDraw = False
301.5459 	EXP 	text_5: autoDraw = False
301.5459 	EXP 	text_3: text = 'platypus'
301.5459 	EXP 	text_4: autoDraw = True
302.5288 	EXP 	text_3: autoDraw = True
302.5458 	EXP 	text_4: autoDraw = False
302.8501 	DATA 	Keypress: 5
304.3657 	DATA 	Keypress: 5
305.8499 	DATA 	Keypress: 5
307.3488 	DATA 	Keypress: 5
307.5290 	EXP 	text_5: autoDraw = True
308.0483 	DATA 	Keypress: 1
308.8499 	DATA 	Keypress: 5
310.3496 	DATA 	Keypress: 5
311.8546 	DATA 	Keypress: 5
312.5194 	EXP 	New trial (rep=0, index=26): OrderedDict([('Word', 'waterfall')])
312.5333 	EXP 	text_3: autoDraw = False
312.5333 	EXP 	text_5: autoDraw = False
312.5333 	EXP 	text_3: autoDraw = False
312.5333 	EXP 	text_4: autoDraw = False
312.5333 	EXP 	text_5: autoDraw = False
312.5333 	EXP 	text_3: text = 'waterfall'
312.5333 	EXP 	text_4: autoDraw = True
313.3541 	DATA 	Keypress: 5
313.5172 	EXP 	text_3: autoDraw = True
313.5336 	EXP 	text_4: autoDraw = False
314.8378 	DATA 	Keypress: 5
316.3549 	DATA 	Keypress: 5
317.8499 	DATA 	Keypress: 5
318.5286 	EXP 	text_5: autoDraw = True
318.9658 	DATA 	Keypress: 2
319.3503 	DATA 	Keypress: 5
320.8500 	DATA 	Keypress: 5
322.3503 	DATA 	Keypress: 5
323.5140 	EXP 	New trial (rep=0, index=27): OrderedDict([('Word', 'grandfather')])
323.5287 	EXP 	text_3: autoDraw = False
323.5287 	EXP 	text_5: autoDraw = False
323.5287 	EXP 	text_3: autoDraw = False
323.5287 	EXP 	text_4: autoDraw = False
323.5287 	EXP 	text_5: autoDraw = False
323.5287 	EXP 	text_3: text = 'grandfather'
323.5287 	EXP 	text_4: autoDraw = True
323.8844 	DATA 	Keypress: 5
324.5170 	EXP 	text_3: autoDraw = True
324.5337 	EXP 	text_4: autoDraw = False
325.3483 	DATA 	Keypress: 5
326.8549 	DATA 	Keypress: 5
328.3546 	DATA 	Keypress: 5
329.5170 	EXP 	text_5: autoDraw = True
329.8488 	DATA 	Keypress: 5
330.0157 	DATA 	Keypress: 1
331.3646 	DATA 	Keypress: 5
332.8643 	DATA 	Keypress: 5
334.3647 	DATA 	Keypress: 5
334.5025 	EXP 	New trial (rep=0, index=28): OrderedDict([('Word', 'axe')])
334.5169 	EXP 	text_3: autoDraw = False
334.5169 	EXP 	text_5: autoDraw = False
334.5169 	EXP 	text_3: autoDraw = False
334.5169 	EXP 	text_4: autoDraw = False
334.5169 	EXP 	text_5: autoDraw = False
334.5169 	EXP 	text_3: text = 'axe'
334.5169 	EXP 	text_4: autoDraw = True
335.4997 	EXP 	text_3: autoDraw = True
335.5171 	EXP 	text_4: autoDraw = False
335.8553 	DATA 	Keypress: 5
337.3546 	DATA 	Keypress: 5
338.8485 	DATA 	Keypress: 5
340.3548 	DATA 	Keypress: 5
340.4994 	EXP 	text_5: autoDraw = True
341.2214 	DATA 	Keypress: 2
341.8552 	DATA 	Keypress: 5
343.3493 	DATA 	Keypress: 5
344.8379 	DATA 	Keypress: 5
345.4853 	EXP 	New trial (rep=0, index=29): OrderedDict([('Word', 'porcupine')])
345.5121 	EXP 	text_3: autoDraw = False
345.5121 	EXP 	text_5: autoDraw = False
345.5121 	EXP 	text_3: autoDraw = False
345.5121 	EXP 	text_4: autoDraw = False
345.5121 	EXP 	text_5: autoDraw = False
345.5121 	EXP 	text_3: text = 'porcupine'
345.5121 	EXP 	text_4: autoDraw = True
346.3485 	DATA 	Keypress: 5
346.4832 	EXP 	text_3: autoDraw = True
346.5160 	EXP 	text_4: autoDraw = False
347.8549 	DATA 	Keypress: 5
349.3485 	DATA 	Keypress: 5
350.8491 	DATA 	Keypress: 5
351.4834 	EXP 	text_5: autoDraw = True
352.2552 	DATA 	Keypress: 1
352.3553 	DATA 	Keypress: 5
353.8555 	DATA 	Keypress: 5
355.3487 	DATA 	Keypress: 5
356.4680 	EXP 	New trial (rep=0, index=30): OrderedDict([('Word', 'walrus')])
356.4836 	EXP 	text_3: autoDraw = False
356.4836 	EXP 	text_5: autoDraw = False
356.4836 	EXP 	text_3: autoDraw = False
356.4836 	EXP 	text_4: autoDraw = False
356.4836 	EXP 	text_5: autoDraw = False
356.4836 	EXP 	text_3: text = 'walrus'
356.4836 	EXP 	text_4: autoDraw = True
356.8547 	DATA 	Keypress: 5
357.4785 	EXP 	text_3: autoDraw = True
357.4948 	EXP 	text_4: autoDraw = False
358.3492 	DATA 	Keypress: 5
359.8482 	DATA 	Keypress: 5
361.3496 	DATA 	Keypress: 5
362.4786 	EXP 	text_5: autoDraw = True
362.8504 	DATA 	Keypress: 5
363.1382 	DATA 	Keypress: 1
364.3380 	DATA 	Keypress: 5
365.8380 	DATA 	Keypress: 5
367.3382 	DATA 	Keypress: 5
367.4693 	EXP 	New trial (rep=0, index=31): OrderedDict([('Word', 'treadmill')])
367.4835 	EXP 	text_3: autoDraw = False
367.4835 	EXP 	text_5: autoDraw = False
367.4835 	EXP 	text_3: autoDraw = False
367.4835 	EXP 	text_4: autoDraw = False
367.4835 	EXP 	text_5: autoDraw = False
367.4835 	EXP 	text_3: text = 'treadmill'
367.4835 	EXP 	text_4: autoDraw = True
368.4671 	EXP 	text_3: autoDraw = True
368.4840 	EXP 	text_4: autoDraw = False
368.8546 	DATA 	Keypress: 5
370.3546 	DATA 	Keypress: 5
371.8549 	DATA 	Keypress: 5
373.3548 	DATA 	Keypress: 5
373.4671 	EXP 	text_5: autoDraw = True
373.9822 	DATA 	Keypress: 2
374.8380 	DATA 	Keypress: 5
376.3486 	DATA 	Keypress: 5
377.8381 	DATA 	Keypress: 5
378.4526 	EXP 	New trial (rep=0, index=32): OrderedDict([('Word', 'coyote')])
378.4672 	EXP 	text_3: autoDraw = False
378.4672 	EXP 	text_5: autoDraw = False
378.4672 	EXP 	text_3: autoDraw = False
378.4672 	EXP 	text_4: autoDraw = False
378.4672 	EXP 	text_5: autoDraw = False
378.4672 	EXP 	text_3: text = 'coyote'
378.4672 	EXP 	text_4: autoDraw = True
379.3541 	DATA 	Keypress: 5
379.4504 	EXP 	text_3: autoDraw = True
379.4673 	EXP 	text_4: autoDraw = False
380.8545 	DATA 	Keypress: 5
382.3490 	DATA 	Keypress: 5
383.8550 	DATA 	Keypress: 5
384.4513 	EXP 	text_5: autoDraw = True
385.0201 	DATA 	Keypress: 1
385.3550 	DATA 	Keypress: 5
386.8382 	DATA 	Keypress: 5
388.3555 	DATA 	Keypress: 5
389.4506 	EXP 	text_3: autoDraw = False
389.4530 	EXP 	New trial (rep=0, index=33): OrderedDict([('Word', 'keyboard')])
389.4665 	EXP 	text_5: autoDraw = False
389.4665 	EXP 	text_3: autoDraw = False
389.4665 	EXP 	text_4: autoDraw = False
389.4665 	EXP 	text_5: autoDraw = False
389.4665 	EXP 	text_3: text = 'keyboard'
389.4665 	EXP 	text_4: autoDraw = True
389.8539 	DATA 	Keypress: 5
390.4506 	EXP 	text_3: autoDraw = True
390.4676 	EXP 	text_4: autoDraw = False
391.3545 	DATA 	Keypress: 5
392.8545 	DATA 	Keypress: 5
394.3544 	DATA 	Keypress: 5
395.4507 	EXP 	text_5: autoDraw = True
395.8381 	DATA 	Keypress: 5
396.2873 	DATA 	Keypress: 2
397.3501 	DATA 	Keypress: 5
398.8378 	DATA 	Keypress: 5
400.3542 	DATA 	Keypress: 5
400.4529 	EXP 	New trial (rep=0, index=34): OrderedDict([('Word', 'ladybug')])
400.4671 	EXP 	text_3: autoDraw = False
400.4671 	EXP 	text_5: autoDraw = False
400.4671 	EXP 	text_3: autoDraw = False
400.4671 	EXP 	text_4: autoDraw = False
400.4671 	EXP 	text_5: autoDraw = False
400.4671 	EXP 	text_3: text = 'ladybug'
400.4671 	EXP 	text_4: autoDraw = True
401.4611 	EXP 	text_3: autoDraw = True
401.4667 	EXP 	text_4: autoDraw = False
401.8546 	DATA 	Keypress: 5
403.3542 	DATA 	Keypress: 5
404.8541 	DATA 	Keypress: 5
406.3490 	DATA 	Keypress: 5
406.4501 	EXP 	text_5: autoDraw = True
407.1200 	DATA 	Keypress: 1
407.8486 	DATA 	Keypress: 5
409.3490 	DATA 	Keypress: 5
410.8485 	DATA 	Keypress: 5
411.4505 	EXP 	text_5: autoDraw = False
411.4526 	EXP 	New trial (rep=0, index=35): OrderedDict([('Word', 'microscope')])
411.4669 	EXP 	text_3: autoDraw = False
411.4669 	EXP 	text_3: autoDraw = False
411.4669 	EXP 	text_4: autoDraw = False
411.4669 	EXP 	text_5: autoDraw = False
411.4669 	EXP 	text_3: text = 'microscope'
411.4669 	EXP 	text_4: autoDraw = True
412.3488 	DATA 	Keypress: 5
412.4607 	EXP 	text_3: autoDraw = True
412.4667 	EXP 	text_4: autoDraw = False
413.8641 	DATA 	Keypress: 5
415.3545 	DATA 	Keypress: 5
416.8544 	DATA 	Keypress: 5
417.4502 	EXP 	text_5: autoDraw = True
417.9029 	DATA 	Keypress: 2
418.3539 	DATA 	Keypress: 5
419.8379 	DATA 	Keypress: 5
421.3374 	DATA 	Keypress: 5
422.4498 	EXP 	text_5: autoDraw = False
422.4519 	EXP 	New trial (rep=0, index=36): OrderedDict([('Word', 'hummingbird')])
422.4776 	EXP 	text_3: autoDraw = False
422.4776 	EXP 	text_3: autoDraw = False
422.4776 	EXP 	text_4: autoDraw = False
422.4776 	EXP 	text_5: autoDraw = False
422.4776 	EXP 	text_3: text = 'hummingbird'
422.4776 	EXP 	text_4: autoDraw = True
422.8534 	DATA 	Keypress: 5
423.4507 	EXP 	text_3: autoDraw = True
423.4940 	EXP 	text_4: autoDraw = False
424.3537 	DATA 	Keypress: 5
425.8480 	DATA 	Keypress: 5
427.3476 	DATA 	Keypress: 5
428.4496 	EXP 	text_5: autoDraw = True
428.8481 	DATA 	Keypress: 5
429.0974 	DATA 	Keypress: 1
430.3488 	DATA 	Keypress: 5
431.8485 	DATA 	Keypress: 5
433.3378 	DATA 	Keypress: 5
433.4362 	EXP 	New trial (rep=0, index=37): OrderedDict([('Word', 'leopard')])
433.4508 	EXP 	text_3: autoDraw = False
433.4508 	EXP 	text_5: autoDraw = False
433.4508 	EXP 	text_3: autoDraw = False
433.4508 	EXP 	text_4: autoDraw = False
433.4508 	EXP 	text_5: autoDraw = False
433.4508 	EXP 	text_3: text = 'leopard'
433.4508 	EXP 	text_4: autoDraw = True
434.4340 	EXP 	text_3: autoDraw = True
434.4602 	EXP 	text_4: autoDraw = False
434.8385 	DATA 	Keypress: 5
436.3374 	DATA 	Keypress: 5
437.8377 	DATA 	Keypress: 5
439.3376 	DATA 	Keypress: 5
439.4341 	EXP 	text_5: autoDraw = True
440.0983 	DATA 	Keypress: 1
440.8379 	DATA 	Keypress: 5
442.3379 	DATA 	Keypress: 5
443.8380 	DATA 	Keypress: 5
444.4195 	EXP 	New trial (rep=0, index=38): OrderedDict([('Word', 'swan')])
444.4335 	EXP 	text_3: autoDraw = False
444.4335 	EXP 	text_5: autoDraw = False
444.4335 	EXP 	text_3: autoDraw = False
444.4335 	EXP 	text_4: autoDraw = False
444.4335 	EXP 	text_5: autoDraw = False
444.4335 	EXP 	text_3: text = 'swan'
444.4335 	EXP 	text_4: autoDraw = True
445.3547 	DATA 	Keypress: 5
445.4173 	EXP 	text_3: autoDraw = True
445.4341 	EXP 	text_4: autoDraw = False
446.8374 	DATA 	Keypress: 5
448.3473 	DATA 	Keypress: 5
449.8540 	DATA 	Keypress: 5
450.4171 	EXP 	text_5: autoDraw = True
450.7703 	DATA 	Keypress: 1
451.3375 	DATA 	Keypress: 5
452.8485 	DATA 	Keypress: 5
454.3379 	DATA 	Keypress: 5
455.4025 	EXP 	New trial (rep=0, index=39): OrderedDict([('Word', 'knight')])
455.4175 	EXP 	text_3: autoDraw = False
455.4175 	EXP 	text_5: autoDraw = False
455.4175 	EXP 	text_3: autoDraw = False
455.4175 	EXP 	text_4: autoDraw = False
455.4175 	EXP 	text_5: autoDraw = False
455.4175 	EXP 	text_3: text = 'knight'
455.4175 	EXP 	text_4: autoDraw = True
455.8478 	DATA 	Keypress: 5
456.4007 	EXP 	text_3: autoDraw = True
456.4177 	EXP 	text_4: autoDraw = False
457.3374 	DATA 	Keypress: 5
458.8370 	DATA 	Keypress: 5
460.3370 	DATA 	Keypress: 5
461.4008 	EXP 	text_5: autoDraw = True
461.8382 	DATA 	Keypress: 5
461.9383 	DATA 	Keypress: 1
463.3380 	DATA 	Keypress: 5
464.8378 	DATA 	Keypress: 5
466.3378 	DATA 	Keypress: 5
466.4000 	EXP 	text_3: autoDraw = False
466.4000 	EXP 	text_5: autoDraw = False
466.4000 	EXP 	text_3: autoDraw = False
466.4000 	EXP 	text_4: autoDraw = False
466.4000 	EXP 	text_5: autoDraw = False
466.4000 	EXP 	text_6: autoDraw = True
467.8375 	DATA 	Keypress: 5
469.3539 	DATA 	Keypress: 5
470.8539 	DATA 	Keypress: 5
471.4002 	EXP 	text_6: autoDraw = False
471.4002 	EXP 	text_6: autoDraw = False
471.6816 	EXP 	window1: mouseVisible = True
