6.8109 	EXP 	Created window1 = Window(allowGUI=False, allowStencil=False, args=UNKNOWN, autoLog=True, bitsMode=UNKNOWN, blendMode='avg', color=array([0., 0., 0.]), colorSpace='rgb', fullscr=<method-wrapper '__getattribute__' of attributeSetter object at 0x1681c1358>, gamma=None, gammaErrorPolicy='raise', kwargs=UNKNOWN, lms=UNKNOWN, monitor=<psychopy.monitors.calibTools.Monitor object at 0x168306780>, multiSample=False, name='window1', numSamples=2, pos=[0.0, 0.0], screen=0, size=array([1920, 1080]), stereo=False, units='height', useFBO=True, useRetina=False, viewOri=0.0, viewPos=None, viewScale=None, waitBlanking=True, winType='pyglet')
6.8109 	EXP 	window1: recordFrameIntervals = False
6.9777 	EXP 	window1: recordFrameIntervals = True
7.1610 	EXP 	window1: recordFrameIntervals = False
7.7030 	EXP 	Created text = TextStim(__class__=<class 'psychopy.visual.text.TextStim'>, alignHoriz='center', alignVert='center', antialias=True, autoLog=True, bold=False, color='white', colorSpace='named', contrast=1.0, depth=0.0, flipHoriz=False, flipVert=False, font='Arial', fontFiles=[], height=0.03, italic=False, languageStyle='LTR', name='text', opacity=1.0, ori=0, pos=array([0., 0.]), rgb=array([255., 255., 255.]), text=str(...), units='height', win=Window(...), wrapWidth=1)
7.7538 	EXP 	Created text_2 = TextStim(__class__=<class 'psychopy.visual.text.TextStim'>, alignHoriz='center', alignVert='center', antialias=True, autoLog=True, bold=False, color='white', colorSpace='named', contrast=1.0, depth=0.0, flipHoriz=False, flipVert=False, font='Arial', fontFiles=[], height=0.1, italic=False, languageStyle='LTR', name='text_2', opacity=1.0, ori=0, pos=array([0., 0.]), rgb=array([255., 255., 255.]), text='Waiting for the scanner\n', units='height', win=Window(...), wrapWidth=1)
7.8023 	EXP 	Created text_3 = TextStim(__class__=<class 'psychopy.visual.text.TextStim'>, alignHoriz='center', alignVert='center', antialias=True, autoLog=True, bold=False, color='white', colorSpace='named', contrast=1.0, depth=0.0, flipHoriz=False, flipVert=False, font='Arial', fontFiles=[], height=0.1, italic=False, languageStyle='LTR', name='text_3', opacity=1.0, ori=0, pos=array([0., 0.]), rgb=array([255., 255., 255.]), text='default text', units='height', win=Window(...), wrapWidth=1)
7.8047 	EXP 	Created text_4 = TextStim(__class__=<class 'psychopy.visual.text.TextStim'>, alignHoriz='center', alignVert='center', antialias=True, autoLog=True, bold=False, color='white', colorSpace='named', contrast=1.0, depth=-1.0, flipHoriz=False, flipVert=False, font='Arial', fontFiles=[], height=0.1, italic=False, languageStyle='LTR', name='text_4', opacity=1.0, ori=0, pos=array([0., 0.]), rgb=array([255., 255., 255.]), text='+', units='height', win=Window(...), wrapWidth=1)
7.8177 	EXP 	Created text_5 = TextStim(__class__=<class 'psychopy.visual.text.TextStim'>, alignHoriz='center', alignVert='center', antialias=True, autoLog=True, bold=False, color='white', colorSpace='named', contrast=1.0, depth=-2.0, flipHoriz=False, flipVert=False, font='Arial', fontFiles=[], height=0.02, italic=False, languageStyle='LTR', name='text_5', opacity=1.0, ori=0, pos=array([ 0. , -0.3]), rgb=array([255., 255., 255.]), text=str(...), units='height', win=Window(...), wrapWidth=1)
7.8679 	EXP 	Created text_6 = TextStim(__class__=<class 'psychopy.visual.text.TextStim'>, alignHoriz='center', alignVert='center', antialias=True, autoLog=True, bold=False, color='white', colorSpace='named', contrast=1.0, depth=0.0, flipHoriz=False, flipVert=False, font='Arial', fontFiles=[], height=0.1, italic=False, languageStyle='LTR', name='text_6', opacity=1.0, ori=0, pos=array([0., 0.]), rgb=array([255., 255., 255.]), text="That's the end of this task\n", units='height', win=Window(...), wrapWidth=1)
7.8787 	EXP 	text: autoDraw = True
17.7165 	DATA 	Keypress: 1
17.7278 	EXP 	text: autoDraw = False
17.7278 	EXP 	text_2: autoDraw = True
34.7174 	EXP 	Imported wl20.csv as conditions, 20 conditions, 1 params
34.7178 	EXP 	Created sequence: random, trialTypes=20, nReps=1, seed=None
34.7181 	EXP 	New trial (rep=0, index=0): OrderedDict([('Word', 'necklace')])
34.7259 	DATA 	Keypress: equal
34.7278 	DATA 	Keypress: 5
34.7447 	EXP 	text_2: autoDraw = False
34.7447 	EXP 	text_3: text = 'necklace'
34.7447 	EXP 	text_4: autoDraw = True
35.7287 	EXP 	text_3: autoDraw = True
35.7450 	EXP 	text_4: autoDraw = False
36.2145 	DATA 	Keypress: 5
36.2164 	DATA 	Keypress: equal
37.7149 	DATA 	Keypress: 5
37.7169 	DATA 	Keypress: equal
39.2132 	DATA 	Keypress: equal
39.2148 	DATA 	Keypress: 5
40.7147 	DATA 	Keypress: equal
40.7167 	DATA 	Keypress: 5
40.7287 	EXP 	text_5: autoDraw = True
42.2144 	DATA 	Keypress: 5
42.2163 	DATA 	Keypress: equal
42.2819 	DATA 	Keypress: 2
43.7143 	DATA 	Keypress: equal
43.7162 	DATA 	Keypress: 5
45.2146 	DATA 	Keypress: equal
45.2166 	DATA 	Keypress: 5
45.7138 	EXP 	New trial (rep=0, index=1): OrderedDict([('Word', 'axe')])
45.7280 	EXP 	text_3: autoDraw = False
45.7280 	EXP 	text_5: autoDraw = False
45.7280 	EXP 	text_3: autoDraw = False
45.7280 	EXP 	text_4: autoDraw = False
45.7280 	EXP 	text_5: autoDraw = False
45.7280 	EXP 	text_3: text = 'axe'
45.7280 	EXP 	text_4: autoDraw = True
46.7108 	EXP 	text_3: autoDraw = True
46.7142 	DATA 	Keypress: equal
46.7162 	DATA 	Keypress: 5
46.7284 	EXP 	text_4: autoDraw = False
48.2142 	DATA 	Keypress: equal
48.2161 	DATA 	Keypress: 5
49.7143 	DATA 	Keypress: equal
49.7162 	DATA 	Keypress: 5
51.2143 	DATA 	Keypress: equal
51.2162 	DATA 	Keypress: 5
51.7115 	EXP 	text_5: autoDraw = True
52.7146 	DATA 	Keypress: 5
52.7166 	DATA 	Keypress: equal
53.3313 	DATA 	Keypress: 2
54.2149 	DATA 	Keypress: equal
54.2168 	DATA 	Keypress: 5
55.7148 	DATA 	Keypress: equal
55.7167 	DATA 	Keypress: 5
56.6975 	EXP 	New trial (rep=0, index=2): OrderedDict([('Word', 'passport')])
56.7109 	EXP 	text_3: autoDraw = False
56.7109 	EXP 	text_5: autoDraw = False
56.7109 	EXP 	text_3: autoDraw = False
56.7109 	EXP 	text_4: autoDraw = False
56.7109 	EXP 	text_5: autoDraw = False
56.7109 	EXP 	text_3: text = 'passport'
56.7109 	EXP 	text_4: autoDraw = True
57.2146 	DATA 	Keypress: equal
57.2167 	DATA 	Keypress: 5
57.7116 	EXP 	text_3: autoDraw = True
57.7116 	EXP 	text_4: autoDraw = False
58.7145 	DATA 	Keypress: equal
58.7164 	DATA 	Keypress: 5
60.2156 	DATA 	Keypress: equal
60.2179 	DATA 	Keypress: 5
61.7144 	DATA 	Keypress: 5
61.7164 	DATA 	Keypress: equal
62.7118 	EXP 	text_5: autoDraw = True
63.2151 	DATA 	Keypress: 5
63.2170 	DATA 	Keypress: equal
63.8502 	DATA 	Keypress: 2
64.7147 	DATA 	Keypress: 5
64.7166 	DATA 	Keypress: equal
66.2147 	DATA 	Keypress: 5
66.2166 	DATA 	Keypress: equal
67.6974 	EXP 	New trial (rep=0, index=3): OrderedDict([('Word', 'knight')])
67.7108 	EXP 	text_3: autoDraw = False
67.7108 	EXP 	text_5: autoDraw = False
67.7108 	EXP 	text_3: autoDraw = False
67.7108 	EXP 	text_4: autoDraw = False
67.7108 	EXP 	text_5: autoDraw = False
67.7108 	EXP 	text_3: text = 'knight'
67.7108 	EXP 	text_4: autoDraw = True
67.7140 	DATA 	Keypress: 5
67.7159 	DATA 	Keypress: equal
68.6946 	EXP 	text_3: autoDraw = True
68.7117 	EXP 	text_4: autoDraw = False
69.2147 	DATA 	Keypress: 5
69.2166 	DATA 	Keypress: equal
70.7147 	DATA 	Keypress: 5
70.7167 	DATA 	Keypress: equal
72.2141 	DATA 	Keypress: 5
72.2160 	DATA 	Keypress: equal
73.6952 	EXP 	text_5: autoDraw = True
73.7148 	DATA 	Keypress: 5
73.7167 	DATA 	Keypress: equal
75.2148 	DATA 	Keypress: 5
75.2168 	DATA 	Keypress: equal
75.2478 	DATA 	Keypress: 1
76.7146 	DATA 	Keypress: 5
76.7165 	DATA 	Keypress: equal
78.2143 	DATA 	Keypress: 5
78.2162 	DATA 	Keypress: equal
78.6813 	EXP 	New trial (rep=0, index=4): OrderedDict([('Word', 'grandfather')])
78.6953 	EXP 	text_3: autoDraw = False
78.6953 	EXP 	text_5: autoDraw = False
78.6953 	EXP 	text_3: autoDraw = False
78.6953 	EXP 	text_4: autoDraw = False
78.6953 	EXP 	text_5: autoDraw = False
78.6953 	EXP 	text_3: text = 'grandfather'
78.6953 	EXP 	text_4: autoDraw = True
79.6779 	EXP 	text_3: autoDraw = True
79.6949 	EXP 	text_4: autoDraw = False
79.7140 	DATA 	Keypress: 5
79.7160 	DATA 	Keypress: equal
81.2143 	DATA 	Keypress: 5
81.2163 	DATA 	Keypress: equal
82.7145 	DATA 	Keypress: 5
82.7165 	DATA 	Keypress: equal
84.2143 	DATA 	Keypress: 5
84.2163 	DATA 	Keypress: equal
84.6781 	EXP 	text_5: autoDraw = True
85.7146 	DATA 	Keypress: equal
85.7165 	DATA 	Keypress: 5
86.8827 	DATA 	Keypress: 1
87.2147 	DATA 	Keypress: 5
87.2167 	DATA 	Keypress: equal
88.7149 	DATA 	Keypress: 5
88.7169 	DATA 	Keypress: equal
89.6637 	EXP 	New trial (rep=0, index=5): OrderedDict([('Word', 'ketchup')])
89.6786 	EXP 	text_3: autoDraw = False
89.6786 	EXP 	text_5: autoDraw = False
89.6786 	EXP 	text_3: autoDraw = False
89.6786 	EXP 	text_4: autoDraw = False
89.6786 	EXP 	text_5: autoDraw = False
89.6786 	EXP 	text_3: text = 'ketchup'
89.6786 	EXP 	text_4: autoDraw = True
90.2142 	DATA 	Keypress: 5
90.2161 	DATA 	Keypress: equal
90.6614 	EXP 	text_3: autoDraw = True
90.6786 	EXP 	text_4: autoDraw = False
91.7143 	DATA 	Keypress: equal
91.7162 	DATA 	Keypress: 5
93.2145 	DATA 	Keypress: equal
93.2165 	DATA 	Keypress: 5
94.7149 	DATA 	Keypress: 5
94.7168 	DATA 	Keypress: equal
95.6619 	EXP 	text_5: autoDraw = True
96.2147 	DATA 	Keypress: 5
96.2167 	DATA 	Keypress: equal
97.4311 	DATA 	Keypress: 2
97.7149 	DATA 	Keypress: 5
97.7169 	DATA 	Keypress: equal
99.2145 	DATA 	Keypress: 5
99.2164 	DATA 	Keypress: equal
100.6478 	EXP 	New trial (rep=0, index=6): OrderedDict([('Word', 'treadmill')])
100.6617 	EXP 	text_3: autoDraw = False
100.6617 	EXP 	text_5: autoDraw = False
100.6617 	EXP 	text_3: autoDraw = False
100.6617 	EXP 	text_4: autoDraw = False
100.6617 	EXP 	text_5: autoDraw = False
100.6617 	EXP 	text_3: text = 'treadmill'
100.6617 	EXP 	text_4: autoDraw = True
100.7139 	DATA 	Keypress: 5
100.7159 	DATA 	Keypress: equal
101.6620 	EXP 	text_3: autoDraw = True
101.6620 	EXP 	text_4: autoDraw = False
102.2139 	DATA 	Keypress: equal
102.2158 	DATA 	Keypress: 5
103.7140 	DATA 	Keypress: 5
103.7159 	DATA 	Keypress: equal
105.2140 	DATA 	Keypress: 5
105.2159 	DATA 	Keypress: equal
106.6620 	EXP 	text_5: autoDraw = True
106.7144 	DATA 	Keypress: 5
106.7164 	DATA 	Keypress: equal
108.1504 	DATA 	Keypress: 2
108.2148 	DATA 	Keypress: equal
108.2167 	DATA 	Keypress: 5
109.7147 	DATA 	Keypress: equal
109.7166 	DATA 	Keypress: 5
111.2145 	DATA 	Keypress: 5
111.2165 	DATA 	Keypress: equal
111.6472 	EXP 	New trial (rep=0, index=7): OrderedDict([('Word', 'waterfall')])
111.6613 	EXP 	text_3: autoDraw = False
111.6613 	EXP 	text_5: autoDraw = False
111.6613 	EXP 	text_3: autoDraw = False
111.6613 	EXP 	text_4: autoDraw = False
111.6613 	EXP 	text_5: autoDraw = False
111.6613 	EXP 	text_3: text = 'waterfall'
111.6613 	EXP 	text_4: autoDraw = True
112.6453 	EXP 	text_3: autoDraw = True
112.6621 	EXP 	text_4: autoDraw = False
112.7142 	DATA 	Keypress: 5
112.7161 	DATA 	Keypress: equal
114.2142 	DATA 	Keypress: 5
114.2161 	DATA 	Keypress: equal
115.7144 	DATA 	Keypress: equal
115.7163 	DATA 	Keypress: 5
117.2144 	DATA 	Keypress: equal
117.2164 	DATA 	Keypress: 5
117.6453 	EXP 	text_5: autoDraw = True
118.7151 	DATA 	Keypress: 5
118.7170 	DATA 	Keypress: equal
119.4506 	DATA 	Keypress: 2
120.2151 	DATA 	Keypress: 5
120.2170 	DATA 	Keypress: equal
121.7148 	DATA 	Keypress: 5
121.7167 	DATA 	Keypress: equal
122.6305 	EXP 	New trial (rep=0, index=8): OrderedDict([('Word', 'porcupine')])
122.6446 	EXP 	text_3: autoDraw = False
122.6446 	EXP 	text_5: autoDraw = False
122.6446 	EXP 	text_3: autoDraw = False
122.6446 	EXP 	text_4: autoDraw = False
122.6446 	EXP 	text_5: autoDraw = False
122.6446 	EXP 	text_3: text = 'porcupine'
122.6446 	EXP 	text_4: autoDraw = True
123.2143 	DATA 	Keypress: equal
123.2162 	DATA 	Keypress: 5
123.6286 	EXP 	text_3: autoDraw = True
123.6455 	EXP 	text_4: autoDraw = False
124.7145 	DATA 	Keypress: equal
124.7165 	DATA 	Keypress: 5
126.2145 	DATA 	Keypress: equal
126.2164 	DATA 	Keypress: 5
127.7143 	DATA 	Keypress: 5
127.7163 	DATA 	Keypress: equal
128.6283 	EXP 	text_5: autoDraw = True
129.2147 	DATA 	Keypress: 5
129.2166 	DATA 	Keypress: equal
130.1316 	DATA 	Keypress: 1
130.7147 	DATA 	Keypress: equal
130.7166 	DATA 	Keypress: 5
132.2151 	DATA 	Keypress: equal
132.2170 	DATA 	Keypress: 5
133.6142 	EXP 	New trial (rep=0, index=9): OrderedDict([('Word', 'mirror')])
133.6280 	EXP 	text_3: autoDraw = False
133.6280 	EXP 	text_5: autoDraw = False
133.6280 	EXP 	text_3: autoDraw = False
133.6280 	EXP 	text_4: autoDraw = False
133.6280 	EXP 	text_5: autoDraw = False
133.6280 	EXP 	text_3: text = 'mirror'
133.6280 	EXP 	text_4: autoDraw = True
133.7140 	DATA 	Keypress: equal
133.7160 	DATA 	Keypress: 5
134.6120 	EXP 	text_3: autoDraw = True
134.6288 	EXP 	text_4: autoDraw = False
135.2141 	DATA 	Keypress: 5
135.2161 	DATA 	Keypress: equal
136.7141 	DATA 	Keypress: 5
136.7160 	DATA 	Keypress: equal
138.2141 	DATA 	Keypress: equal
138.2161 	DATA 	Keypress: 5
139.6117 	EXP 	text_5: autoDraw = True
139.7147 	DATA 	Keypress: 5
139.7165 	DATA 	Keypress: equal
141.2148 	DATA 	Keypress: equal
141.2167 	DATA 	Keypress: 5
142.0487 	DATA 	Keypress: 2
142.7148 	DATA 	Keypress: equal
142.7168 	DATA 	Keypress: 5
144.2147 	DATA 	Keypress: 5
144.2166 	DATA 	Keypress: equal
144.5974 	EXP 	New trial (rep=0, index=10): OrderedDict([('Word', 'cabdriver')])
144.6112 	EXP 	text_3: autoDraw = False
144.6112 	EXP 	text_5: autoDraw = False
144.6112 	EXP 	text_3: autoDraw = False
144.6112 	EXP 	text_4: autoDraw = False
144.6112 	EXP 	text_5: autoDraw = False
144.6112 	EXP 	text_3: text = 'cabdriver'
144.6112 	EXP 	text_4: autoDraw = True
145.6114 	EXP 	text_3: autoDraw = True
145.6114 	EXP 	text_4: autoDraw = False
145.7144 	DATA 	Keypress: equal
145.7162 	DATA 	Keypress: 5
147.2143 	DATA 	Keypress: equal
147.2162 	DATA 	Keypress: 5
148.7143 	DATA 	Keypress: equal
148.7162 	DATA 	Keypress: 5
150.2143 	DATA 	Keypress: equal
150.2162 	DATA 	Keypress: 5
150.6114 	EXP 	text_5: autoDraw = True
151.7149 	DATA 	Keypress: 5
151.7168 	DATA 	Keypress: equal
152.2321 	DATA 	Keypress: 1
153.2147 	DATA 	Keypress: equal
153.2166 	DATA 	Keypress: 5
154.7148 	DATA 	Keypress: equal
154.7167 	DATA 	Keypress: 5
155.5971 	EXP 	New trial (rep=0, index=11): OrderedDict([('Word', 'ladybug')])
155.6113 	EXP 	text_3: autoDraw = False
155.6113 	EXP 	text_5: autoDraw = False
155.6113 	EXP 	text_3: autoDraw = False
155.6113 	EXP 	text_4: autoDraw = False
155.6113 	EXP 	text_5: autoDraw = False
155.6113 	EXP 	text_3: text = 'ladybug'
155.6113 	EXP 	text_4: autoDraw = True
156.2143 	DATA 	Keypress: equal
156.2164 	DATA 	Keypress: 5
156.5955 	EXP 	text_3: autoDraw = True
156.6115 	EXP 	text_4: autoDraw = False
157.7145 	DATA 	Keypress: equal
157.7164 	DATA 	Keypress: 5
159.2145 	DATA 	Keypress: 5
159.2165 	DATA 	Keypress: equal
160.7136 	DATA 	Keypress: 5
160.7155 	DATA 	Keypress: equal
161.5956 	EXP 	text_5: autoDraw = True
162.2147 	DATA 	Keypress: equal
162.2166 	DATA 	Keypress: 5
163.7146 	DATA 	Keypress: 5
163.7165 	DATA 	Keypress: equal
164.4988 	DATA 	Keypress: 1
165.2147 	DATA 	Keypress: 5
165.2166 	DATA 	Keypress: equal
166.5971 	EXP 	New trial (rep=0, index=12): OrderedDict([('Word', 'hair')])
166.6119 	EXP 	text_3: autoDraw = False
166.6119 	EXP 	text_5: autoDraw = False
166.6119 	EXP 	text_3: autoDraw = False
166.6119 	EXP 	text_4: autoDraw = False
166.6119 	EXP 	text_5: autoDraw = False
166.6119 	EXP 	text_3: text = 'hair'
166.6119 	EXP 	text_4: autoDraw = True
166.7137 	DATA 	Keypress: equal
166.7156 	DATA 	Keypress: 5
167.5948 	EXP 	text_3: autoDraw = True
167.6117 	EXP 	text_4: autoDraw = False
168.2139 	DATA 	Keypress: 5
168.2158 	DATA 	Keypress: equal
169.7136 	DATA 	Keypress: 5
169.7156 	DATA 	Keypress: equal
171.2133 	DATA 	Keypress: 5
171.2154 	DATA 	Keypress: equal
172.5942 	EXP 	text_5: autoDraw = True
172.7147 	DATA 	Keypress: 5
172.7167 	DATA 	Keypress: equal
174.2157 	DATA 	Keypress: 5
174.2176 	DATA 	Keypress: equal
175.7160 	DATA 	Keypress: 5
175.7180 	DATA 	Keypress: equal
175.9315 	DATA 	Keypress: 1
177.2146 	DATA 	Keypress: 5
177.2166 	DATA 	Keypress: equal
177.5804 	EXP 	New trial (rep=0, index=13): OrderedDict([('Word', 'cheerleader')])
177.5948 	EXP 	text_3: autoDraw = False
177.5948 	EXP 	text_5: autoDraw = False
177.5948 	EXP 	text_3: autoDraw = False
177.5948 	EXP 	text_4: autoDraw = False
177.5948 	EXP 	text_5: autoDraw = False
177.5948 	EXP 	text_3: text = 'cheerleader'
177.5948 	EXP 	text_4: autoDraw = True
178.5782 	EXP 	text_3: autoDraw = True
178.5942 	EXP 	text_4: autoDraw = False
178.7144 	DATA 	Keypress: 5
178.7164 	DATA 	Keypress: equal
180.2156 	DATA 	Keypress: 5
180.2175 	DATA 	Keypress: equal
181.7145 	DATA 	Keypress: 5
181.7164 	DATA 	Keypress: equal
183.2147 	DATA 	Keypress: equal
183.2167 	DATA 	Keypress: 5
183.5783 	EXP 	text_5: autoDraw = True
184.7150 	DATA 	Keypress: 5
184.7170 	DATA 	Keypress: equal
185.4654 	DATA 	Keypress: 1
186.2148 	DATA 	Keypress: 5
186.2167 	DATA 	Keypress: equal
186.8982 	DATA 	Keypress: 1
187.7148 	DATA 	Keypress: 5
187.7167 	DATA 	Keypress: equal
188.5637 	EXP 	New trial (rep=0, index=14): OrderedDict([('Word', 'hummingbird')])
188.5784 	EXP 	text_3: autoDraw = False
188.5784 	EXP 	text_5: autoDraw = False
188.5784 	EXP 	text_3: autoDraw = False
188.5784 	EXP 	text_4: autoDraw = False
188.5784 	EXP 	text_5: autoDraw = False
188.5784 	EXP 	text_3: text = 'hummingbird'
188.5784 	EXP 	text_4: autoDraw = True
189.2157 	DATA 	Keypress: 5
189.2176 	DATA 	Keypress: equal
189.5778 	EXP 	text_3: autoDraw = True
189.5778 	EXP 	text_4: autoDraw = False
190.7150 	DATA 	Keypress: equal
190.7169 	DATA 	Keypress: 5
192.2147 	DATA 	Keypress: 5
192.2167 	DATA 	Keypress: equal
193.7146 	DATA 	Keypress: 5
193.7165 	DATA 	Keypress: equal
194.5779 	EXP 	text_5: autoDraw = True
195.2162 	DATA 	Keypress: 5
195.2181 	DATA 	Keypress: equal
196.7162 	DATA 	Keypress: 1
196.7185 	DATA 	Keypress: 5
196.7202 	DATA 	Keypress: equal
198.2154 	DATA 	Keypress: 5
198.2173 	DATA 	Keypress: equal
199.5634 	EXP 	New trial (rep=0, index=15): OrderedDict([('Word', 'microscope')])
199.5776 	EXP 	text_3: autoDraw = False
199.5776 	EXP 	text_5: autoDraw = False
199.5776 	EXP 	text_3: autoDraw = False
199.5776 	EXP 	text_4: autoDraw = False
199.5776 	EXP 	text_5: autoDraw = False
199.5776 	EXP 	text_3: text = 'microscope'
199.5776 	EXP 	text_4: autoDraw = True
199.7145 	DATA 	Keypress: equal
199.7164 	DATA 	Keypress: 5
200.5609 	EXP 	text_3: autoDraw = True
200.5779 	EXP 	text_4: autoDraw = False
201.2159 	DATA 	Keypress: 5
201.2179 	DATA 	Keypress: equal
202.7155 	DATA 	Keypress: 5
202.7175 	DATA 	Keypress: equal
204.2141 	DATA 	Keypress: 5
204.2161 	DATA 	Keypress: equal
205.5610 	EXP 	text_5: autoDraw = True
205.7154 	DATA 	Keypress: equal
205.7174 	DATA 	Keypress: 5
207.2151 	DATA 	Keypress: equal
207.2170 	DATA 	Keypress: 5
208.3677 	DATA 	Keypress: 2
208.7158 	DATA 	Keypress: 5
208.7177 	DATA 	Keypress: equal
210.2166 	DATA 	Keypress: 5
210.2186 	DATA 	Keypress: equal
210.5465 	EXP 	New trial (rep=0, index=16): OrderedDict([('Word', 'leopard')])
210.5620 	EXP 	text_3: autoDraw = False
210.5620 	EXP 	text_5: autoDraw = False
210.5620 	EXP 	text_3: autoDraw = False
210.5620 	EXP 	text_4: autoDraw = False
210.5620 	EXP 	text_5: autoDraw = False
210.5620 	EXP 	text_3: text = 'leopard'
210.5620 	EXP 	text_4: autoDraw = True
211.5442 	EXP 	text_3: autoDraw = True
211.5774 	EXP 	text_4: autoDraw = False
211.7156 	DATA 	Keypress: 5
211.7176 	DATA 	Keypress: equal
213.2146 	DATA 	Keypress: equal
213.2166 	DATA 	Keypress: 5
214.7145 	DATA 	Keypress: equal
214.7165 	DATA 	Keypress: 5
216.2156 	DATA 	Keypress: 5
216.2175 	DATA 	Keypress: equal
216.5443 	EXP 	text_5: autoDraw = True
217.7149 	DATA 	Keypress: 5
217.7169 	DATA 	Keypress: equal
217.8996 	DATA 	Keypress: 1
219.2156 	DATA 	Keypress: 5
219.2176 	DATA 	Keypress: equal
220.7151 	DATA 	Keypress: equal
220.7170 	DATA 	Keypress: 5
221.5299 	EXP 	New trial (rep=0, index=17): OrderedDict([('Word', 'snowball')])
221.5438 	EXP 	text_3: autoDraw = False
221.5438 	EXP 	text_5: autoDraw = False
221.5438 	EXP 	text_3: autoDraw = False
221.5438 	EXP 	text_4: autoDraw = False
221.5438 	EXP 	text_5: autoDraw = False
221.5438 	EXP 	text_3: text = 'snowball'
221.5438 	EXP 	text_4: autoDraw = True
222.2145 	DATA 	Keypress: equal
222.2165 	DATA 	Keypress: 5
222.5275 	EXP 	text_3: autoDraw = True
222.5444 	EXP 	text_4: autoDraw = False
223.7145 	DATA 	Keypress: equal
223.7165 	DATA 	Keypress: 5
225.2145 	DATA 	Keypress: 5
225.2165 	DATA 	Keypress: equal
226.7144 	DATA 	Keypress: 5
226.7164 	DATA 	Keypress: equal
227.5277 	EXP 	text_5: autoDraw = True
228.2151 	DATA 	Keypress: equal
228.2171 	DATA 	Keypress: 5
228.9655 	DATA 	Keypress: 2
229.7151 	DATA 	Keypress: equal
229.7169 	DATA 	Keypress: 5
231.2157 	DATA 	Keypress: equal
231.2176 	DATA 	Keypress: 5
232.5134 	EXP 	New trial (rep=0, index=18): OrderedDict([('Word', 'baby')])
232.5275 	EXP 	text_3: autoDraw = False
232.5275 	EXP 	text_5: autoDraw = False
232.5275 	EXP 	text_3: autoDraw = False
232.5275 	EXP 	text_4: autoDraw = False
232.5275 	EXP 	text_5: autoDraw = False
232.5275 	EXP 	text_3: text = 'baby'
232.5275 	EXP 	text_4: autoDraw = True
232.7157 	DATA 	Keypress: 5
232.7176 	DATA 	Keypress: equal
233.5109 	EXP 	text_3: autoDraw = True
233.5276 	EXP 	text_4: autoDraw = False
234.2143 	DATA 	Keypress: 5
234.2162 	DATA 	Keypress: equal
235.7151 	DATA 	Keypress: equal
235.7171 	DATA 	Keypress: 5
237.2144 	DATA 	Keypress: 5
237.2164 	DATA 	Keypress: equal
238.5122 	EXP 	text_5: autoDraw = True
238.7150 	DATA 	Keypress: equal
238.7170 	DATA 	Keypress: 5
240.1336 	DATA 	Keypress: 1
240.2156 	DATA 	Keypress: 5
240.2175 	DATA 	Keypress: equal
241.7149 	DATA 	Keypress: 5
241.7169 	DATA 	Keypress: equal
243.2149 	DATA 	Keypress: 5
243.2169 	DATA 	Keypress: equal
243.4977 	EXP 	New trial (rep=0, index=19): OrderedDict([('Word', 'chipmunk')])
243.5113 	EXP 	text_3: autoDraw = False
243.5113 	EXP 	text_5: autoDraw = False
243.5113 	EXP 	text_3: autoDraw = False
243.5113 	EXP 	text_4: autoDraw = False
243.5113 	EXP 	text_5: autoDraw = False
243.5113 	EXP 	text_3: text = 'chipmunk'
243.5113 	EXP 	text_4: autoDraw = True
244.4954 	EXP 	text_3: autoDraw = True
244.5122 	EXP 	text_4: autoDraw = False
244.7146 	DATA 	Keypress: 5
244.7165 	DATA 	Keypress: equal
246.2145 	DATA 	Keypress: 5
246.2165 	DATA 	Keypress: equal
247.7145 	DATA 	Keypress: equal
247.7165 	DATA 	Keypress: 5
249.2142 	DATA 	Keypress: 5
249.2162 	DATA 	Keypress: equal
249.4954 	EXP 	text_5: autoDraw = True
250.7150 	DATA 	Keypress: 5
250.7169 	DATA 	Keypress: equal
251.1664 	DATA 	Keypress: 1
252.2150 	DATA 	Keypress: equal
252.2169 	DATA 	Keypress: 5
253.7149 	DATA 	Keypress: equal
253.7169 	DATA 	Keypress: 5
254.4953 	EXP 	text_3: autoDraw = False
254.4953 	EXP 	text_5: autoDraw = False
254.4953 	EXP 	text_3: autoDraw = False
254.4953 	EXP 	text_4: autoDraw = False
254.4953 	EXP 	text_5: autoDraw = False
254.4953 	EXP 	text_6: autoDraw = True
255.2138 	DATA 	Keypress: equal
255.2154 	DATA 	Keypress: 5
256.7145 	DATA 	Keypress: 5
256.7164 	DATA 	Keypress: equal
258.2148 	DATA 	Keypress: equal
258.2167 	DATA 	Keypress: 5
259.4950 	EXP 	text_6: autoDraw = False
259.4950 	EXP 	text_6: autoDraw = False
259.7701 	EXP 	window1: mouseVisible = True
