6.8612 	EXP 	Created window1 = Window(allowGUI=False, allowStencil=False, args=UNKNOWN, autoLog=True, bitsMode=UNKNOWN, blendMode='avg', color=array([0., 0., 0.]), colorSpace='rgb', fullscr=<method-wrapper '__getattribute__' of attributeSetter object at 0x121d8fd30>, gamma=None, gammaErrorPolicy='raise', kwargs=UNKNOWN, lms=UNKNOWN, monitor=<psychopy.monitors.calibTools.Monitor object at 0x1881b09b0>, multiSample=False, name='window1', numSamples=2, pos=[0.0, 0.0], screen=0, size=array([1920, 1080]), stereo=False, units='height', useFBO=True, useRetina=False, viewOri=0.0, viewPos=None, viewScale=None, waitBlanking=True, winType='pyglet')
6.8612 	EXP 	window1: recordFrameIntervals = False
7.0277 	EXP 	window1: recordFrameIntervals = True
7.2110 	EXP 	window1: recordFrameIntervals = False
7.5912 	EXP 	Created text = TextStim(__class__=<class 'psychopy.visual.text.TextStim'>, alignHoriz='center', alignVert='center', antialias=True, autoLog=True, bold=False, color='white', colorSpace='named', contrast=1.0, depth=0.0, flipHoriz=False, flipVert=False, font='Arial', fontFiles=[], height=0.03, italic=False, languageStyle='LTR', name='text', opacity=1.0, ori=0, pos=array([0., 0.]), rgb=array([255., 255., 255.]), text=str(...), units='height', win=Window(...), wrapWidth=1)
7.6311 	EXP 	Created text_2 = TextStim(__class__=<class 'psychopy.visual.text.TextStim'>, alignHoriz='center', alignVert='center', antialias=True, autoLog=True, bold=False, color='white', colorSpace='named', contrast=1.0, depth=0.0, flipHoriz=False, flipVert=False, font='Arial', fontFiles=[], height=0.1, italic=False, languageStyle='LTR', name='text_2', opacity=1.0, ori=0, pos=array([0., 0.]), rgb=array([255., 255., 255.]), text='Waiting for the scanner\n', units='height', win=Window(...), wrapWidth=1)
7.6674 	EXP 	Created text_3 = TextStim(__class__=<class 'psychopy.visual.text.TextStim'>, alignHoriz='center', alignVert='center', antialias=True, autoLog=True, bold=False, color='white', colorSpace='named', contrast=1.0, depth=0.0, flipHoriz=False, flipVert=False, font='Arial', fontFiles=[], height=0.1, italic=False, languageStyle='LTR', name='text_3', opacity=1.0, ori=0, pos=array([0., 0.]), rgb=array([255., 255., 255.]), text='default text', units='height', win=Window(...), wrapWidth=1)
7.6699 	EXP 	Created text_4 = TextStim(__class__=<class 'psychopy.visual.text.TextStim'>, alignHoriz='center', alignVert='center', antialias=True, autoLog=True, bold=False, color='white', colorSpace='named', contrast=1.0, depth=-1.0, flipHoriz=False, flipVert=False, font='Arial', fontFiles=[], height=0.1, italic=False, languageStyle='LTR', name='text_4', opacity=1.0, ori=0, pos=array([0., 0.]), rgb=array([255., 255., 255.]), text='+', units='height', win=Window(...), wrapWidth=1)
7.6831 	EXP 	Created text_5 = TextStim(__class__=<class 'psychopy.visual.text.TextStim'>, alignHoriz='center', alignVert='center', antialias=True, autoLog=True, bold=False, color='white', colorSpace='named', contrast=1.0, depth=-2.0, flipHoriz=False, flipVert=False, font='Arial', fontFiles=[], height=0.02, italic=False, languageStyle='LTR', name='text_5', opacity=1.0, ori=0, pos=array([ 0. , -0.3]), rgb=array([255., 255., 255.]), text=str(...), units='height', win=Window(...), wrapWidth=1)
7.7212 	EXP 	Created text_6 = TextStim(__class__=<class 'psychopy.visual.text.TextStim'>, alignHoriz='center', alignVert='center', antialias=True, autoLog=True, bold=False, color='white', colorSpace='named', contrast=1.0, depth=0.0, flipHoriz=False, flipVert=False, font='Arial', fontFiles=[], height=0.1, italic=False, languageStyle='LTR', name='text_6', opacity=1.0, ori=0, pos=array([0., 0.]), rgb=array([255., 255., 255.]), text="That's the end of this task\n", units='height', win=Window(...), wrapWidth=1)
7.7278 	EXP 	text: autoDraw = True
9.4007 	DATA 	Keypress: 1
9.4107 	EXP 	text: autoDraw = False
9.4107 	EXP 	text_2: autoDraw = True
26.4362 	EXP 	Imported wl.csv as conditions, 40 conditions, 1 params
26.4367 	EXP 	Created sequence: random, trialTypes=40, nReps=1, seed=None
26.4370 	EXP 	New trial (rep=0, index=0): OrderedDict([('Word', 'knight')])
26.4440 	DATA 	Keypress: 5
26.4458 	DATA 	Keypress: equal
26.4615 	EXP 	text_2: autoDraw = False
26.4615 	EXP 	text_3: text = 'knight'
26.4615 	EXP 	text_4: autoDraw = True
27.4455 	EXP 	text_3: autoDraw = True
27.4623 	EXP 	text_4: autoDraw = False
27.9333 	DATA 	Keypress: 5
27.9353 	DATA 	Keypress: equal
28.1976 	DATA 	Keypress: 1
29.4328 	DATA 	Keypress: 5
29.4348 	DATA 	Keypress: equal
30.9332 	DATA 	Keypress: 5
30.9353 	DATA 	Keypress: equal
32.4338 	DATA 	Keypress: 5
32.4359 	DATA 	Keypress: equal
32.4446 	EXP 	text_5: autoDraw = True
33.9330 	DATA 	Keypress: 5
33.9350 	DATA 	Keypress: equal
35.4338 	DATA 	Keypress: 5
35.4359 	DATA 	Keypress: equal
36.9327 	DATA 	Keypress: 5
36.9346 	DATA 	Keypress: equal
37.4317 	EXP 	New trial (rep=0, index=1): OrderedDict([('Word', 'chipmunk')])
37.4441 	EXP 	text_3: autoDraw = False
37.4441 	EXP 	text_5: autoDraw = False
37.4441 	EXP 	text_3: autoDraw = False
37.4441 	EXP 	text_4: autoDraw = False
37.4441 	EXP 	text_5: autoDraw = False
37.4441 	EXP 	text_3: text = 'chipmunk'
37.4441 	EXP 	text_4: autoDraw = True
38.4331 	DATA 	Keypress: 5
38.4351 	DATA 	Keypress: equal
38.4453 	EXP 	text_3: autoDraw = True
38.4453 	EXP 	text_4: autoDraw = False
39.3312 	DATA 	Keypress: 1
39.9333 	DATA 	Keypress: 5
39.9354 	DATA 	Keypress: equal
41.4325 	DATA 	Keypress: 5
41.4346 	DATA 	Keypress: equal
42.9332 	DATA 	Keypress: 5
42.9352 	DATA 	Keypress: equal
43.4450 	EXP 	text_5: autoDraw = True
44.4337 	DATA 	Keypress: 5
44.4358 	DATA 	Keypress: equal
45.9332 	DATA 	Keypress: 5
45.9352 	DATA 	Keypress: equal
47.4331 	DATA 	Keypress: 5
47.4351 	DATA 	Keypress: equal
48.4306 	EXP 	New trial (rep=0, index=2): OrderedDict([('Word', 'donkey')])
48.4451 	EXP 	text_3: autoDraw = False
48.4451 	EXP 	text_5: autoDraw = False
48.4451 	EXP 	text_3: autoDraw = False
48.4451 	EXP 	text_4: autoDraw = False
48.4451 	EXP 	text_5: autoDraw = False
48.4451 	EXP 	text_3: text = 'donkey'
48.4451 	EXP 	text_4: autoDraw = True
48.9318 	DATA 	Keypress: 5
48.9338 	DATA 	Keypress: equal
49.4282 	EXP 	text_3: autoDraw = True
49.4453 	EXP 	text_4: autoDraw = False
50.4330 	DATA 	Keypress: 1
50.4354 	DATA 	Keypress: 5
50.4371 	DATA 	Keypress: equal
51.9327 	DATA 	Keypress: 5
51.9348 	DATA 	Keypress: equal
53.4328 	DATA 	Keypress: 5
53.4349 	DATA 	Keypress: equal
54.4285 	EXP 	text_5: autoDraw = True
54.9332 	DATA 	Keypress: 5
54.9352 	DATA 	Keypress: equal
56.4324 	DATA 	Keypress: 5
56.4342 	DATA 	Keypress: equal
57.9323 	DATA 	Keypress: 5
57.9341 	DATA 	Keypress: equal
59.4137 	EXP 	New trial (rep=0, index=3): OrderedDict([('Word', 'swan')])
59.4217 	DATA 	Keypress: 5
59.4235 	DATA 	Keypress: equal
59.4276 	EXP 	text_3: autoDraw = False
59.4276 	EXP 	text_5: autoDraw = False
59.4276 	EXP 	text_3: autoDraw = False
59.4276 	EXP 	text_4: autoDraw = False
59.4276 	EXP 	text_5: autoDraw = False
59.4276 	EXP 	text_3: text = 'swan'
59.4276 	EXP 	text_4: autoDraw = True
60.4116 	EXP 	text_3: autoDraw = True
60.4285 	EXP 	text_4: autoDraw = False
60.9329 	DATA 	Keypress: 5
60.9349 	DATA 	Keypress: equal
62.4331 	DATA 	Keypress: 5
62.4352 	DATA 	Keypress: equal
62.4476 	DATA 	Keypress: 1
63.9328 	DATA 	Keypress: 5
63.9348 	DATA 	Keypress: equal
65.4117 	EXP 	text_5: autoDraw = True
65.4336 	DATA 	Keypress: 5
65.4357 	DATA 	Keypress: equal
66.9338 	DATA 	Keypress: 5
66.9359 	DATA 	Keypress: equal
68.4338 	DATA 	Keypress: 5
68.4358 	DATA 	Keypress: equal
69.9329 	DATA 	Keypress: 5
69.9350 	DATA 	Keypress: equal
70.3970 	EXP 	New trial (rep=0, index=4): OrderedDict([('Word', 'bulldozer')])
70.4111 	EXP 	text_3: autoDraw = False
70.4111 	EXP 	text_5: autoDraw = False
70.4111 	EXP 	text_3: autoDraw = False
70.4111 	EXP 	text_4: autoDraw = False
70.4111 	EXP 	text_5: autoDraw = False
70.4111 	EXP 	text_3: text = 'bulldozer'
70.4111 	EXP 	text_4: autoDraw = True
71.4122 	EXP 	text_3: autoDraw = True
71.4122 	EXP 	text_4: autoDraw = False
71.4327 	DATA 	Keypress: 5
71.4348 	DATA 	Keypress: equal
72.9314 	DATA 	Keypress: 5
72.9334 	DATA 	Keypress: equal
73.2491 	DATA 	Keypress: 2
74.4316 	DATA 	Keypress: 5
74.4333 	DATA 	Keypress: equal
75.9321 	DATA 	Keypress: 5
75.9342 	DATA 	Keypress: equal
76.4114 	EXP 	text_5: autoDraw = True
77.4337 	DATA 	Keypress: 5
77.4357 	DATA 	Keypress: equal
78.9331 	DATA 	Keypress: 5
78.9351 	DATA 	Keypress: equal
80.4314 	DATA 	Keypress: 5
80.4332 	DATA 	Keypress: equal
81.4115 	EXP 	text_5: autoDraw = False
81.4132 	EXP 	New trial (rep=0, index=5): OrderedDict([('Word', 'fingerprint')])
81.4283 	EXP 	text_3: autoDraw = False
81.4283 	EXP 	text_3: autoDraw = False
81.4283 	EXP 	text_4: autoDraw = False
81.4283 	EXP 	text_5: autoDraw = False
81.4283 	EXP 	text_3: text = 'fingerprint'
81.4283 	EXP 	text_4: autoDraw = True
81.9317 	DATA 	Keypress: 5
81.9337 	DATA 	Keypress: equal
82.4111 	EXP 	text_3: autoDraw = True
82.4283 	EXP 	text_4: autoDraw = False
83.4321 	DATA 	Keypress: 5
83.4341 	DATA 	Keypress: equal
83.6813 	DATA 	Keypress: 2
84.9306 	DATA 	Keypress: 5
84.9325 	DATA 	Keypress: equal
86.4320 	DATA 	Keypress: 5
86.4341 	DATA 	Keypress: equal
87.4115 	EXP 	text_5: autoDraw = True
87.9325 	DATA 	Keypress: 5
87.9345 	DATA 	Keypress: equal
89.4337 	DATA 	Keypress: 5
89.4358 	DATA 	Keypress: equal
90.9324 	DATA 	Keypress: 5
90.9345 	DATA 	Keypress: equal
92.3968 	EXP 	New trial (rep=0, index=6): OrderedDict([('Word', 'ladybug')])
92.4108 	EXP 	text_3: autoDraw = False
92.4108 	EXP 	text_5: autoDraw = False
92.4108 	EXP 	text_3: autoDraw = False
92.4108 	EXP 	text_4: autoDraw = False
92.4108 	EXP 	text_5: autoDraw = False
92.4108 	EXP 	text_3: text = 'ladybug'
92.4108 	EXP 	text_4: autoDraw = True
92.4307 	DATA 	Keypress: 5
92.4324 	DATA 	Keypress: equal
93.3945 	EXP 	text_3: autoDraw = True
93.4108 	EXP 	text_4: autoDraw = False
93.9323 	DATA 	Keypress: 5
93.9343 	DATA 	Keypress: equal
94.5973 	DATA 	Keypress: 1
95.4311 	DATA 	Keypress: 5
95.4328 	DATA 	Keypress: equal
96.9320 	DATA 	Keypress: 5
96.9340 	DATA 	Keypress: equal
98.3941 	EXP 	text_5: autoDraw = True
98.4325 	DATA 	Keypress: 5
98.4346 	DATA 	Keypress: equal
99.9323 	DATA 	Keypress: 5
99.9343 	DATA 	Keypress: equal
101.4341 	DATA 	Keypress: 5
101.4363 	DATA 	Keypress: equal
102.9329 	DATA 	Keypress: 5
102.9350 	DATA 	Keypress: equal
103.3802 	EXP 	New trial (rep=0, index=7): OrderedDict([('Word', 'coyote')])
103.3948 	EXP 	text_3: autoDraw = False
103.3948 	EXP 	text_5: autoDraw = False
103.3948 	EXP 	text_3: autoDraw = False
103.3948 	EXP 	text_4: autoDraw = False
103.3948 	EXP 	text_5: autoDraw = False
103.3948 	EXP 	text_3: text = 'coyote'
103.3948 	EXP 	text_4: autoDraw = True
104.3779 	EXP 	text_3: autoDraw = True
104.3941 	EXP 	text_4: autoDraw = False
104.4319 	DATA 	Keypress: 5
104.4340 	DATA 	Keypress: equal
105.2149 	DATA 	Keypress: 1
105.9324 	DATA 	Keypress: 5
105.9344 	DATA 	Keypress: equal
107.4328 	DATA 	Keypress: 5
107.4349 	DATA 	Keypress: equal
108.9328 	DATA 	Keypress: 5
108.9348 	DATA 	Keypress: equal
109.3779 	EXP 	text_5: autoDraw = True
110.4329 	DATA 	Keypress: 5
110.4349 	DATA 	Keypress: equal
111.9328 	DATA 	Keypress: 5
111.9348 	DATA 	Keypress: equal
113.4340 	DATA 	Keypress: 5
113.4360 	DATA 	Keypress: equal
114.3633 	EXP 	New trial (rep=0, index=8): OrderedDict([('Word', 'scalpel')])
114.3774 	EXP 	text_3: autoDraw = False
114.3774 	EXP 	text_5: autoDraw = False
114.3774 	EXP 	text_3: autoDraw = False
114.3774 	EXP 	text_4: autoDraw = False
114.3774 	EXP 	text_5: autoDraw = False
114.3774 	EXP 	text_3: text = 'scalpel'
114.3774 	EXP 	text_4: autoDraw = True
114.9303 	DATA 	Keypress: 5
114.9320 	DATA 	Keypress: equal
115.3612 	EXP 	text_3: autoDraw = True
115.3775 	EXP 	text_4: autoDraw = False
116.4311 	DATA 	Keypress: 5
116.4330 	DATA 	Keypress: equal
116.5835 	DATA 	Keypress: 2
117.9321 	DATA 	Keypress: 5
117.9341 	DATA 	Keypress: equal
119.4319 	DATA 	Keypress: 5
119.4339 	DATA 	Keypress: equal
120.3612 	EXP 	text_5: autoDraw = True
120.9340 	DATA 	Keypress: 5
120.9361 	DATA 	Keypress: equal
122.4318 	DATA 	Keypress: 5
122.4338 	DATA 	Keypress: equal
123.9316 	DATA 	Keypress: 5
123.9335 	DATA 	Keypress: equal
125.3466 	EXP 	New trial (rep=0, index=9): OrderedDict([('Word', 'leopard')])
125.3609 	EXP 	text_3: autoDraw = False
125.3609 	EXP 	text_5: autoDraw = False
125.3609 	EXP 	text_3: autoDraw = False
125.3609 	EXP 	text_4: autoDraw = False
125.3609 	EXP 	text_5: autoDraw = False
125.3609 	EXP 	text_3: text = 'leopard'
125.3609 	EXP 	text_4: autoDraw = True
125.4324 	DATA 	Keypress: 5
125.4345 	DATA 	Keypress: equal
126.3450 	EXP 	text_3: autoDraw = True
126.3609 	EXP 	text_4: autoDraw = False
126.9322 	DATA 	Keypress: 5
126.9343 	DATA 	Keypress: equal
127.4489 	DATA 	Keypress: 1
128.4334 	DATA 	Keypress: 5
128.4354 	DATA 	Keypress: equal
129.9329 	DATA 	Keypress: 5
129.9350 	DATA 	Keypress: equal
131.3456 	EXP 	text_5: autoDraw = True
131.4313 	DATA 	Keypress: 5
131.4331 	DATA 	Keypress: equal
132.9330 	DATA 	Keypress: 5
132.9349 	DATA 	Keypress: equal
134.4331 	DATA 	Keypress: 5
134.4352 	DATA 	Keypress: equal
135.9339 	DATA 	Keypress: 5
135.9359 	DATA 	Keypress: equal
136.3459 	EXP 	text_3: autoDraw = False
136.3479 	EXP 	New trial (rep=0, index=10): OrderedDict([('Word', 'porcupine')])
136.3612 	EXP 	text_5: autoDraw = False
136.3612 	EXP 	text_3: autoDraw = False
136.3612 	EXP 	text_4: autoDraw = False
136.3612 	EXP 	text_5: autoDraw = False
136.3612 	EXP 	text_3: text = 'porcupine'
136.3612 	EXP 	text_4: autoDraw = True
137.3610 	EXP 	text_3: autoDraw = True
137.3610 	EXP 	text_4: autoDraw = False
137.4336 	DATA 	Keypress: 5
137.4356 	DATA 	Keypress: equal
138.1317 	DATA 	Keypress: 1
138.9318 	DATA 	Keypress: 5
138.9338 	DATA 	Keypress: equal
140.4321 	DATA 	Keypress: 5
140.4341 	DATA 	Keypress: equal
141.9330 	DATA 	Keypress: 5
141.9350 	DATA 	Keypress: equal
142.3610 	EXP 	text_5: autoDraw = True
143.4331 	DATA 	Keypress: 5
143.4352 	DATA 	Keypress: equal
144.9317 	DATA 	Keypress: 5
144.9337 	DATA 	Keypress: equal
146.4327 	DATA 	Keypress: 5
146.4346 	DATA 	Keypress: equal
147.3477 	EXP 	New trial (rep=0, index=11): OrderedDict([('Word', 'umbrella')])
147.3609 	EXP 	text_3: autoDraw = False
147.3609 	EXP 	text_5: autoDraw = False
147.3609 	EXP 	text_3: autoDraw = False
147.3609 	EXP 	text_4: autoDraw = False
147.3609 	EXP 	text_5: autoDraw = False
147.3609 	EXP 	text_3: text = 'umbrella'
147.3609 	EXP 	text_4: autoDraw = True
147.9326 	DATA 	Keypress: 5
147.9345 	DATA 	Keypress: equal
148.3454 	EXP 	text_3: autoDraw = True
148.3624 	EXP 	text_4: autoDraw = False
149.3168 	DATA 	Keypress: 2
149.4297 	DATA 	Keypress: 5
149.4308 	DATA 	Keypress: equal
150.9338 	DATA 	Keypress: 5
150.9358 	DATA 	Keypress: equal
152.4332 	DATA 	Keypress: 5
152.4353 	DATA 	Keypress: equal
153.3456 	EXP 	text_5: autoDraw = True
153.9336 	DATA 	Keypress: 5
153.9356 	DATA 	Keypress: equal
155.4336 	DATA 	Keypress: 5
155.4356 	DATA 	Keypress: equal
156.9327 	DATA 	Keypress: 5
156.9345 	DATA 	Keypress: equal
158.3310 	EXP 	New trial (rep=0, index=12): OrderedDict([('Word', 'axe')])
158.3448 	EXP 	text_3: autoDraw = False
158.3448 	EXP 	text_5: autoDraw = False
158.3448 	EXP 	text_3: autoDraw = False
158.3448 	EXP 	text_4: autoDraw = False
158.3448 	EXP 	text_5: autoDraw = False
158.3448 	EXP 	text_3: text = 'axe'
158.3448 	EXP 	text_4: autoDraw = True
158.4318 	DATA 	Keypress: 5
158.4338 	DATA 	Keypress: equal
159.3289 	EXP 	text_3: autoDraw = True
159.3456 	EXP 	text_4: autoDraw = False
159.9323 	DATA 	Keypress: 5
159.9344 	DATA 	Keypress: equal
160.3305 	DATA 	Keypress: 2
161.4317 	DATA 	Keypress: 5
161.4337 	DATA 	Keypress: equal
162.9331 	DATA 	Keypress: 5
162.9351 	DATA 	Keypress: equal
164.3287 	EXP 	text_5: autoDraw = True
164.4321 	DATA 	Keypress: 5
164.4340 	DATA 	Keypress: equal
165.9321 	DATA 	Keypress: 5
165.9340 	DATA 	Keypress: equal
167.4325 	DATA 	Keypress: 5
167.4346 	DATA 	Keypress: equal
168.9332 	DATA 	Keypress: equal
168.9352 	DATA 	Keypress: 5
169.3140 	EXP 	New trial (rep=0, index=13): OrderedDict([('Word', 'keyboard')])
169.3281 	EXP 	text_3: autoDraw = False
169.3281 	EXP 	text_5: autoDraw = False
169.3281 	EXP 	text_3: autoDraw = False
169.3281 	EXP 	text_4: autoDraw = False
169.3281 	EXP 	text_5: autoDraw = False
169.3281 	EXP 	text_3: text = 'keyboard'
169.3281 	EXP 	text_4: autoDraw = True
170.3120 	EXP 	text_3: autoDraw = True
170.3287 	EXP 	text_4: autoDraw = False
170.4321 	DATA 	Keypress: 5
170.4343 	DATA 	Keypress: equal
171.5478 	DATA 	Keypress: 2
171.9320 	DATA 	Keypress: 5
171.9339 	DATA 	Keypress: equal
173.4328 	DATA 	Keypress: 5
173.4348 	DATA 	Keypress: equal
174.9329 	DATA 	Keypress: 5
174.9350 	DATA 	Keypress: equal
175.3120 	EXP 	text_5: autoDraw = True
176.4321 	DATA 	Keypress: 5
176.4339 	DATA 	Keypress: equal
177.9342 	DATA 	Keypress: 5
177.9362 	DATA 	Keypress: equal
179.4341 	DATA 	Keypress: 5
179.4362 	DATA 	Keypress: equal
180.2973 	EXP 	New trial (rep=0, index=14): OrderedDict([('Word', 'stove')])
180.3114 	EXP 	text_3: autoDraw = False
180.3114 	EXP 	text_5: autoDraw = False
180.3114 	EXP 	text_3: autoDraw = False
180.3114 	EXP 	text_4: autoDraw = False
180.3114 	EXP 	text_5: autoDraw = False
180.3114 	EXP 	text_3: text = 'stove'
180.3114 	EXP 	text_4: autoDraw = True
180.9328 	DATA 	Keypress: 5
180.9348 	DATA 	Keypress: equal
181.2953 	EXP 	text_3: autoDraw = True
181.3115 	EXP 	text_4: autoDraw = False
182.4323 	DATA 	Keypress: 5
182.4343 	DATA 	Keypress: equal
182.8310 	DATA 	Keypress: 2
183.9336 	DATA 	Keypress: 5
183.9357 	DATA 	Keypress: equal
185.4329 	DATA 	Keypress: 5
185.4350 	DATA 	Keypress: equal
186.2953 	EXP 	text_5: autoDraw = True
186.9308 	DATA 	Keypress: 5
186.9328 	DATA 	Keypress: equal
188.4334 	DATA 	Keypress: 5
188.4355 	DATA 	Keypress: equal
189.9785 	DATA 	Keypress: 5
189.9797 	DATA 	Keypress: equal
191.2803 	EXP 	New trial (rep=0, index=15): OrderedDict([('Word', 'elephant')])
191.2947 	EXP 	text_3: autoDraw = False
191.2947 	EXP 	text_5: autoDraw = False
191.2947 	EXP 	text_3: autoDraw = False
191.2947 	EXP 	text_4: autoDraw = False
191.2947 	EXP 	text_5: autoDraw = False
191.2947 	EXP 	text_3: text = 'elephant'
191.2947 	EXP 	text_4: autoDraw = True
191.4319 	DATA 	Keypress: 5
191.4336 	DATA 	Keypress: equal
192.2786 	EXP 	text_3: autoDraw = True
192.2950 	EXP 	text_4: autoDraw = False
192.9328 	DATA 	Keypress: 5
192.9349 	DATA 	Keypress: equal
193.2146 	DATA 	Keypress: 1
194.4334 	DATA 	Keypress: 5
194.4354 	DATA 	Keypress: equal
195.9337 	DATA 	Keypress: 5
195.9356 	DATA 	Keypress: equal
197.2780 	EXP 	text_5: autoDraw = True
197.4339 	DATA 	Keypress: 5
197.4359 	DATA 	Keypress: equal
198.9329 	DATA 	Keypress: 5
198.9350 	DATA 	Keypress: equal
199.9669 	DATA 	Keypress: 1
200.4334 	DATA 	Keypress: 5
200.4354 	DATA 	Keypress: equal
201.9346 	DATA 	Keypress: 5
201.9367 	DATA 	Keypress: equal
202.2652 	EXP 	New trial (rep=0, index=16): OrderedDict([('Word', 'grandfather')])
202.2790 	EXP 	text_3: autoDraw = False
202.2790 	EXP 	text_5: autoDraw = False
202.2790 	EXP 	text_3: autoDraw = False
202.2790 	EXP 	text_4: autoDraw = False
202.2790 	EXP 	text_5: autoDraw = False
202.2790 	EXP 	text_3: text = 'grandfather'
202.2790 	EXP 	text_4: autoDraw = True
203.2630 	EXP 	text_3: autoDraw = True
203.2782 	EXP 	text_4: autoDraw = False
203.4333 	DATA 	Keypress: 5
203.4353 	DATA 	Keypress: equal
204.8319 	DATA 	Keypress: 1
204.9327 	DATA 	Keypress: 5
204.9347 	DATA 	Keypress: equal
206.4336 	DATA 	Keypress: 5
206.4356 	DATA 	Keypress: equal
207.9336 	DATA 	Keypress: 5
207.9355 	DATA 	Keypress: equal
208.2631 	EXP 	text_5: autoDraw = True
209.4342 	DATA 	Keypress: 5
209.4363 	DATA 	Keypress: equal
210.9332 	DATA 	Keypress: equal
210.9353 	DATA 	Keypress: 5
212.4333 	DATA 	Keypress: 5
212.4354 	DATA 	Keypress: equal
213.2481 	EXP 	New trial (rep=0, index=17): OrderedDict([('Word', 'hummingbird')])
213.2622 	EXP 	text_3: autoDraw = False
213.2622 	EXP 	text_5: autoDraw = False
213.2622 	EXP 	text_3: autoDraw = False
213.2622 	EXP 	text_4: autoDraw = False
213.2622 	EXP 	text_5: autoDraw = False
213.2622 	EXP 	text_3: text = 'hummingbird'
213.2622 	EXP 	text_4: autoDraw = True
213.9335 	DATA 	Keypress: 5
213.9355 	DATA 	Keypress: equal
214.2625 	EXP 	text_3: autoDraw = True
214.2625 	EXP 	text_4: autoDraw = False
215.1485 	DATA 	Keypress: 1
215.4338 	DATA 	Keypress: 5
215.4357 	DATA 	Keypress: equal
216.9321 	DATA 	Keypress: 5
216.9341 	DATA 	Keypress: equal
218.4331 	DATA 	Keypress: equal
218.4352 	DATA 	Keypress: 5
219.2627 	EXP 	text_5: autoDraw = True
219.9336 	DATA 	Keypress: 5
219.9357 	DATA 	Keypress: equal
221.4337 	DATA 	Keypress: 5
221.4358 	DATA 	Keypress: equal
222.9330 	DATA 	Keypress: 5
222.9349 	DATA 	Keypress: equal
224.2479 	EXP 	New trial (rep=0, index=18): OrderedDict([('Word', 'violinist')])
224.2624 	EXP 	text_3: autoDraw = False
224.2624 	EXP 	text_5: autoDraw = False
224.2624 	EXP 	text_3: autoDraw = False
224.2624 	EXP 	text_4: autoDraw = False
224.2624 	EXP 	text_5: autoDraw = False
224.2624 	EXP 	text_3: text = 'violinist'
224.2624 	EXP 	text_4: autoDraw = True
224.4331 	DATA 	Keypress: 5
224.4352 	DATA 	Keypress: equal
225.2449 	EXP 	text_3: autoDraw = True
225.2627 	EXP 	text_4: autoDraw = False
225.9162 	DATA 	Keypress: 1
225.9183 	DATA 	Keypress: equal
225.9199 	DATA 	Keypress: 5
227.4475 	DATA 	Keypress: 5
227.4492 	DATA 	Keypress: equal
228.9329 	DATA 	Keypress: 5
228.9351 	DATA 	Keypress: equal
230.2459 	EXP 	text_5: autoDraw = True
230.4338 	DATA 	Keypress: 5
230.4360 	DATA 	Keypress: equal
231.9339 	DATA 	Keypress: 5
231.9359 	DATA 	Keypress: equal
233.4340 	DATA 	Keypress: equal
233.4360 	DATA 	Keypress: 5
234.9340 	DATA 	Keypress: 5
234.9359 	DATA 	Keypress: equal
235.2311 	EXP 	New trial (rep=0, index=19): OrderedDict([('Word', 'snowball')])
235.2457 	EXP 	text_3: autoDraw = False
235.2457 	EXP 	text_5: autoDraw = False
235.2457 	EXP 	text_3: autoDraw = False
235.2457 	EXP 	text_4: autoDraw = False
235.2457 	EXP 	text_5: autoDraw = False
235.2457 	EXP 	text_3: text = 'snowball'
235.2457 	EXP 	text_4: autoDraw = True
236.2287 	EXP 	text_3: autoDraw = True
236.2460 	EXP 	text_4: autoDraw = False
236.4328 	DATA 	Keypress: 5
236.4348 	DATA 	Keypress: equal
237.3319 	DATA 	Keypress: 2
237.9336 	DATA 	Keypress: 5
237.9356 	DATA 	Keypress: equal
239.4336 	DATA 	Keypress: 5
239.4355 	DATA 	Keypress: equal
240.9332 	DATA 	Keypress: 5
240.9352 	DATA 	Keypress: equal
241.2292 	EXP 	text_5: autoDraw = True
242.4342 	DATA 	Keypress: 5
242.4361 	DATA 	Keypress: equal
243.9327 	DATA 	Keypress: equal
243.9344 	DATA 	Keypress: 5
245.4325 	DATA 	Keypress: 5
245.4344 	DATA 	Keypress: equal
246.2143 	EXP 	New trial (rep=0, index=20): OrderedDict([('Word', 'passport')])
246.2292 	EXP 	text_3: autoDraw = False
246.2292 	EXP 	text_5: autoDraw = False
246.2292 	EXP 	text_3: autoDraw = False
246.2292 	EXP 	text_4: autoDraw = False
246.2292 	EXP 	text_5: autoDraw = False
246.2292 	EXP 	text_3: text = 'passport'
246.2292 	EXP 	text_4: autoDraw = True
246.9334 	DATA 	Keypress: 5
246.9354 	DATA 	Keypress: equal
247.2122 	EXP 	text_3: autoDraw = True
247.2291 	EXP 	text_4: autoDraw = False
248.0322 	DATA 	Keypress: 2
248.4330 	DATA 	Keypress: 5
248.4351 	DATA 	Keypress: equal
249.9330 	DATA 	Keypress: equal
249.9351 	DATA 	Keypress: 5
251.4339 	DATA 	Keypress: 5
251.4358 	DATA 	Keypress: equal
252.2118 	EXP 	text_5: autoDraw = True
252.9327 	DATA 	Keypress: 5
252.9347 	DATA 	Keypress: equal
254.4336 	DATA 	Keypress: 5
254.4356 	DATA 	Keypress: equal
255.9328 	DATA 	Keypress: equal
255.9349 	DATA 	Keypress: 5
257.1972 	EXP 	New trial (rep=0, index=21): OrderedDict([('Word', 'treadmill')])
257.2116 	EXP 	text_3: autoDraw = False
257.2116 	EXP 	text_5: autoDraw = False
257.2116 	EXP 	text_3: autoDraw = False
257.2116 	EXP 	text_4: autoDraw = False
257.2116 	EXP 	text_5: autoDraw = False
257.2116 	EXP 	text_3: text = 'treadmill'
257.2116 	EXP 	text_4: autoDraw = True
257.4332 	DATA 	Keypress: 5
257.4352 	DATA 	Keypress: equal
258.1956 	EXP 	text_3: autoDraw = True
258.2120 	EXP 	text_4: autoDraw = False
258.9332 	DATA 	Keypress: 5
258.9352 	DATA 	Keypress: equal
259.7825 	DATA 	Keypress: 2
260.4331 	DATA 	Keypress: 5
260.4351 	DATA 	Keypress: equal
261.9336 	DATA 	Keypress: 5
261.9356 	DATA 	Keypress: equal
263.1952 	EXP 	text_5: autoDraw = True
263.4336 	DATA 	Keypress: equal
263.4356 	DATA 	Keypress: 5
264.9322 	DATA 	Keypress: equal
264.9342 	DATA 	Keypress: 5
266.4326 	DATA 	Keypress: 5
266.4346 	DATA 	Keypress: equal
267.9321 	DATA 	Keypress: equal
267.9339 	DATA 	Keypress: 5
268.1808 	EXP 	New trial (rep=0, index=22): OrderedDict([('Word', 'hair')])
268.1952 	EXP 	text_3: autoDraw = False
268.1952 	EXP 	text_5: autoDraw = False
268.1952 	EXP 	text_3: autoDraw = False
268.1952 	EXP 	text_4: autoDraw = False
268.1952 	EXP 	text_5: autoDraw = False
268.1952 	EXP 	text_3: text = 'hair'
268.1952 	EXP 	text_4: autoDraw = True
269.1788 	EXP 	text_3: autoDraw = True
269.1951 	EXP 	text_4: autoDraw = False
269.4335 	DATA 	Keypress: 5
269.4355 	DATA 	Keypress: equal
270.8479 	DATA 	Keypress: 2
270.9334 	DATA 	Keypress: 5
270.9354 	DATA 	Keypress: equal
272.4325 	DATA 	Keypress: 5
272.4346 	DATA 	Keypress: equal
273.9326 	DATA 	Keypress: 5
273.9347 	DATA 	Keypress: equal
274.1785 	EXP 	text_5: autoDraw = True
275.4331 	DATA 	Keypress: 5
275.4351 	DATA 	Keypress: equal
276.9340 	DATA 	Keypress: 5
276.9360 	DATA 	Keypress: equal
278.4326 	DATA 	Keypress: 5
278.4345 	DATA 	Keypress: equal
279.1634 	EXP 	New trial (rep=0, index=23): OrderedDict([('Word', 'microscope')])
279.1796 	EXP 	text_3: autoDraw = False
279.1796 	EXP 	text_5: autoDraw = False
279.1796 	EXP 	text_3: autoDraw = False
279.1796 	EXP 	text_4: autoDraw = False
279.1796 	EXP 	text_5: autoDraw = False
279.1796 	EXP 	text_3: text = 'microscope'
279.1796 	EXP 	text_4: autoDraw = True
279.9322 	DATA 	Keypress: 5
279.9340 	DATA 	Keypress: equal
280.1633 	EXP 	text_3: autoDraw = True
280.1785 	EXP 	text_4: autoDraw = False
281.4339 	DATA 	Keypress: 5
281.4357 	DATA 	Keypress: equal
281.6322 	DATA 	Keypress: 2
282.9338 	DATA 	Keypress: 5
282.9357 	DATA 	Keypress: equal
284.4335 	DATA 	Keypress: 5
284.4353 	DATA 	Keypress: equal
285.1628 	EXP 	text_5: autoDraw = True
285.9337 	DATA 	Keypress: 5
285.9355 	DATA 	Keypress: equal
287.4338 	DATA 	Keypress: 5
287.4357 	DATA 	Keypress: equal
288.9346 	DATA 	Keypress: 5
288.9364 	DATA 	Keypress: equal
290.1487 	EXP 	New trial (rep=0, index=24): OrderedDict([('Word', 'cheesecake')])
290.1627 	EXP 	text_3: autoDraw = False
290.1627 	EXP 	text_5: autoDraw = False
290.1627 	EXP 	text_3: autoDraw = False
290.1627 	EXP 	text_4: autoDraw = False
290.1627 	EXP 	text_5: autoDraw = False
290.1627 	EXP 	text_3: text = 'cheesecake'
290.1627 	EXP 	text_4: autoDraw = True
290.4330 	DATA 	Keypress: 5
290.4349 	DATA 	Keypress: equal
291.1459 	EXP 	text_3: autoDraw = True
291.1629 	EXP 	text_4: autoDraw = False
291.9340 	DATA 	Keypress: 5
291.9358 	DATA 	Keypress: equal
292.1494 	DATA 	Keypress: 2
293.4336 	DATA 	Keypress: 5
293.4354 	DATA 	Keypress: equal
294.9333 	DATA 	Keypress: 5
294.9352 	DATA 	Keypress: equal
296.1461 	EXP 	text_5: autoDraw = True
296.4339 	DATA 	Keypress: 5
296.4358 	DATA 	Keypress: equal
297.9341 	DATA 	Keypress: 5
297.9358 	DATA 	Keypress: equal
299.4340 	DATA 	Keypress: 5
299.4358 	DATA 	Keypress: equal
300.9341 	DATA 	Keypress: equal
300.9359 	DATA 	Keypress: 5
301.1313 	EXP 	New trial (rep=0, index=25): OrderedDict([('Word', 'cabdriver')])
301.1450 	EXP 	text_3: autoDraw = False
301.1450 	EXP 	text_5: autoDraw = False
301.1450 	EXP 	text_3: autoDraw = False
301.1450 	EXP 	text_4: autoDraw = False
301.1450 	EXP 	text_5: autoDraw = False
301.1450 	EXP 	text_3: text = 'cabdriver'
301.1450 	EXP 	text_4: autoDraw = True
302.1293 	EXP 	text_3: autoDraw = True
302.1453 	EXP 	text_4: autoDraw = False
302.4329 	DATA 	Keypress: 5
302.4350 	DATA 	Keypress: equal
303.3979 	DATA 	Keypress: 1
303.9329 	DATA 	Keypress: 5
303.9348 	DATA 	Keypress: equal
305.4335 	DATA 	Keypress: 5
305.4354 	DATA 	Keypress: equal
306.9329 	DATA 	Keypress: 5
306.9349 	DATA 	Keypress: equal
307.1294 	EXP 	text_5: autoDraw = True
308.4342 	DATA 	Keypress: equal
308.4360 	DATA 	Keypress: 5
309.9343 	DATA 	Keypress: equal
309.9362 	DATA 	Keypress: 5
311.4336 	DATA 	Keypress: 5
311.4354 	DATA 	Keypress: equal
312.1146 	EXP 	New trial (rep=0, index=26): OrderedDict([('Word', 'cheerleader')])
312.1295 	EXP 	text_3: autoDraw = False
312.1295 	EXP 	text_5: autoDraw = False
312.1295 	EXP 	text_3: autoDraw = False
312.1295 	EXP 	text_4: autoDraw = False
312.1295 	EXP 	text_5: autoDraw = False
312.1295 	EXP 	text_3: text = 'cheerleader'
312.1295 	EXP 	text_4: autoDraw = True
312.9324 	DATA 	Keypress: 5
312.9344 	DATA 	Keypress: equal
313.1126 	EXP 	text_3: autoDraw = True
313.1294 	EXP 	text_4: autoDraw = False
314.2671 	DATA 	Keypress: 1
314.4319 	DATA 	Keypress: 5
314.4336 	DATA 	Keypress: equal
315.9332 	DATA 	Keypress: 5
315.9348 	DATA 	Keypress: equal
317.4339 	DATA 	Keypress: 5
317.4357 	DATA 	Keypress: equal
318.1126 	EXP 	text_5: autoDraw = True
318.9329 	DATA 	Keypress: 5
318.9348 	DATA 	Keypress: equal
320.4336 	DATA 	Keypress: 5
320.4357 	DATA 	Keypress: equal
321.9331 	DATA 	Keypress: 5
321.9350 	DATA 	Keypress: equal
323.0977 	EXP 	New trial (rep=0, index=27): OrderedDict([('Word', 'necklace')])
323.1120 	EXP 	text_3: autoDraw = False
323.1120 	EXP 	text_5: autoDraw = False
323.1120 	EXP 	text_3: autoDraw = False
323.1120 	EXP 	text_4: autoDraw = False
323.1120 	EXP 	text_5: autoDraw = False
323.1120 	EXP 	text_3: text = 'necklace'
323.1120 	EXP 	text_4: autoDraw = True
323.4332 	DATA 	Keypress: equal
323.4352 	DATA 	Keypress: 5
324.0957 	EXP 	text_3: autoDraw = True
324.1120 	EXP 	text_4: autoDraw = False
324.9148 	DATA 	Keypress: 2
324.9170 	DATA 	Keypress: 5
324.9186 	DATA 	Keypress: equal
326.4326 	DATA 	Keypress: 5
326.4346 	DATA 	Keypress: equal
327.9335 	DATA 	Keypress: 5
327.9354 	DATA 	Keypress: equal
329.0956 	EXP 	text_5: autoDraw = True
329.4331 	DATA 	Keypress: 5
329.4351 	DATA 	Keypress: equal
330.9340 	DATA 	Keypress: 5
330.9357 	DATA 	Keypress: equal
332.4340 	DATA 	Keypress: 5
332.4358 	DATA 	Keypress: equal
333.9343 	DATA 	Keypress: equal
333.9360 	DATA 	Keypress: 5
334.0811 	EXP 	New trial (rep=0, index=28): OrderedDict([('Word', 'walrus')])
334.0960 	EXP 	text_3: autoDraw = False
334.0960 	EXP 	text_5: autoDraw = False
334.0960 	EXP 	text_3: autoDraw = False
334.0960 	EXP 	text_4: autoDraw = False
334.0960 	EXP 	text_5: autoDraw = False
334.0960 	EXP 	text_3: text = 'walrus'
334.0960 	EXP 	text_4: autoDraw = True
335.0790 	EXP 	text_3: autoDraw = True
335.0954 	EXP 	text_4: autoDraw = False
335.4329 	DATA 	Keypress: 5
335.4349 	DATA 	Keypress: equal
335.7984 	DATA 	Keypress: 1
336.9333 	DATA 	Keypress: 5
336.9353 	DATA 	Keypress: equal
338.4335 	DATA 	Keypress: 5
338.4354 	DATA 	Keypress: equal
339.9287 	DATA 	Keypress: 5
339.9308 	DATA 	Keypress: equal
340.0916 	EXP 	text_5: autoDraw = True
341.4293 	DATA 	Keypress: 5
341.4314 	DATA 	Keypress: equal
342.9292 	DATA 	Keypress: 5
342.9313 	DATA 	Keypress: equal
344.4287 	DATA 	Keypress: 5
344.4307 	DATA 	Keypress: equal
345.0773 	EXP 	New trial (rep=0, index=29): OrderedDict([('Word', 'seahorse')])
345.0914 	EXP 	text_3: autoDraw = False
345.0914 	EXP 	text_5: autoDraw = False
345.0914 	EXP 	text_3: autoDraw = False
345.0914 	EXP 	text_4: autoDraw = False
345.0914 	EXP 	text_5: autoDraw = False
345.0914 	EXP 	text_3: text = 'seahorse'
345.0914 	EXP 	text_4: autoDraw = True
345.9293 	DATA 	Keypress: 5
345.9314 	DATA 	Keypress: equal
346.0752 	EXP 	text_3: autoDraw = True
346.0916 	EXP 	text_4: autoDraw = False
347.1434 	DATA 	Keypress: 1
347.4286 	DATA 	Keypress: 5
347.4306 	DATA 	Keypress: equal
348.9282 	DATA 	Keypress: 5
348.9301 	DATA 	Keypress: equal
350.4291 	DATA 	Keypress: 5
350.4312 	DATA 	Keypress: equal
351.0748 	EXP 	text_5: autoDraw = True
351.9290 	DATA 	Keypress: 5
351.9310 	DATA 	Keypress: equal
353.4295 	DATA 	Keypress: 5
353.4316 	DATA 	Keypress: equal
354.9286 	DATA 	Keypress: 5
354.9306 	DATA 	Keypress: equal
356.0602 	EXP 	New trial (rep=0, index=30): OrderedDict([('Word', 'ketchup')])
356.0748 	EXP 	text_3: autoDraw = False
356.0748 	EXP 	text_5: autoDraw = False
356.0748 	EXP 	text_3: autoDraw = False
356.0748 	EXP 	text_4: autoDraw = False
356.0748 	EXP 	text_5: autoDraw = False
356.0748 	EXP 	text_3: text = 'ketchup'
356.0748 	EXP 	text_4: autoDraw = True
356.4287 	DATA 	Keypress: 5
356.4307 	DATA 	Keypress: equal
357.0580 	EXP 	text_3: autoDraw = True
357.0748 	EXP 	text_4: autoDraw = False
357.9292 	DATA 	Keypress: 5
357.9313 	DATA 	Keypress: equal
359.1955 	DATA 	Keypress: 2
359.4280 	DATA 	Keypress: 5
359.4297 	DATA 	Keypress: equal
360.9278 	DATA 	Keypress: 5
360.9298 	DATA 	Keypress: equal
362.0581 	EXP 	text_5: autoDraw = True
362.4291 	DATA 	Keypress: 5
362.4311 	DATA 	Keypress: equal
363.9276 	DATA 	Keypress: 5
363.9294 	DATA 	Keypress: equal
365.4298 	DATA 	Keypress: 5
365.4318 	DATA 	Keypress: equal
366.9280 	DATA 	Keypress: 5
366.9298 	DATA 	Keypress: equal
367.0434 	EXP 	New trial (rep=0, index=31): OrderedDict([('Word', 'platypus')])
367.0578 	EXP 	text_3: autoDraw = False
367.0578 	EXP 	text_5: autoDraw = False
367.0578 	EXP 	text_3: autoDraw = False
367.0578 	EXP 	text_4: autoDraw = False
367.0578 	EXP 	text_5: autoDraw = False
367.0578 	EXP 	text_3: text = 'platypus'
367.0578 	EXP 	text_4: autoDraw = True
368.0413 	EXP 	text_3: autoDraw = True
368.0582 	EXP 	text_4: autoDraw = False
368.4293 	DATA 	Keypress: 5
368.4315 	DATA 	Keypress: equal
369.0288 	DATA 	Keypress: 1
369.9291 	DATA 	Keypress: 5
369.9311 	DATA 	Keypress: equal
371.4337 	DATA 	Keypress: 5
371.4356 	DATA 	Keypress: equal
372.9275 	DATA 	Keypress: 5
372.9293 	DATA 	Keypress: equal
373.0463 	EXP 	text_5: autoDraw = True
374.4293 	DATA 	Keypress: 5
374.4313 	DATA 	Keypress: equal
375.9285 	DATA 	Keypress: 5
375.9305 	DATA 	Keypress: equal
377.4293 	DATA 	Keypress: 5
377.4314 	DATA 	Keypress: equal
378.0316 	EXP 	New trial (rep=0, index=32): OrderedDict([('Word', 'binoculars')])
378.0461 	EXP 	text_3: autoDraw = False
378.0461 	EXP 	text_5: autoDraw = False
378.0461 	EXP 	text_3: autoDraw = False
378.0461 	EXP 	text_4: autoDraw = False
378.0461 	EXP 	text_5: autoDraw = False
378.0461 	EXP 	text_3: text = 'binoculars'
378.0461 	EXP 	text_4: autoDraw = True
378.9452 	DATA 	Keypress: 5
378.9472 	DATA 	Keypress: equal
379.0414 	EXP 	text_3: autoDraw = True
379.0578 	EXP 	text_4: autoDraw = False
379.9485 	DATA 	Keypress: 2
380.4339 	DATA 	Keypress: 5
380.4358 	DATA 	Keypress: equal
381.9327 	DATA 	Keypress: 5
381.9348 	DATA 	Keypress: equal
383.4339 	DATA 	Keypress: equal
383.4356 	DATA 	Keypress: 5
384.0297 	EXP 	text_5: autoDraw = True
384.9166 	DATA 	Keypress: 5
384.9183 	DATA 	Keypress: equal
386.4284 	DATA 	Keypress: 5
386.4303 	DATA 	Keypress: equal
387.9293 	DATA 	Keypress: 5
387.9313 	DATA 	Keypress: equal
389.0267 	EXP 	New trial (rep=0, index=33): OrderedDict([('Word', 'camera')])
389.0410 	EXP 	text_3: autoDraw = False
389.0410 	EXP 	text_5: autoDraw = False
389.0410 	EXP 	text_3: autoDraw = False
389.0410 	EXP 	text_4: autoDraw = False
389.0410 	EXP 	text_5: autoDraw = False
389.0410 	EXP 	text_3: text = 'camera'
389.0410 	EXP 	text_4: autoDraw = True
389.4279 	DATA 	Keypress: 5
389.4299 	DATA 	Keypress: equal
390.0290 	EXP 	text_3: autoDraw = True
390.0458 	EXP 	text_4: autoDraw = False
390.9335 	DATA 	Keypress: 5
390.9353 	DATA 	Keypress: equal
390.9987 	DATA 	Keypress: 2
392.4448 	DATA 	Keypress: 5
392.4473 	DATA 	Keypress: equal
393.9280 	DATA 	Keypress: 5
393.9301 	DATA 	Keypress: equal
395.0290 	EXP 	text_5: autoDraw = True
395.4290 	DATA 	Keypress: 5
395.4311 	DATA 	Keypress: equal
396.9274 	DATA 	Keypress: 5
396.9292 	DATA 	Keypress: equal
398.4282 	DATA 	Keypress: 5
398.4302 	DATA 	Keypress: equal
399.9282 	DATA 	Keypress: 5
399.9301 	DATA 	Keypress: equal
400.0263 	EXP 	New trial (rep=0, index=34): OrderedDict([('Word', 'hairstylist')])
400.0403 	EXP 	text_3: autoDraw = False
400.0403 	EXP 	text_5: autoDraw = False
400.0403 	EXP 	text_3: autoDraw = False
400.0403 	EXP 	text_4: autoDraw = False
400.0403 	EXP 	text_5: autoDraw = False
400.0403 	EXP 	text_3: text = 'hairstylist'
400.0403 	EXP 	text_4: autoDraw = True
401.0291 	EXP 	text_3: autoDraw = True
401.0458 	EXP 	text_4: autoDraw = False
401.4334 	DATA 	Keypress: 5
401.4354 	DATA 	Keypress: equal
401.7646 	DATA 	Keypress: 1
402.9639 	DATA 	Keypress: 5
402.9651 	DATA 	Keypress: equal
404.4288 	DATA 	Keypress: 5
404.4309 	DATA 	Keypress: equal
405.9290 	DATA 	Keypress: 5
405.9310 	DATA 	Keypress: equal
406.0292 	EXP 	text_5: autoDraw = True
407.4294 	DATA 	Keypress: 5
407.4314 	DATA 	Keypress: equal
408.9278 	DATA 	Keypress: 5
408.9298 	DATA 	Keypress: equal
410.4291 	DATA 	Keypress: 5
410.4311 	DATA 	Keypress: equal
411.0264 	EXP 	New trial (rep=0, index=35): OrderedDict([('Word', 'airplane')])
411.0405 	EXP 	text_3: autoDraw = False
411.0405 	EXP 	text_5: autoDraw = False
411.0405 	EXP 	text_3: autoDraw = False
411.0405 	EXP 	text_4: autoDraw = False
411.0405 	EXP 	text_5: autoDraw = False
411.0405 	EXP 	text_3: text = 'airplane'
411.0405 	EXP 	text_4: autoDraw = True
411.9286 	DATA 	Keypress: 5
411.9306 	DATA 	Keypress: equal
412.0243 	EXP 	text_3: autoDraw = True
412.0288 	EXP 	text_4: autoDraw = False
412.8111 	DATA 	Keypress: 2
413.4441 	DATA 	Keypress: equal
413.4461 	DATA 	Keypress: 5
414.9281 	DATA 	Keypress: 5
414.9301 	DATA 	Keypress: equal
416.4272 	DATA 	Keypress: 5
416.4292 	DATA 	Keypress: equal
417.0245 	EXP 	text_5: autoDraw = True
417.9280 	DATA 	Keypress: 5
417.9301 	DATA 	Keypress: equal
419.4287 	DATA 	Keypress: 5
419.4308 	DATA 	Keypress: equal
420.9168 	DATA 	Keypress: equal
420.9186 	DATA 	Keypress: 5
422.0147 	EXP 	New trial (rep=0, index=36): OrderedDict([('Word', 'mirror')])
422.0287 	EXP 	text_3: autoDraw = False
422.0287 	EXP 	text_5: autoDraw = False
422.0287 	EXP 	text_3: autoDraw = False
422.0287 	EXP 	text_4: autoDraw = False
422.0287 	EXP 	text_5: autoDraw = False
422.0287 	EXP 	text_3: text = 'mirror'
422.0287 	EXP 	text_4: autoDraw = True
422.4331 	DATA 	Keypress: 5
422.4348 	DATA 	Keypress: equal
423.0130 	EXP 	text_3: autoDraw = True
423.0298 	EXP 	text_4: autoDraw = False
423.9329 	DATA 	Keypress: equal
423.9348 	DATA 	Keypress: 5
423.9784 	DATA 	Keypress: 2
425.4259 	DATA 	Keypress: 5
425.4275 	DATA 	Keypress: equal
426.9165 	DATA 	Keypress: 5
426.9184 	DATA 	Keypress: equal
428.0130 	EXP 	text_5: autoDraw = True
428.4281 	DATA 	Keypress: 5
428.4302 	DATA 	Keypress: equal
429.9164 	DATA 	Keypress: 5
429.9181 	DATA 	Keypress: equal
431.4164 	DATA 	Keypress: 5
431.4182 	DATA 	Keypress: equal
432.9167 	DATA 	Keypress: 5
432.9185 	DATA 	Keypress: equal
433.0092 	EXP 	New trial (rep=0, index=37): OrderedDict([('Word', 'waterfall')])
433.0240 	EXP 	text_3: autoDraw = False
433.0240 	EXP 	text_5: autoDraw = False
433.0240 	EXP 	text_3: autoDraw = False
433.0240 	EXP 	text_4: autoDraw = False
433.0240 	EXP 	text_5: autoDraw = False
433.0240 	EXP 	text_3: text = 'waterfall'
433.0240 	EXP 	text_4: autoDraw = True
434.0134 	EXP 	text_3: autoDraw = True
434.0298 	EXP 	text_4: autoDraw = False
434.4161 	DATA 	Keypress: 5
434.4178 	DATA 	Keypress: equal
435.2824 	DATA 	Keypress: 1
435.9162 	DATA 	Keypress: 5
435.9180 	DATA 	Keypress: equal
437.4334 	DATA 	Keypress: 5
437.4352 	DATA 	Keypress: equal
438.9331 	DATA 	Keypress: 5
438.9349 	DATA 	Keypress: equal
439.0134 	EXP 	text_5: autoDraw = True
440.4482 	DATA 	Keypress: equal
440.4496 	DATA 	Keypress: 5
441.9169 	DATA 	Keypress: 5
441.9187 	DATA 	Keypress: equal
443.4168 	DATA 	Keypress: 5
443.4186 	DATA 	Keypress: equal
443.9987 	EXP 	New trial (rep=0, index=38): OrderedDict([('Word', 'crab')])
444.0237 	EXP 	text_3: autoDraw = False
444.0237 	EXP 	text_5: autoDraw = False
444.0237 	EXP 	text_3: autoDraw = False
444.0237 	EXP 	text_4: autoDraw = False
444.0237 	EXP 	text_5: autoDraw = False
444.0237 	EXP 	text_3: text = 'crab'
444.0237 	EXP 	text_4: autoDraw = True
444.9334 	DATA 	Keypress: 5
444.9353 	DATA 	Keypress: equal
444.9965 	EXP 	text_3: autoDraw = True
445.0297 	EXP 	text_4: autoDraw = False
445.9996 	DATA 	Keypress: 1
446.4163 	DATA 	Keypress: 5
446.4180 	DATA 	Keypress: equal
447.9331 	DATA 	Keypress: equal
447.9350 	DATA 	Keypress: 5
449.4432 	DATA 	Keypress: 5
449.4450 	DATA 	Keypress: equal
449.9965 	EXP 	text_5: autoDraw = True
450.9283 	DATA 	Keypress: 5
450.9304 	DATA 	Keypress: equal
452.4278 	DATA 	Keypress: 5
452.4298 	DATA 	Keypress: equal
453.9166 	DATA 	Keypress: 5
453.9183 	DATA 	Keypress: equal
454.9818 	EXP 	New trial (rep=0, index=39): OrderedDict([('Word', 'baby')])
454.9958 	EXP 	text_3: autoDraw = False
454.9958 	EXP 	text_5: autoDraw = False
454.9958 	EXP 	text_3: autoDraw = False
454.9958 	EXP 	text_4: autoDraw = False
454.9958 	EXP 	text_5: autoDraw = False
454.9958 	EXP 	text_3: text = 'baby'
454.9958 	EXP 	text_4: autoDraw = True
455.4329 	DATA 	Keypress: 5
455.4348 	DATA 	Keypress: equal
455.9798 	EXP 	text_3: autoDraw = True
455.9958 	EXP 	text_4: autoDraw = False
456.9340 	DATA 	Keypress: 5
456.9357 	DATA 	Keypress: equal
457.2335 	DATA 	Keypress: 1
458.4162 	DATA 	Keypress: 5
458.4180 	DATA 	Keypress: equal
459.9337 	DATA 	Keypress: equal
459.9356 	DATA 	Keypress: 5
460.9902 	EXP 	text_5: autoDraw = True
461.4340 	DATA 	Keypress: equal
461.4358 	DATA 	Keypress: 5
462.9165 	DATA 	Keypress: equal
462.9183 	DATA 	Keypress: 5
464.4166 	DATA 	Keypress: 5
464.4183 	DATA 	Keypress: equal
465.9291 	DATA 	Keypress: 5
465.9311 	DATA 	Keypress: equal
465.9964 	EXP 	text_3: autoDraw = False
465.9964 	EXP 	text_5: autoDraw = False
465.9964 	EXP 	text_3: autoDraw = False
465.9964 	EXP 	text_4: autoDraw = False
465.9964 	EXP 	text_5: autoDraw = False
465.9964 	EXP 	text_6: autoDraw = True
467.4336 	DATA 	Keypress: 5
467.4354 	DATA 	Keypress: equal
468.9340 	DATA 	Keypress: 5
468.9358 	DATA 	Keypress: equal
470.4335 	DATA 	Keypress: equal
470.4352 	DATA 	Keypress: 5
470.9960 	EXP 	text_6: autoDraw = False
470.9960 	EXP 	text_6: autoDraw = False
471.2782 	EXP 	window1: mouseVisible = True
