9.5990 	EXP 	Created window1 = Window(allowGUI=False, allowStencil=False, args=UNKNOWN, autoLog=True, bitsMode=UNKNOWN, blendMode='avg', color=array([0., 0., 0.]), colorSpace='rgb', fullscr=<method-wrapper '__getattribute__' of attributeSetter object at 0x1088a7d30>, gamma=None, gammaErrorPolicy='raise', kwargs=UNKNOWN, lms=UNKNOWN, monitor=<psychopy.monitors.calibTools.Monitor object at 0x108a78518>, multiSample=False, name='window1', numSamples=2, pos=[0.0, 0.0], screen=0, size=array([1920, 1080]), stereo=False, units='height', useFBO=True, useRetina=False, viewOri=0.0, viewPos=None, viewScale=None, waitBlanking=True, winType='pyglet')
9.5990 	EXP 	window1: recordFrameIntervals = False
9.7653 	EXP 	window1: recordFrameIntervals = True
9.9484 	EXP 	window1: recordFrameIntervals = False
10.3239 	EXP 	Created text = TextStim(__class__=<class 'psychopy.visual.text.TextStim'>, alignHoriz='center', alignVert='center', antialias=True, autoLog=True, bold=False, color='white', colorSpace='named', contrast=1.0, depth=0.0, flipHoriz=False, flipVert=False, font='Arial', fontFiles=[], height=0.03, italic=False, languageStyle='LTR', name='text', opacity=1.0, ori=0, pos=array([0., 0.]), rgb=array([255., 255., 255.]), text=str(...), units='height', win=Window(...), wrapWidth=1)
10.3630 	EXP 	Created text_2 = TextStim(__class__=<class 'psychopy.visual.text.TextStim'>, alignHoriz='center', alignVert='center', antialias=True, autoLog=True, bold=False, color='white', colorSpace='named', contrast=1.0, depth=0.0, flipHoriz=False, flipVert=False, font='Arial', fontFiles=[], height=0.1, italic=False, languageStyle='LTR', name='text_2', opacity=1.0, ori=0, pos=array([0., 0.]), rgb=array([255., 255., 255.]), text='Waiting for the scanner\n', units='height', win=Window(...), wrapWidth=1)
10.3990 	EXP 	Created text_3 = TextStim(__class__=<class 'psychopy.visual.text.TextStim'>, alignHoriz='center', alignVert='center', antialias=True, autoLog=True, bold=False, color='white', colorSpace='named', contrast=1.0, depth=0.0, flipHoriz=False, flipVert=False, font='Arial', fontFiles=[], height=0.1, italic=False, languageStyle='LTR', name='text_3', opacity=1.0, ori=0, pos=array([0., 0.]), rgb=array([255., 255., 255.]), text='default text', units='height', win=Window(...), wrapWidth=1)
10.4012 	EXP 	Created text_4 = TextStim(__class__=<class 'psychopy.visual.text.TextStim'>, alignHoriz='center', alignVert='center', antialias=True, autoLog=True, bold=False, color='white', colorSpace='named', contrast=1.0, depth=-1.0, flipHoriz=False, flipVert=False, font='Arial', fontFiles=[], height=0.1, italic=False, languageStyle='LTR', name='text_4', opacity=1.0, ori=0, pos=array([0., 0.]), rgb=array([255., 255., 255.]), text='+', units='height', win=Window(...), wrapWidth=1)
10.4144 	EXP 	Created text_5 = TextStim(__class__=<class 'psychopy.visual.text.TextStim'>, alignHoriz='center', alignVert='center', antialias=True, autoLog=True, bold=False, color='white', colorSpace='named', contrast=1.0, depth=-2.0, flipHoriz=False, flipVert=False, font='Arial', fontFiles=[], height=0.02, italic=False, languageStyle='LTR', name='text_5', opacity=1.0, ori=0, pos=array([ 0. , -0.3]), rgb=array([255., 255., 255.]), text=str(...), units='height', win=Window(...), wrapWidth=1)
10.4549 	EXP 	Created text_6 = TextStim(__class__=<class 'psychopy.visual.text.TextStim'>, alignHoriz='center', alignVert='center', antialias=True, autoLog=True, bold=False, color='white', colorSpace='named', contrast=1.0, depth=0.0, flipHoriz=False, flipVert=False, font='Arial', fontFiles=[], height=0.1, italic=False, languageStyle='LTR', name='text_6', opacity=1.0, ori=0, pos=array([0., 0.]), rgb=array([255., 255., 255.]), text="That's the end of this task\n", units='height', win=Window(...), wrapWidth=1)
10.4645 	EXP 	text: autoDraw = True
20.5821 	DATA 	Keypress: 1
20.5906 	EXP 	text: autoDraw = False
20.5906 	EXP 	text_2: autoDraw = True
50.9377 	EXP 	Imported wl.csv as conditions, 40 conditions, 1 params
50.9381 	EXP 	Created sequence: random, trialTypes=40, nReps=1, seed=None
50.9383 	EXP 	New trial (rep=0, index=0): OrderedDict([('Word', 'camera')])
50.9442 	DATA 	Keypress: 5
50.9454 	DATA 	Keypress: equal
50.9573 	EXP 	text_2: autoDraw = False
50.9573 	EXP 	text_3: text = 'camera'
50.9573 	EXP 	text_4: autoDraw = True
51.9329 	EXP 	text_3: autoDraw = True
51.9663 	EXP 	text_4: autoDraw = False
52.4442 	DATA 	Keypress: 5
52.4454 	DATA 	Keypress: equal
53.8592 	DATA 	Keypress: 2
53.9377 	DATA 	Keypress: 5
53.9397 	DATA 	Keypress: equal
55.4362 	DATA 	Keypress: 5
55.4379 	DATA 	Keypress: equal
56.9269 	DATA 	Keypress: 5
56.9282 	DATA 	Keypress: equal
56.9325 	EXP 	text_5: autoDraw = True
58.4363 	DATA 	Keypress: 5
58.4379 	DATA 	Keypress: equal
59.9270 	DATA 	Keypress: 5
59.9284 	DATA 	Keypress: equal
61.4269 	DATA 	Keypress: 5
61.4283 	DATA 	Keypress: equal
61.9193 	EXP 	New trial (rep=0, index=1): OrderedDict([('Word', 'leopard')])
61.9403 	EXP 	text_3: autoDraw = False
61.9403 	EXP 	text_5: autoDraw = False
61.9403 	EXP 	text_3: autoDraw = False
61.9403 	EXP 	text_4: autoDraw = False
61.9403 	EXP 	text_5: autoDraw = False
61.9403 	EXP 	text_3: text = 'leopard'
61.9403 	EXP 	text_4: autoDraw = True
62.9272 	DATA 	Keypress: 5
62.9283 	DATA 	Keypress: equal
62.9318 	EXP 	text_3: autoDraw = True
62.9318 	EXP 	text_4: autoDraw = False
64.2254 	DATA 	Keypress: 1
64.4259 	DATA 	Keypress: 5
64.4270 	DATA 	Keypress: equal
65.9378 	DATA 	Keypress: 5
65.9398 	DATA 	Keypress: equal
67.4260 	DATA 	Keypress: 5
67.4272 	DATA 	Keypress: equal
67.9236 	EXP 	text_5: autoDraw = True
68.9384 	DATA 	Keypress: 5
68.9405 	DATA 	Keypress: equal
70.4351 	DATA 	Keypress: 5
70.4366 	DATA 	Keypress: equal
71.9263 	DATA 	Keypress: 5
71.9276 	DATA 	Keypress: equal
72.9238 	EXP 	text_5: autoDraw = False
72.9260 	EXP 	New trial (rep=0, index=2): OrderedDict([('Word', 'mirror')])
72.9406 	EXP 	text_3: autoDraw = False
72.9406 	EXP 	text_3: autoDraw = False
72.9406 	EXP 	text_4: autoDraw = False
72.9406 	EXP 	text_5: autoDraw = False
72.9406 	EXP 	text_3: text = 'mirror'
72.9406 	EXP 	text_4: autoDraw = True
73.4260 	DATA 	Keypress: 5
73.4273 	DATA 	Keypress: equal
73.9335 	EXP 	text_3: autoDraw = True
73.9571 	EXP 	text_4: autoDraw = False
74.9261 	DATA 	Keypress: 5
74.9273 	DATA 	Keypress: equal
75.8196 	DATA 	Keypress: 2
76.4262 	DATA 	Keypress: 5
76.4275 	DATA 	Keypress: equal
77.9262 	DATA 	Keypress: 5
77.9276 	DATA 	Keypress: equal
78.9167 	EXP 	text_5: autoDraw = True
79.4265 	DATA 	Keypress: 5
79.4277 	DATA 	Keypress: equal
80.9265 	DATA 	Keypress: 5
80.9277 	DATA 	Keypress: equal
82.4380 	DATA 	Keypress: 5
82.4400 	DATA 	Keypress: equal
83.9231 	EXP 	text_5: autoDraw = False
83.9244 	EXP 	New trial (rep=0, index=3): OrderedDict([('Word', 'bulldozer')])
83.9314 	DATA 	Keypress: equal
83.9328 	DATA 	Keypress: 5
83.9399 	EXP 	text_3: autoDraw = False
83.9399 	EXP 	text_3: autoDraw = False
83.9399 	EXP 	text_4: autoDraw = False
83.9399 	EXP 	text_5: autoDraw = False
83.9399 	EXP 	text_3: text = 'bulldozer'
83.9399 	EXP 	text_4: autoDraw = True
84.9332 	EXP 	text_3: autoDraw = True
84.9500 	EXP 	text_4: autoDraw = False
85.4382 	DATA 	Keypress: 5
85.4403 	DATA 	Keypress: equal
86.4101 	DATA 	Keypress: 2
86.9373 	DATA 	Keypress: 5
86.9394 	DATA 	Keypress: equal
88.4369 	DATA 	Keypress: 5
88.4388 	DATA 	Keypress: equal
89.9261 	DATA 	Keypress: 5
89.9275 	DATA 	Keypress: equal
89.9403 	EXP 	text_5: autoDraw = True
91.4450 	DATA 	Keypress: 5
91.4470 	DATA 	Keypress: equal
92.9262 	DATA 	Keypress: 5
92.9274 	DATA 	Keypress: equal
94.4383 	DATA 	Keypress: 5
94.4403 	DATA 	Keypress: equal
94.9334 	EXP 	text_3: autoDraw = False
94.9352 	EXP 	New trial (rep=0, index=4): OrderedDict([('Word', 'hair')])
94.9502 	EXP 	text_3: autoDraw = False
94.9502 	EXP 	text_4: autoDraw = False
94.9502 	EXP 	text_5: autoDraw = False
94.9502 	EXP 	text_3: text = 'hair'
94.9502 	EXP 	text_4: autoDraw = True
95.9323 	EXP 	text_3: autoDraw = True
95.9359 	DATA 	Keypress: 5
95.9376 	DATA 	Keypress: equal
95.9733 	EXP 	text_4: autoDraw = False
97.0271 	DATA 	Keypress: 2
97.4255 	DATA 	Keypress: 5
97.4270 	DATA 	Keypress: equal
98.9378 	DATA 	Keypress: 5
98.9399 	DATA 	Keypress: equal
100.4359 	DATA 	Keypress: 5
100.4376 	DATA 	Keypress: equal
100.9398 	EXP 	text_5: autoDraw = True
101.9261 	DATA 	Keypress: 5
101.9273 	DATA 	Keypress: equal
103.4440 	DATA 	Keypress: 5
103.4458 	DATA 	Keypress: equal
104.9372 	DATA 	Keypress: 5
104.9391 	DATA 	Keypress: equal
105.9398 	EXP 	text_3: autoDraw = False
105.9416 	EXP 	New trial (rep=0, index=5): OrderedDict([('Word', 'porcupine')])
105.9568 	EXP 	text_3: autoDraw = False
105.9568 	EXP 	text_4: autoDraw = False
105.9568 	EXP 	text_5: autoDraw = False
105.9568 	EXP 	text_3: text = 'porcupine'
105.9568 	EXP 	text_4: autoDraw = True
106.4373 	DATA 	Keypress: 5
106.4393 	DATA 	Keypress: equal
107.0059 	EXP 	text_3: autoDraw = True
107.0059 	EXP 	text_4: autoDraw = False
107.9375 	DATA 	Keypress: 5
107.9395 	DATA 	Keypress: equal
108.5920 	DATA 	Keypress: 1
109.4440 	DATA 	Keypress: 5
109.4458 	DATA 	Keypress: equal
110.9358 	DATA 	Keypress: equal
110.9376 	DATA 	Keypress: 5
111.9567 	EXP 	text_5: autoDraw = True
112.4272 	DATA 	Keypress: 5
112.4291 	DATA 	Keypress: equal
113.9271 	DATA 	Keypress: 5
113.9289 	DATA 	Keypress: equal
115.4380 	DATA 	Keypress: 5
115.4401 	DATA 	Keypress: equal
116.9272 	DATA 	Keypress: 5
116.9290 	DATA 	Keypress: equal
116.9502 	EXP 	New trial (rep=0, index=6): OrderedDict([('Word', 'treadmill')])
116.9669 	EXP 	text_3: autoDraw = False
116.9669 	EXP 	text_4: autoDraw = False
116.9669 	EXP 	text_5: autoDraw = False
116.9669 	EXP 	text_3: text = 'treadmill'
116.9669 	EXP 	text_4: autoDraw = True
117.9568 	EXP 	text_3: autoDraw = True
117.9732 	EXP 	text_4: autoDraw = False
118.4440 	DATA 	Keypress: 5
118.4457 	DATA 	Keypress: equal
119.6374 	DATA 	Keypress: 2
119.9379 	DATA 	Keypress: 5
119.9399 	DATA 	Keypress: equal
121.4378 	DATA 	Keypress: 5
121.4398 	DATA 	Keypress: equal
122.9262 	DATA 	Keypress: 5
122.9280 	DATA 	Keypress: equal
122.9492 	EXP 	text_5: autoDraw = True
124.4265 	DATA 	Keypress: 5
124.4282 	DATA 	Keypress: equal
125.9266 	DATA 	Keypress: 5
125.9284 	DATA 	Keypress: equal
127.4385 	DATA 	Keypress: 5
127.4406 	DATA 	Keypress: equal
127.9495 	EXP 	text_5: autoDraw = False
127.9513 	EXP 	New trial (rep=0, index=7): OrderedDict([('Word', 'hummingbird')])
127.9664 	EXP 	text_3: autoDraw = False
127.9664 	EXP 	text_4: autoDraw = False
127.9664 	EXP 	text_5: autoDraw = False
127.9664 	EXP 	text_3: text = 'hummingbird'
127.9664 	EXP 	text_4: autoDraw = True
128.9392 	DATA 	Keypress: 5
128.9411 	DATA 	Keypress: equal
128.9490 	EXP 	text_3: autoDraw = True
128.9663 	EXP 	text_4: autoDraw = False
129.9345 	DATA 	Keypress: 1
130.4352 	DATA 	Keypress: 5
130.4371 	DATA 	Keypress: equal
131.9380 	DATA 	Keypress: 5
131.9402 	DATA 	Keypress: equal
133.4364 	DATA 	Keypress: 5
133.4381 	DATA 	Keypress: equal
133.9663 	EXP 	text_5: autoDraw = True
134.9386 	DATA 	Keypress: 5
134.9407 	DATA 	Keypress: equal
136.4264 	DATA 	Keypress: 5
136.4282 	DATA 	Keypress: equal
137.9386 	DATA 	Keypress: 5
137.9407 	DATA 	Keypress: equal
138.9497 	EXP 	text_3: autoDraw = False
138.9515 	EXP 	New trial (rep=0, index=8): OrderedDict([('Word', 'seahorse')])
138.9658 	EXP 	text_3: autoDraw = False
138.9658 	EXP 	text_4: autoDraw = False
138.9658 	EXP 	text_5: autoDraw = False
138.9658 	EXP 	text_3: text = 'seahorse'
138.9658 	EXP 	text_4: autoDraw = True
139.4380 	DATA 	Keypress: 5
139.4400 	DATA 	Keypress: equal
139.9496 	EXP 	text_3: autoDraw = True
139.9668 	EXP 	text_4: autoDraw = False
140.9365 	DATA 	Keypress: 5
140.9383 	DATA 	Keypress: equal
141.1204 	DATA 	Keypress: 1
142.4375 	DATA 	Keypress: 5
142.4398 	DATA 	Keypress: equal
143.9362 	DATA 	Keypress: 5
143.9382 	DATA 	Keypress: equal
144.9501 	EXP 	text_5: autoDraw = True
145.4386 	DATA 	Keypress: 5
145.4407 	DATA 	Keypress: equal
146.9375 	DATA 	Keypress: 5
146.9395 	DATA 	Keypress: equal
148.4367 	DATA 	Keypress: 5
148.4386 	DATA 	Keypress: equal
149.9262 	DATA 	Keypress: 5
149.9280 	DATA 	Keypress: equal
149.9491 	EXP 	text_3: autoDraw = False
149.9503 	EXP 	New trial (rep=0, index=9): OrderedDict([('Word', 'airplane')])
149.9669 	EXP 	text_3: autoDraw = False
149.9669 	EXP 	text_4: autoDraw = False
149.9669 	EXP 	text_5: autoDraw = False
149.9669 	EXP 	text_3: text = 'airplane'
149.9669 	EXP 	text_4: autoDraw = True
150.9562 	EXP 	text_3: autoDraw = True
150.9670 	EXP 	text_4: autoDraw = False
151.4379 	DATA 	Keypress: 5
151.4400 	DATA 	Keypress: equal
152.1706 	DATA 	Keypress: 2
152.9378 	DATA 	Keypress: 5
152.9399 	DATA 	Keypress: equal
154.4426 	DATA 	Keypress: 5
154.4444 	DATA 	Keypress: equal
155.9438 	DATA 	Keypress: 5
155.9455 	DATA 	Keypress: equal
155.9490 	EXP 	text_5: autoDraw = True
157.4264 	DATA 	Keypress: 5
157.4281 	DATA 	Keypress: equal
158.9260 	DATA 	Keypress: 5
158.9278 	DATA 	Keypress: equal
160.4384 	DATA 	Keypress: 5
160.4404 	DATA 	Keypress: equal
160.9402 	EXP 	New trial (rep=0, index=10): OrderedDict([('Word', 'waterfall')])
160.9563 	EXP 	text_3: autoDraw = False
160.9563 	EXP 	text_4: autoDraw = False
160.9563 	EXP 	text_5: autoDraw = False
160.9563 	EXP 	text_3: text = 'waterfall'
160.9563 	EXP 	text_4: autoDraw = True
161.9392 	DATA 	Keypress: 5
161.9412 	DATA 	Keypress: equal
161.9502 	EXP 	text_3: autoDraw = True
161.9666 	EXP 	text_4: autoDraw = False
163.3036 	DATA 	Keypress: 1
163.4256 	DATA 	Keypress: 5
163.4274 	DATA 	Keypress: equal
164.9380 	DATA 	Keypress: 5
164.9400 	DATA 	Keypress: equal
166.4256 	DATA 	Keypress: 5
166.4274 	DATA 	Keypress: equal
166.9558 	EXP 	text_5: autoDraw = True
167.9259 	DATA 	Keypress: 5
167.9276 	DATA 	Keypress: equal
169.4367 	DATA 	Keypress: 5
169.4386 	DATA 	Keypress: equal
170.9261 	DATA 	Keypress: 5
170.9278 	DATA 	Keypress: equal
171.9405 	EXP 	New trial (rep=0, index=11): OrderedDict([('Word', 'snowball')])
171.9557 	EXP 	text_3: autoDraw = False
171.9557 	EXP 	text_4: autoDraw = False
171.9557 	EXP 	text_5: autoDraw = False
171.9557 	EXP 	text_3: text = 'snowball'
171.9557 	EXP 	text_4: autoDraw = True
172.4363 	DATA 	Keypress: 5
172.4381 	DATA 	Keypress: equal
172.9559 	EXP 	text_3: autoDraw = True
172.9721 	EXP 	text_4: autoDraw = False
173.9383 	DATA 	Keypress: 5
173.9403 	DATA 	Keypress: equal
174.4354 	DATA 	Keypress: 2
175.4382 	DATA 	Keypress: 5
175.4402 	DATA 	Keypress: equal
176.9427 	DATA 	Keypress: 5
176.9445 	DATA 	Keypress: equal
177.9667 	EXP 	text_5: autoDraw = True
178.4377 	DATA 	Keypress: 5
178.4396 	DATA 	Keypress: equal
179.9379 	DATA 	Keypress: 5
179.9400 	DATA 	Keypress: equal
181.4376 	DATA 	Keypress: 5
181.4396 	DATA 	Keypress: equal
182.9355 	EXP 	New trial (rep=0, index=12): OrderedDict([('Word', 'hairstylist')])
182.9445 	DATA 	Keypress: 5
182.9462 	DATA 	Keypress: equal
182.9550 	EXP 	text_3: autoDraw = False
182.9550 	EXP 	text_4: autoDraw = False
182.9550 	EXP 	text_5: autoDraw = False
182.9550 	EXP 	text_3: text = 'hairstylist'
182.9550 	EXP 	text_4: autoDraw = True
183.9330 	EXP 	text_3: autoDraw = True
183.9669 	EXP 	text_4: autoDraw = False
184.4369 	DATA 	Keypress: 5
184.4389 	DATA 	Keypress: equal
185.3928 	DATA 	Keypress: 1
185.9361 	DATA 	Keypress: 5
185.9379 	DATA 	Keypress: equal
187.4255 	DATA 	Keypress: 5
187.4274 	DATA 	Keypress: equal
188.9335 	EXP 	text_5: autoDraw = True
188.9385 	DATA 	Keypress: 5
188.9405 	DATA 	Keypress: equal
190.4370 	DATA 	Keypress: 5
190.4387 	DATA 	Keypress: equal
191.9379 	DATA 	Keypress: 5
191.9398 	DATA 	Keypress: equal
193.4260 	DATA 	Keypress: 5
193.4277 	DATA 	Keypress: equal
193.9245 	EXP 	New trial (rep=0, index=13): OrderedDict([('Word', 'passport')])
193.9386 	EXP 	text_3: autoDraw = False
193.9386 	EXP 	text_5: autoDraw = False
193.9386 	EXP 	text_3: autoDraw = False
193.9386 	EXP 	text_4: autoDraw = False
193.9386 	EXP 	text_5: autoDraw = False
193.9386 	EXP 	text_3: text = 'passport'
193.9386 	EXP 	text_4: autoDraw = True
194.9337 	EXP 	text_3: autoDraw = True
194.9383 	DATA 	Keypress: 5
194.9404 	DATA 	Keypress: equal
194.9496 	EXP 	text_4: autoDraw = False
195.9708 	DATA 	Keypress: 2
196.4363 	DATA 	Keypress: 5
196.4383 	DATA 	Keypress: equal
197.9379 	DATA 	Keypress: 5
197.9399 	DATA 	Keypress: equal
199.4387 	DATA 	Keypress: 5
199.4408 	DATA 	Keypress: equal
199.9328 	EXP 	text_5: autoDraw = True
200.9375 	DATA 	Keypress: 5
200.9392 	DATA 	Keypress: equal
202.4259 	DATA 	Keypress: 5
202.4276 	DATA 	Keypress: equal
203.9434 	DATA 	Keypress: 5
203.9452 	DATA 	Keypress: equal
204.9240 	EXP 	New trial (rep=0, index=14): OrderedDict([('Word', 'swan')])
204.9386 	EXP 	text_3: autoDraw = False
204.9386 	EXP 	text_5: autoDraw = False
204.9386 	EXP 	text_3: autoDraw = False
204.9386 	EXP 	text_4: autoDraw = False
204.9386 	EXP 	text_5: autoDraw = False
204.9386 	EXP 	text_3: text = 'swan'
204.9386 	EXP 	text_4: autoDraw = True
205.4377 	DATA 	Keypress: 5
205.4397 	DATA 	Keypress: equal
205.9335 	EXP 	text_3: autoDraw = True
205.9335 	EXP 	text_4: autoDraw = False
206.9381 	DATA 	Keypress: 5
206.9401 	DATA 	Keypress: equal
207.1519 	DATA 	Keypress: 1
208.4373 	DATA 	Keypress: 5
208.4394 	DATA 	Keypress: equal
209.9373 	DATA 	Keypress: 5
209.9393 	DATA 	Keypress: equal
210.9334 	EXP 	text_5: autoDraw = True
211.4389 	DATA 	Keypress: 5
211.4410 	DATA 	Keypress: equal
212.9379 	DATA 	Keypress: 5
212.9399 	DATA 	Keypress: equal
214.4373 	DATA 	Keypress: 5
214.4392 	DATA 	Keypress: equal
215.9191 	EXP 	New trial (rep=0, index=15): OrderedDict([('Word', 'microscope')])
215.9279 	DATA 	Keypress: 5
215.9297 	DATA 	Keypress: equal
215.9383 	EXP 	text_3: autoDraw = False
215.9383 	EXP 	text_5: autoDraw = False
215.9383 	EXP 	text_3: autoDraw = False
215.9383 	EXP 	text_4: autoDraw = False
215.9383 	EXP 	text_5: autoDraw = False
215.9383 	EXP 	text_3: text = 'microscope'
215.9383 	EXP 	text_4: autoDraw = True
216.9221 	EXP 	text_3: autoDraw = True
216.9334 	EXP 	text_4: autoDraw = False
217.4366 	DATA 	Keypress: 5
217.4384 	DATA 	Keypress: equal
218.0357 	DATA 	Keypress: 2
218.9379 	DATA 	Keypress: equal
218.9399 	DATA 	Keypress: 5
220.4429 	DATA 	Keypress: 5
220.4447 	DATA 	Keypress: equal
221.9171 	EXP 	text_5: autoDraw = True
221.9384 	DATA 	Keypress: 5
221.9404 	DATA 	Keypress: equal
223.4254 	DATA 	Keypress: 5
223.4271 	DATA 	Keypress: equal
224.9256 	DATA 	Keypress: 5
224.9273 	DATA 	Keypress: equal
226.4253 	DATA 	Keypress: 5
226.4271 	DATA 	Keypress: equal
226.9169 	EXP 	text_5: autoDraw = False
226.9189 	EXP 	New trial (rep=0, index=16): OrderedDict([('Word', 'cheerleader')])
226.9333 	EXP 	text_3: autoDraw = False
226.9333 	EXP 	text_3: autoDraw = False
226.9333 	EXP 	text_4: autoDraw = False
226.9333 	EXP 	text_5: autoDraw = False
226.9333 	EXP 	text_3: text = 'cheerleader'
226.9333 	EXP 	text_4: autoDraw = True
227.9173 	EXP 	text_3: autoDraw = True
227.9332 	EXP 	text_4: autoDraw = False
227.9377 	DATA 	Keypress: 5
227.9398 	DATA 	Keypress: equal
228.9527 	DATA 	Keypress: 1
229.4427 	DATA 	Keypress: 5
229.4444 	DATA 	Keypress: equal
230.9372 	DATA 	Keypress: 5
230.9392 	DATA 	Keypress: equal
232.4366 	DATA 	Keypress: 5
232.4387 	DATA 	Keypress: equal
232.9168 	EXP 	text_5: autoDraw = True
233.9251 	DATA 	Keypress: 5
233.9269 	DATA 	Keypress: equal
235.4252 	DATA 	Keypress: 5
235.4270 	DATA 	Keypress: equal
236.9430 	DATA 	Keypress: 5
236.9448 	DATA 	Keypress: equal
237.9067 	EXP 	New trial (rep=0, index=17): OrderedDict([('Word', 'stove')])
237.9215 	EXP 	text_3: autoDraw = False
237.9215 	EXP 	text_5: autoDraw = False
237.9215 	EXP 	text_3: autoDraw = False
237.9215 	EXP 	text_4: autoDraw = False
237.9215 	EXP 	text_5: autoDraw = False
237.9215 	EXP 	text_3: text = 'stove'
237.9215 	EXP 	text_4: autoDraw = True
238.4419 	DATA 	Keypress: 5
238.4436 	DATA 	Keypress: equal
238.9169 	EXP 	text_3: autoDraw = True
238.9169 	EXP 	text_4: autoDraw = False
239.9376 	DATA 	Keypress: 5
239.9397 	DATA 	Keypress: equal
240.2195 	DATA 	Keypress: 2
241.4381 	DATA 	Keypress: 5
241.4402 	DATA 	Keypress: equal
242.9246 	DATA 	Keypress: 5
242.9264 	DATA 	Keypress: equal
243.9049 	EXP 	text_5: autoDraw = True
244.4247 	DATA 	Keypress: 5
244.4265 	DATA 	Keypress: equal
245.9389 	DATA 	Keypress: 5
245.9410 	DATA 	Keypress: equal
247.4387 	DATA 	Keypress: 5
247.4407 	DATA 	Keypress: equal
248.9001 	EXP 	text_5: autoDraw = False
248.9018 	EXP 	New trial (rep=0, index=18): OrderedDict([('Word', 'crab')])
248.9318 	EXP 	text_3: autoDraw = False
248.9318 	EXP 	text_3: autoDraw = False
248.9318 	EXP 	text_4: autoDraw = False
248.9318 	EXP 	text_5: autoDraw = False
248.9318 	EXP 	text_3: text = 'crab'
248.9318 	EXP 	text_4: autoDraw = True
248.9343 	DATA 	Keypress: 5
248.9358 	DATA 	Keypress: equal
249.9003 	EXP 	text_3: autoDraw = True
249.9331 	EXP 	text_4: autoDraw = False
250.4359 	DATA 	Keypress: 5
250.4377 	DATA 	Keypress: equal
250.7854 	DATA 	Keypress: 1
251.9360 	DATA 	Keypress: 5
251.9378 	DATA 	Keypress: equal
253.4375 	DATA 	Keypress: 5
253.4396 	DATA 	Keypress: equal
254.9004 	EXP 	text_5: autoDraw = True
254.9375 	DATA 	Keypress: 5
254.9395 	DATA 	Keypress: equal
256.4382 	DATA 	Keypress: 5
256.4402 	DATA 	Keypress: equal
257.9249 	DATA 	Keypress: 5
257.9268 	DATA 	Keypress: equal
259.4248 	DATA 	Keypress: 5
259.4265 	DATA 	Keypress: equal
259.8898 	EXP 	New trial (rep=0, index=19): OrderedDict([('Word', 'baby')])
259.9044 	EXP 	text_3: autoDraw = False
259.9044 	EXP 	text_5: autoDraw = False
259.9044 	EXP 	text_3: autoDraw = False
259.9044 	EXP 	text_4: autoDraw = False
259.9044 	EXP 	text_5: autoDraw = False
259.9044 	EXP 	text_3: text = 'baby'
259.9044 	EXP 	text_4: autoDraw = True
260.8836 	EXP 	text_3: autoDraw = True
260.9171 	EXP 	text_4: autoDraw = False
260.9378 	DATA 	Keypress: 5
260.9398 	DATA 	Keypress: equal
261.9197 	DATA 	Keypress: 1
262.4421 	DATA 	Keypress: 5
262.4438 	DATA 	Keypress: equal
263.9373 	DATA 	Keypress: 5
263.9394 	DATA 	Keypress: equal
265.4374 	DATA 	Keypress: 5
265.4395 	DATA 	Keypress: equal
265.8837 	EXP 	text_5: autoDraw = True
266.9384 	DATA 	Keypress: 5
266.9404 	DATA 	Keypress: equal
268.4251 	DATA 	Keypress: 5
268.4268 	DATA 	Keypress: equal
269.9376 	DATA 	Keypress: 5
269.9397 	DATA 	Keypress: equal
270.8686 	EXP 	New trial (rep=0, index=20): OrderedDict([('Word', 'scalpel')])
270.8838 	EXP 	text_3: autoDraw = False
270.8838 	EXP 	text_5: autoDraw = False
270.8838 	EXP 	text_3: autoDraw = False
270.8838 	EXP 	text_4: autoDraw = False
270.8838 	EXP 	text_5: autoDraw = False
270.8838 	EXP 	text_3: text = 'scalpel'
270.8838 	EXP 	text_4: autoDraw = True
271.4374 	DATA 	Keypress: 5
271.4397 	DATA 	Keypress: equal
271.8669 	EXP 	text_3: autoDraw = True
271.8831 	EXP 	text_4: autoDraw = False
272.9375 	DATA 	Keypress: 5
272.9397 	DATA 	Keypress: equal
273.8019 	DATA 	Keypress: 2
274.4375 	DATA 	Keypress: 5
274.4396 	DATA 	Keypress: equal
275.9376 	DATA 	Keypress: 5
275.9397 	DATA 	Keypress: equal
276.8670 	EXP 	text_5: autoDraw = True
277.4248 	DATA 	Keypress: 5
277.4265 	DATA 	Keypress: equal
278.9248 	DATA 	Keypress: 5
278.9266 	DATA 	Keypress: equal
280.4247 	DATA 	Keypress: 5
280.4265 	DATA 	Keypress: equal
281.8561 	EXP 	New trial (rep=0, index=21): OrderedDict([('Word', 'ladybug')])
281.8662 	EXP 	text_3: autoDraw = False
281.8662 	EXP 	text_5: autoDraw = False
281.8662 	EXP 	text_3: autoDraw = False
281.8662 	EXP 	text_4: autoDraw = False
281.8662 	EXP 	text_5: autoDraw = False
281.8662 	EXP 	text_3: text = 'ladybug'
281.8662 	EXP 	text_4: autoDraw = True
281.9421 	DATA 	Keypress: 5
281.9440 	DATA 	Keypress: equal
282.8503 	EXP 	text_3: autoDraw = True
282.8671 	EXP 	text_4: autoDraw = False
283.4422 	DATA 	Keypress: 5
283.4439 	DATA 	Keypress: equal
283.7565 	DATA 	Keypress: 1
284.9368 	DATA 	Keypress: 5
284.9388 	DATA 	Keypress: equal
286.4244 	DATA 	Keypress: 5
286.4262 	DATA 	Keypress: equal
287.8672 	EXP 	text_5: autoDraw = True
287.9249 	DATA 	Keypress: equal
287.9266 	DATA 	Keypress: 5
289.4350 	DATA 	Keypress: 5
289.4363 	DATA 	Keypress: equal
290.9382 	DATA 	Keypress: 5
290.9402 	DATA 	Keypress: equal
292.4375 	DATA 	Keypress: 5
292.4394 	DATA 	Keypress: equal
292.8497 	EXP 	text_3: autoDraw = False
292.8518 	EXP 	New trial (rep=0, index=22): OrderedDict([('Word', 'cheesecake')])
292.8672 	EXP 	text_5: autoDraw = False
292.8672 	EXP 	text_3: autoDraw = False
292.8672 	EXP 	text_4: autoDraw = False
292.8672 	EXP 	text_5: autoDraw = False
292.8672 	EXP 	text_3: text = 'cheesecake'
292.8672 	EXP 	text_4: autoDraw = True
293.8505 	EXP 	text_3: autoDraw = True
293.8670 	EXP 	text_4: autoDraw = False
293.9382 	DATA 	Keypress: 5
293.9403 	DATA 	Keypress: equal
295.4380 	DATA 	Keypress: 5
295.4400 	DATA 	Keypress: equal
295.7528 	DATA 	Keypress: 2
296.9383 	DATA 	Keypress: 5
296.9404 	DATA 	Keypress: equal
298.4371 	DATA 	Keypress: 5
298.4392 	DATA 	Keypress: equal
298.8506 	EXP 	text_5: autoDraw = True
299.9372 	DATA 	Keypress: 5
299.9392 	DATA 	Keypress: equal
301.4372 	DATA 	Keypress: 5
301.4392 	DATA 	Keypress: equal
302.9369 	DATA 	Keypress: 5
302.9387 	DATA 	Keypress: equal
303.8351 	EXP 	New trial (rep=0, index=23): OrderedDict([('Word', 'necklace')])
303.8498 	EXP 	text_3: autoDraw = False
303.8498 	EXP 	text_5: autoDraw = False
303.8498 	EXP 	text_3: autoDraw = False
303.8498 	EXP 	text_4: autoDraw = False
303.8498 	EXP 	text_5: autoDraw = False
303.8498 	EXP 	text_3: text = 'necklace'
303.8498 	EXP 	text_4: autoDraw = True
304.4373 	DATA 	Keypress: 5
304.4394 	DATA 	Keypress: equal
304.8338 	EXP 	text_3: autoDraw = True
304.8507 	EXP 	text_4: autoDraw = False
305.9374 	DATA 	Keypress: 5
305.9395 	DATA 	Keypress: equal
307.4415 	DATA 	Keypress: 5
307.4435 	DATA 	Keypress: equal
308.9414 	DATA 	Keypress: equal
308.9432 	DATA 	Keypress: 5
309.8339 	EXP 	text_5: autoDraw = True
310.4366 	DATA 	Keypress: 5
310.4385 	DATA 	Keypress: equal
311.3395 	DATA 	Keypress: 2
311.9420 	DATA 	Keypress: equal
311.9438 	DATA 	Keypress: 5
313.4375 	DATA 	Keypress: 5
313.4395 	DATA 	Keypress: equal
314.8194 	EXP 	New trial (rep=0, index=24): OrderedDict([('Word', 'binoculars')])
314.8333 	EXP 	text_3: autoDraw = False
314.8333 	EXP 	text_5: autoDraw = False
314.8333 	EXP 	text_3: autoDraw = False
314.8333 	EXP 	text_4: autoDraw = False
314.8333 	EXP 	text_5: autoDraw = False
314.8333 	EXP 	text_3: text = 'binoculars'
314.8333 	EXP 	text_4: autoDraw = True
314.9373 	DATA 	Keypress: equal
314.9393 	DATA 	Keypress: 5
315.8202 	EXP 	text_3: autoDraw = True
315.8341 	EXP 	text_4: autoDraw = False
316.4376 	DATA 	Keypress: 5
316.4397 	DATA 	Keypress: equal
317.5216 	DATA 	Keypress: 2
317.9416 	DATA 	Keypress: 5
317.9434 	DATA 	Keypress: equal
319.4413 	DATA 	Keypress: 5
319.4431 	DATA 	Keypress: equal
320.8173 	EXP 	text_5: autoDraw = True
320.9381 	DATA 	Keypress: 5
320.9402 	DATA 	Keypress: equal
322.4382 	DATA 	Keypress: 5
322.4403 	DATA 	Keypress: equal
323.9382 	DATA 	Keypress: 5
323.9402 	DATA 	Keypress: equal
325.4381 	DATA 	Keypress: 5
325.4402 	DATA 	Keypress: equal
325.8171 	EXP 	text_5: autoDraw = False
325.8189 	EXP 	New trial (rep=0, index=25): OrderedDict([('Word', 'keyboard')])
325.8336 	EXP 	text_3: autoDraw = False
325.8336 	EXP 	text_3: autoDraw = False
325.8336 	EXP 	text_4: autoDraw = False
325.8336 	EXP 	text_5: autoDraw = False
325.8336 	EXP 	text_3: text = 'keyboard'
325.8336 	EXP 	text_4: autoDraw = True
326.8165 	EXP 	text_3: autoDraw = True
326.8337 	EXP 	text_4: autoDraw = False
326.9233 	DATA 	Keypress: 5
326.9251 	DATA 	Keypress: equal
328.3723 	DATA 	Keypress: 2
328.4373 	DATA 	Keypress: 5
328.4393 	DATA 	Keypress: equal
329.9681 	DATA 	Keypress: 5
329.9694 	DATA 	Keypress: equal
331.4376 	DATA 	Keypress: 5
331.4396 	DATA 	Keypress: equal
331.8170 	EXP 	text_5: autoDraw = True
332.9376 	DATA 	Keypress: 5
332.9396 	DATA 	Keypress: equal
334.4390 	DATA 	Keypress: 5
334.4410 	DATA 	Keypress: equal
335.9375 	DATA 	Keypress: 5
335.9395 	DATA 	Keypress: equal
336.8028 	EXP 	New trial (rep=0, index=26): OrderedDict([('Word', 'knight')])
336.8167 	EXP 	text_3: autoDraw = False
336.8167 	EXP 	text_5: autoDraw = False
336.8167 	EXP 	text_3: autoDraw = False
336.8167 	EXP 	text_4: autoDraw = False
336.8167 	EXP 	text_5: autoDraw = False
336.8167 	EXP 	text_3: text = 'knight'
336.8167 	EXP 	text_4: autoDraw = True
337.4407 	DATA 	Keypress: 5
337.4425 	DATA 	Keypress: equal
337.8039 	EXP 	text_3: autoDraw = True
337.8206 	EXP 	text_4: autoDraw = False
338.9366 	DATA 	Keypress: 5
338.9386 	DATA 	Keypress: equal
339.2711 	DATA 	Keypress: 1
340.4412 	DATA 	Keypress: 5
340.4430 	DATA 	Keypress: equal
341.9376 	DATA 	Keypress: 5
341.9396 	DATA 	Keypress: equal
342.8039 	EXP 	text_5: autoDraw = True
343.4235 	DATA 	Keypress: 5
343.4254 	DATA 	Keypress: equal
344.9238 	DATA 	Keypress: 5
344.9256 	DATA 	Keypress: equal
346.4381 	DATA 	Keypress: 5
346.4402 	DATA 	Keypress: equal
347.8024 	EXP 	New trial (rep=0, index=27): OrderedDict([('Word', 'donkey')])
347.8163 	EXP 	text_3: autoDraw = False
347.8163 	EXP 	text_5: autoDraw = False
347.8163 	EXP 	text_3: autoDraw = False
347.8163 	EXP 	text_4: autoDraw = False
347.8163 	EXP 	text_5: autoDraw = False
347.8163 	EXP 	text_3: text = 'donkey'
347.8163 	EXP 	text_4: autoDraw = True
347.9375 	DATA 	Keypress: 5
347.9397 	DATA 	Keypress: equal
348.8005 	EXP 	text_3: autoDraw = True
348.8173 	EXP 	text_4: autoDraw = False
349.4377 	DATA 	Keypress: 5
349.4398 	DATA 	Keypress: equal
349.7054 	DATA 	Keypress: 1
350.9233 	DATA 	Keypress: 5
350.9250 	DATA 	Keypress: equal
352.4381 	DATA 	Keypress: 5
352.4402 	DATA 	Keypress: equal
353.8005 	EXP 	text_5: autoDraw = True
353.9416 	DATA 	Keypress: 5
353.9434 	DATA 	Keypress: equal
355.4238 	DATA 	Keypress: 5
355.4255 	DATA 	Keypress: equal
356.9238 	DATA 	Keypress: 5
356.9256 	DATA 	Keypress: equal
358.4386 	DATA 	Keypress: 5
358.4405 	DATA 	Keypress: equal
358.7855 	EXP 	New trial (rep=0, index=28): OrderedDict([('Word', 'axe')])
358.8006 	EXP 	text_3: autoDraw = False
358.8006 	EXP 	text_5: autoDraw = False
358.8006 	EXP 	text_3: autoDraw = False
358.8006 	EXP 	text_4: autoDraw = False
358.8006 	EXP 	text_5: autoDraw = False
358.8006 	EXP 	text_3: text = 'axe'
358.8006 	EXP 	text_4: autoDraw = True
359.7835 	EXP 	text_3: autoDraw = True
359.8006 	EXP 	text_4: autoDraw = False
359.9378 	DATA 	Keypress: 5
359.9398 	DATA 	Keypress: equal
360.7363 	DATA 	Keypress: 2
361.4381 	DATA 	Keypress: 5
361.4402 	DATA 	Keypress: equal
362.9379 	DATA 	Keypress: 5
362.9399 	DATA 	Keypress: equal
364.4380 	DATA 	Keypress: 5
364.4401 	DATA 	Keypress: equal
364.7835 	EXP 	text_5: autoDraw = True
365.9387 	DATA 	Keypress: 5
365.9407 	DATA 	Keypress: equal
367.4360 	DATA 	Keypress: 5
367.4376 	DATA 	Keypress: equal
368.9376 	DATA 	Keypress: 5
368.9396 	DATA 	Keypress: equal
369.7688 	EXP 	New trial (rep=0, index=29): OrderedDict([('Word', 'umbrella')])
369.7838 	EXP 	text_3: autoDraw = False
369.7838 	EXP 	text_5: autoDraw = False
369.7838 	EXP 	text_3: autoDraw = False
369.7838 	EXP 	text_4: autoDraw = False
369.7838 	EXP 	text_5: autoDraw = False
369.7838 	EXP 	text_3: text = 'umbrella'
369.7838 	EXP 	text_4: autoDraw = True
370.4355 	DATA 	Keypress: 5
370.4373 	DATA 	Keypress: equal
370.7671 	EXP 	text_3: autoDraw = True
370.7831 	EXP 	text_4: autoDraw = False
371.9383 	DATA 	Keypress: 5
371.9403 	DATA 	Keypress: equal
372.5860 	DATA 	Keypress: 2
373.4371 	DATA 	Keypress: 5
373.4391 	DATA 	Keypress: equal
374.9384 	DATA 	Keypress: 5
374.9404 	DATA 	Keypress: equal
375.7667 	EXP 	text_5: autoDraw = True
376.4380 	DATA 	Keypress: 5
376.4400 	DATA 	Keypress: equal
377.9375 	DATA 	Keypress: 5
377.9395 	DATA 	Keypress: equal
379.4383 	DATA 	Keypress: 5
379.4404 	DATA 	Keypress: equal
380.7522 	EXP 	New trial (rep=0, index=30): OrderedDict([('Word', 'coyote')])
380.7664 	EXP 	text_3: autoDraw = False
380.7664 	EXP 	text_5: autoDraw = False
380.7664 	EXP 	text_3: autoDraw = False
380.7664 	EXP 	text_4: autoDraw = False
380.7664 	EXP 	text_5: autoDraw = False
380.7664 	EXP 	text_3: text = 'coyote'
380.7664 	EXP 	text_4: autoDraw = True
380.9377 	DATA 	Keypress: 5
380.9397 	DATA 	Keypress: equal
381.7500 	EXP 	text_3: autoDraw = True
381.7673 	EXP 	text_4: autoDraw = False
382.4379 	DATA 	Keypress: 5
382.4399 	DATA 	Keypress: equal
383.9379 	DATA 	Keypress: 5
383.9399 	DATA 	Keypress: equal
384.3021 	DATA 	Keypress: 1
385.4378 	DATA 	Keypress: 5
385.4398 	DATA 	Keypress: equal
386.7501 	EXP 	text_5: autoDraw = True
386.9383 	DATA 	Keypress: equal
386.9403 	DATA 	Keypress: 5
388.4386 	DATA 	Keypress: equal
388.4406 	DATA 	Keypress: 5
389.9385 	DATA 	Keypress: 5
389.9404 	DATA 	Keypress: equal
391.4385 	DATA 	Keypress: 5
391.4405 	DATA 	Keypress: equal
391.7358 	EXP 	New trial (rep=0, index=31): OrderedDict([('Word', 'chipmunk')])
391.7498 	EXP 	text_3: autoDraw = False
391.7498 	EXP 	text_5: autoDraw = False
391.7498 	EXP 	text_3: autoDraw = False
391.7498 	EXP 	text_4: autoDraw = False
391.7498 	EXP 	text_5: autoDraw = False
391.7498 	EXP 	text_3: text = 'chipmunk'
391.7498 	EXP 	text_4: autoDraw = True
392.7337 	EXP 	text_3: autoDraw = True
392.7497 	EXP 	text_4: autoDraw = False
392.9381 	DATA 	Keypress: 5
392.9401 	DATA 	Keypress: equal
393.9879 	DATA 	Keypress: 1
394.4380 	DATA 	Keypress: 5
394.4400 	DATA 	Keypress: equal
395.9380 	DATA 	Keypress: 5
395.9400 	DATA 	Keypress: equal
397.4372 	DATA 	Keypress: 5
397.4391 	DATA 	Keypress: equal
397.7335 	EXP 	text_5: autoDraw = True
398.9389 	DATA 	Keypress: 5
398.9408 	DATA 	Keypress: equal
400.4395 	DATA 	Keypress: 5
400.4414 	DATA 	Keypress: equal
401.9383 	DATA 	Keypress: 5
401.9404 	DATA 	Keypress: equal
402.7188 	EXP 	New trial (rep=0, index=32): OrderedDict([('Word', 'walrus')])
402.7331 	EXP 	text_3: autoDraw = False
402.7331 	EXP 	text_5: autoDraw = False
402.7331 	EXP 	text_3: autoDraw = False
402.7331 	EXP 	text_4: autoDraw = False
402.7331 	EXP 	text_5: autoDraw = False
402.7331 	EXP 	text_3: text = 'walrus'
402.7331 	EXP 	text_4: autoDraw = True
403.4373 	DATA 	Keypress: 5
403.4393 	DATA 	Keypress: equal
403.7172 	EXP 	text_3: autoDraw = True
403.7331 	EXP 	text_4: autoDraw = False
404.9364 	DATA 	Keypress: 5
404.9381 	DATA 	Keypress: equal
405.7361 	DATA 	Keypress: 1
406.4379 	DATA 	Keypress: 5
406.4399 	DATA 	Keypress: equal
407.9378 	DATA 	Keypress: 5
407.9398 	DATA 	Keypress: equal
408.7173 	EXP 	text_5: autoDraw = True
409.4380 	DATA 	Keypress: 5
409.4401 	DATA 	Keypress: equal
410.9383 	DATA 	Keypress: equal
410.9404 	DATA 	Keypress: 5
412.4381 	DATA 	Keypress: 5
412.4401 	DATA 	Keypress: equal
413.7021 	EXP 	New trial (rep=0, index=33): OrderedDict([('Word', 'ketchup')])
413.7165 	EXP 	text_3: autoDraw = False
413.7165 	EXP 	text_5: autoDraw = False
413.7165 	EXP 	text_3: autoDraw = False
413.7165 	EXP 	text_4: autoDraw = False
413.7165 	EXP 	text_5: autoDraw = False
413.7165 	EXP 	text_3: text = 'ketchup'
413.7165 	EXP 	text_4: autoDraw = True
413.9383 	DATA 	Keypress: 5
413.9403 	DATA 	Keypress: equal
414.7005 	EXP 	text_3: autoDraw = True
414.7165 	EXP 	text_4: autoDraw = False
415.4377 	DATA 	Keypress: 5
415.4397 	DATA 	Keypress: equal
416.9392 	DATA 	Keypress: 5
416.9412 	DATA 	Keypress: equal
417.3386 	DATA 	Keypress: 2
418.4377 	DATA 	Keypress: 5
418.4397 	DATA 	Keypress: equal
419.7001 	EXP 	text_5: autoDraw = True
419.9387 	DATA 	Keypress: 5
419.9406 	DATA 	Keypress: equal
421.4391 	DATA 	Keypress: 5
421.4410 	DATA 	Keypress: equal
422.9394 	DATA 	Keypress: 5
422.9411 	DATA 	Keypress: equal
424.4397 	DATA 	Keypress: 5
424.4414 	DATA 	Keypress: equal
424.6856 	EXP 	New trial (rep=0, index=34): OrderedDict([('Word', 'elephant')])
424.6996 	EXP 	text_3: autoDraw = False
424.6996 	EXP 	text_5: autoDraw = False
424.6996 	EXP 	text_3: autoDraw = False
424.6996 	EXP 	text_4: autoDraw = False
424.6996 	EXP 	text_5: autoDraw = False
424.6996 	EXP 	text_3: text = 'elephant'
424.6996 	EXP 	text_4: autoDraw = True
425.7004 	EXP 	text_3: autoDraw = True
425.7004 	EXP 	text_4: autoDraw = False
425.9386 	DATA 	Keypress: 5
425.9405 	DATA 	Keypress: equal
426.6382 	DATA 	Keypress: 1
427.4390 	DATA 	Keypress: 5
427.4408 	DATA 	Keypress: equal
428.9391 	DATA 	Keypress: 5
428.9410 	DATA 	Keypress: equal
430.4356 	DATA 	Keypress: 5
430.4374 	DATA 	Keypress: equal
430.6996 	EXP 	text_5: autoDraw = True
431.9392 	DATA 	Keypress: 5
431.9410 	DATA 	Keypress: equal
433.4394 	DATA 	Keypress: 5
433.4412 	DATA 	Keypress: equal
434.9369 	DATA 	Keypress: 5
434.9386 	DATA 	Keypress: equal
435.6860 	EXP 	New trial (rep=0, index=35): OrderedDict([('Word', 'platypus')])
435.7000 	EXP 	text_3: autoDraw = False
435.7000 	EXP 	text_5: autoDraw = False
435.7000 	EXP 	text_3: autoDraw = False
435.7000 	EXP 	text_4: autoDraw = False
435.7000 	EXP 	text_5: autoDraw = False
435.7000 	EXP 	text_3: text = 'platypus'
435.7000 	EXP 	text_4: autoDraw = True
436.4369 	DATA 	Keypress: 5
436.4390 	DATA 	Keypress: equal
436.6840 	EXP 	text_3: autoDraw = True
436.7009 	EXP 	text_4: autoDraw = False
437.8690 	DATA 	Keypress: 1
437.9378 	DATA 	Keypress: 5
437.9398 	DATA 	Keypress: equal
439.4371 	DATA 	Keypress: 5
439.4388 	DATA 	Keypress: equal
440.9391 	DATA 	Keypress: 5
440.9408 	DATA 	Keypress: equal
441.6841 	EXP 	text_5: autoDraw = True
442.4364 	DATA 	Keypress: 5
442.4382 	DATA 	Keypress: equal
443.9392 	DATA 	Keypress: 5
443.9412 	DATA 	Keypress: equal
445.4379 	DATA 	Keypress: 5
445.4400 	DATA 	Keypress: equal
446.6692 	EXP 	New trial (rep=0, index=36): OrderedDict([('Word', 'fingerprint')])
446.6834 	EXP 	text_3: autoDraw = False
446.6834 	EXP 	text_5: autoDraw = False
446.6834 	EXP 	text_3: autoDraw = False
446.6834 	EXP 	text_4: autoDraw = False
446.6834 	EXP 	text_5: autoDraw = False
446.6834 	EXP 	text_3: text = 'fingerprint'
446.6834 	EXP 	text_4: autoDraw = True
446.9383 	DATA 	Keypress: 5
446.9402 	DATA 	Keypress: equal
447.6674 	EXP 	text_3: autoDraw = True
447.6841 	EXP 	text_4: autoDraw = False
448.4386 	DATA 	Keypress: 5
448.4405 	DATA 	Keypress: equal
448.9699 	DATA 	Keypress: 2
449.9391 	DATA 	Keypress: 5
449.9409 	DATA 	Keypress: equal
451.4390 	DATA 	Keypress: 5
451.4409 	DATA 	Keypress: equal
452.6667 	EXP 	text_5: autoDraw = True
452.9380 	DATA 	Keypress: 5
452.9399 	DATA 	Keypress: equal
454.4391 	DATA 	Keypress: 5
454.4409 	DATA 	Keypress: equal
455.9388 	DATA 	Keypress: 5
455.9406 	DATA 	Keypress: equal
457.4390 	DATA 	Keypress: 5
457.4408 	DATA 	Keypress: equal
457.6521 	EXP 	New trial (rep=0, index=37): OrderedDict([('Word', 'violinist')])
457.6675 	EXP 	text_3: autoDraw = False
457.6675 	EXP 	text_5: autoDraw = False
457.6675 	EXP 	text_3: autoDraw = False
457.6675 	EXP 	text_4: autoDraw = False
457.6675 	EXP 	text_5: autoDraw = False
457.6675 	EXP 	text_3: text = 'violinist'
457.6675 	EXP 	text_4: autoDraw = True
458.6675 	EXP 	text_3: autoDraw = True
458.6836 	EXP 	text_4: autoDraw = False
458.9383 	DATA 	Keypress: 5
458.9402 	DATA 	Keypress: equal
459.6867 	DATA 	Keypress: 1
460.4380 	DATA 	Keypress: equal
460.4401 	DATA 	Keypress: 5
461.9385 	DATA 	Keypress: equal
461.9405 	DATA 	Keypress: 5
463.4389 	DATA 	Keypress: 5
463.4406 	DATA 	Keypress: equal
463.6507 	EXP 	text_5: autoDraw = True
464.9386 	DATA 	Keypress: 5
464.9406 	DATA 	Keypress: equal
466.4388 	DATA 	Keypress: equal
466.4407 	DATA 	Keypress: 5
467.9382 	DATA 	Keypress: equal
467.9401 	DATA 	Keypress: 5
468.6509 	EXP 	text_5: autoDraw = False
468.6529 	EXP 	New trial (rep=0, index=38): OrderedDict([('Word', 'grandfather')])
468.6668 	EXP 	text_3: autoDraw = False
468.6668 	EXP 	text_3: autoDraw = False
468.6668 	EXP 	text_4: autoDraw = False
468.6668 	EXP 	text_5: autoDraw = False
468.6668 	EXP 	text_3: text = 'grandfather'
468.6668 	EXP 	text_4: autoDraw = True
469.4384 	DATA 	Keypress: equal
469.4404 	DATA 	Keypress: 5
469.6509 	EXP 	text_3: autoDraw = True
469.6669 	EXP 	text_4: autoDraw = False
470.7038 	DATA 	Keypress: 1
470.9381 	DATA 	Keypress: 5
470.9400 	DATA 	Keypress: equal
472.4383 	DATA 	Keypress: 5
472.4402 	DATA 	Keypress: equal
473.9383 	DATA 	Keypress: 5
473.9404 	DATA 	Keypress: equal
474.6510 	EXP 	text_5: autoDraw = True
475.4390 	DATA 	Keypress: 5
475.4408 	DATA 	Keypress: equal
476.9390 	DATA 	Keypress: 5
476.9407 	DATA 	Keypress: equal
478.4379 	DATA 	Keypress: 5
478.4399 	DATA 	Keypress: equal
479.6364 	EXP 	New trial (rep=0, index=39): OrderedDict([('Word', 'cabdriver')])
479.6499 	EXP 	text_3: autoDraw = False
479.6499 	EXP 	text_5: autoDraw = False
479.6499 	EXP 	text_3: autoDraw = False
479.6499 	EXP 	text_4: autoDraw = False
479.6499 	EXP 	text_5: autoDraw = False
479.6499 	EXP 	text_3: text = 'cabdriver'
479.6499 	EXP 	text_4: autoDraw = True
479.9375 	DATA 	Keypress: 5
479.9395 	DATA 	Keypress: equal
480.6343 	EXP 	text_3: autoDraw = True
480.6512 	EXP 	text_4: autoDraw = False
481.4385 	DATA 	Keypress: 5
481.4404 	DATA 	Keypress: equal
482.1533 	DATA 	Keypress: 1
482.9385 	DATA 	Keypress: equal
482.9404 	DATA 	Keypress: 5
484.4385 	DATA 	Keypress: 5
484.4405 	DATA 	Keypress: equal
485.6506 	EXP 	text_5: autoDraw = True
485.9386 	DATA 	Keypress: 5
485.9407 	DATA 	Keypress: equal
487.4392 	DATA 	Keypress: 5
487.4411 	DATA 	Keypress: equal
488.9398 	DATA 	Keypress: 5
488.9415 	DATA 	Keypress: equal
490.4360 	DATA 	Keypress: equal
490.4378 	DATA 	Keypress: 5
490.6336 	EXP 	text_3: autoDraw = False
490.6507 	EXP 	text_5: autoDraw = False
490.6507 	EXP 	text_3: autoDraw = False
490.6507 	EXP 	text_4: autoDraw = False
490.6507 	EXP 	text_5: autoDraw = False
490.6507 	EXP 	text_6: autoDraw = True
491.9379 	DATA 	Keypress: equal
491.9399 	DATA 	Keypress: 5
493.4385 	DATA 	Keypress: 5
493.4404 	DATA 	Keypress: equal
494.9384 	DATA 	Keypress: equal
494.9403 	DATA 	Keypress: 5
495.6500 	EXP 	text_6: autoDraw = False
495.6500 	EXP 	text_6: autoDraw = False
495.9332 	EXP 	window1: mouseVisible = True
