6.0341 	EXP 	Created window1 = Window(allowGUI=False, allowStencil=False, args=UNKNOWN, autoLog=True, bitsMode=UNKNOWN, blendMode='avg', color=array([0., 0., 0.]), colorSpace='rgb', fullscr=<method-wrapper '__getattribute__' of attributeSetter object at 0x118ef8d30>, gamma=None, gammaErrorPolicy='raise', kwargs=UNKNOWN, lms=UNKNOWN, monitor=<psychopy.monitors.calibTools.Monitor object at 0x1289299b0>, multiSample=False, name='window1', numSamples=2, pos=[0.0, 0.0], screen=0, size=array([1920, 1080]), stereo=False, units='height', useFBO=True, useRetina=False, viewOri=0.0, viewPos=None, viewScale=None, waitBlanking=True, winType='pyglet')
6.0342 	EXP 	window1: recordFrameIntervals = False
6.1996 	EXP 	window1: recordFrameIntervals = True
6.3839 	EXP 	window1: recordFrameIntervals = False
6.7613 	EXP 	Created text = TextStim(__class__=<class 'psychopy.visual.text.TextStim'>, alignHoriz='center', alignVert='center', antialias=True, autoLog=True, bold=False, color='white', colorSpace='named', contrast=1.0, depth=0.0, flipHoriz=False, flipVert=False, font='Arial', fontFiles=[], height=0.03, italic=False, languageStyle='LTR', name='text', opacity=1.0, ori=0, pos=array([0., 0.]), rgb=array([255., 255., 255.]), text=str(...), units='height', win=Window(...), wrapWidth=1)
6.7992 	EXP 	Created text_2 = TextStim(__class__=<class 'psychopy.visual.text.TextStim'>, alignHoriz='center', alignVert='center', antialias=True, autoLog=True, bold=False, color='white', colorSpace='named', contrast=1.0, depth=0.0, flipHoriz=False, flipVert=False, font='Arial', fontFiles=[], height=0.1, italic=False, languageStyle='LTR', name='text_2', opacity=1.0, ori=0, pos=array([0., 0.]), rgb=array([255., 255., 255.]), text='Waiting for the scanner\n', units='height', win=Window(...), wrapWidth=1)
6.8350 	EXP 	Created text_3 = TextStim(__class__=<class 'psychopy.visual.text.TextStim'>, alignHoriz='center', alignVert='center', antialias=True, autoLog=True, bold=False, color='white', colorSpace='named', contrast=1.0, depth=0.0, flipHoriz=False, flipVert=False, font='Arial', fontFiles=[], height=0.1, italic=False, languageStyle='LTR', name='text_3', opacity=1.0, ori=0, pos=array([0., 0.]), rgb=array([255., 255., 255.]), text='default text', units='height', win=Window(...), wrapWidth=1)
6.8374 	EXP 	Created text_4 = TextStim(__class__=<class 'psychopy.visual.text.TextStim'>, alignHoriz='center', alignVert='center', antialias=True, autoLog=True, bold=False, color='white', colorSpace='named', contrast=1.0, depth=-1.0, flipHoriz=False, flipVert=False, font='Arial', fontFiles=[], height=0.1, italic=False, languageStyle='LTR', name='text_4', opacity=1.0, ori=0, pos=array([0., 0.]), rgb=array([255., 255., 255.]), text='+', units='height', win=Window(...), wrapWidth=1)
6.8507 	EXP 	Created text_5 = TextStim(__class__=<class 'psychopy.visual.text.TextStim'>, alignHoriz='center', alignVert='center', antialias=True, autoLog=True, bold=False, color='white', colorSpace='named', contrast=1.0, depth=-2.0, flipHoriz=False, flipVert=False, font='Arial', fontFiles=[], height=0.02, italic=False, languageStyle='LTR', name='text_5', opacity=1.0, ori=0, pos=array([ 0. , -0.3]), rgb=array([255., 255., 255.]), text=str(...), units='height', win=Window(...), wrapWidth=1)
6.8888 	EXP 	Created text_6 = TextStim(__class__=<class 'psychopy.visual.text.TextStim'>, alignHoriz='center', alignVert='center', antialias=True, autoLog=True, bold=False, color='white', colorSpace='named', contrast=1.0, depth=0.0, flipHoriz=False, flipVert=False, font='Arial', fontFiles=[], height=0.1, italic=False, languageStyle='LTR', name='text_6', opacity=1.0, ori=0, pos=array([0., 0.]), rgb=array([255., 255., 255.]), text="That's the end of this task\n", units='height', win=Window(...), wrapWidth=1)
6.8997 	EXP 	text: autoDraw = True
26.8243 	DATA 	Keypress: 1
26.8343 	EXP 	text: autoDraw = False
26.8343 	EXP 	text_2: autoDraw = True
44.3212 	EXP 	Imported wl.csv as conditions, 40 conditions, 1 params
44.3215 	EXP 	Created sequence: random, trialTypes=40, nReps=1, seed=None
44.3217 	EXP 	New trial (rep=0, index=0): OrderedDict([('Word', 'mirror')])
44.3269 	DATA 	Keypress: 5
44.3281 	DATA 	Keypress: equal
44.3338 	EXP 	text_2: autoDraw = False
44.3338 	EXP 	text_3: text = 'mirror'
44.3338 	EXP 	text_4: autoDraw = True
45.3171 	EXP 	text_3: autoDraw = True
45.3338 	EXP 	text_4: autoDraw = False
45.8188 	DATA 	Keypress: 5
45.8201 	DATA 	Keypress: equal
47.3188 	DATA 	Keypress: 5
47.3200 	DATA 	Keypress: equal
48.8186 	DATA 	Keypress: 5
48.8198 	DATA 	Keypress: equal
48.8379 	DATA 	Keypress: 2
50.3163 	EXP 	text_5: autoDraw = True
50.3195 	DATA 	Keypress: equal
50.3207 	DATA 	Keypress: 5
51.8192 	DATA 	Keypress: 5
51.8203 	DATA 	Keypress: equal
52.2197 	DATA 	Keypress: 2
53.3190 	DATA 	Keypress: 5
53.3203 	DATA 	Keypress: equal
54.8191 	DATA 	Keypress: 5
54.8202 	DATA 	Keypress: equal
55.3033 	EXP 	New trial (rep=0, index=1): OrderedDict([('Word', 'seahorse')])
55.3167 	EXP 	text_3: autoDraw = False
55.3167 	EXP 	text_5: autoDraw = False
55.3167 	EXP 	text_3: autoDraw = False
55.3167 	EXP 	text_4: autoDraw = False
55.3167 	EXP 	text_5: autoDraw = False
55.3167 	EXP 	text_3: text = 'seahorse'
55.3167 	EXP 	text_4: autoDraw = True
56.3004 	EXP 	text_3: autoDraw = True
56.3164 	EXP 	text_4: autoDraw = False
56.3188 	DATA 	Keypress: 5
56.3203 	DATA 	Keypress: equal
57.8186 	DATA 	Keypress: equal
57.8199 	DATA 	Keypress: 5
59.3189 	DATA 	Keypress: 5
59.3201 	DATA 	Keypress: equal
60.8187 	DATA 	Keypress: 5
60.8201 	DATA 	Keypress: equal
61.3003 	EXP 	text_5: autoDraw = True
62.3194 	DATA 	Keypress: 5
62.3208 	DATA 	Keypress: equal
62.5362 	DATA 	Keypress: 1
63.8194 	DATA 	Keypress: 5
63.8207 	DATA 	Keypress: equal
64.2534 	DATA 	Keypress: 1
65.3191 	DATA 	Keypress: 5
65.3203 	DATA 	Keypress: equal
66.2858 	EXP 	New trial (rep=0, index=2): OrderedDict([('Word', 'umbrella')])
66.3007 	EXP 	text_3: autoDraw = False
66.3007 	EXP 	text_5: autoDraw = False
66.3007 	EXP 	text_3: autoDraw = False
66.3007 	EXP 	text_4: autoDraw = False
66.3007 	EXP 	text_5: autoDraw = False
66.3007 	EXP 	text_3: text = 'umbrella'
66.3007 	EXP 	text_4: autoDraw = True
66.8187 	DATA 	Keypress: 5
66.8200 	DATA 	Keypress: equal
67.2837 	EXP 	text_3: autoDraw = True
67.3018 	EXP 	text_4: autoDraw = False
68.3190 	DATA 	Keypress: 5
68.3202 	DATA 	Keypress: equal
69.8189 	DATA 	Keypress: 5
69.8201 	DATA 	Keypress: equal
71.3188 	DATA 	Keypress: 5
71.3201 	DATA 	Keypress: equal
72.2837 	EXP 	text_5: autoDraw = True
72.7547 	DATA 	Keypress: 2
72.8192 	DATA 	Keypress: equal
72.8204 	DATA 	Keypress: 5
73.9028 	DATA 	Keypress: 2
74.3193 	DATA 	Keypress: 5
74.3204 	DATA 	Keypress: equal
75.8191 	DATA 	Keypress: 5
75.8203 	DATA 	Keypress: equal
77.2691 	EXP 	New trial (rep=0, index=3): OrderedDict([('Word', 'keyboard')])
77.2831 	EXP 	text_3: autoDraw = False
77.2831 	EXP 	text_5: autoDraw = False
77.2831 	EXP 	text_3: autoDraw = False
77.2831 	EXP 	text_4: autoDraw = False
77.2831 	EXP 	text_5: autoDraw = False
77.2831 	EXP 	text_3: text = 'keyboard'
77.2831 	EXP 	text_4: autoDraw = True
77.3184 	DATA 	Keypress: 5
77.3196 	DATA 	Keypress: equal
78.2669 	EXP 	text_3: autoDraw = True
78.2833 	EXP 	text_4: autoDraw = False
78.8190 	DATA 	Keypress: 5
78.8202 	DATA 	Keypress: equal
80.3189 	DATA 	Keypress: 5
80.3201 	DATA 	Keypress: equal
81.8190 	DATA 	Keypress: 5
81.8202 	DATA 	Keypress: equal
83.2665 	EXP 	text_5: autoDraw = True
83.3189 	DATA 	Keypress: 5
83.3202 	DATA 	Keypress: equal
84.8199 	DATA 	Keypress: 5
84.8211 	DATA 	Keypress: equal
85.2551 	DATA 	Keypress: 2
86.3199 	DATA 	Keypress: 5
86.3211 	DATA 	Keypress: equal
87.8199 	DATA 	Keypress: 5
87.8211 	DATA 	Keypress: equal
88.2533 	EXP 	New trial (rep=0, index=4): OrderedDict([('Word', 'grandfather')])
88.2676 	EXP 	text_3: autoDraw = False
88.2676 	EXP 	text_5: autoDraw = False
88.2676 	EXP 	text_3: autoDraw = False
88.2676 	EXP 	text_4: autoDraw = False
88.2676 	EXP 	text_5: autoDraw = False
88.2676 	EXP 	text_3: text = 'grandfather'
88.2676 	EXP 	text_4: autoDraw = True
89.2513 	EXP 	text_3: autoDraw = True
89.2684 	EXP 	text_4: autoDraw = False
89.3192 	DATA 	Keypress: 5
89.3205 	DATA 	Keypress: equal
90.8194 	DATA 	Keypress: 5
90.8206 	DATA 	Keypress: equal
92.3194 	DATA 	Keypress: 5
92.3207 	DATA 	Keypress: equal
93.8196 	DATA 	Keypress: 5
93.8208 	DATA 	Keypress: equal
94.2515 	EXP 	text_5: autoDraw = True
95.3198 	DATA 	Keypress: 5
95.3211 	DATA 	Keypress: equal
95.6726 	DATA 	Keypress: 1
96.8207 	DATA 	Keypress: 5
96.8225 	DATA 	Keypress: equal
98.3207 	DATA 	Keypress: 5
98.3225 	DATA 	Keypress: equal
99.2368 	EXP 	New trial (rep=0, index=5): OrderedDict([('Word', 'scalpel')])
99.2507 	EXP 	text_3: autoDraw = False
99.2507 	EXP 	text_5: autoDraw = False
99.2507 	EXP 	text_3: autoDraw = False
99.2507 	EXP 	text_4: autoDraw = False
99.2507 	EXP 	text_5: autoDraw = False
99.2507 	EXP 	text_3: text = 'scalpel'
99.2507 	EXP 	text_4: autoDraw = True
99.8204 	DATA 	Keypress: 5
99.8222 	DATA 	Keypress: equal
100.2348 	EXP 	text_3: autoDraw = True
100.2509 	EXP 	text_4: autoDraw = False
101.3203 	DATA 	Keypress: 5
101.3220 	DATA 	Keypress: equal
102.8206 	DATA 	Keypress: equal
102.8224 	DATA 	Keypress: 5
104.3205 	DATA 	Keypress: equal
104.3223 	DATA 	Keypress: 5
105.2681 	EXP 	text_5: autoDraw = True
105.8208 	DATA 	Keypress: 5
105.8226 	DATA 	Keypress: equal
106.2702 	DATA 	Keypress: 2
107.3209 	DATA 	Keypress: equal
107.3226 	DATA 	Keypress: 5
108.8207 	DATA 	Keypress: 5
108.8225 	DATA 	Keypress: equal
110.2342 	EXP 	text_3: autoDraw = False
110.2532 	EXP 	New trial (rep=0, index=6): OrderedDict([('Word', 'necklace')])
110.2672 	EXP 	text_5: autoDraw = False
110.2672 	EXP 	text_3: autoDraw = False
110.2672 	EXP 	text_4: autoDraw = False
110.2672 	EXP 	text_5: autoDraw = False
110.2672 	EXP 	text_3: text = 'necklace'
110.2672 	EXP 	text_4: autoDraw = True
110.3204 	DATA 	Keypress: 5
110.3221 	DATA 	Keypress: equal
111.2511 	EXP 	text_3: autoDraw = True
111.2680 	EXP 	text_4: autoDraw = False
111.8206 	DATA 	Keypress: 5
111.8224 	DATA 	Keypress: equal
113.3206 	DATA 	Keypress: 5
113.3223 	DATA 	Keypress: equal
114.8206 	DATA 	Keypress: 5
114.8223 	DATA 	Keypress: equal
116.2512 	EXP 	text_5: autoDraw = True
116.3207 	DATA 	Keypress: 5
116.3225 	DATA 	Keypress: equal
117.6207 	DATA 	Keypress: 2
117.8204 	DATA 	Keypress: 5
117.8220 	DATA 	Keypress: equal
119.3205 	DATA 	Keypress: 5
119.3221 	DATA 	Keypress: equal
120.8204 	DATA 	Keypress: 5
120.8222 	DATA 	Keypress: equal
121.2366 	EXP 	New trial (rep=0, index=7): OrderedDict([('Word', 'donkey')])
121.2505 	EXP 	text_3: autoDraw = False
121.2505 	EXP 	text_5: autoDraw = False
121.2505 	EXP 	text_3: autoDraw = False
121.2505 	EXP 	text_4: autoDraw = False
121.2505 	EXP 	text_5: autoDraw = False
121.2505 	EXP 	text_3: text = 'donkey'
121.2505 	EXP 	text_4: autoDraw = True
122.2344 	EXP 	text_3: autoDraw = True
122.2512 	EXP 	text_4: autoDraw = False
122.3203 	DATA 	Keypress: 5
122.3221 	DATA 	Keypress: equal
123.8200 	DATA 	Keypress: 5
123.8217 	DATA 	Keypress: equal
125.3201 	DATA 	Keypress: equal
125.3219 	DATA 	Keypress: 5
126.8199 	DATA 	Keypress: 5
126.8216 	DATA 	Keypress: equal
127.2345 	EXP 	text_5: autoDraw = True
128.1719 	DATA 	Keypress: 1
128.3203 	DATA 	Keypress: equal
128.3220 	DATA 	Keypress: 5
129.8201 	DATA 	Keypress: equal
129.8219 	DATA 	Keypress: 5
131.3202 	DATA 	Keypress: 5
131.3219 	DATA 	Keypress: equal
132.2199 	EXP 	New trial (rep=0, index=8): OrderedDict([('Word', 'microscope')])
132.2348 	EXP 	text_3: autoDraw = False
132.2348 	EXP 	text_5: autoDraw = False
132.2348 	EXP 	text_3: autoDraw = False
132.2348 	EXP 	text_4: autoDraw = False
132.2348 	EXP 	text_5: autoDraw = False
132.2348 	EXP 	text_3: text = 'microscope'
132.2348 	EXP 	text_4: autoDraw = True
132.8195 	DATA 	Keypress: 5
132.8212 	DATA 	Keypress: equal
133.2177 	EXP 	text_3: autoDraw = True
133.2342 	EXP 	text_4: autoDraw = False
134.3203 	DATA 	Keypress: 5
134.3221 	DATA 	Keypress: equal
135.8199 	DATA 	Keypress: 5
135.8216 	DATA 	Keypress: equal
137.3199 	DATA 	Keypress: 5
137.3216 	DATA 	Keypress: equal
138.2178 	EXP 	text_5: autoDraw = True
138.8202 	DATA 	Keypress: 5
138.8220 	DATA 	Keypress: equal
139.7381 	DATA 	Keypress: 2
140.3201 	DATA 	Keypress: 5
140.3218 	DATA 	Keypress: equal
141.8204 	DATA 	Keypress: 5
141.8221 	DATA 	Keypress: equal
143.2034 	EXP 	New trial (rep=0, index=9): OrderedDict([('Word', 'hairstylist')])
143.2180 	EXP 	text_3: autoDraw = False
143.2180 	EXP 	text_5: autoDraw = False
143.2180 	EXP 	text_3: autoDraw = False
143.2180 	EXP 	text_4: autoDraw = False
143.2180 	EXP 	text_5: autoDraw = False
143.2180 	EXP 	text_3: text = 'hairstylist'
143.2180 	EXP 	text_4: autoDraw = True
143.3197 	DATA 	Keypress: 5
143.3215 	DATA 	Keypress: equal
144.2010 	EXP 	text_3: autoDraw = True
144.2190 	EXP 	text_4: autoDraw = False
144.8199 	DATA 	Keypress: 5
144.8216 	DATA 	Keypress: equal
146.3198 	DATA 	Keypress: 5
146.3216 	DATA 	Keypress: equal
147.8200 	DATA 	Keypress: 5
147.8217 	DATA 	Keypress: equal
149.2022 	EXP 	text_5: autoDraw = True
149.3204 	DATA 	Keypress: 5
149.3221 	DATA 	Keypress: equal
150.7237 	DATA 	Keypress: 1
150.8203 	DATA 	Keypress: 5
150.8220 	DATA 	Keypress: equal
152.3204 	DATA 	Keypress: 5
152.3222 	DATA 	Keypress: equal
153.8203 	DATA 	Keypress: 5
153.8221 	DATA 	Keypress: equal
154.1875 	EXP 	New trial (rep=0, index=10): OrderedDict([('Word', 'leopard')])
154.2006 	EXP 	text_3: autoDraw = False
154.2006 	EXP 	text_5: autoDraw = False
154.2006 	EXP 	text_3: autoDraw = False
154.2006 	EXP 	text_4: autoDraw = False
154.2006 	EXP 	text_5: autoDraw = False
154.2006 	EXP 	text_3: text = 'leopard'
154.2006 	EXP 	text_4: autoDraw = True
155.1847 	EXP 	text_3: autoDraw = True
155.2022 	EXP 	text_4: autoDraw = False
155.3205 	DATA 	Keypress: 5
155.3222 	DATA 	Keypress: equal
156.8200 	DATA 	Keypress: 5
156.8218 	DATA 	Keypress: equal
158.3198 	DATA 	Keypress: 5
158.3216 	DATA 	Keypress: equal
159.8200 	DATA 	Keypress: 5
159.8218 	DATA 	Keypress: equal
160.1853 	EXP 	text_5: autoDraw = True
161.3203 	DATA 	Keypress: 5
161.3221 	DATA 	Keypress: equal
161.4538 	DATA 	Keypress: 1
162.8204 	DATA 	Keypress: 5
162.8221 	DATA 	Keypress: equal
164.3202 	DATA 	Keypress: 5
164.3220 	DATA 	Keypress: equal
165.1705 	EXP 	New trial (rep=0, index=11): OrderedDict([('Word', 'walrus')])
165.1848 	EXP 	text_3: autoDraw = False
165.1848 	EXP 	text_5: autoDraw = False
165.1848 	EXP 	text_3: autoDraw = False
165.1848 	EXP 	text_4: autoDraw = False
165.1848 	EXP 	text_5: autoDraw = False
165.1848 	EXP 	text_3: text = 'walrus'
165.1848 	EXP 	text_4: autoDraw = True
165.8199 	DATA 	Keypress: 5
165.8217 	DATA 	Keypress: equal
166.1687 	EXP 	text_3: autoDraw = True
166.1850 	EXP 	text_4: autoDraw = False
167.3198 	DATA 	Keypress: 5
167.3216 	DATA 	Keypress: equal
168.8199 	DATA 	Keypress: 5
168.8216 	DATA 	Keypress: equal
170.3200 	DATA 	Keypress: 5
170.3217 	DATA 	Keypress: equal
171.1682 	EXP 	text_5: autoDraw = True
171.8202 	DATA 	Keypress: 5
171.8219 	DATA 	Keypress: equal
172.0371 	DATA 	Keypress: 1
173.3204 	DATA 	Keypress: 5
173.3222 	DATA 	Keypress: equal
174.8203 	DATA 	Keypress: 5
174.8220 	DATA 	Keypress: equal
176.2178 	EXP 	New trial (rep=0, index=12): OrderedDict([('Word', 'axe')])
176.2500 	EXP 	text_3: autoDraw = False
176.2500 	EXP 	text_5: autoDraw = False
176.2500 	EXP 	text_3: autoDraw = False
176.2500 	EXP 	text_4: autoDraw = False
176.2500 	EXP 	text_5: autoDraw = False
176.2500 	EXP 	text_3: text = 'axe'
176.2500 	EXP 	text_4: autoDraw = True
176.3198 	DATA 	Keypress: 5
176.3216 	DATA 	Keypress: equal
177.2183 	EXP 	text_3: autoDraw = True
177.2514 	EXP 	text_4: autoDraw = False
177.8199 	DATA 	Keypress: 5
177.8217 	DATA 	Keypress: equal
179.3201 	DATA 	Keypress: 5
179.3218 	DATA 	Keypress: equal
180.8200 	DATA 	Keypress: 5
180.8217 	DATA 	Keypress: equal
182.2184 	EXP 	text_5: autoDraw = True
182.3205 	DATA 	Keypress: 5
182.3222 	DATA 	Keypress: equal
183.8203 	DATA 	Keypress: 5
183.8221 	DATA 	Keypress: equal
183.9058 	DATA 	Keypress: 2
185.3204 	DATA 	Keypress: equal
185.3221 	DATA 	Keypress: 5
186.8205 	DATA 	Keypress: 5
186.8222 	DATA 	Keypress: equal
187.2031 	EXP 	New trial (rep=0, index=13): OrderedDict([('Word', 'airplane')])
187.2176 	EXP 	text_3: autoDraw = False
187.2176 	EXP 	text_5: autoDraw = False
187.2176 	EXP 	text_3: autoDraw = False
187.2176 	EXP 	text_4: autoDraw = False
187.2176 	EXP 	text_5: autoDraw = False
187.2176 	EXP 	text_3: text = 'airplane'
187.2176 	EXP 	text_4: autoDraw = True
188.2012 	EXP 	text_3: autoDraw = True
188.2177 	EXP 	text_4: autoDraw = False
188.3200 	DATA 	Keypress: 5
188.3217 	DATA 	Keypress: equal
189.8201 	DATA 	Keypress: 5
189.8219 	DATA 	Keypress: equal
191.3200 	DATA 	Keypress: 5
191.3217 	DATA 	Keypress: equal
192.8203 	DATA 	Keypress: 5
192.8220 	DATA 	Keypress: equal
193.2015 	EXP 	text_5: autoDraw = True
194.2723 	DATA 	Keypress: 2
194.3205 	DATA 	Keypress: 5
194.3222 	DATA 	Keypress: equal
195.8208 	DATA 	Keypress: 5
195.8225 	DATA 	Keypress: equal
197.3201 	DATA 	Keypress: 5
197.3219 	DATA 	Keypress: equal
198.1869 	EXP 	New trial (rep=0, index=14): OrderedDict([('Word', 'elephant')])
198.2008 	EXP 	text_3: autoDraw = False
198.2008 	EXP 	text_5: autoDraw = False
198.2008 	EXP 	text_3: autoDraw = False
198.2008 	EXP 	text_4: autoDraw = False
198.2008 	EXP 	text_5: autoDraw = False
198.2008 	EXP 	text_3: text = 'elephant'
198.2008 	EXP 	text_4: autoDraw = True
198.8197 	DATA 	Keypress: 5
198.8214 	DATA 	Keypress: equal
199.1847 	EXP 	text_3: autoDraw = True
199.2011 	EXP 	text_4: autoDraw = False
200.3202 	DATA 	Keypress: 5
200.3219 	DATA 	Keypress: equal
201.8199 	DATA 	Keypress: 5
201.8217 	DATA 	Keypress: equal
203.3200 	DATA 	Keypress: 5
203.3217 	DATA 	Keypress: equal
204.1844 	EXP 	text_5: autoDraw = True
204.8204 	DATA 	Keypress: 5
204.8222 	DATA 	Keypress: equal
206.1879 	DATA 	Keypress: 1
206.3206 	DATA 	Keypress: 5
206.3224 	DATA 	Keypress: equal
207.8203 	DATA 	Keypress: 5
207.8221 	DATA 	Keypress: equal
209.1702 	EXP 	New trial (rep=0, index=15): OrderedDict([('Word', 'camera')])
209.1841 	EXP 	text_3: autoDraw = False
209.1841 	EXP 	text_5: autoDraw = False
209.1841 	EXP 	text_3: autoDraw = False
209.1841 	EXP 	text_4: autoDraw = False
209.1841 	EXP 	text_5: autoDraw = False
209.1841 	EXP 	text_3: text = 'camera'
209.1841 	EXP 	text_4: autoDraw = True
209.3200 	DATA 	Keypress: 5
209.3218 	DATA 	Keypress: equal
210.1673 	EXP 	text_3: autoDraw = True
210.1844 	EXP 	text_4: autoDraw = False
210.8200 	DATA 	Keypress: 5
210.8218 	DATA 	Keypress: equal
212.3201 	DATA 	Keypress: 5
212.3218 	DATA 	Keypress: equal
213.8201 	DATA 	Keypress: 5
213.8218 	DATA 	Keypress: equal
215.1690 	EXP 	text_5: autoDraw = True
215.3205 	DATA 	Keypress: 5
215.3222 	DATA 	Keypress: equal
216.8205 	DATA 	Keypress: 5
216.8222 	DATA 	Keypress: equal
217.3379 	DATA 	Keypress: 2
218.3207 	DATA 	Keypress: 5
218.3224 	DATA 	Keypress: equal
219.8206 	DATA 	Keypress: 5
219.8224 	DATA 	Keypress: equal
220.1546 	EXP 	New trial (rep=0, index=16): OrderedDict([('Word', 'binoculars')])
220.1683 	EXP 	text_3: autoDraw = False
220.1683 	EXP 	text_5: autoDraw = False
220.1683 	EXP 	text_3: autoDraw = False
220.1683 	EXP 	text_4: autoDraw = False
220.1683 	EXP 	text_5: autoDraw = False
220.1683 	EXP 	text_3: text = 'binoculars'
220.1683 	EXP 	text_4: autoDraw = True
221.1525 	EXP 	text_3: autoDraw = True
221.1686 	EXP 	text_4: autoDraw = False
221.3202 	DATA 	Keypress: 5
221.3219 	DATA 	Keypress: equal
222.8202 	DATA 	Keypress: 5
222.8219 	DATA 	Keypress: equal
224.3204 	DATA 	Keypress: 5
224.3224 	DATA 	Keypress: equal
225.8203 	DATA 	Keypress: 5
225.8220 	DATA 	Keypress: equal
226.1519 	EXP 	text_5: autoDraw = True
227.3209 	DATA 	Keypress: 5
227.3226 	DATA 	Keypress: equal
228.3214 	DATA 	Keypress: 2
228.8208 	DATA 	Keypress: 5
228.8226 	DATA 	Keypress: equal
230.3207 	DATA 	Keypress: 5
230.3225 	DATA 	Keypress: equal
231.1375 	EXP 	New trial (rep=0, index=17): OrderedDict([('Word', 'waterfall')])
231.1520 	EXP 	text_3: autoDraw = False
231.1520 	EXP 	text_5: autoDraw = False
231.1520 	EXP 	text_3: autoDraw = False
231.1520 	EXP 	text_4: autoDraw = False
231.1520 	EXP 	text_5: autoDraw = False
231.1520 	EXP 	text_3: text = 'waterfall'
231.1520 	EXP 	text_4: autoDraw = True
231.8203 	DATA 	Keypress: 5
231.8221 	DATA 	Keypress: equal
232.1350 	EXP 	text_3: autoDraw = True
232.1521 	EXP 	text_4: autoDraw = False
233.3199 	DATA 	Keypress: 5
233.3216 	DATA 	Keypress: equal
234.8199 	DATA 	Keypress: 5
234.8216 	DATA 	Keypress: equal
236.3210 	DATA 	Keypress: 5
236.3227 	DATA 	Keypress: equal
237.1352 	EXP 	text_5: autoDraw = True
237.7388 	DATA 	Keypress: 2
237.8215 	DATA 	Keypress: 5
237.8232 	DATA 	Keypress: equal
239.3217 	DATA 	Keypress: 5
239.3234 	DATA 	Keypress: equal
240.8202 	DATA 	Keypress: 5
240.8220 	DATA 	Keypress: equal
242.1366 	EXP 	New trial (rep=0, index=18): OrderedDict([('Word', 'hair')])
242.1512 	EXP 	text_3: autoDraw = False
242.1512 	EXP 	text_5: autoDraw = False
242.1512 	EXP 	text_3: autoDraw = False
242.1512 	EXP 	text_4: autoDraw = False
242.1512 	EXP 	text_5: autoDraw = False
242.1512 	EXP 	text_3: text = 'hair'
242.1512 	EXP 	text_4: autoDraw = True
242.3197 	DATA 	Keypress: 5
242.3215 	DATA 	Keypress: equal
243.1353 	EXP 	text_3: autoDraw = True
243.1521 	EXP 	text_4: autoDraw = False
243.8197 	DATA 	Keypress: 5
243.8215 	DATA 	Keypress: equal
245.3208 	DATA 	Keypress: 5
245.3226 	DATA 	Keypress: equal
246.8211 	DATA 	Keypress: 5
246.8229 	DATA 	Keypress: equal
248.1353 	EXP 	text_5: autoDraw = True
248.3213 	DATA 	Keypress: 5
248.3230 	DATA 	Keypress: equal
248.7725 	DATA 	Keypress: 2
249.8214 	DATA 	Keypress: 5
249.8232 	DATA 	Keypress: equal
251.3216 	DATA 	Keypress: 5
251.3233 	DATA 	Keypress: equal
252.8216 	DATA 	Keypress: 5
252.8234 	DATA 	Keypress: equal
253.1208 	EXP 	New trial (rep=0, index=19): OrderedDict([('Word', 'cheesecake')])
253.1348 	EXP 	text_3: autoDraw = False
253.1348 	EXP 	text_5: autoDraw = False
253.1348 	EXP 	text_3: autoDraw = False
253.1348 	EXP 	text_4: autoDraw = False
253.1348 	EXP 	text_5: autoDraw = False
253.1348 	EXP 	text_3: text = 'cheesecake'
253.1348 	EXP 	text_4: autoDraw = True
254.1186 	EXP 	text_3: autoDraw = True
254.1354 	EXP 	text_4: autoDraw = False
254.3208 	DATA 	Keypress: 5
254.3227 	DATA 	Keypress: equal
255.8214 	DATA 	Keypress: 5
255.8232 	DATA 	Keypress: equal
257.3207 	DATA 	Keypress: 5
257.3221 	DATA 	Keypress: equal
258.8213 	DATA 	Keypress: 5
258.8230 	DATA 	Keypress: equal
259.1180 	EXP 	text_5: autoDraw = True
260.3216 	DATA 	Keypress: 5
260.3234 	DATA 	Keypress: equal
260.4708 	DATA 	Keypress: 2
261.8213 	DATA 	Keypress: 5
261.8230 	DATA 	Keypress: equal
263.3207 	DATA 	Keypress: 5
263.3224 	DATA 	Keypress: equal
264.1037 	EXP 	New trial (rep=0, index=20): OrderedDict([('Word', 'chipmunk')])
264.1180 	EXP 	text_3: autoDraw = False
264.1180 	EXP 	text_5: autoDraw = False
264.1180 	EXP 	text_3: autoDraw = False
264.1180 	EXP 	text_4: autoDraw = False
264.1180 	EXP 	text_5: autoDraw = False
264.1180 	EXP 	text_3: text = 'chipmunk'
264.1180 	EXP 	text_4: autoDraw = True
264.8197 	DATA 	Keypress: 5
264.8214 	DATA 	Keypress: equal
265.1019 	EXP 	text_3: autoDraw = True
265.1181 	EXP 	text_4: autoDraw = False
266.3200 	DATA 	Keypress: 5
266.3217 	DATA 	Keypress: equal
267.8210 	DATA 	Keypress: 5
267.8228 	DATA 	Keypress: equal
269.3205 	DATA 	Keypress: 5
269.3224 	DATA 	Keypress: equal
270.1013 	EXP 	text_5: autoDraw = True
270.8207 	DATA 	Keypress: 5
270.8224 	DATA 	Keypress: equal
271.2544 	DATA 	Keypress: 1
272.3215 	DATA 	Keypress: 5
272.3233 	DATA 	Keypress: equal
273.8216 	DATA 	Keypress: 5
273.8234 	DATA 	Keypress: equal
275.0866 	EXP 	New trial (rep=0, index=21): OrderedDict([('Word', 'baby')])
275.1013 	EXP 	text_3: autoDraw = False
275.1013 	EXP 	text_5: autoDraw = False
275.1013 	EXP 	text_3: autoDraw = False
275.1013 	EXP 	text_4: autoDraw = False
275.1013 	EXP 	text_5: autoDraw = False
275.1013 	EXP 	text_3: text = 'baby'
275.1013 	EXP 	text_4: autoDraw = True
275.3199 	DATA 	Keypress: 5
275.3216 	DATA 	Keypress: equal
276.0853 	EXP 	text_3: autoDraw = True
276.1014 	EXP 	text_4: autoDraw = False
276.8204 	DATA 	Keypress: 5
276.8222 	DATA 	Keypress: equal
278.3207 	DATA 	Keypress: 5
278.3224 	DATA 	Keypress: equal
279.8203 	DATA 	Keypress: 5
279.8220 	DATA 	Keypress: equal
280.9545 	DATA 	Keypress: 1
281.0846 	EXP 	text_5: autoDraw = True
281.3217 	DATA 	Keypress: 5
281.3234 	DATA 	Keypress: equal
281.9903 	DATA 	Keypress: 1
282.8215 	DATA 	Keypress: 5
282.8233 	DATA 	Keypress: equal
284.3207 	DATA 	Keypress: 5
284.3224 	DATA 	Keypress: equal
285.8176 	DATA 	Keypress: equal
285.8194 	DATA 	Keypress: 5
286.0828 	EXP 	New trial (rep=0, index=22): OrderedDict([('Word', 'fingerprint')])
286.0974 	EXP 	text_3: autoDraw = False
286.0974 	EXP 	text_5: autoDraw = False
286.0974 	EXP 	text_3: autoDraw = False
286.0974 	EXP 	text_4: autoDraw = False
286.0974 	EXP 	text_5: autoDraw = False
286.0974 	EXP 	text_3: text = 'fingerprint'
286.0974 	EXP 	text_4: autoDraw = True
287.0808 	EXP 	text_3: autoDraw = True
287.0976 	EXP 	text_4: autoDraw = False
287.3172 	DATA 	Keypress: equal
287.3190 	DATA 	Keypress: 5
288.8172 	DATA 	Keypress: 5
288.8190 	DATA 	Keypress: equal
290.3174 	DATA 	Keypress: 5
290.3190 	DATA 	Keypress: equal
291.8170 	DATA 	Keypress: equal
291.8188 	DATA 	Keypress: 5
292.0809 	EXP 	text_5: autoDraw = True
292.8518 	DATA 	Keypress: 2
293.3174 	DATA 	Keypress: equal
293.3191 	DATA 	Keypress: 5
294.8174 	DATA 	Keypress: 5
294.8191 	DATA 	Keypress: equal
296.3175 	DATA 	Keypress: 5
296.3192 	DATA 	Keypress: equal
297.0658 	EXP 	New trial (rep=0, index=23): OrderedDict([('Word', 'bulldozer')])
297.0806 	EXP 	text_3: autoDraw = False
297.0806 	EXP 	text_5: autoDraw = False
297.0806 	EXP 	text_3: autoDraw = False
297.0806 	EXP 	text_4: autoDraw = False
297.0806 	EXP 	text_5: autoDraw = False
297.0806 	EXP 	text_3: text = 'bulldozer'
297.0806 	EXP 	text_4: autoDraw = True
297.8196 	DATA 	Keypress: 5
297.8208 	DATA 	Keypress: equal
298.0639 	EXP 	text_3: autoDraw = True
298.0680 	EXP 	text_4: autoDraw = False
299.3169 	DATA 	Keypress: 5
299.3187 	DATA 	Keypress: equal
300.8172 	DATA 	Keypress: 5
300.8190 	DATA 	Keypress: equal
302.3207 	DATA 	Keypress: 5
302.3224 	DATA 	Keypress: equal
303.0689 	EXP 	text_5: autoDraw = True
303.6714 	DATA 	Keypress: 2
303.8216 	DATA 	Keypress: 5
303.8233 	DATA 	Keypress: equal
305.3174 	DATA 	Keypress: 5
305.3192 	DATA 	Keypress: equal
306.8175 	DATA 	Keypress: equal
306.8193 	DATA 	Keypress: 5
308.0642 	EXP 	text_3: autoDraw = False
308.0660 	EXP 	New trial (rep=0, index=24): OrderedDict([('Word', 'snowball')])
308.0806 	EXP 	text_5: autoDraw = False
308.0806 	EXP 	text_3: autoDraw = False
308.0806 	EXP 	text_4: autoDraw = False
308.0806 	EXP 	text_5: autoDraw = False
308.0806 	EXP 	text_3: text = 'snowball'
308.0806 	EXP 	text_4: autoDraw = True
308.3344 	DATA 	Keypress: 5
308.3362 	DATA 	Keypress: equal
309.0690 	EXP 	text_3: autoDraw = True
309.0854 	EXP 	text_4: autoDraw = False
309.8204 	DATA 	Keypress: 5
309.8222 	DATA 	Keypress: equal
311.3344 	DATA 	Keypress: 5
311.3362 	DATA 	Keypress: equal
312.8213 	DATA 	Keypress: 5
312.8230 	DATA 	Keypress: equal
314.0687 	EXP 	text_5: autoDraw = True
314.3344 	DATA 	Keypress: 5
314.3361 	DATA 	Keypress: equal
314.9390 	DATA 	Keypress: 2
315.8208 	DATA 	Keypress: 5
315.8226 	DATA 	Keypress: equal
317.3208 	DATA 	Keypress: 5
317.3225 	DATA 	Keypress: equal
318.1023 	DATA 	Keypress: 2
318.8170 	DATA 	Keypress: 5
318.8188 	DATA 	Keypress: equal
319.0660 	EXP 	New trial (rep=0, index=25): OrderedDict([('Word', 'platypus')])
319.0803 	EXP 	text_3: autoDraw = False
319.0803 	EXP 	text_5: autoDraw = False
319.0803 	EXP 	text_3: autoDraw = False
319.0803 	EXP 	text_4: autoDraw = False
319.0803 	EXP 	text_5: autoDraw = False
319.0803 	EXP 	text_3: text = 'platypus'
319.0803 	EXP 	text_4: autoDraw = True
320.0638 	EXP 	text_3: autoDraw = True
320.0678 	EXP 	text_4: autoDraw = False
320.3347 	DATA 	Keypress: 5
320.3364 	DATA 	Keypress: equal
321.8343 	DATA 	Keypress: 5
321.8360 	DATA 	Keypress: equal
323.3207 	DATA 	Keypress: equal
323.3222 	DATA 	Keypress: 5
324.8349 	DATA 	Keypress: 5
324.8367 	DATA 	Keypress: equal
325.0688 	EXP 	text_5: autoDraw = True
326.3210 	DATA 	Keypress: 5
326.3228 	DATA 	Keypress: equal
327.5232 	DATA 	Keypress: 1
327.8222 	DATA 	Keypress: 5
327.8239 	DATA 	Keypress: equal
329.3171 	DATA 	Keypress: 5
329.3188 	DATA 	Keypress: equal
330.0638 	EXP 	text_3: autoDraw = False
330.0660 	EXP 	New trial (rep=0, index=26): OrderedDict([('Word', 'treadmill')])
330.0799 	EXP 	text_5: autoDraw = False
330.0799 	EXP 	text_3: autoDraw = False
330.0799 	EXP 	text_4: autoDraw = False
330.0799 	EXP 	text_5: autoDraw = False
330.0799 	EXP 	text_3: text = 'treadmill'
330.0799 	EXP 	text_4: autoDraw = True
330.8339 	DATA 	Keypress: 5
330.8357 	DATA 	Keypress: equal
331.0689 	EXP 	text_3: autoDraw = True
331.0853 	EXP 	text_4: autoDraw = False
332.3340 	DATA 	Keypress: 5
332.3358 	DATA 	Keypress: equal
333.8168 	DATA 	Keypress: equal
333.8185 	DATA 	Keypress: 5
335.3345 	DATA 	Keypress: 5
335.3361 	DATA 	Keypress: equal
336.0638 	EXP 	text_5: autoDraw = True
336.8172 	DATA 	Keypress: 5
336.8190 	DATA 	Keypress: equal
338.3705 	DATA 	Keypress: 5
338.3718 	DATA 	Keypress: equal
338.7183 	DATA 	Keypress: 2
339.8169 	DATA 	Keypress: equal
339.8187 	DATA 	Keypress: 5
340.4013 	DATA 	Keypress: 2
341.0653 	EXP 	New trial (rep=0, index=27): OrderedDict([('Word', 'passport')])
341.0801 	EXP 	text_3: autoDraw = False
341.0801 	EXP 	text_5: autoDraw = False
341.0801 	EXP 	text_3: autoDraw = False
341.0801 	EXP 	text_4: autoDraw = False
341.0801 	EXP 	text_5: autoDraw = False
341.0801 	EXP 	text_3: text = 'passport'
341.0801 	EXP 	text_4: autoDraw = True
341.3162 	DATA 	Keypress: 5
341.3180 	DATA 	Keypress: equal
342.0636 	EXP 	text_3: autoDraw = True
342.0803 	EXP 	text_4: autoDraw = False
342.8165 	DATA 	Keypress: 5
342.8183 	DATA 	Keypress: equal
344.3338 	DATA 	Keypress: 5
344.3356 	DATA 	Keypress: equal
345.8163 	DATA 	Keypress: 5
345.8180 	DATA 	Keypress: equal
346.4506 	DATA 	Keypress: 2
347.0679 	EXP 	text_5: autoDraw = True
347.3168 	DATA 	Keypress: 5
347.3185 	DATA 	Keypress: equal
347.8175 	DATA 	Keypress: 2
348.8169 	DATA 	Keypress: 5
348.8185 	DATA 	Keypress: equal
350.3170 	DATA 	Keypress: 5
350.3188 	DATA 	Keypress: equal
351.8169 	DATA 	Keypress: 5
351.8186 	DATA 	Keypress: equal
352.0654 	EXP 	New trial (rep=0, index=28): OrderedDict([('Word', 'stove')])
352.0802 	EXP 	text_3: autoDraw = False
352.0802 	EXP 	text_5: autoDraw = False
352.0802 	EXP 	text_3: autoDraw = False
352.0802 	EXP 	text_4: autoDraw = False
352.0802 	EXP 	text_5: autoDraw = False
352.0802 	EXP 	text_3: text = 'stove'
352.0802 	EXP 	text_4: autoDraw = True
353.0636 	EXP 	text_3: autoDraw = True
353.0797 	EXP 	text_4: autoDraw = False
353.3164 	DATA 	Keypress: 5
353.3182 	DATA 	Keypress: equal
354.8167 	DATA 	Keypress: 5
354.8186 	DATA 	Keypress: equal
356.3168 	DATA 	Keypress: 5
356.3187 	DATA 	Keypress: equal
357.8165 	DATA 	Keypress: 5
357.8184 	DATA 	Keypress: equal
358.0629 	EXP 	text_5: autoDraw = True
358.4649 	DATA 	Keypress: 2
359.3155 	DATA 	Keypress: equal
359.3169 	DATA 	Keypress: 5
360.8162 	DATA 	Keypress: 5
360.8179 	DATA 	Keypress: equal
362.3168 	DATA 	Keypress: 5
362.3185 	DATA 	Keypress: equal
363.0486 	EXP 	New trial (rep=0, index=29): OrderedDict([('Word', 'ketchup')])
363.0632 	EXP 	text_3: autoDraw = False
363.0632 	EXP 	text_5: autoDraw = False
363.0632 	EXP 	text_3: autoDraw = False
363.0632 	EXP 	text_4: autoDraw = False
363.0632 	EXP 	text_5: autoDraw = False
363.0632 	EXP 	text_3: text = 'ketchup'
363.0632 	EXP 	text_4: autoDraw = True
363.8160 	DATA 	Keypress: 5
363.8178 	DATA 	Keypress: equal
364.0522 	EXP 	text_3: autoDraw = True
364.0690 	EXP 	text_4: autoDraw = False
365.3216 	DATA 	Keypress: 5
365.3234 	DATA 	Keypress: equal
366.8213 	DATA 	Keypress: 5
366.8230 	DATA 	Keypress: equal
368.3340 	DATA 	Keypress: 5
368.3357 	DATA 	Keypress: equal
369.0465 	EXP 	text_5: autoDraw = True
369.8216 	DATA 	Keypress: 5
369.8234 	DATA 	Keypress: equal
371.0681 	DATA 	Keypress: 2
371.3217 	DATA 	Keypress: 5
371.3235 	DATA 	Keypress: equal
372.8225 	DATA 	Keypress: 5
372.8242 	DATA 	Keypress: equal
374.0465 	EXP 	text_5: autoDraw = False
374.0487 	EXP 	New trial (rep=0, index=30): OrderedDict([('Word', 'knight')])
374.0633 	EXP 	text_3: autoDraw = False
374.0633 	EXP 	text_3: autoDraw = False
374.0633 	EXP 	text_4: autoDraw = False
374.0633 	EXP 	text_5: autoDraw = False
374.0633 	EXP 	text_3: text = 'knight'
374.0633 	EXP 	text_4: autoDraw = True
374.3212 	DATA 	Keypress: 5
374.3229 	DATA 	Keypress: equal
375.0523 	EXP 	text_3: autoDraw = True
375.0691 	EXP 	text_4: autoDraw = False
375.8221 	DATA 	Keypress: 5
375.8239 	DATA 	Keypress: equal
377.3213 	DATA 	Keypress: 5
377.3231 	DATA 	Keypress: equal
378.8214 	DATA 	Keypress: 5
378.8231 	DATA 	Keypress: equal
380.0633 	EXP 	text_5: autoDraw = True
380.3221 	DATA 	Keypress: 5
380.3238 	DATA 	Keypress: equal
380.9405 	DATA 	Keypress: 1
381.8151 	DATA 	Keypress: 5
381.8165 	DATA 	Keypress: equal
383.3340 	DATA 	Keypress: 5
383.3357 	DATA 	Keypress: equal
384.8224 	DATA 	Keypress: 5
384.8241 	DATA 	Keypress: equal
385.0525 	EXP 	text_3: autoDraw = False
385.0543 	EXP 	New trial (rep=0, index=31): OrderedDict([('Word', 'crab')])
385.0689 	EXP 	text_5: autoDraw = False
385.0689 	EXP 	text_3: autoDraw = False
385.0689 	EXP 	text_4: autoDraw = False
385.0689 	EXP 	text_5: autoDraw = False
385.0689 	EXP 	text_3: text = 'crab'
385.0689 	EXP 	text_4: autoDraw = True
386.0466 	EXP 	text_3: autoDraw = True
386.0689 	EXP 	text_4: autoDraw = False
386.3156 	DATA 	Keypress: 5
386.3174 	DATA 	Keypress: equal
387.8215 	DATA 	Keypress: 5
387.8233 	DATA 	Keypress: equal
389.3216 	DATA 	Keypress: 5
389.3234 	DATA 	Keypress: equal
390.8339 	DATA 	Keypress: 5
390.8358 	DATA 	Keypress: equal
391.0526 	EXP 	text_5: autoDraw = True
392.0058 	DATA 	Keypress: 1
392.3339 	DATA 	Keypress: 5
392.3356 	DATA 	Keypress: equal
393.8220 	DATA 	Keypress: 5
393.8238 	DATA 	Keypress: equal
395.3164 	DATA 	Keypress: 5
395.3181 	DATA 	Keypress: equal
396.0372 	EXP 	New trial (rep=0, index=32): OrderedDict([('Word', 'hummingbird')])
396.0520 	EXP 	text_3: autoDraw = False
396.0520 	EXP 	text_5: autoDraw = False
396.0520 	EXP 	text_3: autoDraw = False
396.0520 	EXP 	text_4: autoDraw = False
396.0520 	EXP 	text_5: autoDraw = False
396.0520 	EXP 	text_3: text = 'hummingbird'
396.0520 	EXP 	text_4: autoDraw = True
396.8216 	DATA 	Keypress: 5
396.8233 	DATA 	Keypress: equal
397.0462 	EXP 	text_3: autoDraw = True
397.0521 	EXP 	text_4: autoDraw = False
398.3221 	DATA 	Keypress: 5
398.3238 	DATA 	Keypress: equal
399.8209 	DATA 	Keypress: 5
399.8226 	DATA 	Keypress: equal
401.3209 	DATA 	Keypress: 5
401.3227 	DATA 	Keypress: equal
402.0352 	EXP 	text_5: autoDraw = True
402.7562 	DATA 	Keypress: 1
402.8217 	DATA 	Keypress: 5
402.8234 	DATA 	Keypress: equal
404.3218 	DATA 	Keypress: 5
404.3236 	DATA 	Keypress: equal
405.8225 	DATA 	Keypress: 5
405.8242 	DATA 	Keypress: equal
407.0463 	EXP 	text_5: autoDraw = False
407.0484 	EXP 	New trial (rep=0, index=33): OrderedDict([('Word', 'swan')])
407.0625 	EXP 	text_3: autoDraw = False
407.0625 	EXP 	text_3: autoDraw = False
407.0625 	EXP 	text_4: autoDraw = False
407.0625 	EXP 	text_5: autoDraw = False
407.0625 	EXP 	text_3: text = 'swan'
407.0625 	EXP 	text_4: autoDraw = True
407.3334 	DATA 	Keypress: 5
407.3352 	DATA 	Keypress: equal
408.0463 	EXP 	text_3: autoDraw = True
408.0519 	EXP 	text_4: autoDraw = False
408.8217 	DATA 	Keypress: 5
408.8234 	DATA 	Keypress: equal
410.3215 	DATA 	Keypress: 5
410.3232 	DATA 	Keypress: equal
411.8214 	DATA 	Keypress: 5
411.8231 	DATA 	Keypress: equal
413.0517 	EXP 	text_5: autoDraw = True
413.3225 	DATA 	Keypress: 5
413.3243 	DATA 	Keypress: equal
414.0734 	DATA 	Keypress: 1
414.8224 	DATA 	Keypress: 5
414.8241 	DATA 	Keypress: equal
416.3225 	DATA 	Keypress: 5
416.3243 	DATA 	Keypress: equal
417.8337 	DATA 	Keypress: 5
417.8355 	DATA 	Keypress: equal
418.0352 	EXP 	text_3: autoDraw = False
418.0370 	EXP 	New trial (rep=0, index=34): OrderedDict([('Word', 'porcupine')])
418.0527 	EXP 	text_5: autoDraw = False
418.0527 	EXP 	text_3: autoDraw = False
418.0527 	EXP 	text_4: autoDraw = False
418.0527 	EXP 	text_5: autoDraw = False
418.0527 	EXP 	text_3: text = 'porcupine'
418.0527 	EXP 	text_4: autoDraw = True
419.0459 	EXP 	text_3: autoDraw = True
419.0519 	EXP 	text_4: autoDraw = False
419.3160 	DATA 	Keypress: 5
419.3178 	DATA 	Keypress: equal
420.8333 	DATA 	Keypress: 5
420.8351 	DATA 	Keypress: equal
422.3335 	DATA 	Keypress: 5
422.3353 	DATA 	Keypress: equal
423.8334 	DATA 	Keypress: 5
423.8351 	DATA 	Keypress: equal
424.0459 	EXP 	text_5: autoDraw = True
424.7569 	DATA 	Keypress: 1
425.3332 	DATA 	Keypress: 5
425.3349 	DATA 	Keypress: equal
426.8224 	DATA 	Keypress: 5
426.8242 	DATA 	Keypress: equal
428.3224 	DATA 	Keypress: 5
428.3242 	DATA 	Keypress: equal
429.0381 	EXP 	New trial (rep=0, index=35): OrderedDict([('Word', 'ladybug')])
429.0522 	EXP 	text_3: autoDraw = False
429.0522 	EXP 	text_5: autoDraw = False
429.0522 	EXP 	text_3: autoDraw = False
429.0522 	EXP 	text_4: autoDraw = False
429.0522 	EXP 	text_5: autoDraw = False
429.0522 	EXP 	text_3: text = 'ladybug'
429.0522 	EXP 	text_4: autoDraw = True
429.8321 	DATA 	Keypress: equal
429.8339 	DATA 	Keypress: 5
430.0359 	EXP 	text_3: autoDraw = True
430.0523 	EXP 	text_4: autoDraw = False
431.3222 	DATA 	Keypress: equal
431.3240 	DATA 	Keypress: 5
432.8222 	DATA 	Keypress: 5
432.8239 	DATA 	Keypress: equal
433.2056 	DATA 	Keypress: 1
434.3213 	DATA 	Keypress: 5
434.3230 	DATA 	Keypress: equal
435.0454 	EXP 	text_5: autoDraw = True
435.8334 	DATA 	Keypress: 5
435.8354 	DATA 	Keypress: equal
436.0564 	DATA 	Keypress: 1
437.3225 	DATA 	Keypress: 5
437.3243 	DATA 	Keypress: equal
438.8226 	DATA 	Keypress: 5
438.8243 	DATA 	Keypress: equal
440.0357 	EXP 	text_3: autoDraw = False
440.0378 	EXP 	New trial (rep=0, index=36): OrderedDict([('Word', 'cheerleader')])
440.0516 	EXP 	text_5: autoDraw = False
440.0516 	EXP 	text_3: autoDraw = False
440.0516 	EXP 	text_4: autoDraw = False
440.0516 	EXP 	text_5: autoDraw = False
440.0516 	EXP 	text_3: text = 'cheerleader'
440.0516 	EXP 	text_4: autoDraw = True
440.3222 	DATA 	Keypress: equal
440.3240 	DATA 	Keypress: 5
441.0356 	EXP 	text_3: autoDraw = True
441.0525 	EXP 	text_4: autoDraw = False
441.8206 	DATA 	Keypress: 5
441.8223 	DATA 	Keypress: equal
443.3207 	DATA 	Keypress: 5
443.3225 	DATA 	Keypress: equal
444.8209 	DATA 	Keypress: 5
444.8226 	DATA 	Keypress: equal
446.0348 	EXP 	text_5: autoDraw = True
446.3231 	DATA 	Keypress: 5
446.3249 	DATA 	Keypress: equal
447.0837 	DATA 	Keypress: 1
447.8164 	DATA 	Keypress: equal
447.8183 	DATA 	Keypress: 5
449.3223 	DATA 	Keypress: 5
449.3241 	DATA 	Keypress: equal
450.8156 	DATA 	Keypress: 5
450.8173 	DATA 	Keypress: equal
451.0204 	EXP 	New trial (rep=0, index=37): OrderedDict([('Word', 'cabdriver')])
451.0359 	EXP 	text_3: autoDraw = False
451.0359 	EXP 	text_5: autoDraw = False
451.0359 	EXP 	text_3: autoDraw = False
451.0359 	EXP 	text_4: autoDraw = False
451.0359 	EXP 	text_5: autoDraw = False
451.0359 	EXP 	text_3: text = 'cabdriver'
451.0359 	EXP 	text_4: autoDraw = True
452.0289 	EXP 	text_3: autoDraw = True
452.0457 	EXP 	text_4: autoDraw = False
452.3152 	DATA 	Keypress: 5
452.3169 	DATA 	Keypress: equal
453.8155 	DATA 	Keypress: 5
453.8173 	DATA 	Keypress: equal
455.3220 	DATA 	Keypress: 5
455.3237 	DATA 	Keypress: equal
456.8217 	DATA 	Keypress: 5
456.8235 	DATA 	Keypress: equal
457.0287 	EXP 	text_5: autoDraw = True
457.7492 	DATA 	Keypress: 1
458.3229 	DATA 	Keypress: 5
458.3247 	DATA 	Keypress: equal
459.8224 	DATA 	Keypress: 5
459.8242 	DATA 	Keypress: equal
461.3156 	DATA 	Keypress: 5
461.3173 	DATA 	Keypress: equal
462.0214 	EXP 	New trial (rep=0, index=38): OrderedDict([('Word', 'violinist')])
462.0353 	EXP 	text_3: autoDraw = False
462.0353 	EXP 	text_5: autoDraw = False
462.0353 	EXP 	text_3: autoDraw = False
462.0353 	EXP 	text_4: autoDraw = False
462.0353 	EXP 	text_5: autoDraw = False
462.0353 	EXP 	text_3: text = 'violinist'
462.0353 	EXP 	text_4: autoDraw = True
462.8219 	DATA 	Keypress: 5
462.8237 	DATA 	Keypress: equal
463.0192 	EXP 	text_3: autoDraw = True
463.0360 	EXP 	text_4: autoDraw = False
464.3214 	DATA 	Keypress: 5
464.3232 	DATA 	Keypress: equal
465.8323 	DATA 	Keypress: 5
465.8341 	DATA 	Keypress: equal
467.3220 	DATA 	Keypress: 5
467.3237 	DATA 	Keypress: equal
468.0284 	EXP 	text_5: autoDraw = True
468.8219 	DATA 	Keypress: 5
468.8237 	DATA 	Keypress: equal
469.9881 	DATA 	Keypress: 1
470.3217 	DATA 	Keypress: 5
470.3234 	DATA 	Keypress: equal
471.8230 	DATA 	Keypress: 5
471.8248 	DATA 	Keypress: equal
473.0194 	EXP 	text_3: autoDraw = False
473.0215 	EXP 	New trial (rep=0, index=39): OrderedDict([('Word', 'coyote')])
473.0357 	EXP 	text_5: autoDraw = False
473.0357 	EXP 	text_3: autoDraw = False
473.0357 	EXP 	text_4: autoDraw = False
473.0357 	EXP 	text_5: autoDraw = False
473.0357 	EXP 	text_3: text = 'coyote'
473.0357 	EXP 	text_4: autoDraw = True
473.3221 	DATA 	Keypress: 5
473.3238 	DATA 	Keypress: equal
474.0193 	EXP 	text_3: autoDraw = True
474.0354 	EXP 	text_4: autoDraw = False
474.8220 	DATA 	Keypress: 5
474.8237 	DATA 	Keypress: equal
476.3218 	DATA 	Keypress: 5
476.3236 	DATA 	Keypress: equal
477.8215 	DATA 	Keypress: 5
477.8233 	DATA 	Keypress: equal
479.0187 	EXP 	text_5: autoDraw = True
479.3221 	DATA 	Keypress: 5
479.3239 	DATA 	Keypress: equal
480.5884 	DATA 	Keypress: 1
480.8214 	DATA 	Keypress: 5
480.8232 	DATA 	Keypress: equal
482.3214 	DATA 	Keypress: 5
482.3232 	DATA 	Keypress: equal
483.8220 	DATA 	Keypress: 5
483.8237 	DATA 	Keypress: equal
484.0188 	EXP 	text_3: autoDraw = False
484.0188 	EXP 	text_5: autoDraw = False
484.0188 	EXP 	text_3: autoDraw = False
484.0188 	EXP 	text_4: autoDraw = False
484.0188 	EXP 	text_5: autoDraw = False
484.0188 	EXP 	text_6: autoDraw = True
485.3216 	DATA 	Keypress: 5
485.3234 	DATA 	Keypress: equal
486.8216 	DATA 	Keypress: 5
486.8234 	DATA 	Keypress: equal
488.3221 	DATA 	Keypress: 5
488.3238 	DATA 	Keypress: equal
489.0287 	EXP 	text_6: autoDraw = False
489.0287 	EXP 	text_6: autoDraw = False
489.3117 	EXP 	window1: mouseVisible = True
